This file contains any messages produced by compilers while
running configure, to aid debugging if configure makes a mistake.

It was created by configure, which was
generated by GNU Autoconf 2.59.  Invocation command line was

  $ /Users/mikemike/dev/ppc/xnu/xnu-ppc/xnu-792.25.20/gcc_42-5531/build/obj/src/intl/configure --cache-file=./config.cache --build=powerpc-apple-darwin8 --host=powerpc-apple-darwin8 --target=powerpc-apple-darwin8 --disable-checking -enable-werror --prefix=/usr --mandir=${prefix}/share/man --program-transform-name=/^[cg][^.-]*$/s/$/-4.2/ --with-gxx-include-dir=${prefix}/include/c++/4.0.0 --with-slibdir=/usr/lib --enable-languages=c,c++,objc,obj-c++ --program-transform-name=/^[cg][^.-]*$/s/$/-4.2/ --srcdir=/Users/mikemike/dev/ppc/xnu/xnu-ppc/xnu-792.25.20/gcc_42-5531/build/obj/src/intl --disable-intermodule --enable-checking --disable-coverage --enable-languages=c

## --------- ##
## Platform. ##
## --------- ##

hostname = mike-mikes-powerbook-g4-15.local
uname -m = Power Macintosh
uname -r = 8.11.0
uname -s = Darwin
uname -v = Darwin Kernel Version 8.11.0: Wed Oct 10 18:26:00 PDT 2007; root:xnu-792.24.17~1/RELEASE_PPC

/usr/bin/uname -p = powerpc
/bin/uname -X     = unknown

/bin/arch              = unknown
/usr/bin/arch -k       = unknown
/usr/convex/getsysinfo = unknown
hostinfo               = Mach kernel version:
	 Darwin Kernel Version 8.11.0: Wed Oct 10 18:26:00 PDT 2007; root:xnu-792.24.17~1/RELEASE_PPC
Kernel configured for a single processor only.
1 processor is physically available.
Processor type: ppc7450 (PowerPC 7450)
Processor active: 0
Primary memory available: 1.50 gigabytes
Default processor set: 104 tasks, 215 threads, 1 processors
Load average: 2.59, Mach factor: 0.16
/bin/machine           = unknown
/usr/bin/oslevel       = unknown
/bin/universe          = unknown

PATH: /opt/local/bin
PATH: /opt/local/sbin
PATH: /sw/bin
PATH: /sw/sbin
PATH: /bin
PATH: /sbin
PATH: /usr/bin
PATH: /usr/sbin
PATH: /usr/X11R6/bin


## ----------- ##
## Core tests. ##
## ----------- ##

configure:1228: creating cache ./config.cache
configure:1323: checking whether make sets $(MAKE)
configure:1343: result: yes
configure:1390: checking for a BSD-compatible install
configure:1445: result: /usr/bin/install -c
configure:1470: checking whether NLS is requested
configure:1479: result: yes
configure:1517: checking for msgfmt
configure:1548: result: /sw/bin/msgfmt
configure:1557: checking for gmsgfmt
configure:1588: result: /sw/bin/msgfmt
configure:1627: checking for xgettext
configure:1658: result: /sw/bin/xgettext
configure:1698: checking for msgmerge
configure:1728: result: /sw/bin/msgmerge
configure:1771: checking for powerpc-apple-darwin8-gcc
configure:1797: result: gcc
configure:2079: checking for C compiler version
configure:2082: gcc --version </dev/null >&5
powerpc-apple-darwin8-gcc-4.0.1 (GCC) 4.0.1 (Apple Computer, Inc. build 5370)
Copyright (C) 2005 Free Software Foundation, Inc.
This is free software; see the source for copying conditions.  There is NO
warranty; not even for MERCHANTABILITY or FITNESS FOR A PARTICULAR PURPOSE.

configure:2085: $? = 0
configure:2087: gcc -v </dev/null >&5
Using built-in specs.
Target: powerpc-apple-darwin8
Configured with: /var/tmp/gcc/gcc-5370~2/src/configure --disable-checking -enable-werror --prefix=/usr --mandir=/share/man --enable-languages=c,objc,c++,obj-c++ --program-transform-name=/^[cg][^.-]*$/s/$/-4.0/ --with-gxx-include-dir=/include/c++/4.0.0 --with-slibdir=/usr/lib --build=powerpc-apple-darwin8 --host=powerpc-apple-darwin8 --target=powerpc-apple-darwin8
Thread model: posix
gcc version 4.0.1 (Apple Computer, Inc. build 5370)
configure:2090: $? = 0
configure:2092: gcc -V </dev/null >&5
gcc: argument to `-V' is missing
configure:2095: $? = 1
configure:2118: checking for C compiler default output file name
configure:2121: gcc -g -O2    conftest.c  >&5
configure:2124: $? = 0
configure:2170: result: a.out
configure:2175: checking whether the C compiler works
configure:2181: ./a.out
configure:2184: $? = 0
configure:2201: result: yes
configure:2208: checking whether we are cross compiling
configure:2210: result: no
configure:2213: checking for suffix of executables
configure:2215: gcc -o conftest -g -O2    conftest.c  >&5
configure:2218: $? = 0
configure:2243: result: 
configure:2249: checking for suffix of object files
configure:2270: gcc -c -g -O2   conftest.c >&5
configure:2273: $? = 0
configure:2295: result: o
configure:2299: checking whether we are using the GNU C compiler
configure:2323: gcc -c -g -O2   conftest.c >&5
configure:2329: $? = 0
configure:2333: test -z 
			 || test ! -s conftest.err
configure:2336: $? = 0
configure:2339: test -s conftest.o
configure:2342: $? = 0
configure:2355: result: yes
configure:2361: checking whether gcc accepts -g
configure:2382: gcc -c -g  conftest.c >&5
configure:2388: $? = 0
configure:2392: test -z 
			 || test ! -s conftest.err
configure:2395: $? = 0
configure:2398: test -s conftest.o
configure:2401: $? = 0
configure:2412: result: yes
configure:2429: checking for gcc option to accept ANSI C
configure:2499: gcc  -c -g -O2   conftest.c >&5
configure:2505: $? = 0
configure:2509: test -z 
			 || test ! -s conftest.err
configure:2512: $? = 0
configure:2515: test -s conftest.o
configure:2518: $? = 0
configure:2536: result: none needed
configure:2554: gcc -c -g -O2   conftest.c >&5
conftest.c:2: error: parse error before 'me'
configure:2560: $? = 1
configure: failed program was:
| #ifndef __cplusplus
|   choke me
| #endif
configure:2699: checking build system type
configure:2717: result: powerpc-apple-darwin8
configure:2725: checking host system type
configure:2739: result: powerpc-apple-darwin8
configure:2750: checking for powerpc-apple-darwin8-ranlib
configure:2776: result: ranlib
configure:2828: checking for library containing strerror
configure:2858: gcc -o conftest -g -O2    conftest.c  >&5
configure:2864: $? = 0
configure:2868: test -z 
			 || test ! -s conftest.err
configure:2871: $? = 0
configure:2874: test -s conftest
configure:2877: $? = 0
configure:2947: result: none required
configure:2959: checking how to run the C preprocessor
configure:2994: gcc -E  conftest.c
configure:3000: $? = 0
configure:3032: gcc -E  conftest.c
conftest.c:9:28: error: ac_nonexistent.h: No such file or directory
configure:3038: $? = 1
configure: failed program was:
| /* confdefs.h.  */
| 
| #define PACKAGE_NAME ""
| #define PACKAGE_TARNAME ""
| #define PACKAGE_VERSION ""
| #define PACKAGE_STRING ""
| #define PACKAGE_BUGREPORT ""
| /* end confdefs.h.  */
| #include <ac_nonexistent.h>
configure:3077: result: gcc -E
configure:3101: gcc -E  conftest.c
configure:3107: $? = 0
configure:3139: gcc -E  conftest.c
conftest.c:9:28: error: ac_nonexistent.h: No such file or directory
configure:3145: $? = 1
configure: failed program was:
| /* confdefs.h.  */
| 
| #define PACKAGE_NAME ""
| #define PACKAGE_TARNAME ""
| #define PACKAGE_VERSION ""
| #define PACKAGE_STRING ""
| #define PACKAGE_BUGREPORT ""
| /* end confdefs.h.  */
| #include <ac_nonexistent.h>
configure:3189: checking for egrep
configure:3199: result: grep -E
configure:3204: checking for ANSI C header files
configure:3229: gcc -c -g -O2   conftest.c >&5
configure:3235: $? = 0
configure:3239: test -z 
			 || test ! -s conftest.err
configure:3242: $? = 0
configure:3245: test -s conftest.o
configure:3248: $? = 0
configure:3334: gcc -o conftest -g -O2    conftest.c  >&5
conftest.c: In function 'main':
conftest.c:26: warning: incompatible implicit declaration of built-in function 'exit'
configure:3337: $? = 0
configure:3339: ./conftest
configure:3342: $? = 0
configure:3357: result: yes
configure:3367: checking for an ANSI C-conforming const
configure:3434: gcc -c -g -O2   conftest.c >&5
configure:3440: $? = 0
configure:3444: test -z 
			 || test ! -s conftest.err
configure:3447: $? = 0
configure:3450: test -s conftest.o
configure:3453: $? = 0
configure:3464: result: yes
configure:3474: checking for inline
configure:3495: gcc -c -g -O2   conftest.c >&5
configure:3501: $? = 0
configure:3505: test -z 
			 || test ! -s conftest.err
configure:3508: $? = 0
configure:3511: test -s conftest.o
configure:3514: $? = 0
configure:3526: result: inline
configure:3559: checking for sys/types.h
configure:3575: gcc -c -g -O2   conftest.c >&5
configure:3581: $? = 0
configure:3585: test -z 
			 || test ! -s conftest.err
configure:3588: $? = 0
configure:3591: test -s conftest.o
configure:3594: $? = 0
configure:3605: result: yes
configure:3559: checking for sys/stat.h
configure:3575: gcc -c -g -O2   conftest.c >&5
configure:3581: $? = 0
configure:3585: test -z 
			 || test ! -s conftest.err
configure:3588: $? = 0
configure:3591: test -s conftest.o
configure:3594: $? = 0
configure:3605: result: yes
configure:3559: checking for stdlib.h
configure:3575: gcc -c -g -O2   conftest.c >&5
configure:3581: $? = 0
configure:3585: test -z 
			 || test ! -s conftest.err
configure:3588: $? = 0
configure:3591: test -s conftest.o
configure:3594: $? = 0
configure:3605: result: yes
configure:3559: checking for string.h
configure:3575: gcc -c -g -O2   conftest.c >&5
configure:3581: $? = 0
configure:3585: test -z 
			 || test ! -s conftest.err
configure:3588: $? = 0
configure:3591: test -s conftest.o
configure:3594: $? = 0
configure:3605: result: yes
configure:3559: checking for memory.h
configure:3575: gcc -c -g -O2   conftest.c >&5
configure:3581: $? = 0
configure:3585: test -z 
			 || test ! -s conftest.err
configure:3588: $? = 0
configure:3591: test -s conftest.o
configure:3594: $? = 0
configure:3605: result: yes
configure:3559: checking for strings.h
configure:3575: gcc -c -g -O2   conftest.c >&5
configure:3581: $? = 0
configure:3585: test -z 
			 || test ! -s conftest.err
configure:3588: $? = 0
configure:3591: test -s conftest.o
configure:3594: $? = 0
configure:3605: result: yes
configure:3559: checking for inttypes.h
configure:3575: gcc -c -g -O2   conftest.c >&5
configure:3581: $? = 0
configure:3585: test -z 
			 || test ! -s conftest.err
configure:3588: $? = 0
configure:3591: test -s conftest.o
configure:3594: $? = 0
configure:3605: result: yes
configure:3559: checking for stdint.h
configure:3575: gcc -c -g -O2   conftest.c >&5
configure:3581: $? = 0
configure:3585: test -z 
			 || test ! -s conftest.err
configure:3588: $? = 0
configure:3591: test -s conftest.o
configure:3594: $? = 0
configure:3605: result: yes
configure:3559: checking for unistd.h
configure:3575: gcc -c -g -O2   conftest.c >&5
configure:3581: $? = 0
configure:3585: test -z 
			 || test ! -s conftest.err
configure:3588: $? = 0
configure:3591: test -s conftest.o
configure:3594: $? = 0
configure:3605: result: yes
configure:3617: checking for off_t
configure:3641: gcc -c -g -O2   conftest.c >&5
configure:3647: $? = 0
configure:3651: test -z 
			 || test ! -s conftest.err
configure:3654: $? = 0
configure:3657: test -s conftest.o
configure:3660: $? = 0
configure:3671: result: yes
configure:3683: checking for size_t
configure:3707: gcc -c -g -O2   conftest.c >&5
configure:3713: $? = 0
configure:3717: test -z 
			 || test ! -s conftest.err
configure:3720: $? = 0
configure:3723: test -s conftest.o
configure:3726: $? = 0
configure:3737: result: yes
configure:3751: checking for working alloca.h
configure:3772: gcc -o conftest -g -O2    conftest.c  >&5
configure:3778: $? = 0
configure:3782: test -z 
			 || test ! -s conftest.err
configure:3785: $? = 0
configure:3788: test -s conftest
configure:3791: $? = 0
configure:3803: result: yes
configure:3813: checking for alloca
configure:3854: gcc -o conftest -g -O2    conftest.c  >&5
configure:3860: $? = 0
configure:3864: test -z 
			 || test ! -s conftest.err
configure:3867: $? = 0
configure:3870: test -s conftest
configure:3873: $? = 0
configure:3885: result: yes
configure:4114: checking for stdlib.h
configure:4119: result: yes
configure:4114: checking for unistd.h
configure:4119: result: yes
configure:4263: checking for getpagesize
configure:4320: gcc -o conftest -g -O2    conftest.c  >&5
configure:4326: $? = 0
configure:4330: test -z 
			 || test ! -s conftest.err
configure:4333: $? = 0
configure:4336: test -s conftest
configure:4339: $? = 0
configure:4351: result: yes
configure:4361: checking for working mmap
configure:4503: gcc -o conftest -g -O2    conftest.c  >&5
configure:4506: $? = 0
configure:4508: ./conftest
configure:4511: $? = 0
configure:4525: result: yes
configure:4537: checking whether we are using the GNU C Library 2.1 or newer
conftest.c:26:22: error: features.h: No such file or directory
configure:4568: result: no
configure:4576: checking whether integer division by zero raises SIGFPE
configure:4638: gcc -o conftest -g -O2    conftest.c  >&5
configure:4641: $? = 0
configure:4643: ./conftest
configure:4646: $? = 1
configure: program exited with status 1
configure: failed program was:
| /* confdefs.h.  */
| 
| #define PACKAGE_NAME ""
| #define PACKAGE_TARNAME ""
| #define PACKAGE_VERSION ""
| #define PACKAGE_STRING ""
| #define PACKAGE_BUGREPORT ""
| #define STDC_HEADERS 1
| #define HAVE_SYS_TYPES_H 1
| #define HAVE_SYS_STAT_H 1
| #define HAVE_STDLIB_H 1
| #define HAVE_STRING_H 1
| #define HAVE_MEMORY_H 1
| #define HAVE_STRINGS_H 1
| #define HAVE_INTTYPES_H 1
| #define HAVE_STDINT_H 1
| #define HAVE_UNISTD_H 1
| #define HAVE_ALLOCA_H 1
| #define HAVE_ALLOCA 1
| #define HAVE_STDLIB_H 1
| #define HAVE_UNISTD_H 1
| #define HAVE_GETPAGESIZE 1
| #define HAVE_MMAP 1
| /* end confdefs.h.  */
| 
| #include <stdlib.h>
| #include <signal.h>
| 
| static void
| #ifdef __cplusplus
| sigfpe_handler (int sig)
| #else
| sigfpe_handler (sig) int sig;
| #endif
| {
|   /* Exit with code 0 if SIGFPE, with code 1 if any other signal.  */
|   exit (sig != SIGFPE);
| }
| 
| int x = 1;
| int y = 0;
| int z;
| int nan;
| 
| int main ()
| {
|   signal (SIGFPE, sigfpe_handler);
| /* IRIX and AIX (when "xlc -qcheck" is used) yield signal SIGTRAP.  */
| #if (defined (__sgi) || defined (_AIX)) && defined (SIGTRAP)
|   signal (SIGTRAP, sigfpe_handler);
| #endif
| /* Linux/SPARC yields signal SIGILL.  */
| #if defined (__sparc__) && defined (__linux__)
|   signal (SIGILL, sigfpe_handler);
| #endif
| 
|   z = x / y;
|   nan = y / y;
|   exit (1);
| }
| 
configure:4661: result: no
configure:4674: checking for inttypes.h
configure:4696: gcc -c -g -O2   conftest.c >&5
configure:4702: $? = 0
configure:4706: test -z 
			 || test ! -s conftest.err
configure:4709: $? = 0
configure:4712: test -s conftest.o
configure:4715: $? = 0
configure:4726: result: yes
configure:4737: checking for stdint.h
configure:4759: gcc -c -g -O2   conftest.c >&5
configure:4765: $? = 0
configure:4769: test -z 
			 || test ! -s conftest.err
configure:4772: $? = 0
configure:4775: test -s conftest.o
configure:4778: $? = 0
configure:4789: result: yes
configure:4800: checking for unsigned long long
configure:4822: gcc -o conftest -g -O2    conftest.c  >&5
configure:4828: $? = 0
configure:4832: test -z 
			 || test ! -s conftest.err
configure:4835: $? = 0
configure:4838: test -s conftest
configure:4841: $? = 0
configure:4853: result: yes
configure:4885: checking for inttypes.h
configure:4908: gcc -c -g -O2   conftest.c >&5
configure:4914: $? = 0
configure:4918: test -z 
			 || test ! -s conftest.err
configure:4921: $? = 0
configure:4924: test -s conftest.o
configure:4927: $? = 0
configure:4939: result: yes
configure:4952: checking whether the inttypes.h PRIxNN macros are broken
configure:4978: gcc -c -g -O2   conftest.c >&5
configure:4984: $? = 0
configure:4988: test -z 
			 || test ! -s conftest.err
configure:4991: $? = 0
configure:4994: test -s conftest.o
configure:4997: $? = 0
configure:5009: result: no
configure:5060: checking for ld used by GCC
configure:5123: result: /usr/libexec/gcc/powerpc-apple-darwin8/4.0.1/ld
configure:5132: checking if the linker (/usr/libexec/gcc/powerpc-apple-darwin8/4.0.1/ld) is GNU ld
configure:5144: result: no
configure:5150: checking for shared library run path origin
configure:5163: result: done
configure:5589: checking argz.h usability
configure:5601: gcc -c -g -O2   conftest.c >&5
conftest.c:65:18: error: argz.h: No such file or directory
configure:5607: $? = 1
configure: failed program was:
| /* confdefs.h.  */
| 
| #define PACKAGE_NAME ""
| #define PACKAGE_TARNAME ""
| #define PACKAGE_VERSION ""
| #define PACKAGE_STRING ""
| #define PACKAGE_BUGREPORT ""
| #define STDC_HEADERS 1
| #define HAVE_SYS_TYPES_H 1
| #define HAVE_SYS_STAT_H 1
| #define HAVE_STDLIB_H 1
| #define HAVE_STRING_H 1
| #define HAVE_MEMORY_H 1
| #define HAVE_STRINGS_H 1
| #define HAVE_INTTYPES_H 1
| #define HAVE_STDINT_H 1
| #define HAVE_UNISTD_H 1
| #define HAVE_ALLOCA_H 1
| #define HAVE_ALLOCA 1
| #define HAVE_STDLIB_H 1
| #define HAVE_UNISTD_H 1
| #define HAVE_GETPAGESIZE 1
| #define HAVE_MMAP 1
| #define INTDIV0_RAISES_SIGFPE 0
| #define HAVE_INTTYPES_H_WITH_UINTMAX 1
| #define HAVE_STDINT_H_WITH_UINTMAX 1
| #define HAVE_UNSIGNED_LONG_LONG 1
| #define HAVE_UINTMAX_T 1
| #define HAVE_INTTYPES_H 1
| /* end confdefs.h.  */
| #include <stdio.h>
| #if HAVE_SYS_TYPES_H
| # include <sys/types.h>
| #endif
| #if HAVE_SYS_STAT_H
| # include <sys/stat.h>
| #endif
| #if STDC_HEADERS
| # include <stdlib.h>
| # include <stddef.h>
| #else
| # if HAVE_STDLIB_H
| #  include <stdlib.h>
| # endif
| #endif
| #if HAVE_STRING_H
| # if !STDC_HEADERS && HAVE_MEMORY_H
| #  include <memory.h>
| # endif
| # include <string.h>
| #endif
| #if HAVE_STRINGS_H
| # include <strings.h>
| #endif
| #if HAVE_INTTYPES_H
| # include <inttypes.h>
| #else
| # if HAVE_STDINT_H
| #  include <stdint.h>
| # endif
| #endif
| #if HAVE_UNISTD_H
| # include <unistd.h>
| #endif
| #include <argz.h>
configure:5630: result: no
configure:5634: checking argz.h presence
configure:5644: gcc -E  conftest.c
conftest.c:31:18: error: argz.h: No such file or directory
configure:5650: $? = 1
configure: failed program was:
| /* confdefs.h.  */
| 
| #define PACKAGE_NAME ""
| #define PACKAGE_TARNAME ""
| #define PACKAGE_VERSION ""
| #define PACKAGE_STRING ""
| #define PACKAGE_BUGREPORT ""
| #define STDC_HEADERS 1
| #define HAVE_SYS_TYPES_H 1
| #define HAVE_SYS_STAT_H 1
| #define HAVE_STDLIB_H 1
| #define HAVE_STRING_H 1
| #define HAVE_MEMORY_H 1
| #define HAVE_STRINGS_H 1
| #define HAVE_INTTYPES_H 1
| #define HAVE_STDINT_H 1
| #define HAVE_UNISTD_H 1
| #define HAVE_ALLOCA_H 1
| #define HAVE_ALLOCA 1
| #define HAVE_STDLIB_H 1
| #define HAVE_UNISTD_H 1
| #define HAVE_GETPAGESIZE 1
| #define HAVE_MMAP 1
| #define INTDIV0_RAISES_SIGFPE 0
| #define HAVE_INTTYPES_H_WITH_UINTMAX 1
| #define HAVE_STDINT_H_WITH_UINTMAX 1
| #define HAVE_UNSIGNED_LONG_LONG 1
| #define HAVE_UINTMAX_T 1
| #define HAVE_INTTYPES_H 1
| /* end confdefs.h.  */
| #include <argz.h>
configure:5670: result: no
configure:5705: checking for argz.h
configure:5712: result: no
configure:5589: checking limits.h usability
configure:5601: gcc -c -g -O2   conftest.c >&5
configure:5607: $? = 0
configure:5611: test -z 
			 || test ! -s conftest.err
configure:5614: $? = 0
configure:5617: test -s conftest.o
configure:5620: $? = 0
configure:5630: result: yes
configure:5634: checking limits.h presence
configure:5644: gcc -E  conftest.c
configure:5650: $? = 0
configure:5670: result: yes
configure:5705: checking for limits.h
configure:5712: result: yes
configure:5589: checking locale.h usability
configure:5601: gcc -c -g -O2   conftest.c >&5
configure:5607: $? = 0
configure:5611: test -z 
			 || test ! -s conftest.err
configure:5614: $? = 0
configure:5617: test -s conftest.o
configure:5620: $? = 0
configure:5630: result: yes
configure:5634: checking locale.h presence
configure:5644: gcc -E  conftest.c
configure:5650: $? = 0
configure:5670: result: yes
configure:5705: checking for locale.h
configure:5712: result: yes
configure:5589: checking nl_types.h usability
configure:5601: gcc -c -g -O2   conftest.c >&5
configure:5607: $? = 0
configure:5611: test -z 
			 || test ! -s conftest.err
configure:5614: $? = 0
configure:5617: test -s conftest.o
configure:5620: $? = 0
configure:5630: result: yes
configure:5634: checking nl_types.h presence
configure:5644: gcc -E  conftest.c
configure:5650: $? = 0
configure:5670: result: yes
configure:5705: checking for nl_types.h
configure:5712: result: yes
configure:5589: checking malloc.h usability
configure:5601: gcc -c -g -O2   conftest.c >&5
conftest.c:68:20: error: malloc.h: No such file or directory
configure:5607: $? = 1
configure: failed program was:
| /* confdefs.h.  */
| 
| #define PACKAGE_NAME ""
| #define PACKAGE_TARNAME ""
| #define PACKAGE_VERSION ""
| #define PACKAGE_STRING ""
| #define PACKAGE_BUGREPORT ""
| #define STDC_HEADERS 1
| #define HAVE_SYS_TYPES_H 1
| #define HAVE_SYS_STAT_H 1
| #define HAVE_STDLIB_H 1
| #define HAVE_STRING_H 1
| #define HAVE_MEMORY_H 1
| #define HAVE_STRINGS_H 1
| #define HAVE_INTTYPES_H 1
| #define HAVE_STDINT_H 1
| #define HAVE_UNISTD_H 1
| #define HAVE_ALLOCA_H 1
| #define HAVE_ALLOCA 1
| #define HAVE_STDLIB_H 1
| #define HAVE_UNISTD_H 1
| #define HAVE_GETPAGESIZE 1
| #define HAVE_MMAP 1
| #define INTDIV0_RAISES_SIGFPE 0
| #define HAVE_INTTYPES_H_WITH_UINTMAX 1
| #define HAVE_STDINT_H_WITH_UINTMAX 1
| #define HAVE_UNSIGNED_LONG_LONG 1
| #define HAVE_UINTMAX_T 1
| #define HAVE_INTTYPES_H 1
| #define HAVE_LIMITS_H 1
| #define HAVE_LOCALE_H 1
| #define HAVE_NL_TYPES_H 1
| /* end confdefs.h.  */
| #include <stdio.h>
| #if HAVE_SYS_TYPES_H
| # include <sys/types.h>
| #endif
| #if HAVE_SYS_STAT_H
| # include <sys/stat.h>
| #endif
| #if STDC_HEADERS
| # include <stdlib.h>
| # include <stddef.h>
| #else
| # if HAVE_STDLIB_H
| #  include <stdlib.h>
| # endif
| #endif
| #if HAVE_STRING_H
| # if !STDC_HEADERS && HAVE_MEMORY_H
| #  include <memory.h>
| # endif
| # include <string.h>
| #endif
| #if HAVE_STRINGS_H
| # include <strings.h>
| #endif
| #if HAVE_INTTYPES_H
| # include <inttypes.h>
| #else
| # if HAVE_STDINT_H
| #  include <stdint.h>
| # endif
| #endif
| #if HAVE_UNISTD_H
| # include <unistd.h>
| #endif
| #include <malloc.h>
configure:5630: result: no
configure:5634: checking malloc.h presence
configure:5644: gcc -E  conftest.c
conftest.c:34:20: error: malloc.h: No such file or directory
configure:5650: $? = 1
configure: failed program was:
| /* confdefs.h.  */
| 
| #define PACKAGE_NAME ""
| #define PACKAGE_TARNAME ""
| #define PACKAGE_VERSION ""
| #define PACKAGE_STRING ""
| #define PACKAGE_BUGREPORT ""
| #define STDC_HEADERS 1
| #define HAVE_SYS_TYPES_H 1
| #define HAVE_SYS_STAT_H 1
| #define HAVE_STDLIB_H 1
| #define HAVE_STRING_H 1
| #define HAVE_MEMORY_H 1
| #define HAVE_STRINGS_H 1
| #define HAVE_INTTYPES_H 1
| #define HAVE_STDINT_H 1
| #define HAVE_UNISTD_H 1
| #define HAVE_ALLOCA_H 1
| #define HAVE_ALLOCA 1
| #define HAVE_STDLIB_H 1
| #define HAVE_UNISTD_H 1
| #define HAVE_GETPAGESIZE 1
| #define HAVE_MMAP 1
| #define INTDIV0_RAISES_SIGFPE 0
| #define HAVE_INTTYPES_H_WITH_UINTMAX 1
| #define HAVE_STDINT_H_WITH_UINTMAX 1
| #define HAVE_UNSIGNED_LONG_LONG 1
| #define HAVE_UINTMAX_T 1
| #define HAVE_INTTYPES_H 1
| #define HAVE_LIMITS_H 1
| #define HAVE_LOCALE_H 1
| #define HAVE_NL_TYPES_H 1
| /* end confdefs.h.  */
| #include <malloc.h>
configure:5670: result: no
configure:5705: checking for malloc.h
configure:5712: result: no
configure:5589: checking stddef.h usability
configure:5601: gcc -c -g -O2   conftest.c >&5
configure:5607: $? = 0
configure:5611: test -z 
			 || test ! -s conftest.err
configure:5614: $? = 0
configure:5617: test -s conftest.o
configure:5620: $? = 0
configure:5630: result: yes
configure:5634: checking stddef.h presence
configure:5644: gcc -E  conftest.c
configure:5650: $? = 0
configure:5670: result: yes
configure:5705: checking for stddef.h
configure:5712: result: yes
configure:5580: checking for stdlib.h
configure:5585: result: yes
configure:5580: checking for string.h
configure:5585: result: yes
configure:5580: checking for unistd.h
configure:5585: result: yes
configure:5589: checking sys/param.h usability
configure:5601: gcc -c -g -O2   conftest.c >&5
configure:5607: $? = 0
configure:5611: test -z 
			 || test ! -s conftest.err
configure:5614: $? = 0
configure:5617: test -s conftest.o
configure:5620: $? = 0
configure:5630: result: yes
configure:5634: checking sys/param.h presence
configure:5644: gcc -E  conftest.c
configure:5650: $? = 0
configure:5670: result: yes
configure:5705: checking for sys/param.h
configure:5712: result: yes
configure:5753: checking for feof_unlocked
configure:5810: gcc -o conftest -g -O2    conftest.c  >&5
configure:5816: $? = 0
configure:5820: test -z 
			 || test ! -s conftest.err
configure:5823: $? = 0
configure:5826: test -s conftest
configure:5829: $? = 0
configure:5841: result: yes
configure:5753: checking for fgets_unlocked
configure:5810: gcc -o conftest -g -O2    conftest.c  >&5
/usr/libexec/gcc/powerpc-apple-darwin8/4.0.1/ld: Undefined symbols:
_fgets_unlocked
collect2: ld returned 1 exit status
configure:5816: $? = 1
configure: failed program was:
| /* confdefs.h.  */
| 
| #define PACKAGE_NAME ""
| #define PACKAGE_TARNAME ""
| #define PACKAGE_VERSION ""
| #define PACKAGE_STRING ""
| #define PACKAGE_BUGREPORT ""
| #define STDC_HEADERS 1
| #define HAVE_SYS_TYPES_H 1
| #define HAVE_SYS_STAT_H 1
| #define HAVE_STDLIB_H 1
| #define HAVE_STRING_H 1
| #define HAVE_MEMORY_H 1
| #define HAVE_STRINGS_H 1
| #define HAVE_INTTYPES_H 1
| #define HAVE_STDINT_H 1
| #define HAVE_UNISTD_H 1
| #define HAVE_ALLOCA_H 1
| #define HAVE_ALLOCA 1
| #define HAVE_STDLIB_H 1
| #define HAVE_UNISTD_H 1
| #define HAVE_GETPAGESIZE 1
| #define HAVE_MMAP 1
| #define INTDIV0_RAISES_SIGFPE 0
| #define HAVE_INTTYPES_H_WITH_UINTMAX 1
| #define HAVE_STDINT_H_WITH_UINTMAX 1
| #define HAVE_UNSIGNED_LONG_LONG 1
| #define HAVE_UINTMAX_T 1
| #define HAVE_INTTYPES_H 1
| #define HAVE_LIMITS_H 1
| #define HAVE_LOCALE_H 1
| #define HAVE_NL_TYPES_H 1
| #define HAVE_STDDEF_H 1
| #define HAVE_STDLIB_H 1
| #define HAVE_STRING_H 1
| #define HAVE_UNISTD_H 1
| #define HAVE_SYS_PARAM_H 1
| #define HAVE_FEOF_UNLOCKED 1
| /* end confdefs.h.  */
| /* Define fgets_unlocked to an innocuous variant, in case <limits.h> declares fgets_unlocked.
|    For example, HP-UX 11i <limits.h> declares gettimeofday.  */
| #define fgets_unlocked innocuous_fgets_unlocked
| 
| /* System header to define __stub macros and hopefully few prototypes,
|     which can conflict with char fgets_unlocked (); below.
|     Prefer <limits.h> to <assert.h> if __STDC__ is defined, since
|     <limits.h> exists even on freestanding compilers.  */
| 
| #ifdef __STDC__
| # include <limits.h>
| #else
| # include <assert.h>
| #endif
| 
| #undef fgets_unlocked
| 
| /* Override any gcc2 internal prototype to avoid an error.  */
| #ifdef __cplusplus
| extern "C"
| {
| #endif
| /* We use char because int might match the return type of a gcc2
|    builtin and then its argument prototype would still apply.  */
| char fgets_unlocked ();
| /* The GNU C library defines this for functions which it implements
|     to always fail with ENOSYS.  Some functions are actually named
|     something starting with __ and the normal name is an alias.  */
| #if defined (__stub_fgets_unlocked) || defined (__stub___fgets_unlocked)
| choke me
| #else
| char (*f) () = fgets_unlocked;
| #endif
| #ifdef __cplusplus
| }
| #endif
| 
| int
| main ()
| {
| return f != fgets_unlocked;
|   ;
|   return 0;
| }
configure:5841: result: no
configure:5753: checking for getc_unlocked
configure:5810: gcc -o conftest -g -O2    conftest.c  >&5
configure:5816: $? = 0
configure:5820: test -z 
			 || test ! -s conftest.err
configure:5823: $? = 0
configure:5826: test -s conftest
configure:5829: $? = 0
configure:5841: result: yes
configure:5753: checking for getcwd
configure:5810: gcc -o conftest -g -O2    conftest.c  >&5
configure:5816: $? = 0
configure:5820: test -z 
			 || test ! -s conftest.err
configure:5823: $? = 0
configure:5826: test -s conftest
configure:5829: $? = 0
configure:5841: result: yes
configure:5753: checking for getegid
configure:5810: gcc -o conftest -g -O2    conftest.c  >&5
configure:5816: $? = 0
configure:5820: test -z 
			 || test ! -s conftest.err
configure:5823: $? = 0
configure:5826: test -s conftest
configure:5829: $? = 0
configure:5841: result: yes
configure:5753: checking for geteuid
configure:5810: gcc -o conftest -g -O2    conftest.c  >&5
configure:5816: $? = 0
configure:5820: test -z 
			 || test ! -s conftest.err
configure:5823: $? = 0
configure:5826: test -s conftest
configure:5829: $? = 0
configure:5841: result: yes
configure:5753: checking for getgid
configure:5810: gcc -o conftest -g -O2    conftest.c  >&5
configure:5816: $? = 0
configure:5820: test -z 
			 || test ! -s conftest.err
configure:5823: $? = 0
configure:5826: test -s conftest
configure:5829: $? = 0
configure:5841: result: yes
configure:5753: checking for getuid
configure:5810: gcc -o conftest -g -O2    conftest.c  >&5
configure:5816: $? = 0
configure:5820: test -z 
			 || test ! -s conftest.err
configure:5823: $? = 0
configure:5826: test -s conftest
configure:5829: $? = 0
configure:5841: result: yes
configure:5753: checking for mempcpy
configure:5810: gcc -o conftest -g -O2    conftest.c  >&5
conftest.c:70: warning: conflicting types for built-in function 'mempcpy'
/usr/libexec/gcc/powerpc-apple-darwin8/4.0.1/ld: Undefined symbols:
_mempcpy
collect2: ld returned 1 exit status
configure:5816: $? = 1
configure: failed program was:
| /* confdefs.h.  */
| 
| #define PACKAGE_NAME ""
| #define PACKAGE_TARNAME ""
| #define PACKAGE_VERSION ""
| #define PACKAGE_STRING ""
| #define PACKAGE_BUGREPORT ""
| #define STDC_HEADERS 1
| #define HAVE_SYS_TYPES_H 1
| #define HAVE_SYS_STAT_H 1
| #define HAVE_STDLIB_H 1
| #define HAVE_STRING_H 1
| #define HAVE_MEMORY_H 1
| #define HAVE_STRINGS_H 1
| #define HAVE_INTTYPES_H 1
| #define HAVE_STDINT_H 1
| #define HAVE_UNISTD_H 1
| #define HAVE_ALLOCA_H 1
| #define HAVE_ALLOCA 1
| #define HAVE_STDLIB_H 1
| #define HAVE_UNISTD_H 1
| #define HAVE_GETPAGESIZE 1
| #define HAVE_MMAP 1
| #define INTDIV0_RAISES_SIGFPE 0
| #define HAVE_INTTYPES_H_WITH_UINTMAX 1
| #define HAVE_STDINT_H_WITH_UINTMAX 1
| #define HAVE_UNSIGNED_LONG_LONG 1
| #define HAVE_UINTMAX_T 1
| #define HAVE_INTTYPES_H 1
| #define HAVE_LIMITS_H 1
| #define HAVE_LOCALE_H 1
| #define HAVE_NL_TYPES_H 1
| #define HAVE_STDDEF_H 1
| #define HAVE_STDLIB_H 1
| #define HAVE_STRING_H 1
| #define HAVE_UNISTD_H 1
| #define HAVE_SYS_PARAM_H 1
| #define HAVE_FEOF_UNLOCKED 1
| #define HAVE_GETC_UNLOCKED 1
| #define HAVE_GETCWD 1
| #define HAVE_GETEGID 1
| #define HAVE_GETEUID 1
| #define HAVE_GETGID 1
| #define HAVE_GETUID 1
| /* end confdefs.h.  */
| /* Define mempcpy to an innocuous variant, in case <limits.h> declares mempcpy.
|    For example, HP-UX 11i <limits.h> declares gettimeofday.  */
| #define mempcpy innocuous_mempcpy
| 
| /* System header to define __stub macros and hopefully few prototypes,
|     which can conflict with char mempcpy (); below.
|     Prefer <limits.h> to <assert.h> if __STDC__ is defined, since
|     <limits.h> exists even on freestanding compilers.  */
| 
| #ifdef __STDC__
| # include <limits.h>
| #else
| # include <assert.h>
| #endif
| 
| #undef mempcpy
| 
| /* Override any gcc2 internal prototype to avoid an error.  */
| #ifdef __cplusplus
| extern "C"
| {
| #endif
| /* We use char because int might match the return type of a gcc2
|    builtin and then its argument prototype would still apply.  */
| char mempcpy ();
| /* The GNU C library defines this for functions which it implements
|     to always fail with ENOSYS.  Some functions are actually named
|     something starting with __ and the normal name is an alias.  */
| #if defined (__stub_mempcpy) || defined (__stub___mempcpy)
| choke me
| #else
| char (*f) () = mempcpy;
| #endif
| #ifdef __cplusplus
| }
| #endif
| 
| int
| main ()
| {
| return f != mempcpy;
|   ;
|   return 0;
| }
configure:5841: result: no
configure:5753: checking for munmap
configure:5810: gcc -o conftest -g -O2    conftest.c  >&5
configure:5816: $? = 0
configure:5820: test -z 
			 || test ! -s conftest.err
configure:5823: $? = 0
configure:5826: test -s conftest
configure:5829: $? = 0
configure:5841: result: yes
configure:5753: checking for putenv
configure:5810: gcc -o conftest -g -O2    conftest.c  >&5
configure:5816: $? = 0
configure:5820: test -z 
			 || test ! -s conftest.err
configure:5823: $? = 0
configure:5826: test -s conftest
configure:5829: $? = 0
configure:5841: result: yes
configure:5753: checking for setenv
configure:5810: gcc -o conftest -g -O2    conftest.c  >&5
configure:5816: $? = 0
configure:5820: test -z 
			 || test ! -s conftest.err
configure:5823: $? = 0
configure:5826: test -s conftest
configure:5829: $? = 0
configure:5841: result: yes
configure:5753: checking for setlocale
configure:5810: gcc -o conftest -g -O2    conftest.c  >&5
configure:5816: $? = 0
configure:5820: test -z 
			 || test ! -s conftest.err
configure:5823: $? = 0
configure:5826: test -s conftest
configure:5829: $? = 0
configure:5841: result: yes
configure:5753: checking for stpcpy
configure:5810: gcc -o conftest -g -O2    conftest.c  >&5
conftest.c:74: warning: conflicting types for built-in function 'stpcpy'
configure:5816: $? = 0
configure:5820: test -z 
			 || test ! -s conftest.err
configure:5823: $? = 0
configure:5826: test -s conftest
configure:5829: $? = 0
configure:5841: result: yes
configure:5753: checking for strcasecmp
configure:5810: gcc -o conftest -g -O2    conftest.c  >&5
configure:5816: $? = 0
configure:5820: test -z 
			 || test ! -s conftest.err
configure:5823: $? = 0
configure:5826: test -s conftest
configure:5829: $? = 0
configure:5841: result: yes
configure:5753: checking for strdup
configure:5810: gcc -o conftest -g -O2    conftest.c  >&5
conftest.c:76: warning: conflicting types for built-in function 'strdup'
configure:5816: $? = 0
configure:5820: test -z 
			 || test ! -s conftest.err
configure:5823: $? = 0
configure:5826: test -s conftest
configure:5829: $? = 0
configure:5841: result: yes
configure:5753: checking for strtoul
configure:5810: gcc -o conftest -g -O2    conftest.c  >&5
configure:5816: $? = 0
configure:5820: test -z 
			 || test ! -s conftest.err
configure:5823: $? = 0
configure:5826: test -s conftest
configure:5829: $? = 0
configure:5841: result: yes
configure:5753: checking for tsearch
configure:5810: gcc -o conftest -g -O2    conftest.c  >&5
configure:5816: $? = 0
configure:5820: test -z 
			 || test ! -s conftest.err
configure:5823: $? = 0
configure:5826: test -s conftest
configure:5829: $? = 0
configure:5841: result: yes
configure:5753: checking for __argz_count
configure:5810: gcc -o conftest -g -O2    conftest.c  >&5
/usr/libexec/gcc/powerpc-apple-darwin8/4.0.1/ld: Undefined symbols:
___argz_count
collect2: ld returned 1 exit status
configure:5816: $? = 1
configure: failed program was:
| /* confdefs.h.  */
| 
| #define PACKAGE_NAME ""
| #define PACKAGE_TARNAME ""
| #define PACKAGE_VERSION ""
| #define PACKAGE_STRING ""
| #define PACKAGE_BUGREPORT ""
| #define STDC_HEADERS 1
| #define HAVE_SYS_TYPES_H 1
| #define HAVE_SYS_STAT_H 1
| #define HAVE_STDLIB_H 1
| #define HAVE_STRING_H 1
| #define HAVE_MEMORY_H 1
| #define HAVE_STRINGS_H 1
| #define HAVE_INTTYPES_H 1
| #define HAVE_STDINT_H 1
| #define HAVE_UNISTD_H 1
| #define HAVE_ALLOCA_H 1
| #define HAVE_ALLOCA 1
| #define HAVE_STDLIB_H 1
| #define HAVE_UNISTD_H 1
| #define HAVE_GETPAGESIZE 1
| #define HAVE_MMAP 1
| #define INTDIV0_RAISES_SIGFPE 0
| #define HAVE_INTTYPES_H_WITH_UINTMAX 1
| #define HAVE_STDINT_H_WITH_UINTMAX 1
| #define HAVE_UNSIGNED_LONG_LONG 1
| #define HAVE_UINTMAX_T 1
| #define HAVE_INTTYPES_H 1
| #define HAVE_LIMITS_H 1
| #define HAVE_LOCALE_H 1
| #define HAVE_NL_TYPES_H 1
| #define HAVE_STDDEF_H 1
| #define HAVE_STDLIB_H 1
| #define HAVE_STRING_H 1
| #define HAVE_UNISTD_H 1
| #define HAVE_SYS_PARAM_H 1
| #define HAVE_FEOF_UNLOCKED 1
| #define HAVE_GETC_UNLOCKED 1
| #define HAVE_GETCWD 1
| #define HAVE_GETEGID 1
| #define HAVE_GETEUID 1
| #define HAVE_GETGID 1
| #define HAVE_GETUID 1
| #define HAVE_MUNMAP 1
| #define HAVE_PUTENV 1
| #define HAVE_SETENV 1
| #define HAVE_SETLOCALE 1
| #define HAVE_STPCPY 1
| #define HAVE_STRCASECMP 1
| #define HAVE_STRDUP 1
| #define HAVE_STRTOUL 1
| #define HAVE_TSEARCH 1
| /* end confdefs.h.  */
| /* Define __argz_count to an innocuous variant, in case <limits.h> declares __argz_count.
|    For example, HP-UX 11i <limits.h> declares gettimeofday.  */
| #define __argz_count innocuous___argz_count
| 
| /* System header to define __stub macros and hopefully few prototypes,
|     which can conflict with char __argz_count (); below.
|     Prefer <limits.h> to <assert.h> if __STDC__ is defined, since
|     <limits.h> exists even on freestanding compilers.  */
| 
| #ifdef __STDC__
| # include <limits.h>
| #else
| # include <assert.h>
| #endif
| 
| #undef __argz_count
| 
| /* Override any gcc2 internal prototype to avoid an error.  */
| #ifdef __cplusplus
| extern "C"
| {
| #endif
| /* We use char because int might match the return type of a gcc2
|    builtin and then its argument prototype would still apply.  */
| char __argz_count ();
| /* The GNU C library defines this for functions which it implements
|     to always fail with ENOSYS.  Some functions are actually named
|     something starting with __ and the normal name is an alias.  */
| #if defined (__stub___argz_count) || defined (__stub_____argz_count)
| choke me
| #else
| char (*f) () = __argz_count;
| #endif
| #ifdef __cplusplus
| }
| #endif
| 
| int
| main ()
| {
| return f != __argz_count;
|   ;
|   return 0;
| }
configure:5841: result: no
configure:5753: checking for __argz_stringify
configure:5810: gcc -o conftest -g -O2    conftest.c  >&5
/usr/libexec/gcc/powerpc-apple-darwin8/4.0.1/ld: Undefined symbols:
___argz_stringify
collect2: ld returned 1 exit status
configure:5816: $? = 1
configure: failed program was:
| /* confdefs.h.  */
| 
| #define PACKAGE_NAME ""
| #define PACKAGE_TARNAME ""
| #define PACKAGE_VERSION ""
| #define PACKAGE_STRING ""
| #define PACKAGE_BUGREPORT ""
| #define STDC_HEADERS 1
| #define HAVE_SYS_TYPES_H 1
| #define HAVE_SYS_STAT_H 1
| #define HAVE_STDLIB_H 1
| #define HAVE_STRING_H 1
| #define HAVE_MEMORY_H 1
| #define HAVE_STRINGS_H 1
| #define HAVE_INTTYPES_H 1
| #define HAVE_STDINT_H 1
| #define HAVE_UNISTD_H 1
| #define HAVE_ALLOCA_H 1
| #define HAVE_ALLOCA 1
| #define HAVE_STDLIB_H 1
| #define HAVE_UNISTD_H 1
| #define HAVE_GETPAGESIZE 1
| #define HAVE_MMAP 1
| #define INTDIV0_RAISES_SIGFPE 0
| #define HAVE_INTTYPES_H_WITH_UINTMAX 1
| #define HAVE_STDINT_H_WITH_UINTMAX 1
| #define HAVE_UNSIGNED_LONG_LONG 1
| #define HAVE_UINTMAX_T 1
| #define HAVE_INTTYPES_H 1
| #define HAVE_LIMITS_H 1
| #define HAVE_LOCALE_H 1
| #define HAVE_NL_TYPES_H 1
| #define HAVE_STDDEF_H 1
| #define HAVE_STDLIB_H 1
| #define HAVE_STRING_H 1
| #define HAVE_UNISTD_H 1
| #define HAVE_SYS_PARAM_H 1
| #define HAVE_FEOF_UNLOCKED 1
| #define HAVE_GETC_UNLOCKED 1
| #define HAVE_GETCWD 1
| #define HAVE_GETEGID 1
| #define HAVE_GETEUID 1
| #define HAVE_GETGID 1
| #define HAVE_GETUID 1
| #define HAVE_MUNMAP 1
| #define HAVE_PUTENV 1
| #define HAVE_SETENV 1
| #define HAVE_SETLOCALE 1
| #define HAVE_STPCPY 1
| #define HAVE_STRCASECMP 1
| #define HAVE_STRDUP 1
| #define HAVE_STRTOUL 1
| #define HAVE_TSEARCH 1
| /* end confdefs.h.  */
| /* Define __argz_stringify to an innocuous variant, in case <limits.h> declares __argz_stringify.
|    For example, HP-UX 11i <limits.h> declares gettimeofday.  */
| #define __argz_stringify innocuous___argz_stringify
| 
| /* System header to define __stub macros and hopefully few prototypes,
|     which can conflict with char __argz_stringify (); below.
|     Prefer <limits.h> to <assert.h> if __STDC__ is defined, since
|     <limits.h> exists even on freestanding compilers.  */
| 
| #ifdef __STDC__
| # include <limits.h>
| #else
| # include <assert.h>
| #endif
| 
| #undef __argz_stringify
| 
| /* Override any gcc2 internal prototype to avoid an error.  */
| #ifdef __cplusplus
| extern "C"
| {
| #endif
| /* We use char because int might match the return type of a gcc2
|    builtin and then its argument prototype would still apply.  */
| char __argz_stringify ();
| /* The GNU C library defines this for functions which it implements
|     to always fail with ENOSYS.  Some functions are actually named
|     something starting with __ and the normal name is an alias.  */
| #if defined (__stub___argz_stringify) || defined (__stub_____argz_stringify)
| choke me
| #else
| char (*f) () = __argz_stringify;
| #endif
| #ifdef __cplusplus
| }
| #endif
| 
| int
| main ()
| {
| return f != __argz_stringify;
|   ;
|   return 0;
| }
configure:5841: result: no
configure:5753: checking for __argz_next
configure:5810: gcc -o conftest -g -O2    conftest.c  >&5
/usr/libexec/gcc/powerpc-apple-darwin8/4.0.1/ld: Undefined symbols:
___argz_next
collect2: ld returned 1 exit status
configure:5816: $? = 1
configure: failed program was:
| /* confdefs.h.  */
| 
| #define PACKAGE_NAME ""
| #define PACKAGE_TARNAME ""
| #define PACKAGE_VERSION ""
| #define PACKAGE_STRING ""
| #define PACKAGE_BUGREPORT ""
| #define STDC_HEADERS 1
| #define HAVE_SYS_TYPES_H 1
| #define HAVE_SYS_STAT_H 1
| #define HAVE_STDLIB_H 1
| #define HAVE_STRING_H 1
| #define HAVE_MEMORY_H 1
| #define HAVE_STRINGS_H 1
| #define HAVE_INTTYPES_H 1
| #define HAVE_STDINT_H 1
| #define HAVE_UNISTD_H 1
| #define HAVE_ALLOCA_H 1
| #define HAVE_ALLOCA 1
| #define HAVE_STDLIB_H 1
| #define HAVE_UNISTD_H 1
| #define HAVE_GETPAGESIZE 1
| #define HAVE_MMAP 1
| #define INTDIV0_RAISES_SIGFPE 0
| #define HAVE_INTTYPES_H_WITH_UINTMAX 1
| #define HAVE_STDINT_H_WITH_UINTMAX 1
| #define HAVE_UNSIGNED_LONG_LONG 1
| #define HAVE_UINTMAX_T 1
| #define HAVE_INTTYPES_H 1
| #define HAVE_LIMITS_H 1
| #define HAVE_LOCALE_H 1
| #define HAVE_NL_TYPES_H 1
| #define HAVE_STDDEF_H 1
| #define HAVE_STDLIB_H 1
| #define HAVE_STRING_H 1
| #define HAVE_UNISTD_H 1
| #define HAVE_SYS_PARAM_H 1
| #define HAVE_FEOF_UNLOCKED 1
| #define HAVE_GETC_UNLOCKED 1
| #define HAVE_GETCWD 1
| #define HAVE_GETEGID 1
| #define HAVE_GETEUID 1
| #define HAVE_GETGID 1
| #define HAVE_GETUID 1
| #define HAVE_MUNMAP 1
| #define HAVE_PUTENV 1
| #define HAVE_SETENV 1
| #define HAVE_SETLOCALE 1
| #define HAVE_STPCPY 1
| #define HAVE_STRCASECMP 1
| #define HAVE_STRDUP 1
| #define HAVE_STRTOUL 1
| #define HAVE_TSEARCH 1
| /* end confdefs.h.  */
| /* Define __argz_next to an innocuous variant, in case <limits.h> declares __argz_next.
|    For example, HP-UX 11i <limits.h> declares gettimeofday.  */
| #define __argz_next innocuous___argz_next
| 
| /* System header to define __stub macros and hopefully few prototypes,
|     which can conflict with char __argz_next (); below.
|     Prefer <limits.h> to <assert.h> if __STDC__ is defined, since
|     <limits.h> exists even on freestanding compilers.  */
| 
| #ifdef __STDC__
| # include <limits.h>
| #else
| # include <assert.h>
| #endif
| 
| #undef __argz_next
| 
| /* Override any gcc2 internal prototype to avoid an error.  */
| #ifdef __cplusplus
| extern "C"
| {
| #endif
| /* We use char because int might match the return type of a gcc2
|    builtin and then its argument prototype would still apply.  */
| char __argz_next ();
| /* The GNU C library defines this for functions which it implements
|     to always fail with ENOSYS.  Some functions are actually named
|     something starting with __ and the normal name is an alias.  */
| #if defined (__stub___argz_next) || defined (__stub_____argz_next)
| choke me
| #else
| char (*f) () = __argz_next;
| #endif
| #ifdef __cplusplus
| }
| #endif
| 
| int
| main ()
| {
| return f != __argz_next;
|   ;
|   return 0;
| }
configure:5841: result: no
configure:5753: checking for __fsetlocking
configure:5810: gcc -o conftest -g -O2    conftest.c  >&5
/usr/libexec/gcc/powerpc-apple-darwin8/4.0.1/ld: Undefined symbols:
___fsetlocking
collect2: ld returned 1 exit status
configure:5816: $? = 1
configure: failed program was:
| /* confdefs.h.  */
| 
| #define PACKAGE_NAME ""
| #define PACKAGE_TARNAME ""
| #define PACKAGE_VERSION ""
| #define PACKAGE_STRING ""
| #define PACKAGE_BUGREPORT ""
| #define STDC_HEADERS 1
| #define HAVE_SYS_TYPES_H 1
| #define HAVE_SYS_STAT_H 1
| #define HAVE_STDLIB_H 1
| #define HAVE_STRING_H 1
| #define HAVE_MEMORY_H 1
| #define HAVE_STRINGS_H 1
| #define HAVE_INTTYPES_H 1
| #define HAVE_STDINT_H 1
| #define HAVE_UNISTD_H 1
| #define HAVE_ALLOCA_H 1
| #define HAVE_ALLOCA 1
| #define HAVE_STDLIB_H 1
| #define HAVE_UNISTD_H 1
| #define HAVE_GETPAGESIZE 1
| #define HAVE_MMAP 1
| #define INTDIV0_RAISES_SIGFPE 0
| #define HAVE_INTTYPES_H_WITH_UINTMAX 1
| #define HAVE_STDINT_H_WITH_UINTMAX 1
| #define HAVE_UNSIGNED_LONG_LONG 1
| #define HAVE_UINTMAX_T 1
| #define HAVE_INTTYPES_H 1
| #define HAVE_LIMITS_H 1
| #define HAVE_LOCALE_H 1
| #define HAVE_NL_TYPES_H 1
| #define HAVE_STDDEF_H 1
| #define HAVE_STDLIB_H 1
| #define HAVE_STRING_H 1
| #define HAVE_UNISTD_H 1
| #define HAVE_SYS_PARAM_H 1
| #define HAVE_FEOF_UNLOCKED 1
| #define HAVE_GETC_UNLOCKED 1
| #define HAVE_GETCWD 1
| #define HAVE_GETEGID 1
| #define HAVE_GETEUID 1
| #define HAVE_GETGID 1
| #define HAVE_GETUID 1
| #define HAVE_MUNMAP 1
| #define HAVE_PUTENV 1
| #define HAVE_SETENV 1
| #define HAVE_SETLOCALE 1
| #define HAVE_STPCPY 1
| #define HAVE_STRCASECMP 1
| #define HAVE_STRDUP 1
| #define HAVE_STRTOUL 1
| #define HAVE_TSEARCH 1
| /* end confdefs.h.  */
| /* Define __fsetlocking to an innocuous variant, in case <limits.h> declares __fsetlocking.
|    For example, HP-UX 11i <limits.h> declares gettimeofday.  */
| #define __fsetlocking innocuous___fsetlocking
| 
| /* System header to define __stub macros and hopefully few prototypes,
|     which can conflict with char __fsetlocking (); below.
|     Prefer <limits.h> to <assert.h> if __STDC__ is defined, since
|     <limits.h> exists even on freestanding compilers.  */
| 
| #ifdef __STDC__
| # include <limits.h>
| #else
| # include <assert.h>
| #endif
| 
| #undef __fsetlocking
| 
| /* Override any gcc2 internal prototype to avoid an error.  */
| #ifdef __cplusplus
| extern "C"
| {
| #endif
| /* We use char because int might match the return type of a gcc2
|    builtin and then its argument prototype would still apply.  */
| char __fsetlocking ();
| /* The GNU C library defines this for functions which it implements
|     to always fail with ENOSYS.  Some functions are actually named
|     something starting with __ and the normal name is an alias.  */
| #if defined (__stub___fsetlocking) || defined (__stub_____fsetlocking)
| choke me
| #else
| char (*f) () = __fsetlocking;
| #endif
| #ifdef __cplusplus
| }
| #endif
| 
| int
| main ()
| {
| return f != __fsetlocking;
|   ;
|   return 0;
| }
configure:5841: result: no
configure:5882: checking for iconv
configure:5909: gcc -o conftest -g -O2    conftest.c  >&5
/usr/libexec/gcc/powerpc-apple-darwin8/4.0.1/ld: Undefined symbols:
_libiconv
_libiconv_close
_libiconv_open
collect2: ld returned 1 exit status
configure:5915: $? = 1
configure: failed program was:
| /* confdefs.h.  */
| 
| #define PACKAGE_NAME ""
| #define PACKAGE_TARNAME ""
| #define PACKAGE_VERSION ""
| #define PACKAGE_STRING ""
| #define PACKAGE_BUGREPORT ""
| #define STDC_HEADERS 1
| #define HAVE_SYS_TYPES_H 1
| #define HAVE_SYS_STAT_H 1
| #define HAVE_STDLIB_H 1
| #define HAVE_STRING_H 1
| #define HAVE_MEMORY_H 1
| #define HAVE_STRINGS_H 1
| #define HAVE_INTTYPES_H 1
| #define HAVE_STDINT_H 1
| #define HAVE_UNISTD_H 1
| #define HAVE_ALLOCA_H 1
| #define HAVE_ALLOCA 1
| #define HAVE_STDLIB_H 1
| #define HAVE_UNISTD_H 1
| #define HAVE_GETPAGESIZE 1
| #define HAVE_MMAP 1
| #define INTDIV0_RAISES_SIGFPE 0
| #define HAVE_INTTYPES_H_WITH_UINTMAX 1
| #define HAVE_STDINT_H_WITH_UINTMAX 1
| #define HAVE_UNSIGNED_LONG_LONG 1
| #define HAVE_UINTMAX_T 1
| #define HAVE_INTTYPES_H 1
| #define HAVE_LIMITS_H 1
| #define HAVE_LOCALE_H 1
| #define HAVE_NL_TYPES_H 1
| #define HAVE_STDDEF_H 1
| #define HAVE_STDLIB_H 1
| #define HAVE_STRING_H 1
| #define HAVE_UNISTD_H 1
| #define HAVE_SYS_PARAM_H 1
| #define HAVE_FEOF_UNLOCKED 1
| #define HAVE_GETC_UNLOCKED 1
| #define HAVE_GETCWD 1
| #define HAVE_GETEGID 1
| #define HAVE_GETEUID 1
| #define HAVE_GETGID 1
| #define HAVE_GETUID 1
| #define HAVE_MUNMAP 1
| #define HAVE_PUTENV 1
| #define HAVE_SETENV 1
| #define HAVE_SETLOCALE 1
| #define HAVE_STPCPY 1
| #define HAVE_STRCASECMP 1
| #define HAVE_STRDUP 1
| #define HAVE_STRTOUL 1
| #define HAVE_TSEARCH 1
| /* end confdefs.h.  */
| #include <stdlib.h>
| #include <iconv.h>
| int
| main ()
| {
| iconv_t cd = iconv_open("","");
|        iconv(cd,NULL,NULL,NULL,NULL);
|        iconv_close(cd);
|   ;
|   return 0;
| }
configure:5960: gcc -o conftest -g -O2    conftest.c  /usr/lib/libiconv.dylib >&5
configure:5966: $? = 0
configure:5970: test -z 
			 || test ! -s conftest.err
configure:5973: $? = 0
configure:5976: test -s conftest
configure:5979: $? = 0
configure:5994: result: yes
configure:6004: checking how to link with libiconv
configure:6006: result: /usr/lib/libiconv.dylib
configure:6017: checking for iconv declaration
configure:6051: gcc -c -g -O2   conftest.c >&5
conftest.c:64: error: conflicting types for 'libiconv'
/usr/include/iconv.h:82: error: previous declaration of 'libiconv' was here
configure:6057: $? = 1
configure: failed program was:
| /* confdefs.h.  */
| 
| #define PACKAGE_NAME ""
| #define PACKAGE_TARNAME ""
| #define PACKAGE_VERSION ""
| #define PACKAGE_STRING ""
| #define PACKAGE_BUGREPORT ""
| #define STDC_HEADERS 1
| #define HAVE_SYS_TYPES_H 1
| #define HAVE_SYS_STAT_H 1
| #define HAVE_STDLIB_H 1
| #define HAVE_STRING_H 1
| #define HAVE_MEMORY_H 1
| #define HAVE_STRINGS_H 1
| #define HAVE_INTTYPES_H 1
| #define HAVE_STDINT_H 1
| #define HAVE_UNISTD_H 1
| #define HAVE_ALLOCA_H 1
| #define HAVE_ALLOCA 1
| #define HAVE_STDLIB_H 1
| #define HAVE_UNISTD_H 1
| #define HAVE_GETPAGESIZE 1
| #define HAVE_MMAP 1
| #define INTDIV0_RAISES_SIGFPE 0
| #define HAVE_INTTYPES_H_WITH_UINTMAX 1
| #define HAVE_STDINT_H_WITH_UINTMAX 1
| #define HAVE_UNSIGNED_LONG_LONG 1
| #define HAVE_UINTMAX_T 1
| #define HAVE_INTTYPES_H 1
| #define HAVE_LIMITS_H 1
| #define HAVE_LOCALE_H 1
| #define HAVE_NL_TYPES_H 1
| #define HAVE_STDDEF_H 1
| #define HAVE_STDLIB_H 1
| #define HAVE_STRING_H 1
| #define HAVE_UNISTD_H 1
| #define HAVE_SYS_PARAM_H 1
| #define HAVE_FEOF_UNLOCKED 1
| #define HAVE_GETC_UNLOCKED 1
| #define HAVE_GETCWD 1
| #define HAVE_GETEGID 1
| #define HAVE_GETEUID 1
| #define HAVE_GETGID 1
| #define HAVE_GETUID 1
| #define HAVE_MUNMAP 1
| #define HAVE_PUTENV 1
| #define HAVE_SETENV 1
| #define HAVE_SETLOCALE 1
| #define HAVE_STPCPY 1
| #define HAVE_STRCASECMP 1
| #define HAVE_STRDUP 1
| #define HAVE_STRTOUL 1
| #define HAVE_TSEARCH 1
| #define HAVE_ICONV 1
| /* end confdefs.h.  */
| 
| #include <stdlib.h>
| #include <iconv.h>
| extern
| #ifdef __cplusplus
| "C"
| #endif
| #if defined(__STDC__) || defined(__cplusplus)
| size_t iconv (iconv_t cd, char * *inbuf, size_t *inbytesleft, char * *outbuf, size_t *outbytesleft);
| #else
| size_t iconv();
| #endif
| 
| int
| main ()
| {
| 
|   ;
|   return 0;
| }
configure:6085: result: 
         extern size_t iconv (iconv_t cd, const char * *inbuf, size_t *inbytesleft, char * *outbuf, size_t *outbytesleft);
configure:6096: checking for nl_langinfo and CODESET
configure:6117: gcc -o conftest -g -O2    conftest.c  >&5
configure:6123: $? = 0
configure:6127: test -z 
			 || test ! -s conftest.err
configure:6130: $? = 0
configure:6133: test -s conftest
configure:6136: $? = 0
configure:6149: result: yes
configure:6161: checking for LC_MESSAGES
configure:6182: gcc -o conftest -g -O2    conftest.c  >&5
configure:6188: $? = 0
configure:6192: test -z 
			 || test ! -s conftest.err
configure:6195: $? = 0
configure:6198: test -s conftest
configure:6201: $? = 0
configure:6213: result: yes
configure:6229: checking for bison
configure:6245: found /usr/bin/bison
configure:6255: result: bison
configure:6268: checking version of bison
configure:6277: result: 1.28, ok
configure:6299: checking whether NLS is requested
configure:6308: result: yes
configure:6324: checking whether included gettext is requested
configure:6334: result: no
configure:6345: checking for GNU gettext in libc
configure:6369: gcc -o conftest -g -O2    conftest.c  >&5
conftest.c:59:21: error: libintl.h: No such file or directory
conftest.c: In function 'main':
conftest.c:66: warning: incompatible implicit declaration of built-in function 'gettext'
configure:6375: $? = 1
configure: failed program was:
| /* confdefs.h.  */
| 
| #define PACKAGE_NAME ""
| #define PACKAGE_TARNAME ""
| #define PACKAGE_VERSION ""
| #define PACKAGE_STRING ""
| #define PACKAGE_BUGREPORT ""
| #define STDC_HEADERS 1
| #define HAVE_SYS_TYPES_H 1
| #define HAVE_SYS_STAT_H 1
| #define HAVE_STDLIB_H 1
| #define HAVE_STRING_H 1
| #define HAVE_MEMORY_H 1
| #define HAVE_STRINGS_H 1
| #define HAVE_INTTYPES_H 1
| #define HAVE_STDINT_H 1
| #define HAVE_UNISTD_H 1
| #define HAVE_ALLOCA_H 1
| #define HAVE_ALLOCA 1
| #define HAVE_STDLIB_H 1
| #define HAVE_UNISTD_H 1
| #define HAVE_GETPAGESIZE 1
| #define HAVE_MMAP 1
| #define INTDIV0_RAISES_SIGFPE 0
| #define HAVE_INTTYPES_H_WITH_UINTMAX 1
| #define HAVE_STDINT_H_WITH_UINTMAX 1
| #define HAVE_UNSIGNED_LONG_LONG 1
| #define HAVE_UINTMAX_T 1
| #define HAVE_INTTYPES_H 1
| #define HAVE_LIMITS_H 1
| #define HAVE_LOCALE_H 1
| #define HAVE_NL_TYPES_H 1
| #define HAVE_STDDEF_H 1
| #define HAVE_STDLIB_H 1
| #define HAVE_STRING_H 1
| #define HAVE_UNISTD_H 1
| #define HAVE_SYS_PARAM_H 1
| #define HAVE_FEOF_UNLOCKED 1
| #define HAVE_GETC_UNLOCKED 1
| #define HAVE_GETCWD 1
| #define HAVE_GETEGID 1
| #define HAVE_GETEUID 1
| #define HAVE_GETGID 1
| #define HAVE_GETUID 1
| #define HAVE_MUNMAP 1
| #define HAVE_PUTENV 1
| #define HAVE_SETENV 1
| #define HAVE_SETLOCALE 1
| #define HAVE_STPCPY 1
| #define HAVE_STRCASECMP 1
| #define HAVE_STRDUP 1
| #define HAVE_STRTOUL 1
| #define HAVE_TSEARCH 1
| #define HAVE_ICONV 1
| #define ICONV_CONST const
| #define HAVE_LANGINFO_CODESET 1
| #define HAVE_LC_MESSAGES 1
| /* end confdefs.h.  */
| #include <libintl.h>
| extern int _nl_msg_cat_cntr;
| extern int *_nl_domain_bindings;
| int
| main ()
| {
| bindtextdomain ("", "");
| return (int) gettext ("") + _nl_msg_cat_cntr + *_nl_domain_bindings
|   ;
|   return 0;
| }
configure:6400: result: no
configure:6783: checking for GNU gettext in libintl
configure:6815: gcc -o conftest -g -O2     conftest.c  -lintl >&5
conftest.c:59:21: error: libintl.h: No such file or directory
conftest.c: In function 'main':
conftest.c:70: warning: incompatible implicit declaration of built-in function 'gettext'
configure:6821: $? = 1
configure: failed program was:
| /* confdefs.h.  */
| 
| #define PACKAGE_NAME ""
| #define PACKAGE_TARNAME ""
| #define PACKAGE_VERSION ""
| #define PACKAGE_STRING ""
| #define PACKAGE_BUGREPORT ""
| #define STDC_HEADERS 1
| #define HAVE_SYS_TYPES_H 1
| #define HAVE_SYS_STAT_H 1
| #define HAVE_STDLIB_H 1
| #define HAVE_STRING_H 1
| #define HAVE_MEMORY_H 1
| #define HAVE_STRINGS_H 1
| #define HAVE_INTTYPES_H 1
| #define HAVE_STDINT_H 1
| #define HAVE_UNISTD_H 1
| #define HAVE_ALLOCA_H 1
| #define HAVE_ALLOCA 1
| #define HAVE_STDLIB_H 1
| #define HAVE_UNISTD_H 1
| #define HAVE_GETPAGESIZE 1
| #define HAVE_MMAP 1
| #define INTDIV0_RAISES_SIGFPE 0
| #define HAVE_INTTYPES_H_WITH_UINTMAX 1
| #define HAVE_STDINT_H_WITH_UINTMAX 1
| #define HAVE_UNSIGNED_LONG_LONG 1
| #define HAVE_UINTMAX_T 1
| #define HAVE_INTTYPES_H 1
| #define HAVE_LIMITS_H 1
| #define HAVE_LOCALE_H 1
| #define HAVE_NL_TYPES_H 1
| #define HAVE_STDDEF_H 1
| #define HAVE_STDLIB_H 1
| #define HAVE_STRING_H 1
| #define HAVE_UNISTD_H 1
| #define HAVE_SYS_PARAM_H 1
| #define HAVE_FEOF_UNLOCKED 1
| #define HAVE_GETC_UNLOCKED 1
| #define HAVE_GETCWD 1
| #define HAVE_GETEGID 1
| #define HAVE_GETEUID 1
| #define HAVE_GETGID 1
| #define HAVE_GETUID 1
| #define HAVE_MUNMAP 1
| #define HAVE_PUTENV 1
| #define HAVE_SETENV 1
| #define HAVE_SETLOCALE 1
| #define HAVE_STPCPY 1
| #define HAVE_STRCASECMP 1
| #define HAVE_STRDUP 1
| #define HAVE_STRTOUL 1
| #define HAVE_TSEARCH 1
| #define HAVE_ICONV 1
| #define ICONV_CONST const
| #define HAVE_LANGINFO_CODESET 1
| #define HAVE_LC_MESSAGES 1
| /* end confdefs.h.  */
| #include <libintl.h>
| extern int _nl_msg_cat_cntr;
| extern
| #ifdef __cplusplus
| "C"
| #endif
| const char *_nl_expand_alias ();
| int
| main ()
| {
| bindtextdomain ("", "");
| return (int) gettext ("") + _nl_msg_cat_cntr + *_nl_expand_alias (0)
|   ;
|   return 0;
| }
configure:6870: gcc -o conftest -g -O2     conftest.c  -lintl /usr/lib/libiconv.dylib >&5
conftest.c:59:21: error: libintl.h: No such file or directory
conftest.c: In function 'main':
conftest.c:70: warning: incompatible implicit declaration of built-in function 'gettext'
configure:6876: $? = 1
configure: failed program was:
| /* confdefs.h.  */
| 
| #define PACKAGE_NAME ""
| #define PACKAGE_TARNAME ""
| #define PACKAGE_VERSION ""
| #define PACKAGE_STRING ""
| #define PACKAGE_BUGREPORT ""
| #define STDC_HEADERS 1
| #define HAVE_SYS_TYPES_H 1
| #define HAVE_SYS_STAT_H 1
| #define HAVE_STDLIB_H 1
| #define HAVE_STRING_H 1
| #define HAVE_MEMORY_H 1
| #define HAVE_STRINGS_H 1
| #define HAVE_INTTYPES_H 1
| #define HAVE_STDINT_H 1
| #define HAVE_UNISTD_H 1
| #define HAVE_ALLOCA_H 1
| #define HAVE_ALLOCA 1
| #define HAVE_STDLIB_H 1
| #define HAVE_UNISTD_H 1
| #define HAVE_GETPAGESIZE 1
| #define HAVE_MMAP 1
| #define INTDIV0_RAISES_SIGFPE 0
| #define HAVE_INTTYPES_H_WITH_UINTMAX 1
| #define HAVE_STDINT_H_WITH_UINTMAX 1
| #define HAVE_UNSIGNED_LONG_LONG 1
| #define HAVE_UINTMAX_T 1
| #define HAVE_INTTYPES_H 1
| #define HAVE_LIMITS_H 1
| #define HAVE_LOCALE_H 1
| #define HAVE_NL_TYPES_H 1
| #define HAVE_STDDEF_H 1
| #define HAVE_STDLIB_H 1
| #define HAVE_STRING_H 1
| #define HAVE_UNISTD_H 1
| #define HAVE_SYS_PARAM_H 1
| #define HAVE_FEOF_UNLOCKED 1
| #define HAVE_GETC_UNLOCKED 1
| #define HAVE_GETCWD 1
| #define HAVE_GETEGID 1
| #define HAVE_GETEUID 1
| #define HAVE_GETGID 1
| #define HAVE_GETUID 1
| #define HAVE_MUNMAP 1
| #define HAVE_PUTENV 1
| #define HAVE_SETENV 1
| #define HAVE_SETLOCALE 1
| #define HAVE_STPCPY 1
| #define HAVE_STRCASECMP 1
| #define HAVE_STRDUP 1
| #define HAVE_STRTOUL 1
| #define HAVE_TSEARCH 1
| #define HAVE_ICONV 1
| #define ICONV_CONST const
| #define HAVE_LANGINFO_CODESET 1
| #define HAVE_LC_MESSAGES 1
| /* end confdefs.h.  */
| #include <libintl.h>
| extern int _nl_msg_cat_cntr;
| extern
| #ifdef __cplusplus
| "C"
| #endif
| const char *_nl_expand_alias ();
| int
| main ()
| {
| bindtextdomain ("", "");
| return (int) gettext ("") + _nl_msg_cat_cntr + *_nl_expand_alias (0)
|   ;
|   return 0;
| }
configure:6906: result: no
configure:6953: checking whether to use NLS
configure:6955: result: yes
configure:6958: checking where the gettext function comes from
configure:6969: result: included intl directory
configure:7101: checking for aclocal
configure:7117: found /sw/bin/aclocal
configure:7127: result: aclocal
configure:7142: checking for autoconf
configure:7158: found /sw/bin/autoconf
configure:7168: result: autoconf
configure:7183: checking for autoheader
configure:7199: found /sw/bin/autoheader
configure:7209: result: autoheader
configure:7347: creating ./config.status

## ---------------------- ##
## Running config.status. ##
## ---------------------- ##

This file was extended by config.status, which was
generated by GNU Autoconf 2.59.  Invocation command line was

  CONFIG_FILES    = 
  CONFIG_HEADERS  = 
  CONFIG_LINKS    = 
  CONFIG_COMMANDS = 
  $ ./config.status 

on mike-mikes-powerbook-g4-15.local

config.status:708: creating Makefile
config.status:708: creating config.intl
config.status:805: creating config.h
config.status:1179: executing default-1 commands

## ---------------- ##
## Cache variables. ##
## ---------------- ##

ac_cv_build=powerpc-apple-darwin8
ac_cv_build_alias=powerpc-apple-darwin8
ac_cv_c_compiler_gnu=yes
ac_cv_c_const=yes
ac_cv_c_inline=inline
ac_cv_env_CC_set=set
ac_cv_env_CC_value=gcc
ac_cv_env_CFLAGS_set=set
ac_cv_env_CFLAGS_value='-g -O2 '
ac_cv_env_CPPFLAGS_set=
ac_cv_env_CPPFLAGS_value=
ac_cv_env_CPP_set=
ac_cv_env_CPP_value=
ac_cv_env_LDFLAGS_set=set
ac_cv_env_LDFLAGS_value=
ac_cv_env_build_alias_set=set
ac_cv_env_build_alias_value=powerpc-apple-darwin8
ac_cv_env_host_alias_set=set
ac_cv_env_host_alias_value=powerpc-apple-darwin8
ac_cv_env_target_alias_set=set
ac_cv_env_target_alias_value=powerpc-apple-darwin8
ac_cv_exeext=
ac_cv_func___argz_count=no
ac_cv_func___argz_next=no
ac_cv_func___argz_stringify=no
ac_cv_func___fsetlocking=no
ac_cv_func_alloca_works=yes
ac_cv_func_feof_unlocked=yes
ac_cv_func_fgets_unlocked=no
ac_cv_func_getc_unlocked=yes
ac_cv_func_getcwd=yes
ac_cv_func_getegid=yes
ac_cv_func_geteuid=yes
ac_cv_func_getgid=yes
ac_cv_func_getpagesize=yes
ac_cv_func_getuid=yes
ac_cv_func_mempcpy=no
ac_cv_func_mmap_fixed_mapped=yes
ac_cv_func_munmap=yes
ac_cv_func_putenv=yes
ac_cv_func_setenv=yes
ac_cv_func_setlocale=yes
ac_cv_func_stpcpy=yes
ac_cv_func_strcasecmp=yes
ac_cv_func_strdup=yes
ac_cv_func_strtoul=yes
ac_cv_func_tsearch=yes
ac_cv_gnu_library_2_1=no
ac_cv_header_argz_h=no
ac_cv_header_inttypes_h=yes
ac_cv_header_limits_h=yes
ac_cv_header_locale_h=yes
ac_cv_header_malloc_h=no
ac_cv_header_memory_h=yes
ac_cv_header_nl_types_h=yes
ac_cv_header_stdc=yes
ac_cv_header_stddef_h=yes
ac_cv_header_stdint_h=yes
ac_cv_header_stdlib_h=yes
ac_cv_header_string_h=yes
ac_cv_header_strings_h=yes
ac_cv_header_sys_param_h=yes
ac_cv_header_sys_stat_h=yes
ac_cv_header_sys_types_h=yes
ac_cv_header_unistd_h=yes
ac_cv_host=powerpc-apple-darwin8
ac_cv_host_alias=powerpc-apple-darwin8
ac_cv_objext=o
ac_cv_path_GMSGFMT=/sw/bin/msgfmt
ac_cv_path_INTLTOOL_PERL=/usr/bin/perl
ac_cv_path_MSGFMT=/sw/bin/msgfmt
ac_cv_path_MSGMERGE=/sw/bin/msgmerge
ac_cv_path_XGETTEXT=/sw/bin/xgettext
ac_cv_prog_ACLOCAL=aclocal
ac_cv_prog_AUTOCONF=autoconf
ac_cv_prog_AUTOHEADER=autoheader
ac_cv_prog_CC=gcc
ac_cv_prog_CPP='gcc -E'
ac_cv_prog_INTLBISON=bison
ac_cv_prog_RANLIB=ranlib
ac_cv_prog_cc_g=yes
ac_cv_prog_cc_stdc=
ac_cv_prog_egrep='grep -E'
ac_cv_prog_make_make_set=yes
ac_cv_search_strerror='none required'
ac_cv_type_off_t=yes
ac_cv_type_size_t=yes
ac_cv_type_unsigned_long_long=yes
ac_cv_working_alloca_h=yes
acl_cv_hardcode_direct=no
acl_cv_hardcode_libdir_flag_spec=
acl_cv_hardcode_libdir_separator=
acl_cv_hardcode_minus_L=no
acl_cv_libext=a
acl_cv_path_LD=/usr/libexec/gcc/powerpc-apple-darwin8/4.0.1/ld
acl_cv_prog_gnu_ld=no
acl_cv_rpath=done
acl_cv_shlibext=dylib
acl_cv_wl=-Wl,
am_cv_func_iconv=yes
am_cv_langinfo_codeset=yes
am_cv_lib_iconv=yes
am_cv_proto_iconv='extern size_t iconv (iconv_t cd, const char * *inbuf, size_t *inbytesleft, char * *outbuf, size_t *outbytesleft);'
am_cv_proto_iconv_arg1=const
am_cv_val_LC_MESSAGES=yes
gt_cv_func_gnugettext1_libc=no
gt_cv_func_gnugettext1_libintl=no
gt_cv_header_inttypes_h=yes
gt_cv_int_divbyzero_sigfpe=no
gt_cv_inttypes_pri_broken=no
jm_ac_cv_header_inttypes_h=yes
jm_ac_cv_header_stdint_h=yes
nls_cv_force_use_gnu_gettext=no
nls_cv_header_intl=
nls_cv_header_libgt=
nls_cv_use_gnu_gettext=yes

## ----------------- ##
## Output variables. ##
## ----------------- ##

ACLOCAL='aclocal'
ALLOCA=''
AUTOCONF='autoconf'
AUTOHEADER='autoheader'
BUILD_INCLUDED_LIBINTL='yes'
CATOBJEXT='.gmo'
CC='gcc'
CFLAGS='-g -O2 '
CPP='gcc -E'
CPPFLAGS=''
DATADIRNAME='share'
DEFS='-DHAVE_CONFIG_H'
ECHO_C=''
ECHO_N='-n'
ECHO_T=''
EGREP='grep -E'
EXEEXT=''
GENCAT='gencat'
GLIBC21='no'
GMSGFMT='/sw/bin/msgfmt'
INCINTL='-I${top_builddir}/../intl'
INSTALL_DATA='/usr/bin/install -c -m 644'
INSTALL_PROGRAM='/usr/bin/install -c'
INSTALL_SCRIPT='/usr/bin/install -c'
INSTOBJEXT='.mo'
INTLBISON='bison'
INTLLIBS='${top_builddir}/intl/libintl.a /usr/lib/libiconv.dylib'
INTLOBJS='$(GETTOBJS)'
INTL_LIBTOOL_SUFFIX_PREFIX=''
LDFLAGS=''
LIBICONV='/usr/lib/libiconv.dylib'
LIBINTL='${top_builddir}/../intl/libintl.a /usr/lib/libiconv.dylib'
LIBINTL_DEP='${top_builddir}/../intl/libintl.a'
LIBOBJS=''
LIBS=''
LTLIBICONV='-L/usr/lib -liconv'
LTLIBINTL='${top_builddir}/../intl/libintl.a -L/usr/lib -liconv'
LTLIBOBJS=''
MAINT='#'
MKINSTALLDIRS='/Users/mikemike/dev/ppc/xnu/xnu-ppc/xnu-792.25.20/gcc_42-5531/build/obj/src/intl/../mkinstalldirs'
MSGFMT='/sw/bin/msgfmt'
MSGMERGE='/sw/bin/msgmerge'
OBJEXT='o'
PACKAGE_BUGREPORT=''
PACKAGE_NAME=''
PACKAGE_STRING=''
PACKAGE_TARNAME=''
PACKAGE_VERSION=''
PATH_SEPARATOR=':'
POSUB='po'
RANLIB='ranlib'
SET_MAKE=''
SHELL='/bin/sh'
USE_INCLUDED_LIBINTL='yes'
USE_NLS='yes'
XGETTEXT='/sw/bin/xgettext'
ac_ct_CC=''
ac_ct_RANLIB=''
bindir='${exec_prefix}/bin'
build='powerpc-apple-darwin8'
build_alias='powerpc-apple-darwin8'
build_cpu='powerpc'
build_os='darwin8'
build_vendor='apple'
datadir='${prefix}/share'
exec_prefix='${prefix}'
host='powerpc-apple-darwin8'
host_alias='powerpc-apple-darwin8'
host_cpu='powerpc'
host_os='darwin8'
host_vendor='apple'
includedir='${prefix}/include'
infodir='${prefix}/info'
libdir='${exec_prefix}/lib'
libexecdir='${exec_prefix}/libexec'
localstatedir='${prefix}/var'
mandir='${prefix}/share/man'
oldincludedir='/usr/include'
prefix='/usr'
program_transform_name='/^[cg][^.-]*$/s/$/-4.2/'
sbindir='${exec_prefix}/sbin'
sharedstatedir='${prefix}/com'
sysconfdir='${prefix}/etc'
target_alias='powerpc-apple-darwin8'

## ----------- ##
## confdefs.h. ##
## ----------- ##

#define DEPENDS_ON_LIBICONV 1
#define ENABLE_NLS 1
#define ENABLE_RELOCATABLE 1
#define HAVE_ALLOCA 1
#define HAVE_ALLOCA_H 1
#define HAVE_FEOF_UNLOCKED 1
#define HAVE_GETCWD 1
#define HAVE_GETC_UNLOCKED 1
#define HAVE_GETEGID 1
#define HAVE_GETEUID 1
#define HAVE_GETGID 1
#define HAVE_GETPAGESIZE 1
#define HAVE_GETUID 1
#define HAVE_ICONV 1
#define HAVE_INTTYPES_H 1
#define HAVE_INTTYPES_H 1
#define HAVE_INTTYPES_H_WITH_UINTMAX 1
#define HAVE_LANGINFO_CODESET 1
#define HAVE_LC_MESSAGES 1
#define HAVE_LIMITS_H 1
#define HAVE_LOCALE_H 1
#define HAVE_MEMORY_H 1
#define HAVE_MMAP 1
#define HAVE_MUNMAP 1
#define HAVE_NL_TYPES_H 1
#define HAVE_PUTENV 1
#define HAVE_SETENV 1
#define HAVE_SETLOCALE 1
#define HAVE_STDDEF_H 1
#define HAVE_STDINT_H 1
#define HAVE_STDINT_H_WITH_UINTMAX 1
#define HAVE_STDLIB_H 1
#define HAVE_STDLIB_H 1
#define HAVE_STDLIB_H 1
#define HAVE_STPCPY 1
#define HAVE_STRCASECMP 1
#define HAVE_STRDUP 1
#define HAVE_STRINGS_H 1
#define HAVE_STRING_H 1
#define HAVE_STRING_H 1
#define HAVE_STRTOUL 1
#define HAVE_SYS_PARAM_H 1
#define HAVE_SYS_STAT_H 1
#define HAVE_SYS_TYPES_H 1
#define HAVE_TSEARCH 1
#define HAVE_UINTMAX_T 1
#define HAVE_UNISTD_H 1
#define HAVE_UNISTD_H 1
#define HAVE_UNISTD_H 1
#define HAVE_UNSIGNED_LONG_LONG 1
#define ICONV_CONST const
#define INTDIV0_RAISES_SIGFPE 0
#define IN_LIBINTL 1
#define IN_LIBRARY 1
#define NO_XMALLOC 1
#define PACKAGE_BUGREPORT ""
#define PACKAGE_NAME ""
#define PACKAGE_STRING ""
#define PACKAGE_TARNAME ""
#define PACKAGE_VERSION ""
#define STDC_HEADERS 1
#define relocate libintl_relocate
#define set_relocation_prefix libintl_set_relocation_prefix

configure: exit 0

## ---------------------- ##
## Running config.status. ##
## ---------------------- ##

This file was extended by config.status, which was
generated by GNU Autoconf 2.59.  Invocation command line was

  CONFIG_FILES    = 
  CONFIG_HEADERS  = 
  CONFIG_LINKS    = 
  CONFIG_COMMANDS = 
  $ ./config.status config.h

on mike-mikes-powerbook-g4-15.local

config.status:805: creating config.h
config.status:1021: config.h is unchanged

## ---------------------- ##
## Running config.status. ##
## ---------------------- ##

This file was extended by config.status, which was
generated by GNU Autoconf 2.59.  Invocation command line was

  CONFIG_FILES    = 
  CONFIG_HEADERS  = 
  CONFIG_LINKS    = 
  CONFIG_COMMANDS = 
  $ ./config.status config.h

on mike-mikes-powerbook-g4-15.local

config.status:805: creating config.h
config.status:1021: config.h is unchanged

## ---------------------- ##
## Running config.status. ##
## ---------------------- ##

This file was extended by config.status, which was
generated by GNU Autoconf 2.59.  Invocation command line was

  CONFIG_FILES    = 
  CONFIG_HEADERS  = 
  CONFIG_LINKS    = 
  CONFIG_COMMANDS = 
  $ ./config.status config.h

on mike-mikes-powerbook-g4-15.local

config.status:805: creating config.h
config.status:1021: config.h is unchanged

## ---------------------- ##
## Running config.status. ##
## ---------------------- ##

This file was extended by config.status, which was
generated by GNU Autoconf 2.59.  Invocation command line was

  CONFIG_FILES    = 
  CONFIG_HEADERS  = 
  CONFIG_LINKS    = 
  CONFIG_COMMANDS = 
  $ ./config.status config.h

on mike-mikes-powerbook-g4-15.local

config.status:805: creating config.h
config.status:1021: config.h is unchanged

## ---------------------- ##
## Running config.status. ##
## ---------------------- ##

This file was extended by config.status, which was
generated by GNU Autoconf 2.59.  Invocation command line was

  CONFIG_FILES    = 
  CONFIG_HEADERS  = 
  CONFIG_LINKS    = 
  CONFIG_COMMANDS = 
  $ ./config.status config.h

on mike-mikes-powerbook-g4-15.local

config.status:805: creating config.h
config.status:1021: config.h is unchanged

## ---------------------- ##
## Running config.status. ##
## ---------------------- ##

This file was extended by config.status, which was
generated by GNU Autoconf 2.59.  Invocation command line was

  CONFIG_FILES    = 
  CONFIG_HEADERS  = 
  CONFIG_LINKS    = 
  CONFIG_COMMANDS = 
  $ ./config.status config.h

on mike-mikes-powerbook-g4-15.local

config.status:805: creating config.h
config.status:1021: config.h is unchanged

## ---------------------- ##
## Running config.status. ##
## ---------------------- ##

This file was extended by config.status, which was
generated by GNU Autoconf 2.59.  Invocation command line was

  CONFIG_FILES    = 
  CONFIG_HEADERS  = 
  CONFIG_LINKS    = 
  CONFIG_COMMANDS = 
  $ ./config.status config.h

on mike-mikes-powerbook-g4-15.local

config.status:805: creating config.h
config.status:1021: config.h is unchanged

## ---------------------- ##
## Running config.status. ##
## ---------------------- ##

This file was extended by config.status, which was
generated by GNU Autoconf 2.59.  Invocation command line was

  CONFIG_FILES    = 
  CONFIG_HEADERS  = 
  CONFIG_LINKS    = 
  CONFIG_COMMANDS = 
  $ ./config.status config.h

on mike-mikes-powerbook-g4-15.local

config.status:805: creating config.h
config.status:1021: config.h is unchanged
