This file contains any messages produced by compilers while
running configure, to aid debugging if configure makes a mistake.

It was created by configure, which was
generated by GNU Autoconf 2.60.  Invocation command line was

  $ ./configure --prefix=/usr/local --cache-file=/dev/null --srcdir=.

## --------- ##
## Platform. ##
## --------- ##

hostname = mike-mikes-powerbook-g4-15.local
uname -m = Power Macintosh
uname -r = 8.11.0
uname -s = Darwin
uname -v = Darwin Kernel Version 8.11.0: Wed Oct 10 18:26:00 PDT 2007; root:xnu-792.24.17~1/RELEASE_PPC

/usr/bin/uname -p = powerpc
/bin/uname -X     = unknown

/bin/arch              = unknown
/usr/bin/arch -k       = unknown
/usr/convex/getsysinfo = unknown
/usr/bin/hostinfo      = Mach kernel version:
	 Darwin Kernel Version 8.11.0: Wed Oct 10 18:26:00 PDT 2007; root:xnu-792.24.17~1/RELEASE_PPC
Kernel configured for a single processor only.
1 processor is physically available.
Processor type: ppc7450 (PowerPC 7450)
Processor active: 0
Primary memory available: 1.50 gigabytes
Default processor set: 101 tasks, 195 threads, 1 processors
Load average: 2.11, Mach factor: 0.23
/bin/machine           = ppc7450
/usr/bin/oslevel       = unknown
/bin/universe          = unknown

PATH: /opt/local/bin
PATH: /opt/local/sbin
PATH: /sw/bin
PATH: /sw/sbin
PATH: /bin
PATH: /sbin
PATH: /usr/bin
PATH: /usr/sbin
PATH: /usr/local/bin/
PATH: /sw/opt/llvm-3.4/bin
PATH: /sw/lib/llvm-gcc-4.2/bin/
PATH: /usr/X11R6/bin


## ----------- ##
## Core tests. ##
## ----------- ##

configure:1909: checking whether make sets $(MAKE)
configure:1930: result: yes
configure:1991: checking for gcc
configure:2007: found /usr/bin/gcc
configure:2018: result: gcc
configure:2256: checking for C compiler version
configure:2263: gcc --version >&5
powerpc-apple-darwin8-gcc-4.2.1 (GCC) 4.2.1 (Apple Inc. build 5666) (dot 3)
Copyright (C) 2007 Free Software Foundation, Inc.
This is free software; see the source for copying conditions.  There is NO
warranty; not even for MERCHANTABILITY or FITNESS FOR A PARTICULAR PURPOSE.

configure:2266: $? = 0
configure:2273: gcc -v >&5
Using built-in specs.
Target: powerpc-apple-darwin8
Configured with: /Users/mikemike/dev/ppc/xnu/xnu-ppc/xnu-792.25.20-deps/gcc-5666.3/obj/src/configure darwin8
Thread model: posix
gcc version 4.2.1 (Apple Inc. build 5666) (dot 3)
configure:2276: $? = 0
configure:2283: gcc -V >&5
gcc-4.2: argument to `-V' is missing
configure:2286: $? = 1
configure:2309: checking for C compiler default output file name
configure:2336: gcc    conftest.c  >&5
configure:2339: $? = 0
configure:2385: result: a.out
configure:2390: checking whether the C compiler works
configure:2400: ./a.out
configure:2403: $? = 0
configure:2420: result: yes
configure:2427: checking whether we are cross compiling
configure:2429: result: no
configure:2432: checking for suffix of executables
configure:2439: gcc -o conftest    conftest.c  >&5
configure:2442: $? = 0
configure:2466: result: 
configure:2472: checking for suffix of object files
configure:2498: gcc -c   conftest.c >&5
configure:2501: $? = 0
configure:2524: result: o
configure:2528: checking whether we are using the GNU C compiler
configure:2557: gcc -c   conftest.c >&5
configure:2563: $? = 0
configure:2570: test -z "$ac_c_werror_flag" || test ! -s conftest.err
configure:2573: $? = 0
configure:2580: test -s conftest.o
configure:2583: $? = 0
configure:2597: result: yes
configure:2602: checking whether gcc accepts -g
configure:2632: gcc -c -g  conftest.c >&5
configure:2638: $? = 0
configure:2645: test -z "$ac_c_werror_flag" || test ! -s conftest.err
configure:2648: $? = 0
configure:2655: test -s conftest.o
configure:2658: $? = 0
configure:2788: result: yes
configure:2805: checking for gcc option to accept ISO C89
configure:2879: gcc  -c -g -O2  conftest.c >&5
configure:2885: $? = 0
configure:2892: test -z "$ac_c_werror_flag" || test ! -s conftest.err
configure:2895: $? = 0
configure:2902: test -s conftest.o
configure:2905: $? = 0
configure:2925: result: none needed
configure:2948: checking how to run the C preprocessor
configure:2988: gcc -E  conftest.c
configure:2994: $? = 0
configure:3032: gcc -E  conftest.c
conftest.c:8:28: error: ac_nonexistent.h: No such file or directory
configure:3038: $? = 1
configure: failed program was:
| /* confdefs.h.  */
| #define PACKAGE_NAME ""
| #define PACKAGE_TARNAME ""
| #define PACKAGE_VERSION ""
| #define PACKAGE_STRING ""
| #define PACKAGE_BUGREPORT ""
| /* end confdefs.h.  */
| #include <ac_nonexistent.h>
configure:3078: result: gcc -E
configure:3107: gcc -E  conftest.c
configure:3113: $? = 0
configure:3151: gcc -E  conftest.c
conftest.c:8:28: error: ac_nonexistent.h: No such file or directory
configure:3157: $? = 1
configure: failed program was:
| /* confdefs.h.  */
| #define PACKAGE_NAME ""
| #define PACKAGE_TARNAME ""
| #define PACKAGE_VERSION ""
| #define PACKAGE_STRING ""
| #define PACKAGE_BUGREPORT ""
| /* end confdefs.h.  */
| #include <ac_nonexistent.h>
configure:3203: checking for grep that handles long lines and -e
configure:3277: result: /usr/bin/grep
configure:3282: checking for egrep
configure:3360: result: /usr/bin/grep -E
configure:3366: checking whether gcc needs -traditional
conftest.c:8:20: error: termio.h: No such file or directory
configure:3408: result: no
configure:3428: checking for a BSD-compatible install
configure:3484: result: /usr/bin/install -c
configure:3503: checking build system type
configure:3521: result: powerpc-apple-darwin8.11.0
configure:3543: checking host system type
configure:3558: result: powerpc-apple-darwin8.11.0
configure:3583: checking whether to activate relocatable installation
configure:3598: result: no
configure:3618: checking for AIX
configure:3640: result: no
configure:3646: checking for ANSI C header files
configure:3676: gcc -c -g -O2  conftest.c >&5
configure:3682: $? = 0
configure:3689: test -z "$ac_c_werror_flag" || test ! -s conftest.err
configure:3692: $? = 0
configure:3699: test -s conftest.o
configure:3702: $? = 0
configure:3798: gcc -o conftest -g -O2   conftest.c  >&5
configure:3801: $? = 0
configure:3807: ./conftest
configure:3810: $? = 0
configure:3827: result: yes
configure:3851: checking for sys/types.h
configure:3872: gcc -c -g -O2  conftest.c >&5
configure:3878: $? = 0
configure:3885: test -z "$ac_c_werror_flag" || test ! -s conftest.err
configure:3888: $? = 0
configure:3895: test -s conftest.o
configure:3898: $? = 0
configure:3911: result: yes
configure:3851: checking for sys/stat.h
configure:3872: gcc -c -g -O2  conftest.c >&5
configure:3878: $? = 0
configure:3885: test -z "$ac_c_werror_flag" || test ! -s conftest.err
configure:3888: $? = 0
configure:3895: test -s conftest.o
configure:3898: $? = 0
configure:3911: result: yes
configure:3851: checking for stdlib.h
configure:3872: gcc -c -g -O2  conftest.c >&5
configure:3878: $? = 0
configure:3885: test -z "$ac_c_werror_flag" || test ! -s conftest.err
configure:3888: $? = 0
configure:3895: test -s conftest.o
configure:3898: $? = 0
configure:3911: result: yes
configure:3851: checking for string.h
configure:3872: gcc -c -g -O2  conftest.c >&5
configure:3878: $? = 0
configure:3885: test -z "$ac_c_werror_flag" || test ! -s conftest.err
configure:3888: $? = 0
configure:3895: test -s conftest.o
configure:3898: $? = 0
configure:3911: result: yes
configure:3851: checking for memory.h
configure:3872: gcc -c -g -O2  conftest.c >&5
configure:3878: $? = 0
configure:3885: test -z "$ac_c_werror_flag" || test ! -s conftest.err
configure:3888: $? = 0
configure:3895: test -s conftest.o
configure:3898: $? = 0
configure:3911: result: yes
configure:3851: checking for strings.h
configure:3872: gcc -c -g -O2  conftest.c >&5
configure:3878: $? = 0
configure:3885: test -z "$ac_c_werror_flag" || test ! -s conftest.err
configure:3888: $? = 0
configure:3895: test -s conftest.o
configure:3898: $? = 0
configure:3911: result: yes
configure:3851: checking for inttypes.h
configure:3872: gcc -c -g -O2  conftest.c >&5
configure:3878: $? = 0
configure:3885: test -z "$ac_c_werror_flag" || test ! -s conftest.err
configure:3888: $? = 0
configure:3895: test -s conftest.o
configure:3898: $? = 0
configure:3911: result: yes
configure:3851: checking for stdint.h
configure:3872: gcc -c -g -O2  conftest.c >&5
configure:3878: $? = 0
configure:3885: test -z "$ac_c_werror_flag" || test ! -s conftest.err
configure:3888: $? = 0
configure:3895: test -s conftest.o
configure:3898: $? = 0
configure:3911: result: yes
configure:3851: checking for unistd.h
configure:3872: gcc -c -g -O2  conftest.c >&5
configure:3878: $? = 0
configure:3885: test -z "$ac_c_werror_flag" || test ! -s conftest.err
configure:3888: $? = 0
configure:3895: test -s conftest.o
configure:3898: $? = 0
configure:3911: result: yes
configure:3933: checking minix/config.h usability
configure:3950: gcc -c -g -O2  conftest.c >&5
conftest.c:52:26: error: minix/config.h: No such file or directory
configure:3956: $? = 1
configure: failed program was:
| /* confdefs.h.  */
| #define PACKAGE_NAME ""
| #define PACKAGE_TARNAME ""
| #define PACKAGE_VERSION ""
| #define PACKAGE_STRING ""
| #define PACKAGE_BUGREPORT ""
| #define INSTALLPREFIX "/usr/local"
| #define STDC_HEADERS 1
| #define HAVE_SYS_TYPES_H 1
| #define HAVE_SYS_STAT_H 1
| #define HAVE_STDLIB_H 1
| #define HAVE_STRING_H 1
| #define HAVE_MEMORY_H 1
| #define HAVE_STRINGS_H 1
| #define HAVE_INTTYPES_H 1
| #define HAVE_STDINT_H 1
| #define HAVE_UNISTD_H 1
| /* end confdefs.h.  */
| #include <stdio.h>
| #if HAVE_SYS_TYPES_H
| # include <sys/types.h>
| #endif
| #if HAVE_SYS_STAT_H
| # include <sys/stat.h>
| #endif
| #if STDC_HEADERS
| # include <stdlib.h>
| # include <stddef.h>
| #else
| # if HAVE_STDLIB_H
| #  include <stdlib.h>
| # endif
| #endif
| #if HAVE_STRING_H
| # if !STDC_HEADERS && HAVE_MEMORY_H
| #  include <memory.h>
| # endif
| # include <string.h>
| #endif
| #if HAVE_STRINGS_H
| # include <strings.h>
| #endif
| #if HAVE_INTTYPES_H
| # include <inttypes.h>
| #endif
| #if HAVE_STDINT_H
| # include <stdint.h>
| #endif
| #if HAVE_UNISTD_H
| # include <unistd.h>
| #endif
| #include <minix/config.h>
configure:3987: result: no
configure:3991: checking minix/config.h presence
configure:4006: gcc -E  conftest.c
conftest.c:19:26: error: minix/config.h: No such file or directory
configure:4012: $? = 1
configure: failed program was:
| /* confdefs.h.  */
| #define PACKAGE_NAME ""
| #define PACKAGE_TARNAME ""
| #define PACKAGE_VERSION ""
| #define PACKAGE_STRING ""
| #define PACKAGE_BUGREPORT ""
| #define INSTALLPREFIX "/usr/local"
| #define STDC_HEADERS 1
| #define HAVE_SYS_TYPES_H 1
| #define HAVE_SYS_STAT_H 1
| #define HAVE_STDLIB_H 1
| #define HAVE_STRING_H 1
| #define HAVE_MEMORY_H 1
| #define HAVE_STRINGS_H 1
| #define HAVE_INTTYPES_H 1
| #define HAVE_STDINT_H 1
| #define HAVE_UNISTD_H 1
| /* end confdefs.h.  */
| #include <minix/config.h>
configure:4033: result: no
configure:4061: checking for minix/config.h
configure:4068: result: no
configure:4097: checking for library containing strerror
configure:4138: gcc -o conftest -g -O2   conftest.c  >&5
configure:4144: $? = 0
configure:4151: test -z "$ac_c_werror_flag" || test ! -s conftest.err
configure:4154: $? = 0
configure:4161: test -s conftest
configure:4164: $? = 0
configure:4188: result: none required
configure:4276: checking for a sed that does not truncate output
configure:4330: result: /usr/bin/sed
configure:4344: checking for ld used by gcc
configure:4411: result: /usr/libexec/gcc/powerpc-apple-darwin8/4.2.1/ld
configure:4420: checking if the linker (/usr/libexec/gcc/powerpc-apple-darwin8/4.2.1/ld) is GNU ld
configure:4435: result: no
configure:4440: checking for /usr/libexec/gcc/powerpc-apple-darwin8/4.2.1/ld option to reload object files
configure:4447: result: -r
configure:4465: checking for BSD-compatible nm
configure:4514: result: /usr/bin/nm -p
configure:4518: checking whether ln -s works
configure:4522: result: yes
configure:4529: checking how to recognise dependent libraries
configure:4705: result: pass_all
configure:5252: checking dlfcn.h usability
configure:5269: gcc -c -g -O2  conftest.c >&5
configure:5275: $? = 0
configure:5282: test -z "$ac_c_werror_flag" || test ! -s conftest.err
configure:5285: $? = 0
configure:5292: test -s conftest.o
configure:5295: $? = 0
configure:5306: result: yes
configure:5310: checking dlfcn.h presence
configure:5325: gcc -E  conftest.c
configure:5331: $? = 0
configure:5352: result: yes
configure:5380: checking for dlfcn.h
configure:5388: result: yes
configure:5459: checking for g++
configure:5475: found /usr/bin/g++
configure:5486: result: g++
configure:5517: checking for C++ compiler version
configure:5524: g++ --version >&5
powerpc-apple-darwin8-g++-4.2.1 (GCC) 4.2.1 (Apple Inc. build 5666) (dot 3)
Copyright (C) 2007 Free Software Foundation, Inc.
This is free software; see the source for copying conditions.  There is NO
warranty; not even for MERCHANTABILITY or FITNESS FOR A PARTICULAR PURPOSE.

configure:5527: $? = 0
configure:5534: g++ -v >&5
Using built-in specs.
Target: powerpc-apple-darwin8
Configured with: /Users/mikemike/dev/ppc/xnu/xnu-ppc/xnu-792.25.20-deps/gcc-5666.3/obj/src/configure darwin8
Thread model: posix
gcc version 4.2.1 (Apple Inc. build 5666) (dot 3)
configure:5537: $? = 0
configure:5544: g++ -V >&5
g++-4.2: argument to `-V' is missing
configure:5547: $? = 1
configure:5550: checking whether we are using the GNU C++ compiler
configure:5579: g++ -c   conftest.cpp >&5
configure:5585: $? = 0
configure:5592: test -z "$ac_cxx_werror_flag" || test ! -s conftest.err
configure:5595: $? = 0
configure:5602: test -s conftest.o
configure:5605: $? = 0
configure:5619: result: yes
configure:5624: checking whether g++ accepts -g
configure:5654: g++ -c -g  conftest.cpp >&5
configure:5660: $? = 0
configure:5667: test -z "$ac_cxx_werror_flag" || test ! -s conftest.err
configure:5670: $? = 0
configure:5677: test -s conftest.o
configure:5680: $? = 0
configure:5810: result: yes
configure:5843: checking how to run the C++ preprocessor
configure:5879: g++ -E  conftest.cpp
configure:5885: $? = 0
configure:5923: g++ -E  conftest.cpp
conftest.cpp:20:28: error: ac_nonexistent.h: No such file or directory
configure:5929: $? = 1
configure: failed program was:
| /* confdefs.h.  */
| #define PACKAGE_NAME ""
| #define PACKAGE_TARNAME ""
| #define PACKAGE_VERSION ""
| #define PACKAGE_STRING ""
| #define PACKAGE_BUGREPORT ""
| #define INSTALLPREFIX "/usr/local"
| #define STDC_HEADERS 1
| #define HAVE_SYS_TYPES_H 1
| #define HAVE_SYS_STAT_H 1
| #define HAVE_STDLIB_H 1
| #define HAVE_STRING_H 1
| #define HAVE_MEMORY_H 1
| #define HAVE_STRINGS_H 1
| #define HAVE_INTTYPES_H 1
| #define HAVE_STDINT_H 1
| #define HAVE_UNISTD_H 1
| #define HAVE_DLFCN_H 1
| /* end confdefs.h.  */
| #include <ac_nonexistent.h>
configure:5969: result: g++ -E
configure:5998: g++ -E  conftest.cpp
configure:6004: $? = 0
configure:6042: g++ -E  conftest.cpp
conftest.cpp:20:28: error: ac_nonexistent.h: No such file or directory
configure:6048: $? = 1
configure: failed program was:
| /* confdefs.h.  */
| #define PACKAGE_NAME ""
| #define PACKAGE_TARNAME ""
| #define PACKAGE_VERSION ""
| #define PACKAGE_STRING ""
| #define PACKAGE_BUGREPORT ""
| #define INSTALLPREFIX "/usr/local"
| #define STDC_HEADERS 1
| #define HAVE_SYS_TYPES_H 1
| #define HAVE_SYS_STAT_H 1
| #define HAVE_STDLIB_H 1
| #define HAVE_STRING_H 1
| #define HAVE_MEMORY_H 1
| #define HAVE_STRINGS_H 1
| #define HAVE_INTTYPES_H 1
| #define HAVE_STDINT_H 1
| #define HAVE_UNISTD_H 1
| #define HAVE_DLFCN_H 1
| /* end confdefs.h.  */
| #include <ac_nonexistent.h>
configure:6148: checking for g77
configure:6178: result: no
configure:6148: checking for f77
configure:6178: result: no
configure:6148: checking for xlf
configure:6178: result: no
configure:6148: checking for frt
configure:6178: result: no
configure:6148: checking for pgf77
configure:6178: result: no
configure:6148: checking for cf77
configure:6178: result: no
configure:6148: checking for fort77
configure:6178: result: no
configure:6148: checking for fl32
configure:6178: result: no
configure:6148: checking for af77
configure:6178: result: no
configure:6148: checking for f90
configure:6178: result: no
configure:6148: checking for xlf90
configure:6178: result: no
configure:6148: checking for pgf90
configure:6178: result: no
configure:6148: checking for pghpf
configure:6178: result: no
configure:6148: checking for epcf90
configure:6178: result: no
configure:6148: checking for gfortran
configure:6164: found /sw/bin/gfortran
configure:6175: result: gfortran
configure:6205: checking for Fortran 77 compiler version
configure:6212: gfortran --version >&5
GNU Fortran (GCC) 4.6.4
Copyright (C) 2011 Free Software Foundation, Inc.

GNU Fortran comes with NO WARRANTY, to the extent permitted by law.
You may redistribute copies of GNU Fortran
under the terms of the GNU General Public License.
For more information about these matters, see the file named COPYING

configure:6215: $? = 0
configure:6222: gfortran -v >&5
Using built-in specs.
COLLECT_GCC=gfortran
COLLECT_LTO_WRAPPER=/sw/lib/gcc4.6/libexec/gcc/powerpc-apple-darwin8.11.0/4.6.4/lto-wrapper
Target: powerpc-apple-darwin8.11.0
Configured with: ../gcc-4.6.4/configure --prefix=/sw --prefix=/sw/lib/gcc4.6 --mandir=/sw/share/man --infodir=/sw/lib/gcc4.6/info --enable-languages=c,c++,fortran,lto,objc,obj-c++,java --with-gmp=/sw --with-libiconv-prefix=/sw --with-ppl=/sw --with-cloog=/sw --with-mpc=/sw --with-system-zlib --x-includes=/usr/X11R6/include --x-libraries=/usr/X11R6/lib --program-suffix=-fsf-4.6 --enable-cloog-backend=isl --with-dwarf2 --disable-libjava-multilib --disable-libquadmath
Thread model: posix
gcc version 4.6.4 (GCC) 
configure:6225: $? = 0
configure:6232: gfortran -V >&5
gfortran: error: unrecognized option '-V'
gfortran: fatal error: no input files
compilation terminated.
configure:6235: $? = 1
configure:6243: checking whether we are using the GNU Fortran 77 compiler
configure:6262: gfortran -c  conftest.F >&5
configure:6268: $? = 0
configure:6275: test -z "$ac_f77_werror_flag" || test ! -s conftest.err
configure:6278: $? = 0
configure:6285: test -s conftest.o
configure:6288: $? = 0
configure:6302: result: yes
configure:6308: checking whether gfortran accepts -g
configure:6325: gfortran -c -g conftest.f >&5
configure:6331: $? = 0
configure:6338: test -z "$ac_f77_werror_flag" || test ! -s conftest.err
configure:6341: $? = 0
configure:6348: test -s conftest.o
configure:6351: $? = 0
configure:6364: result: yes
configure:6394: checking the maximum length of command line arguments
configure:6503: result: 196608
configure:6514: checking command to parse /usr/bin/nm -p output from gcc object
configure:6619: gcc -c -g -O2  conftest.c >&5
configure:6622: $? = 0
configure:6626: /usr/bin/nm -p conftest.o \| sed -n -e 's/^.*[ 	]\([BCDEGRST][BCDEGRST]*\)[ 	][ 	]*\([_A-Za-z][_A-Za-z0-9]*\)$/\1 \2 \2/p' \> conftest.nm
configure:6629: $? = 0
cannot find nm_test_var in conftest.nm
configure:6619: gcc -c -g -O2  conftest.c >&5
configure:6622: $? = 0
configure:6626: /usr/bin/nm -p conftest.o \| sed -n -e 's/^.*[ 	]\([BCDEGRST][BCDEGRST]*\)[ 	][ 	]*_\([_A-Za-z][_A-Za-z0-9]*\)$/\1 _\2 \2/p' \> conftest.nm
configure:6629: $? = 0
configure:6681: gcc -o conftest -g -O2   conftest.c conftstm.o >&5
configure:6684: $? = 0
configure:6722: result: ok
configure:6726: checking for objdir
configure:6741: result: .libs
configure:6833: checking for ar
configure:6849: found /usr/bin/ar
configure:6860: result: ar
configure:6929: checking for ranlib
configure:6945: found /usr/bin/ranlib
configure:6956: result: ranlib
configure:7025: checking for strip
configure:7041: found /usr/bin/strip
configure:7052: result: strip
configure:7342: checking if gcc supports -fno-rtti -fno-exceptions
configure:7360: gcc -c -g -O2  -fno-rtti -fno-exceptions conftest.c >&5
cc1: warning: command line option "-fno-rtti" is valid for C++/ObjC++ but not for C
configure:7364: $? = 0
configure:7377: result: no
configure:7392: checking for gcc option to produce PIC
configure:7625: result: -fno-common
configure:7633: checking if gcc PIC flag -fno-common works
configure:7651: gcc -c -g -O2  -fno-common -DPIC conftest.c >&5
configure:7655: $? = 0
configure:7668: result: yes
configure:7696: checking if gcc static flag -static works
configure:7724: result: no
configure:7734: checking if gcc supports -c -o file.o
configure:7755: gcc -c -g -O2  -o out/conftest2.o conftest.c >&5
configure:7759: $? = 0
configure:7781: result: yes
configure:7807: checking whether the gcc linker (/usr/libexec/gcc/powerpc-apple-darwin8/4.2.1/ld) supports shared libraries
configure:8802: result: yes
configure:8869: checking dynamic linker characteristics
configure:9457: result: darwin8.11.0 dyld
configure:9466: checking how to hardcode library paths into programs
configure:9491: result: immediate
configure:9505: checking whether stripping libraries is possible
configure:9518: result: yes
configure:10423: checking if libtool supports shared libraries
configure:10425: result: yes
configure:10428: checking whether to build shared libraries
configure:10449: result: yes
configure:10452: checking whether to build static libraries
configure:10456: result: yes
configure:10548: creating libtool
configure:11136: checking for ld used by g++
configure:11203: result: /usr/libexec/gcc/powerpc-apple-darwin8/4.2.1/ld
configure:11212: checking if the linker (/usr/libexec/gcc/powerpc-apple-darwin8/4.2.1/ld) is GNU ld
configure:11227: result: no
configure:11278: checking whether the g++ linker (/usr/libexec/gcc/powerpc-apple-darwin8/4.2.1/ld) supports shared libraries
configure:12267: result: yes
configure:12289: g++ -c -g -O2  conftest.cpp >&5
configure:12292: $? = 0
configure:12420: checking for g++ option to produce PIC
configure:12704: result: -fno-common
configure:12712: checking if g++ PIC flag -fno-common works
configure:12730: g++ -c -g -O2  -fno-common -DPIC conftest.cpp >&5
configure:12734: $? = 0
configure:12747: result: yes
configure:12775: checking if g++ static flag -static works
configure:12803: result: no
configure:12813: checking if g++ supports -c -o file.o
configure:12834: g++ -c -g -O2  -o out/conftest2.o conftest.cpp >&5
configure:12838: $? = 0
configure:12860: result: yes
configure:12886: checking whether the g++ linker (/usr/libexec/gcc/powerpc-apple-darwin8/4.2.1/ld) supports shared libraries
configure:12911: result: yes
configure:12978: checking dynamic linker characteristics
configure:13566: result: darwin8.11.0 dyld
configure:13575: checking how to hardcode library paths into programs
configure:13600: result: immediate
configure:14126: checking if libtool supports shared libraries
configure:14128: result: yes
configure:14131: checking whether to build shared libraries
configure:14151: result: yes
configure:14154: checking whether to build static libraries
configure:14158: result: yes
configure:14168: checking for gfortran option to produce PIC
configure:14401: result: -fno-common
configure:14409: checking if gfortran PIC flag -fno-common works
configure:14427: gfortran -c -g -O2 -fno-common conftest.f >&5
configure:14431: $? = 0
configure:14444: result: yes
configure:14472: checking if gfortran static flag -static works
configure:14500: result: no
configure:14510: checking if gfortran supports -c -o file.o
configure:14531: gfortran -c -g -O2 -o out/conftest2.o conftest.f >&5
configure:14535: $? = 0
configure:14557: result: yes
configure:14583: checking whether the gfortran linker (/usr/libexec/gcc/powerpc-apple-darwin8/4.2.1/ld) supports shared libraries
configure:15558: result: yes
configure:15625: checking dynamic linker characteristics
configure:16213: result: darwin8.11.0 dyld
configure:16222: checking how to hardcode library paths into programs
configure:16247: result: immediate
configure:19877: checking for simple visibility declarations
configure:19909: gcc -c -g -O2 -fvisibility=hidden  conftest.c >&5
configure:19915: $? = 0
configure:19922: test -z "$ac_c_werror_flag" || test ! -s conftest.err
configure:19925: $? = 0
configure:19932: test -s conftest.o
configure:19935: $? = 0
configure:19949: result: yes
configure:19967: checking for nl_langinfo and CODESET
configure:19993: gcc -o conftest -g -O2   conftest.c  >&5
configure:19999: $? = 0
configure:20006: test -z "$ac_c_werror_flag" || test ! -s conftest.err
configure:20009: $? = 0
configure:20016: test -s conftest
configure:20019: $? = 0
configure:20033: result: yes
configure:20044: checking whether we are using the GNU C Library 2.1 or newer
conftest.c:23:22: error: features.h: No such file or directory
configure:20075: result: no
configure:20098: checking stddef.h usability
configure:20115: gcc -c -g -O2  conftest.c >&5
configure:20121: $? = 0
configure:20128: test -z "$ac_c_werror_flag" || test ! -s conftest.err
configure:20131: $? = 0
configure:20138: test -s conftest.o
configure:20141: $? = 0
configure:20152: result: yes
configure:20156: checking stddef.h presence
configure:20171: gcc -E  conftest.c
configure:20177: $? = 0
configure:20198: result: yes
configure:20226: checking for stddef.h
configure:20234: result: yes
configure:20088: checking for stdlib.h
configure:20094: result: yes
configure:20088: checking for string.h
configure:20094: result: yes
configure:20251: checking for setlocale
configure:20307: gcc -o conftest -g -O2   conftest.c  >&5
configure:20313: $? = 0
configure:20320: test -z "$ac_c_werror_flag" || test ! -s conftest.err
configure:20323: $? = 0
configure:20330: test -s conftest
configure:20333: $? = 0
configure:20347: result: yes
configure:20466: creating ./config.status

## ---------------------- ##
## Running config.status. ##
## ---------------------- ##

This file was extended by config.status, which was
generated by GNU Autoconf 2.60.  Invocation command line was

  CONFIG_FILES    = 
  CONFIG_HEADERS  = 
  CONFIG_LINKS    = 
  CONFIG_COMMANDS = 
  $ ./config.status 

on mike-mikes-powerbook-g4-15.local

config.status:616: creating Makefile
config.status:616: creating lib/Makefile
config.status:616: creating include/localcharset.h
config.status:616: creating include/localcharset.h.inst
config.status:616: creating config.h

## ---------------- ##
## Cache variables. ##
## ---------------- ##

ac_cv_build=powerpc-apple-darwin8.11.0
ac_cv_c_compiler_gnu=yes
ac_cv_cxx_compiler_gnu=yes
ac_cv_env_CCC_set=
ac_cv_env_CCC_value=
ac_cv_env_CC_set=
ac_cv_env_CC_value=
ac_cv_env_CFLAGS_set=
ac_cv_env_CFLAGS_value=
ac_cv_env_CPPFLAGS_set=
ac_cv_env_CPPFLAGS_value=
ac_cv_env_CPP_set=
ac_cv_env_CPP_value=
ac_cv_env_CXXCPP_set=
ac_cv_env_CXXCPP_value=
ac_cv_env_CXXFLAGS_set=
ac_cv_env_CXXFLAGS_value=
ac_cv_env_CXX_set=
ac_cv_env_CXX_value=
ac_cv_env_F77_set=
ac_cv_env_F77_value=
ac_cv_env_FFLAGS_set=
ac_cv_env_FFLAGS_value=
ac_cv_env_LDFLAGS_set=
ac_cv_env_LDFLAGS_value=
ac_cv_env_build_alias_set=
ac_cv_env_build_alias_value=
ac_cv_env_host_alias_set=
ac_cv_env_host_alias_value=
ac_cv_env_target_alias_set=
ac_cv_env_target_alias_value=
ac_cv_f77_compiler_gnu=yes
ac_cv_func_setlocale=yes
ac_cv_gnu_library_2_1=no
ac_cv_header_dlfcn_h=yes
ac_cv_header_inttypes_h=yes
ac_cv_header_memory_h=yes
ac_cv_header_minix_config_h=no
ac_cv_header_stdc=yes
ac_cv_header_stddef_h=yes
ac_cv_header_stdint_h=yes
ac_cv_header_stdlib_h=yes
ac_cv_header_string_h=yes
ac_cv_header_strings_h=yes
ac_cv_header_sys_stat_h=yes
ac_cv_header_sys_types_h=yes
ac_cv_header_unistd_h=yes
ac_cv_host=powerpc-apple-darwin8.11.0
ac_cv_objext=o
ac_cv_path_EGREP='/usr/bin/grep -E'
ac_cv_path_GREP=/usr/bin/grep
ac_cv_path_INTLTOOL_PERL=/usr/bin/perl
ac_cv_path_install='/usr/bin/install -c'
ac_cv_prog_CPP='gcc -E'
ac_cv_prog_CXXCPP='g++ -E'
ac_cv_prog_ac_ct_AR=ar
ac_cv_prog_ac_ct_CC=gcc
ac_cv_prog_ac_ct_CXX=g++
ac_cv_prog_ac_ct_F77=gfortran
ac_cv_prog_ac_ct_RANLIB=ranlib
ac_cv_prog_ac_ct_STRIP=strip
ac_cv_prog_cc_c89=
ac_cv_prog_cc_g=yes
ac_cv_prog_cxx_g=yes
ac_cv_prog_f77_g=yes
ac_cv_prog_gcc_traditional=no
ac_cv_prog_make_make_set=yes
ac_cv_search_strerror='none required'
am_cv_langinfo_codeset=yes
gl_cv_cc_visibility=yes
lt_cv_deplibs_check_method=pass_all
lt_cv_file_magic_cmd='$MAGIC_CMD'
lt_cv_file_magic_test_file=
lt_cv_ld_reload_flag=-r
lt_cv_objdir=.libs
lt_cv_path_LD=/usr/libexec/gcc/powerpc-apple-darwin8/4.2.1/ld
lt_cv_path_LDCXX=/usr/libexec/gcc/powerpc-apple-darwin8/4.2.1/ld
lt_cv_path_NM='/usr/bin/nm -p'
lt_cv_path_SED=/usr/bin/sed
lt_cv_prog_compiler_c_o=yes
lt_cv_prog_compiler_c_o_CXX=yes
lt_cv_prog_compiler_c_o_F77=yes
lt_cv_prog_compiler_rtti_exceptions=no
lt_cv_prog_gnu_ld=no
lt_cv_prog_gnu_ldcxx=no
lt_cv_sys_global_symbol_pipe='sed -n -e '\''s/^.*[ 	]\([BCDEGRST][BCDEGRST]*\)[ 	][ 	]*_\([_A-Za-z][_A-Za-z0-9]*\)$/\1 _\2 \2/p'\'''
lt_cv_sys_global_symbol_to_c_name_address='sed -n -e '\''s/^: \([^ ]*\) $/  {\"\1\", (lt_ptr) 0},/p'\'' -e '\''s/^[BCDEGRST] \([^ ]*\) \([^ ]*\)$/  {"\2", (lt_ptr) \&\2},/p'\'''
lt_cv_sys_global_symbol_to_cdecl='sed -n -e '\''s/^. .* \(.*\)$/extern int \1;/p'\'''
lt_cv_sys_max_cmd_len=196608
lt_lt_cv_prog_compiler_c_o='"yes"'
lt_lt_cv_prog_compiler_c_o_CXX='"yes"'
lt_lt_cv_prog_compiler_c_o_F77='"yes"'
lt_lt_cv_sys_global_symbol_pipe='"sed -n -e '\''s/^.*[ 	]\\([BCDEGRST][BCDEGRST]*\\)[ 	][ 	]*_\\([_A-Za-z][_A-Za-z0-9]*\\)\$/\\1 _\\2 \\2/p'\''"'
lt_lt_cv_sys_global_symbol_to_c_name_address='"sed -n -e '\''s/^: \\([^ ]*\\) \$/  {\\\"\\1\\\", (lt_ptr) 0},/p'\'' -e '\''s/^[BCDEGRST] \\([^ ]*\\) \\([^ ]*\\)\$/  {\"\\2\", (lt_ptr) \\&\\2},/p'\''"'
lt_lt_cv_sys_global_symbol_to_cdecl='"sed -n -e '\''s/^. .* \\(.*\\)\$/extern int \\1;/p'\''"'

## ----------------- ##
## Output variables. ##
## ----------------- ##

AR='ar'
AS='as'
CC='gcc'
CFLAGS='-g -O2'
CFLAG_VISIBILITY='-fvisibility=hidden'
CPP='gcc -E'
CPPFLAGS=''
CXX='g++'
CXXCPP='g++ -E'
CXXFLAGS='-g -O2'
DEFS='-DHAVE_CONFIG_H'
DLLTOOL='dlltool'
ECHO='/bin/echo'
ECHO_C='ECHO_N=''
ECHO_T=''
EGREP='/usr/bin/grep -E'
EXEEXT=''
F77='gfortran'
FFLAGS='-g -O2'
GLIBC21='no'
GREP='/usr/bin/grep'
HAVE_VISIBILITY='1'
INSTALL_DATA='${INSTALL} -m 644'
INSTALL_PROGRAM='${INSTALL}'
INSTALL_SCRIPT='${INSTALL}'
LDFLAGS=''
LIBOBJS=''
LIBS=''
LIBTOOL='$(SHELL) $(top_builddir)/libtool'
LN_S='ln -s'
LTLIBOBJS=''
OBJDUMP='objdump'
OBJEXT='o'
PACKAGE=''
PACKAGE_BUGREPORT=''
PACKAGE_NAME=''
PACKAGE_STRING=''
PACKAGE_TARNAME=''
PACKAGE_VERSION=''
PATH_SEPARATOR=':'
RANLIB='ranlib'
RELOCATABLE='no'
SET_MAKE=''
SHELL='/bin/sh'
STRIP='strip'
VERSION=''
ac_ct_CC='gcc'
ac_ct_CXX='g++'
ac_ct_F77='gfortran'
bindir='${exec_prefix}/bin'
build='powerpc-apple-darwin8.11.0'
build_alias=''
build_cpu='powerpc'
build_os='darwin8.11.0'
build_vendor='apple'
datadir='${datarootdir}'
datarootdir='${prefix}/share'
docdir='${datarootdir}/doc/${PACKAGE}'
dvidir='${docdir}'
exec_prefix='${prefix}'
host='powerpc-apple-darwin8.11.0'
host_alias=''
host_cpu='powerpc'
host_os='darwin8.11.0'
host_vendor='apple'
htmldir='${docdir}'
includedir='${prefix}/include'
infodir='${datarootdir}/info'
libdir='${exec_prefix}/lib'
libexecdir='${exec_prefix}/libexec'
localedir='${datarootdir}/locale'
localstatedir='${prefix}/var'
mandir='${datarootdir}/man'
oldincludedir='/usr/include'
pdfdir='${docdir}'
prefix='/usr/local'
program_transform_name='s,x,x,'
psdir='${docdir}'
sbindir='${exec_prefix}/sbin'
sharedstatedir='${prefix}/com'
sysconfdir='${prefix}/etc'
target_alias=''

## ----------- ##
## confdefs.h. ##
## ----------- ##

#define PACKAGE_NAME ""
#define PACKAGE_TARNAME ""
#define PACKAGE_VERSION ""
#define PACKAGE_STRING ""
#define PACKAGE_BUGREPORT ""
#define INSTALLPREFIX "/usr/local"
#define STDC_HEADERS 1
#define HAVE_SYS_TYPES_H 1
#define HAVE_SYS_STAT_H 1
#define HAVE_STDLIB_H 1
#define HAVE_STRING_H 1
#define HAVE_MEMORY_H 1
#define HAVE_STRINGS_H 1
#define HAVE_INTTYPES_H 1
#define HAVE_STDINT_H 1
#define HAVE_UNISTD_H 1
#define HAVE_DLFCN_H 1
#define HAVE_VISIBILITY 1
#define HAVE_LANGINFO_CODESET 1
#define HAVE_STDDEF_H 1
#define HAVE_STDLIB_H 1
#define HAVE_STRING_H 1
#define HAVE_SETLOCALE 1

configure: exit 0
