This file contains any messages produced by compilers while
running configure, to aid debugging if configure makes a mistake.

It was created by configure, which was
generated by GNU Autoconf 2.69.  Invocation command line was

  $ ../configure --prefix=/Users/mikemike/dev/ppc/xnu/xnu-ppc/xnu-792.25.20-deps/llvm-gcc-4.2-2.9.source/obj/../install-bin --program-prefix=llvm- --enable-llvm=/ --enable-languages=c,c++,objc,obj-c++ --with-gxx-include-dir=/usr/include/c++/4.2.1 --with-system-zlib --x-includes=/usr/X11R6/include

## --------- ##
## Platform. ##
## --------- ##

hostname = mike-mikes-powerbook-g4-15.local
uname -m = Power Macintosh
uname -r = 8.11.0
uname -s = Darwin
uname -v = Darwin Kernel Version 8.11.0: Wed Oct 10 18:26:00 PDT 2007; root:xnu-792.24.17~1/RELEASE_PPC

/usr/bin/uname -p = powerpc
/bin/uname -X     = unknown

/bin/arch              = unknown
/usr/bin/arch -k       = unknown
/usr/convex/getsysinfo = unknown
/usr/bin/hostinfo      = Mach kernel version:
	 Darwin Kernel Version 8.11.0: Wed Oct 10 18:26:00 PDT 2007; root:xnu-792.24.17~1/RELEASE_PPC
Kernel configured for a single processor only.
1 processor is physically available.
Processor type: ppc7450 (PowerPC 7450)
Processor active: 0
Primary memory available: 1.50 gigabytes
Default processor set: 100 tasks, 226 threads, 1 processors
Load average: 1.67, Mach factor: 0.36
/bin/machine           = ppc7450
/usr/bin/oslevel       = unknown
/bin/universe          = unknown

PATH: /opt/local/bin
PATH: /opt/local/sbin
PATH: /sw/bin
PATH: /sw/sbin
PATH: /bin
PATH: /sbin
PATH: /usr/bin
PATH: /usr/sbin
PATH: /usr/local/bin/
PATH: /sw/opt/llvm-3.4/bin
PATH: /sw/lib/llvm-gcc-4.2/bin/
PATH: /usr/X11R6/bin


## ----------- ##
## Core tests. ##
## ----------- ##

configure:1974: checking build system type
configure:1988: result: powerpc-apple-darwin8
configure:2008: checking host system type
configure:2021: result: powerpc-apple-darwin8
configure:2041: checking target system type
configure:2054: result: powerpc-apple-darwin8
configure:2107: checking for a BSD-compatible install
configure:2175: result: /usr/bin/install -c
configure:2186: checking whether ln works
configure:2208: result: yes
configure:2212: checking whether ln -s works
configure:2216: result: yes
configure:3357: checking for gcc
configure:3373: found /usr/bin/gcc
configure:3384: result: gcc
configure:3613: checking for C compiler version
configure:3622: gcc --version >&5
powerpc-apple-darwin8-gcc-4.2.1 (GCC) 4.2.1 (Apple Inc. build 5666) (dot 3)
Copyright (C) 2007 Free Software Foundation, Inc.
This is free software; see the source for copying conditions.  There is NO
warranty; not even for MERCHANTABILITY or FITNESS FOR A PARTICULAR PURPOSE.

configure:3633: $? = 0
configure:3622: gcc -v >&5
Using built-in specs.
Target: powerpc-apple-darwin8
Configured with: /Users/mikemike/dev/ppc/xnu/xnu-ppc/xnu-792.25.20-deps/gcc-5666.3/build/obj/src/configure darwin8
Thread model: posix
gcc version 4.2.1 (Apple Inc. build 5666) (dot 3)
configure:3633: $? = 0
configure:3622: gcc -V >&5
gcc-4.2: argument to `-V' is missing
configure:3633: $? = 1
configure:3622: gcc -qversion >&5
powerpc-apple-darwin8-gcc-4.2.1: no input files
configure:3633: $? = 1
configure:3653: checking whether the C compiler works
configure:3675: gcc    conftest.c  >&5
configure:3679: $? = 0
configure:3727: result: yes
configure:3730: checking for C compiler default output file name
configure:3732: result: a.out
configure:3738: checking for suffix of executables
configure:3745: gcc -o conftest    conftest.c  >&5
configure:3749: $? = 0
configure:3771: result: 
configure:3793: checking whether we are cross compiling
configure:3801: gcc -o conftest    conftest.c  >&5
configure:3805: $? = 0
configure:3812: ./conftest
configure:3816: $? = 0
configure:3831: result: no
configure:3836: checking for suffix of object files
configure:3858: gcc -c   conftest.c >&5
configure:3862: $? = 0
configure:3883: result: o
configure:3887: checking whether we are using the GNU C compiler
configure:3906: gcc -c   conftest.c >&5
configure:3906: $? = 0
configure:3915: result: yes
configure:3924: checking whether gcc accepts -g
configure:3944: gcc -c -g  conftest.c >&5
configure:3944: $? = 0
configure:3985: result: yes
configure:4002: checking for gcc option to accept ISO C89
configure:4065: gcc  -c -g -O2  conftest.c >&5
configure:4065: $? = 0
configure:4078: result: none needed
configure:4169: checking for gnatbind
configure:4199: result: no
configure:4218: checking whether compiler driver understands Ada
configure:4241: result: no
configure:4250: checking how to compare bootstrapped objects
configure:4275: result: cmp --ignore-initial=16 $$f1 $$f2
configure:4370: checking for correct version of gmp.h
configure:4388: gcc -c -g -O2   conftest.c >&5
conftest.c:9:17: error: gmp.h: No such file or directory
conftest.c: In function 'main':
conftest.c:15: error: 'choke' undeclared (first use in this function)
conftest.c:15: error: (Each undeclared identifier is reported only once
conftest.c:15: error: for each function it appears in.)
conftest.c:15: error: expected ';' before 'me'
configure:4388: $? = 1
configure: failed program was:
| /* confdefs.h */
| #define PACKAGE_NAME ""
| #define PACKAGE_TARNAME ""
| #define PACKAGE_VERSION ""
| #define PACKAGE_STRING ""
| #define PACKAGE_BUGREPORT ""
| #define PACKAGE_URL ""
| /* end confdefs.h.  */
| #include "gmp.h"
| int
| main ()
| {
| 
| #if __GNU_MP_VERSION < 4 || (__GNU_MP_VERSION == 4 && __GNU_MP_VERSION_MINOR < 1)
| choke me
| #endif
| 
|   ;
|   return 0;
| }
configure:4392: result: no
configure:5554: checking for bison
configure:5570: found /usr/bin/bison
configure:5581: result: bison -y
configure:5602: checking for bison
configure:5618: found /usr/bin/bison
configure:5629: result: bison
configure:5649: checking for gm4
configure:5665: found /sw/bin/gm4
configure:5676: result: gm4
configure:5696: checking for flex
configure:5712: found /usr/bin/flex
configure:5723: result: flex
configure:5744: checking for flex
configure:5760: found /usr/bin/flex
configure:5771: result: flex
configure:5791: checking for makeinfo
configure:5807: found /sw/bin/makeinfo
configure:5818: result: makeinfo
configure:5852: checking for expect
configure:5868: found /usr/bin/expect
configure:5879: result: expect
configure:5901: checking for runtest
configure:5931: result: no
configure:5996: checking for ar
configure:6012: found /usr/bin/ar
configure:6023: result: ar
configure:6087: checking for as
configure:6103: found /usr/bin/as
configure:6114: result: as
configure:6178: checking for dlltool
configure:6208: result: no
configure:6269: checking for ld
configure:6296: result: /usr/libexec/gcc/powerpc-apple-darwin8/4.2.1/ld
configure:6360: checking for lipo
configure:6376: found /usr/bin/lipo
configure:6387: result: lipo
configure:6451: checking for nm
configure:6467: found /usr/bin/nm
configure:6478: result: nm
configure:6542: checking for ranlib
configure:6558: found /usr/bin/ranlib
configure:6569: result: ranlib
configure:6628: checking for strip
configure:6644: found /usr/bin/strip
configure:6655: result: strip
configure:6714: checking for windres
configure:6744: result: no
configure:6805: checking for objcopy
configure:6835: result: no
configure:6896: checking for objdump
configure:6926: result: no
configure:7027: checking for cc
configure:7043: found /bin/cc
configure:7054: result: cc
configure:7138: checking for c++
configure:7154: found /usr/bin/c++
configure:7165: result: c++
configure:7249: checking for gcc
configure:7265: found /usr/bin/gcc
configure:7276: result: gcc
configure:7355: checking for gcj
configure:7371: found /sw/bin/gcj
configure:7382: result: gcj
configure:7466: checking for gfortran
configure:7482: found /sw/bin/gfortran
configure:7493: result: gfortran
configure:7603: checking for ar
configure:7636: result: no
configure:7703: checking for ar
configure:7719: found /usr/bin/ar
configure:7730: result: ar
configure:7783: checking for as
configure:7816: result: no
configure:7883: checking for as
configure:7899: found /usr/bin/as
configure:7910: result: as
configure:7963: checking for dlltool
configure:7996: result: no
configure:8063: checking for dlltool
configure:8093: result: no
configure:8143: checking for ld
configure:8176: result: no
configure:8243: checking for ld
configure:8259: found /usr/bin/ld
configure:8270: result: ld
configure:8323: checking for lipo
configure:8356: result: no
configure:8423: checking for lipo
configure:8439: found /usr/bin/lipo
configure:8450: result: lipo
configure:8503: checking for nm
configure:8536: result: no
configure:8603: checking for nm
configure:8619: found /usr/bin/nm
configure:8630: result: nm
configure:8683: checking for objdump
configure:8716: result: no
configure:8783: checking for objdump
configure:8813: result: no
configure:8863: checking for ranlib
configure:8896: result: no
configure:8963: checking for ranlib
configure:8979: found /usr/bin/ranlib
configure:8990: result: ranlib
configure:9043: checking for strip
configure:9076: result: no
configure:9143: checking for strip
configure:9159: found /usr/bin/strip
configure:9170: result: strip
configure:9223: checking for windres
configure:9256: result: no
configure:9323: checking for windres
configure:9353: result: no
configure:9381: checking where to find the target ar
configure:9412: result: host tool
configure:9420: checking where to find the target as
configure:9451: result: host tool
configure:9459: checking where to find the target cc
configure:9481: result: just compiled
configure:9498: checking where to find the target c++
configure:9523: result: just compiled
configure:9540: checking where to find the target c++ for libstdc++
configure:9565: result: just compiled
configure:9582: checking where to find the target dlltool
configure:9613: result: host tool
configure:9621: checking where to find the target gcc
configure:9643: result: just compiled
configure:9660: checking where to find the target gcj
configure:9694: result: host tool
configure:9702: checking where to find the target gfortran
configure:9736: result: host tool
configure:9744: checking where to find the target ld
configure:9775: result: host tool
configure:9783: checking where to find the target lipo
configure:9803: result: host tool
configure:9811: checking where to find the target nm
configure:9842: result: host tool
configure:9850: checking where to find the target objdump
configure:9881: result: host tool
configure:9889: checking where to find the target ranlib
configure:9920: result: host tool
configure:9928: checking where to find the target strip
configure:9959: result: host tool
configure:9967: checking where to find the target windres
configure:9998: result: host tool
configure:10034: checking whether to enable maintainer-specific portions of Makefiles
configure:10043: result: no
configure:10338: creating ./config.status

## ---------------------- ##
## Running config.status. ##
## ---------------------- ##

This file was extended by config.status, which was
generated by GNU Autoconf 2.69.  Invocation command line was

  CONFIG_FILES    = 
  CONFIG_HEADERS  = 
  CONFIG_LINKS    = 
  CONFIG_COMMANDS = 
  $ ./config.status 

on mike-mikes-powerbook-g4-15.local

config.status:847: creating Makefile
configure:11384: WARNING: unrecognized options: --enable-llvm, --enable-languages, --with-gxx-include-dir, --with-system-zlib

## ---------------- ##
## Cache variables. ##
## ---------------- ##

ac_cv_build=powerpc-apple-darwin8
ac_cv_c_compiler_gnu=yes
ac_cv_env_CC_set=
ac_cv_env_CC_value=
ac_cv_env_CFLAGS_set=
ac_cv_env_CFLAGS_value=
ac_cv_env_CPPFLAGS_set=
ac_cv_env_CPPFLAGS_value=
ac_cv_env_LDFLAGS_set=
ac_cv_env_LDFLAGS_value=
ac_cv_env_LIBS_set=
ac_cv_env_LIBS_value=
ac_cv_env_build_alias_set=
ac_cv_env_build_alias_value=
ac_cv_env_host_alias_set=
ac_cv_env_host_alias_value=
ac_cv_env_target_alias_set=
ac_cv_env_target_alias_value=
ac_cv_host=powerpc-apple-darwin8
ac_cv_objext=o
ac_cv_path_INTLTOOL_PERL=/usr/bin/perl
ac_cv_path_install='/usr/bin/install -c'
ac_cv_prog_AR=ar
ac_cv_prog_AR_FOR_TARGET=ar
ac_cv_prog_AS=as
ac_cv_prog_AS_FOR_TARGET=as
ac_cv_prog_BISON=bison
ac_cv_prog_CC_FOR_TARGET=cc
ac_cv_prog_CXX_FOR_TARGET=c++
ac_cv_prog_EXPECT=expect
ac_cv_prog_FLEX=flex
ac_cv_prog_GCC_FOR_TARGET=gcc
ac_cv_prog_GCJ_FOR_TARGET=gcj
ac_cv_prog_GFORTRAN_FOR_TARGET=gfortran
ac_cv_prog_LD=/usr/libexec/gcc/powerpc-apple-darwin8/4.2.1/ld
ac_cv_prog_LD_FOR_TARGET=ld
ac_cv_prog_LEX=flex
ac_cv_prog_LIPO=lipo
ac_cv_prog_LIPO_FOR_TARGET=lipo
ac_cv_prog_M4=gm4
ac_cv_prog_MAKEINFO=makeinfo
ac_cv_prog_NM=nm
ac_cv_prog_NM_FOR_TARGET=nm
ac_cv_prog_RANLIB=ranlib
ac_cv_prog_RANLIB_FOR_TARGET=ranlib
ac_cv_prog_STRIP=strip
ac_cv_prog_STRIP_FOR_TARGET=strip
ac_cv_prog_YACC='bison -y'
ac_cv_prog_ac_ct_CC=gcc
ac_cv_prog_cc_c89=
ac_cv_prog_cc_g=yes
ac_cv_target=powerpc-apple-darwin8
acx_cv_cc_gcc_supports_ada=no
acx_cv_prog_LN=ln
gcc_cv_prog_cmp_skip='cmp --ignore-initial=16 $$f1 $$f2'
gcc_cv_tool_dirs=/Users/mikemike/dev/ppc/xnu/xnu-ppc/xnu-792.25.20-deps/llvm-gcc-4.2-2.9.source/obj/../install-bin/libexec/gcc/powerpc-apple-darwin8/4.2.1:/Users/mikemike/dev/ppc/xnu/xnu-ppc/xnu-792.25.20-deps/llvm-gcc-4.2-2.9.source/obj/../install-bin/libexec/gcc/powerpc-apple-darwin8:/usr/lib/gcc/powerpc-apple-darwin8/4.2.1:/usr/lib/gcc/powerpc-apple-darwin8:/Users/mikemike/dev/ppc/xnu/xnu-ppc/xnu-792.25.20-deps/llvm-gcc-4.2-2.9.source/obj/../install-bin/powerpc-apple-darwin8/bin/powerpc-apple-darwin8/4.2.1:/Users/mikemike/dev/ppc/xnu/xnu-ppc/xnu-792.25.20-deps/llvm-gcc-4.2-2.9.source/obj/../install-bin/powerpc-apple-darwin8/bin:
gcc_cv_tool_prefix=/Users/mikemike/dev/ppc/xnu/xnu-ppc/xnu-792.25.20-deps/llvm-gcc-4.2-2.9.source/obj/../install-bin

## ----------------- ##
## Output variables. ##
## ----------------- ##

AR='ar'
AR_FOR_TARGET='$(AR)'
AS='as'
AS_FOR_TARGET='$(AS)'
BISON='bison'
CC='gcc'
CC_FOR_BUILD='$(CC)'
CC_FOR_TARGET='$$r/$(HOST_SUBDIR)/gcc/xgcc -B$$r/$(HOST_SUBDIR)/gcc/'
CFLAGS='-g -O2'
CFLAGS_FOR_BUILD='-g -O2'
COMPILER_AS_FOR_TARGET='$$r/$(HOST_SUBDIR)/gcc/as'
COMPILER_LD_FOR_TARGET='$$r/$(HOST_SUBDIR)/gcc/collect-ld'
COMPILER_NM_FOR_TARGET='$$r/$(HOST_SUBDIR)/gcc/nm'
CONFIGURE_GDB_TK=''
CPPFLAGS=''
CXX='c++'
CXXFLAGS='-g -O2'
CXX_FOR_TARGET='$$r/$(HOST_SUBDIR)/gcc/g++ -B$$r/$(HOST_SUBDIR)/gcc/ -nostdinc++ `test ! -f $$r/$(TARGET_SUBDIR)/libstdc++-v3/scripts/testsuite_flags || $(SHELL) $$r/$(TARGET_SUBDIR)/libstdc++-v3/scripts/testsuite_flags --build-includes` -L$$r/$(TARGET_SUBDIR)/libstdc++-v3/src -L$$r/$(TARGET_SUBDIR)/libstdc++-v3/src/.libs'
DEFS='-DPACKAGE_NAME=\"\" -DPACKAGE_TARNAME=\"\" -DPACKAGE_VERSION=\"\" -DPACKAGE_STRING=\"\" -DPACKAGE_BUGREPORT=\"\" -DPACKAGE_URL=\"\"'
DLLTOOL='dlltool'
DLLTOOL_FOR_TARGET='$(DLLTOOL)'
ECHO_C='\c'
ECHO_N=''
ECHO_T=''
EXEEXT=''
EXPECT='expect'
FLAGS_FOR_TARGET=' -B$(build_tooldir)/bin/ -B$(build_tooldir)/lib/ -isystem $(build_tooldir)/include -isystem $(build_tooldir)/sys-include'
FLEX='flex'
GCC_FOR_TARGET='$$r/$(HOST_SUBDIR)/gcc/xgcc -B$$r/$(HOST_SUBDIR)/gcc/'
GCJ_FOR_TARGET='$(GCJ)'
GDB_TK=''
GFORTRAN_FOR_TARGET='$(GFORTRAN)'
GNATBIND='no'
INSTALL_DATA='${INSTALL} -m 644'
INSTALL_GDB_TK=''
INSTALL_PROGRAM='${INSTALL}'
INSTALL_SCRIPT='${INSTALL}'
LD='/usr/libexec/gcc/powerpc-apple-darwin8/4.2.1/ld'
LDFLAGS=''
LD_FOR_TARGET='$(LD)'
LEX='flex'
LIBOBJS=''
LIBS=''
LIPO='lipo'
LIPO_FOR_TARGET='$(LIPO)'
LN='ln'
LN_S='ln -s'
LTLIBOBJS=''
M4='gm4'
MAINT='#'
MAINTAINER_MODE_FALSE=''
MAINTAINER_MODE_TRUE='#'
MAKEINFO='makeinfo'
NM='nm'
NM_FOR_TARGET='$(NM)'
OBJCOPY='objcopy'
OBJDUMP='objdump'
OBJDUMP_FOR_TARGET='$(OBJDUMP)'
OBJEXT='o'
PACKAGE_BUGREPORT=''
PACKAGE_NAME=''
PACKAGE_STRING=''
PACKAGE_TARNAME=''
PACKAGE_URL=''
PACKAGE_VERSION=''
PATH_SEPARATOR=':'
RANLIB='ranlib'
RANLIB_FOR_TARGET='$(RANLIB) -c'
RAW_CXX_FOR_TARGET='$$r/$(HOST_SUBDIR)/gcc/xgcc -shared-libgcc -B$$r/$(HOST_SUBDIR)/gcc -nostdinc++ -L$$r/$(TARGET_SUBDIR)/libstdc++-v3/src -L$$r/$(TARGET_SUBDIR)/libstdc++-v3/src/.libs'
RPATH_ENVVAR='DYLD_LIBRARY_PATH'
RUNTEST='runtest'
SHELL='/bin/sh'
STRIP='strip'
STRIP_FOR_TARGET='$(STRIP)'
SYSROOT_CFLAGS_FOR_TARGET=''
TOPLEVEL_CONFIGURE_ARGUMENTS='../configure darwin8'
WINDRES='windres'
WINDRES_FOR_TARGET='$(WINDRES)'
YACC='bison -y'
ac_ct_CC='gcc'
bindir='${exec_prefix}/bin'
build='powerpc-apple-darwin8'
build_alias=''
build_configargs='--cache-file=../config.cache --build= --host= --target= '\''--prefix=/Users/mikemike/dev/ppc/xnu/xnu-ppc/xnu-792.25.20-deps/llvm-gcc-4.2-2.9.source/obj/../install-bin'\'' '\''--program-prefix=llvm-'\'' '\''--enable-llvm=/'\'' '\''--enable-languages=c,c++,objc,obj-c++'\'' '\''--with-gxx-include-dir=/usr/include/c++/4.2.1'\'' '\''--with-system-zlib'\'' '\''--x-includes=/usr/X11R6/include'\'' --enable-languages=c,c++,objc,obj-c++ --program-transform-name='\''s&^&llvm-&'\'''
build_configdirs=' libiberty fixincludes'
build_cpu='powerpc'
build_libsubdir='build-powerpc-apple-darwin8'
build_os='darwin8'
build_subdir='build-powerpc-apple-darwin8'
build_tooldir='${exec_prefix}/'
build_vendor='apple'
config_shell='/bin/sh'
configdirs=' intl libiberty libcpp libdecnumber fixincludes gcc'
datadir='${datarootdir}'
datarootdir='${prefix}/share'
do_compare='cmp --ignore-initial=16 $$f1 $$f2'
docdir='${datarootdir}/doc'
dvidir='${docdir}'
exec_prefix='${prefix}'
gmpinc=''
gmplibs='-lmpfr -lgmp'
host='powerpc-apple-darwin8'
host_alias=''
host_configargs='--cache-file=./config.cache --build= --host= --target=  '\''--prefix=/Users/mikemike/dev/ppc/xnu/xnu-ppc/xnu-792.25.20-deps/llvm-gcc-4.2-2.9.source/obj/../install-bin'\'' '\''--program-prefix=llvm-'\'' '\''--enable-llvm=/'\'' '\''--enable-languages=c,c++,objc,obj-c++'\'' '\''--with-gxx-include-dir=/usr/include/c++/4.2.1'\'' '\''--with-system-zlib'\'' '\''--x-includes=/usr/X11R6/include'\'' --enable-languages=c,c++,objc,obj-c++ --program-transform-name='\''s&^&llvm-&'\'''
host_cpu='powerpc'
host_os='darwin8'
host_subdir='.'
host_vendor='apple'
htmldir='${docdir}'
includedir='${prefix}/include'
infodir='${datarootdir}/info'
libdir='${exec_prefix}/lib'
libexecdir='${exec_prefix}/libexec'
localedir='${datarootdir}/locale'
localstatedir='${prefix}/var'
mandir='${datarootdir}/man'
oldincludedir='/usr/include'
pdfdir='${docdir}'
prefix='/Users/mikemike/dev/ppc/xnu/xnu-ppc/xnu-792.25.20-deps/llvm-gcc-4.2-2.9.source/obj/../install-bin'
program_transform_name='s&^&llvm-&'
psdir='${docdir}'
sbindir='${exec_prefix}/sbin'
sharedstatedir='${prefix}/com'
stage1_cflags='-g -no-cpp-precomp -DHAVE_DESIGNATED_INITIALIZERS=0'
stage1_checking='--enable-checking'
stage1_languages='c'
stage2_werror_flag=''
sysconfdir='${prefix}/etc'
target='powerpc-apple-darwin8'
target_alias=''
target_configargs='--cache-file=./config.cache --build= --host= --target= --enable-multilib '\''--prefix=/Users/mikemike/dev/ppc/xnu/xnu-ppc/xnu-792.25.20-deps/llvm-gcc-4.2-2.9.source/obj/../install-bin'\'' '\''--program-prefix=llvm-'\'' '\''--enable-llvm=/'\'' '\''--enable-languages=c,c++,objc,obj-c++'\'' '\''--with-gxx-include-dir=/usr/include/c++/4.2.1'\'' '\''--with-system-zlib'\'' '\''--x-includes=/usr/X11R6/include'\'' --enable-languages=c,c++,objc,obj-c++ --program-transform-name='\''s&^&llvm-&'\'''
target_cpu='powerpc'
target_os='darwin8'
target_subdir='powerpc-apple-darwin8'
target_vendor='apple'
tooldir='${exec_prefix}/'

## ------------------- ##
## File substitutions. ##
## ------------------- ##

alphaieee_frag='/dev/null'
host_makefile_frag='../config/mh-ppc-darwin'
ospace_frag='/dev/null'
serialization_dependencies='serdep.tmp'
target_makefile_frag='/dev/null'

## ----------- ##
## confdefs.h. ##
## ----------- ##

/* confdefs.h */
#define PACKAGE_NAME ""
#define PACKAGE_TARNAME ""
#define PACKAGE_VERSION ""
#define PACKAGE_STRING ""
#define PACKAGE_BUGREPORT ""
#define PACKAGE_URL ""

configure: exit 0
