This file contains any messages produced by compilers while
running configure, to aid debugging if configure makes a mistake.

It was created by configure, which was
generated by GNU Autoconf 2.69.  Invocation command line was

  $ /Users/mikemike/dev/ppc/xnu/xnu-ppc/xnu-792.25.20-deps/gcc-5666.3/build/obj/src/configure --enable-werror --prefix=/usr --mandir=${prefix}/share/man --enable-languages=c,objc,c++,obj-c++ --program-transform-name=/^[cg][^.-]*$/s/$/-4.2/ --with-slibdir=/usr/lib --build=powerpc-apple-darwin8 --with-gxx-include-dir=${prefix}/include/c++/4.2.1 --host=powerpc-apple-darwin8 --target=powerpc-apple-darwin8

## --------- ##
## Platform. ##
## --------- ##

hostname = mike-mikes-powerbook-g4-15.local
uname -m = Power Macintosh
uname -r = 8.11.0
uname -s = Darwin
uname -v = Darwin Kernel Version 8.11.0: Wed Oct 10 18:26:00 PDT 2007; root:xnu-792.24.17~1/RELEASE_PPC

/usr/bin/uname -p = powerpc
/bin/uname -X     = unknown

/bin/arch              = unknown
/usr/bin/arch -k       = unknown
/usr/convex/getsysinfo = unknown
/usr/bin/hostinfo      = Mach kernel version:
	 Darwin Kernel Version 8.11.0: Wed Oct 10 18:26:00 PDT 2007; root:xnu-792.24.17~1/RELEASE_PPC
Kernel configured for a single processor only.
1 processor is physically available.
Processor type: ppc7450 (PowerPC 7450)
Processor active: 0
Primary memory available: 1.50 gigabytes
Default processor set: 86 tasks, 192 threads, 1 processors
Load average: 1.29, Mach factor: 0.38
/bin/machine           = ppc7450
/usr/bin/oslevel       = unknown
/bin/universe          = unknown

PATH: /opt/local/bin
PATH: /opt/local/sbin
PATH: /sw/bin
PATH: /sw/sbin
PATH: /bin
PATH: /sbin
PATH: /usr/bin
PATH: /usr/sbin
PATH: /usr/local/bin/
PATH: /sw/opt/llvm-3.4/bin
PATH: /sw/lib/llvm-gcc-4.2/bin/
PATH: /usr/X11R6/bin


## ----------- ##
## Core tests. ##
## ----------- ##

configure:1974: checking build system type
configure:1988: result: powerpc-apple-darwin8
configure:2008: checking host system type
configure:2021: result: powerpc-apple-darwin8
configure:2041: checking target system type
configure:2054: result: powerpc-apple-darwin8
configure:2107: checking for a BSD-compatible install
configure:2175: result: /usr/bin/install -c
configure:2186: checking whether ln works
configure:2208: result: yes
configure:2212: checking whether ln -s works
configure:2216: result: yes
configure:3289: checking for powerpc-apple-darwin8-gcc
configure:3319: result: no
configure:3329: checking for gcc
configure:3345: found /usr/bin/gcc
configure:3356: result: gcc
configure:3585: checking for C compiler version
configure:3594: gcc --version >&5
powerpc-apple-darwin8-gcc-4.2.1 (GCC) 4.2.1 (Apple Inc. build 5666) (dot 3)
Copyright (C) 2007 Free Software Foundation, Inc.
This is free software; see the source for copying conditions.  There is NO
warranty; not even for MERCHANTABILITY or FITNESS FOR A PARTICULAR PURPOSE.

configure:3605: $? = 0
configure:3594: gcc -v >&5
Using built-in specs.
Target: powerpc-apple-darwin8
Configured with: /Users/mikemike/dev/ppc/xnu/xnu-ppc/xnu-792.25.20-deps/gcc-5666.3/build/obj/src/configure darwin8
Thread model: posix
gcc version 4.2.1 (Apple Inc. build 5666) (dot 3)
configure:3605: $? = 0
configure:3594: gcc -V >&5
gcc-4.2: argument to `-V' is missing
configure:3605: $? = 1
configure:3594: gcc -qversion >&5
powerpc-apple-darwin8-gcc-4.2.1: no input files
configure:3605: $? = 1
configure:3625: checking whether the C compiler works
configure:3647: gcc    conftest.c  >&5
configure:3651: $? = 0
configure:3699: result: yes
configure:3702: checking for C compiler default output file name
configure:3704: result: a.out
configure:3710: checking for suffix of executables
configure:3717: gcc -o conftest    conftest.c  >&5
configure:3721: $? = 0
configure:3743: result: 
configure:3765: checking whether we are cross compiling
configure:3773: gcc -o conftest    conftest.c  >&5
configure:3777: $? = 0
configure:3784: ./conftest
configure:3788: $? = 0
configure:3803: result: no
configure:3808: checking for suffix of object files
configure:3830: gcc -c   conftest.c >&5
configure:3834: $? = 0
configure:3855: result: o
configure:3859: checking whether we are using the GNU C compiler
configure:3878: gcc -c   conftest.c >&5
configure:3878: $? = 0
configure:3887: result: yes
configure:3896: checking whether gcc accepts -g
configure:3916: gcc -c -g  conftest.c >&5
configure:3916: $? = 0
configure:3957: result: yes
configure:3974: checking for gcc option to accept ISO C89
configure:4037: gcc  -c -g -O2  conftest.c >&5
configure:4037: $? = 0
configure:4050: result: none needed
configure:4101: checking for powerpc-apple-darwin8-gnatbind
configure:4131: result: no
configure:4141: checking for gnatbind
configure:4171: result: no
configure:4190: checking whether compiler driver understands Ada
configure:4213: result: no
configure:4222: checking how to compare bootstrapped objects
configure:4247: result: cmp --ignore-initial=16 $$f1 $$f2
configure:4342: checking for correct version of gmp.h
configure:4360: gcc -c -g -O2   conftest.c >&5
conftest.c:9:17: error: gmp.h: No such file or directory
conftest.c: In function 'main':
conftest.c:15: error: 'choke' undeclared (first use in this function)
conftest.c:15: error: (Each undeclared identifier is reported only once
conftest.c:15: error: for each function it appears in.)
conftest.c:15: error: expected ';' before 'me'
configure:4360: $? = 1
configure: failed program was:
| /* confdefs.h */
| #define PACKAGE_NAME ""
| #define PACKAGE_TARNAME ""
| #define PACKAGE_VERSION ""
| #define PACKAGE_STRING ""
| #define PACKAGE_BUGREPORT ""
| #define PACKAGE_URL ""
| /* end confdefs.h.  */
| #include "gmp.h"
| int
| main ()
| {
| 
| #if __GNU_MP_VERSION < 4 || (__GNU_MP_VERSION == 4 && __GNU_MP_VERSION_MINOR < 1)
| choke me
| #endif
| 
|   ;
|   return 0;
| }
configure:4364: result: no
configure:5521: checking for bison
configure:5537: found /usr/bin/bison
configure:5548: result: bison -y
configure:5569: checking for bison
configure:5585: found /usr/bin/bison
configure:5596: result: bison
configure:5616: checking for gm4
configure:5632: found /sw/bin/gm4
configure:5643: result: gm4
configure:5663: checking for flex
configure:5679: found /usr/bin/flex
configure:5690: result: flex
configure:5711: checking for flex
configure:5727: found /usr/bin/flex
configure:5738: result: flex
configure:5758: checking for makeinfo
configure:5774: found /sw/bin/makeinfo
configure:5785: result: makeinfo
configure:5819: checking for expect
configure:5835: found /usr/bin/expect
configure:5846: result: expect
configure:5868: checking for runtest
configure:5898: result: no
configure:5924: checking for powerpc-apple-darwin8-ar
configure:5954: result: no
configure:5963: checking for ar
configure:5979: found /usr/bin/ar
configure:5990: result: ar
configure:6015: checking for powerpc-apple-darwin8-as
configure:6045: result: no
configure:6054: checking for as
configure:6070: found /usr/bin/as
configure:6081: result: as
configure:6106: checking for powerpc-apple-darwin8-dlltool
configure:6136: result: no
configure:6145: checking for dlltool
configure:6175: result: no
configure:6197: checking for powerpc-apple-darwin8-ld
configure:6224: result: /usr/libexec/gcc/powerpc-apple-darwin8/4.2.1/ld
configure:6288: checking for powerpc-apple-darwin8-lipo
configure:6318: result: no
configure:6327: checking for lipo
configure:6343: found /usr/bin/lipo
configure:6354: result: lipo
configure:6379: checking for powerpc-apple-darwin8-nm
configure:6409: result: no
configure:6418: checking for nm
configure:6434: found /usr/bin/nm
configure:6445: result: nm
configure:6470: checking for powerpc-apple-darwin8-ranlib
configure:6500: result: no
configure:6509: checking for ranlib
configure:6525: found /usr/bin/ranlib
configure:6536: result: ranlib
configure:6556: checking for powerpc-apple-darwin8-strip
configure:6586: result: no
configure:6595: checking for strip
configure:6611: found /usr/bin/strip
configure:6622: result: strip
configure:6642: checking for powerpc-apple-darwin8-windres
configure:6672: result: no
configure:6681: checking for windres
configure:6711: result: no
configure:6733: checking for powerpc-apple-darwin8-objcopy
configure:6763: result: no
configure:6772: checking for objcopy
configure:6802: result: no
configure:6824: checking for powerpc-apple-darwin8-objdump
configure:6854: result: no
configure:6863: checking for objdump
configure:6893: result: no
configure:6955: checking for powerpc-apple-darwin8-cc
configure:6985: result: no
configure:6994: checking for cc
configure:7010: found /bin/cc
configure:7021: result: cc
configure:7066: checking for powerpc-apple-darwin8-c++
configure:7096: result: no
configure:7105: checking for c++
configure:7121: found /usr/bin/c++
configure:7132: result: c++
configure:7177: checking for powerpc-apple-darwin8-gcc
configure:7207: result: no
configure:7216: checking for gcc
configure:7232: found /usr/bin/gcc
configure:7243: result: gcc
configure:7283: checking for powerpc-apple-darwin8-gcj
configure:7313: result: no
configure:7322: checking for gcj
configure:7338: found /sw/bin/gcj
configure:7349: result: gcj
configure:7394: checking for powerpc-apple-darwin8-gfortran
configure:7424: result: no
configure:7433: checking for gfortran
configure:7449: found /sw/bin/gfortran
configure:7460: result: gfortran
configure:7570: checking for ar
configure:7603: result: no
configure:7631: checking for powerpc-apple-darwin8-ar
configure:7661: result: no
configure:7670: checking for ar
configure:7686: found /usr/bin/ar
configure:7697: result: ar
configure:7750: checking for as
configure:7768: found /usr/libexec/gcc/powerpc-apple-darwin8/4.2.1/as
configure:7780: result: /usr/libexec/gcc/powerpc-apple-darwin8/4.2.1/as
configure:7930: checking for dlltool
configure:7963: result: no
configure:7991: checking for powerpc-apple-darwin8-dlltool
configure:8021: result: no
configure:8030: checking for dlltool
configure:8060: result: no
configure:8110: checking for ld
configure:8128: found /usr/libexec/gcc/powerpc-apple-darwin8/4.2.1/ld
configure:8140: result: /usr/libexec/gcc/powerpc-apple-darwin8/4.2.1/ld
configure:8290: checking for lipo
configure:8323: result: no
configure:8351: checking for powerpc-apple-darwin8-lipo
configure:8381: result: no
configure:8390: checking for lipo
configure:8406: found /usr/bin/lipo
configure:8417: result: lipo
configure:8470: checking for nm
configure:8503: result: no
configure:8531: checking for powerpc-apple-darwin8-nm
configure:8561: result: no
configure:8570: checking for nm
configure:8586: found /usr/bin/nm
configure:8597: result: nm
configure:8650: checking for objdump
configure:8683: result: no
configure:8711: checking for powerpc-apple-darwin8-objdump
configure:8741: result: no
configure:8750: checking for objdump
configure:8780: result: no
configure:8830: checking for ranlib
configure:8863: result: no
configure:8891: checking for powerpc-apple-darwin8-ranlib
configure:8921: result: no
configure:8930: checking for ranlib
configure:8946: found /usr/bin/ranlib
configure:8957: result: ranlib
configure:9010: checking for strip
configure:9043: result: no
configure:9071: checking for powerpc-apple-darwin8-strip
configure:9101: result: no
configure:9110: checking for strip
configure:9126: found /usr/bin/strip
configure:9137: result: strip
configure:9190: checking for windres
configure:9223: result: no
configure:9251: checking for powerpc-apple-darwin8-windres
configure:9281: result: no
configure:9290: checking for windres
configure:9320: result: no
configure:9348: checking where to find the target ar
configure:9379: result: host tool
configure:9387: checking where to find the target as
configure:9413: result: pre-installed in `dirname /usr/libexec/gcc/powerpc-apple-darwin8/4.2.1/as`
configure:9426: checking where to find the target cc
configure:9448: result: just compiled
configure:9465: checking where to find the target c++
configure:9490: result: just compiled
configure:9507: checking where to find the target c++ for libstdc++
configure:9532: result: just compiled
configure:9549: checking where to find the target dlltool
configure:9580: result: host tool
configure:9588: checking where to find the target gcc
configure:9610: result: just compiled
configure:9627: checking where to find the target gcj
configure:9661: result: host tool
configure:9669: checking where to find the target gfortran
configure:9703: result: host tool
configure:9711: checking where to find the target ld
configure:9737: result: pre-installed in `dirname /usr/libexec/gcc/powerpc-apple-darwin8/4.2.1/ld`
configure:9750: checking where to find the target lipo
configure:9770: result: host tool
configure:9778: checking where to find the target nm
configure:9809: result: host tool
configure:9817: checking where to find the target objdump
configure:9848: result: host tool
configure:9856: checking where to find the target ranlib
configure:9887: result: host tool
configure:9895: checking where to find the target strip
configure:9926: result: host tool
configure:9934: checking where to find the target windres
configure:9965: result: host tool
configure:10001: checking whether to enable maintainer-specific portions of Makefiles
configure:10010: result: no
configure:10050: checking whether -fkeep-inline-functions is supported
configure:10069: gcc -c -g -O2 -fkeep-inline-functions  conftest.c >&5
configure:10069: $? = 0
configure:10070: result: yes
configure:10299: creating ./config.status

## ---------------------- ##
## Running config.status. ##
## ---------------------- ##

This file was extended by config.status, which was
generated by GNU Autoconf 2.69.  Invocation command line was

  CONFIG_FILES    = 
  CONFIG_HEADERS  = 
  CONFIG_LINKS    = 
  CONFIG_COMMANDS = 
  $ ./config.status 

on mike-mikes-powerbook-g4-15.local

config.status:853: creating Makefile
configure:11345: WARNING: unrecognized options: --enable-languages, --with-slibdir, --with-gxx-include-dir

## ---------------- ##
## Cache variables. ##
## ---------------- ##

ac_cv_build=powerpc-apple-darwin8
ac_cv_c_compiler_gnu=yes
ac_cv_env_CC_set=
ac_cv_env_CC_value=
ac_cv_env_CFLAGS_set=
ac_cv_env_CFLAGS_value=
ac_cv_env_CPPFLAGS_set=
ac_cv_env_CPPFLAGS_value=
ac_cv_env_LDFLAGS_set=
ac_cv_env_LDFLAGS_value=
ac_cv_env_LIBS_set=
ac_cv_env_LIBS_value=
ac_cv_env_build_alias_set=set
ac_cv_env_build_alias_value=powerpc-apple-darwin8
ac_cv_env_host_alias_set=set
ac_cv_env_host_alias_value=powerpc-apple-darwin8
ac_cv_env_target_alias_set=set
ac_cv_env_target_alias_value=powerpc-apple-darwin8
ac_cv_host=powerpc-apple-darwin8
ac_cv_objext=o
ac_cv_path_AS_FOR_TARGET=/usr/libexec/gcc/powerpc-apple-darwin8/4.2.1/as
ac_cv_path_INTLTOOL_PERL=/usr/bin/perl
ac_cv_path_LD_FOR_TARGET=/usr/libexec/gcc/powerpc-apple-darwin8/4.2.1/ld
ac_cv_path_install='/usr/bin/install -c'
ac_cv_prog_AR=ar
ac_cv_prog_AR_FOR_TARGET=ar
ac_cv_prog_AS=as
ac_cv_prog_BISON=bison
ac_cv_prog_CC_FOR_TARGET=cc
ac_cv_prog_CXX_FOR_TARGET=c++
ac_cv_prog_EXPECT=expect
ac_cv_prog_FLEX=flex
ac_cv_prog_GCC_FOR_TARGET=gcc
ac_cv_prog_GCJ_FOR_TARGET=gcj
ac_cv_prog_GFORTRAN_FOR_TARGET=gfortran
ac_cv_prog_LD=/usr/libexec/gcc/powerpc-apple-darwin8/4.2.1/ld
ac_cv_prog_LEX=flex
ac_cv_prog_LIPO=lipo
ac_cv_prog_LIPO_FOR_TARGET=lipo
ac_cv_prog_M4=gm4
ac_cv_prog_MAKEINFO=makeinfo
ac_cv_prog_NM=nm
ac_cv_prog_NM_FOR_TARGET=nm
ac_cv_prog_RANLIB=ranlib
ac_cv_prog_RANLIB_FOR_TARGET=ranlib
ac_cv_prog_STRIP=strip
ac_cv_prog_STRIP_FOR_TARGET=strip
ac_cv_prog_YACC='bison -y'
ac_cv_prog_ac_ct_CC=gcc
ac_cv_prog_cc_c89=
ac_cv_prog_cc_g=yes
ac_cv_target=powerpc-apple-darwin8
acx_cv_cc_gcc_supports_ada=no
acx_cv_prog_LN=ln
gcc_cv_prog_cmp_skip='cmp --ignore-initial=16 $$f1 $$f2'
gcc_cv_tool_dirs=/usr/libexec/gcc/powerpc-apple-darwin8/4.2.1:/usr/libexec/gcc/powerpc-apple-darwin8:/usr/lib/gcc/powerpc-apple-darwin8/4.2.1:/usr/lib/gcc/powerpc-apple-darwin8:/usr/powerpc-apple-darwin8/bin/powerpc-apple-darwin8/4.2.1:/usr/powerpc-apple-darwin8/bin:
gcc_cv_tool_prefix=/usr

## ----------------- ##
## Output variables. ##
## ----------------- ##

AR='ar'
AR_FOR_TARGET='$(AR)'
AS='as'
AS_FOR_TARGET='/usr/libexec/gcc/powerpc-apple-darwin8/4.2.1/as'
BISON='bison'
CC='gcc'
CC_FOR_BUILD='$(CC)'
CC_FOR_TARGET='$$r/$(HOST_SUBDIR)/gcc/xgcc -B$$r/$(HOST_SUBDIR)/gcc/'
CFLAGS='-g -O2'
CFLAGS_FOR_BUILD='-g -O2'
COMPILER_AS_FOR_TARGET='$$r/$(HOST_SUBDIR)/gcc/as'
COMPILER_LD_FOR_TARGET='$$r/$(HOST_SUBDIR)/gcc/collect-ld'
COMPILER_NM_FOR_TARGET='$$r/$(HOST_SUBDIR)/gcc/nm'
CONFIGURE_GDB_TK=''
CPPFLAGS=''
CXX='c++'
CXXFLAGS='-g -O2'
CXX_FOR_TARGET='$$r/$(HOST_SUBDIR)/gcc/g++ -B$$r/$(HOST_SUBDIR)/gcc/ -nostdinc++ `test ! -f $$r/$(TARGET_SUBDIR)/libstdc++-v3/scripts/testsuite_flags || $(SHELL) $$r/$(TARGET_SUBDIR)/libstdc++-v3/scripts/testsuite_flags --build-includes` -L$$r/$(TARGET_SUBDIR)/libstdc++-v3/src -L$$r/$(TARGET_SUBDIR)/libstdc++-v3/src/.libs'
DEFS='-DPACKAGE_NAME=\"\" -DPACKAGE_TARNAME=\"\" -DPACKAGE_VERSION=\"\" -DPACKAGE_STRING=\"\" -DPACKAGE_BUGREPORT=\"\" -DPACKAGE_URL=\"\"'
DLLTOOL='dlltool'
DLLTOOL_FOR_TARGET='$(DLLTOOL)'
ECHO_C='\c'
ECHO_N=''
ECHO_T=''
EXEEXT=''
EXPECT='expect'
FLAGS_FOR_TARGET=' -B$(build_tooldir)/bin/ -B$(build_tooldir)/lib/ -isystem $(build_tooldir)/include -isystem $(build_tooldir)/sys-include'
FLEX='flex'
GCC_FOR_TARGET='$$r/$(HOST_SUBDIR)/gcc/xgcc -B$$r/$(HOST_SUBDIR)/gcc/'
GCJ_FOR_TARGET='$(GCJ)'
GDB_TK=''
GFORTRAN_FOR_TARGET='$(GFORTRAN)'
GNATBIND='no'
INSTALL_DATA='${INSTALL} -m 644'
INSTALL_GDB_TK=''
INSTALL_PROGRAM='${INSTALL}'
INSTALL_SCRIPT='${INSTALL}'
LD='/usr/libexec/gcc/powerpc-apple-darwin8/4.2.1/ld'
LDFLAGS=''
LD_FOR_TARGET='/usr/libexec/gcc/powerpc-apple-darwin8/4.2.1/ld'
LEX='flex'
LIBOBJS=''
LIBS=''
LIPO='lipo'
LIPO_FOR_TARGET='$(LIPO)'
LN='ln'
LN_S='ln -s'
LTLIBOBJS=''
M4='gm4'
MAINT='#'
MAINTAINER_MODE_FALSE=''
MAINTAINER_MODE_TRUE='#'
MAKEINFO='makeinfo'
NM='nm'
NM_FOR_TARGET='$(NM)'
OBJCOPY='objcopy'
OBJDUMP='objdump'
OBJDUMP_FOR_TARGET='$(OBJDUMP)'
OBJEXT='o'
PACKAGE_BUGREPORT=''
PACKAGE_NAME=''
PACKAGE_STRING=''
PACKAGE_TARNAME=''
PACKAGE_URL=''
PACKAGE_VERSION=''
PATH_SEPARATOR=':'
RANLIB='ranlib'
RANLIB_FOR_TARGET='$(RANLIB) -c'
RAW_CXX_FOR_TARGET='$$r/$(HOST_SUBDIR)/gcc/xgcc -shared-libgcc -B$$r/$(HOST_SUBDIR)/gcc -nostdinc++ -L$$r/$(TARGET_SUBDIR)/libstdc++-v3/src -L$$r/$(TARGET_SUBDIR)/libstdc++-v3/src/.libs'
RPATH_ENVVAR='DYLD_LIBRARY_PATH'
RUNTEST='runtest'
SHELL='/bin/sh'
STRIP='strip'
STRIP_FOR_TARGET='$(STRIP)'
SYSROOT_CFLAGS_FOR_TARGET=''
TOPLEVEL_CONFIGURE_ARGUMENTS='/Users/mikemike/dev/ppc/xnu/xnu-ppc/xnu-792.25.20-deps/gcc-5666.3/build/obj/src/configure darwin8'
WINDRES='windres'
WINDRES_FOR_TARGET='$(WINDRES)'
YACC='bison -y'
ac_ct_CC='gcc'
bindir='${exec_prefix}/bin'
build='powerpc-apple-darwin8'
build_alias='powerpc-apple-darwin8'
build_configargs='--cache-file=../config.cache --build=powerpc-apple-darwin8 --host=powerpc-apple-darwin8 --target=powerpc-apple-darwin8 '\''--enable-werror'\'' '\''--prefix=/usr'\'' '\''--mandir=$${prefix}/share/man'\'' '\''--enable-languages=c,objc,c++,obj-c++'\'' '\''--program-transform-name=/^[cg][^.-]*$$/s/$$/-4.2/'\'' '\''--with-slibdir=/usr/lib'\'' '\''--build=powerpc-apple-darwin8'\'' '\''--with-gxx-include-dir=$${prefix}/include/c++/4.2.1'\'' '\''--host=powerpc-apple-darwin8'\'' '\''--target=powerpc-apple-darwin8'\'' '\''build_alias=powerpc-apple-darwin8'\'' '\''host_alias=powerpc-apple-darwin8'\'' '\''target_alias=powerpc-apple-darwin8'\'' --enable-languages=c,c++,objc,obj-c++ --program-transform-name='\''/^[cg][^.-]*$$/s/$$/-4.2/'\'''
build_configdirs=' libiberty fixincludes'
build_cpu='powerpc'
build_libsubdir='build-powerpc-apple-darwin8'
build_os='darwin8'
build_subdir='build-powerpc-apple-darwin8'
build_tooldir='${exec_prefix}/powerpc-apple-darwin8'
build_vendor='apple'
config_shell='/bin/sh'
configdirs=' intl libiberty libcpp libdecnumber fixincludes gcc'
datadir='${datarootdir}'
datarootdir='${prefix}/share'
do_compare='cmp --ignore-initial=16 $$f1 $$f2'
docdir='${datarootdir}/doc'
dvidir='${docdir}'
exec_prefix='${prefix}'
gmpinc=''
gmplibs='-lmpfr -lgmp'
host='powerpc-apple-darwin8'
host_alias='powerpc-apple-darwin8'
host_configargs='--cache-file=./config.cache --build=powerpc-apple-darwin8 --host=powerpc-apple-darwin8 --target=powerpc-apple-darwin8  '\''--enable-werror'\'' '\''--prefix=/usr'\'' '\''--mandir=$${prefix}/share/man'\'' '\''--enable-languages=c,objc,c++,obj-c++'\'' '\''--program-transform-name=/^[cg][^.-]*$$/s/$$/-4.2/'\'' '\''--with-slibdir=/usr/lib'\'' '\''--build=powerpc-apple-darwin8'\'' '\''--with-gxx-include-dir=$${prefix}/include/c++/4.2.1'\'' '\''--host=powerpc-apple-darwin8'\'' '\''--target=powerpc-apple-darwin8'\'' '\''build_alias=powerpc-apple-darwin8'\'' '\''host_alias=powerpc-apple-darwin8'\'' '\''target_alias=powerpc-apple-darwin8'\'' --enable-languages=c,c++,objc,obj-c++ --program-transform-name='\''/^[cg][^.-]*$$/s/$$/-4.2/'\'''
host_cpu='powerpc'
host_os='darwin8'
host_subdir='.'
host_vendor='apple'
htmldir='${docdir}'
includedir='${prefix}/include'
infodir='${datarootdir}/info'
libdir='${exec_prefix}/lib'
libexecdir='${exec_prefix}/libexec'
localedir='${datarootdir}/locale'
localstatedir='${prefix}/var'
mandir='${prefix}/share/man'
oldincludedir='/usr/include'
pdfdir='${docdir}'
prefix='/usr'
program_transform_name='/^[cg][^.-]*$$/s/$$/-4.2/'
psdir='${docdir}'
sbindir='${exec_prefix}/sbin'
sharedstatedir='${prefix}/com'
stage1_cflags='-g -no-cpp-precomp -DHAVE_DESIGNATED_INITIALIZERS=0 -fkeep-inline-functions'
stage1_checking='--enable-checking'
stage1_languages='c'
stage2_werror_flag='--enable-werror-always'
sysconfdir='${prefix}/etc'
target='powerpc-apple-darwin8'
target_alias='powerpc-apple-darwin8'
target_configargs='--cache-file=./config.cache --build=powerpc-apple-darwin8 --host=powerpc-apple-darwin8 --target=powerpc-apple-darwin8 --enable-multilib '\''--enable-werror'\'' '\''--prefix=/usr'\'' '\''--mandir=$${prefix}/share/man'\'' '\''--enable-languages=c,objc,c++,obj-c++'\'' '\''--program-transform-name=/^[cg][^.-]*$$/s/$$/-4.2/'\'' '\''--with-slibdir=/usr/lib'\'' '\''--build=powerpc-apple-darwin8'\'' '\''--with-gxx-include-dir=$${prefix}/include/c++/4.2.1'\'' '\''--host=powerpc-apple-darwin8'\'' '\''--target=powerpc-apple-darwin8'\'' '\''build_alias=powerpc-apple-darwin8'\'' '\''host_alias=powerpc-apple-darwin8'\'' '\''target_alias=powerpc-apple-darwin8'\'' --enable-languages=c,c++,objc,obj-c++ --program-transform-name='\''/^[cg][^.-]*$$/s/$$/-4.2/'\'''
target_cpu='powerpc'
target_os='darwin8'
target_subdir='powerpc-apple-darwin8'
target_vendor='apple'
tooldir='${exec_prefix}/powerpc-apple-darwin8'

## ------------------- ##
## File substitutions. ##
## ------------------- ##

alphaieee_frag='/dev/null'
host_makefile_frag='/Users/mikemike/dev/ppc/xnu/xnu-ppc/xnu-792.25.20-deps/gcc-5666.3/build/obj/src/config/mh-ppc-darwin'
ospace_frag='/dev/null'
serialization_dependencies='serdep.tmp'
target_makefile_frag='/dev/null'

## ----------- ##
## confdefs.h. ##
## ----------- ##

/* confdefs.h */
#define PACKAGE_NAME ""
#define PACKAGE_TARNAME ""
#define PACKAGE_VERSION ""
#define PACKAGE_STRING ""
#define PACKAGE_BUGREPORT ""
#define PACKAGE_URL ""

configure: exit 0
