This file contains any messages produced by compilers while
running configure, to aid debugging if configure makes a mistake.

It was created by libdecnumber configure  , which was
generated by GNU Autoconf 2.59.  Invocation command line was

  $ /Users/mikemike/dev/ppc/xnu/xnu-ppc/xnu-792.25.20/gcc_42-5531/build/obj/src/libdecnumber/configure --cache-file=./config.cache --build=powerpc-apple-darwin8 --host=powerpc-apple-darwin8 --target=powerpc-apple-darwin8 --disable-checking -enable-werror --prefix=/usr --mandir=${prefix}/share/man --program-transform-name=/^[cg][^.-]*$/s/$/-4.2/ --with-gxx-include-dir=${prefix}/include/c++/4.0.0 --with-slibdir=/usr/lib --enable-languages=c,c++,objc,obj-c++ --program-transform-name=/^[cg][^.-]*$/s/$/-4.2/ --srcdir=/Users/mikemike/dev/ppc/xnu/xnu-ppc/xnu-792.25.20/gcc_42-5531/build/obj/src/libdecnumber --with-build-libsubdir=. --enable-werror-always

## --------- ##
## Platform. ##
## --------- ##

hostname = mike-mikes-powerbook-g4-15.local
uname -m = Power Macintosh
uname -r = 8.11.0
uname -s = Darwin
uname -v = Darwin Kernel Version 8.11.0: Wed Oct 10 18:26:00 PDT 2007; root:xnu-792.24.17~1/RELEASE_PPC

/usr/bin/uname -p = powerpc
/bin/uname -X     = unknown

/bin/arch              = unknown
/usr/bin/arch -k       = unknown
/usr/convex/getsysinfo = unknown
hostinfo               = Mach kernel version:
	 Darwin Kernel Version 8.11.0: Wed Oct 10 18:26:00 PDT 2007; root:xnu-792.24.17~1/RELEASE_PPC
Kernel configured for a single processor only.
1 processor is physically available.
Processor type: ppc7450 (PowerPC 7450)
Processor active: 0
Primary memory available: 1.50 gigabytes
Default processor set: 117 tasks, 225 threads, 1 processors
Load average: 5.26, Mach factor: 0.16
/bin/machine           = unknown
/usr/bin/oslevel       = unknown
/bin/universe          = unknown

PATH: /opt/local/bin
PATH: /opt/local/sbin
PATH: /sw/bin
PATH: /sw/sbin
PATH: /bin
PATH: /sbin
PATH: /usr/bin
PATH: /usr/sbin
PATH: /usr/X11R6/bin


## ----------- ##
## Core tests. ##
## ----------- ##

configure:1220: creating cache ./config.cache
configure:1322: checking whether make sets $(MAKE)
configure:1342: result: yes
configure:1359: checking for powerpc-apple-darwin8-gcc
configure:1385: result:  /Users/mikemike/dev/ppc/xnu/xnu-ppc/xnu-792.25.20/gcc_42-5531/build/obj/obj-powerpc-powerpc/./prev-gcc/xgcc -B/Users/mikemike/dev/ppc/xnu/xnu-ppc/xnu-792.25.20/gcc_42-5531/build/obj/obj-powerpc-powerpc/./prev-gcc/ -B/usr/powerpc-apple-darwin8/bin/
configure:1667: checking for C compiler version
configure:1670:  /Users/mikemike/dev/ppc/xnu/xnu-ppc/xnu-792.25.20/gcc_42-5531/build/obj/obj-powerpc-powerpc/./prev-gcc/xgcc -B/Users/mikemike/dev/ppc/xnu/xnu-ppc/xnu-792.25.20/gcc_42-5531/build/obj/obj-powerpc-powerpc/./prev-gcc/ -B/usr/powerpc-apple-darwin8/bin/ --version </dev/null >&5
xgcc (GCC) 4.2.1 (Apple Inc. build 5531)
Copyright (C) 2007 Free Software Foundation, Inc.
This is free software; see the source for copying conditions.  There is NO
warranty; not even for MERCHANTABILITY or FITNESS FOR A PARTICULAR PURPOSE.

configure:1673: $? = 0
configure:1675:  /Users/mikemike/dev/ppc/xnu/xnu-ppc/xnu-792.25.20/gcc_42-5531/build/obj/obj-powerpc-powerpc/./prev-gcc/xgcc -B/Users/mikemike/dev/ppc/xnu/xnu-ppc/xnu-792.25.20/gcc_42-5531/build/obj/obj-powerpc-powerpc/./prev-gcc/ -B/usr/powerpc-apple-darwin8/bin/ -v </dev/null >&5
Reading specs from /Users/mikemike/dev/ppc/xnu/xnu-ppc/xnu-792.25.20/gcc_42-5531/build/obj/obj-powerpc-powerpc/./prev-gcc/specs
Target: powerpc-apple-darwin8
Configured with: /Users/mikemike/dev/ppc/xnu/xnu-ppc/xnu-792.25.20/gcc_42-5531/build/obj/src/configure --disable-checking -enable-werror --prefix=/usr --mandir=/usr/share/man --enable-languages=c,objc,c++,obj-c++ --program-transform-name=/^[cg][^.-]*$/s/$/-4.2/ --with-gxx-include-dir=/usr/include/c++/4.0.0 --with-slibdir=/usr/lib --build=powerpc-apple-darwin8 --host=powerpc-apple-darwin8 --target=powerpc-apple-darwin8
Thread model: posix
gcc version 4.2.1 (Apple Inc. build 5531)
configure:1678: $? = 0
configure:1680:  /Users/mikemike/dev/ppc/xnu/xnu-ppc/xnu-792.25.20/gcc_42-5531/build/obj/obj-powerpc-powerpc/./prev-gcc/xgcc -B/Users/mikemike/dev/ppc/xnu/xnu-ppc/xnu-792.25.20/gcc_42-5531/build/obj/obj-powerpc-powerpc/./prev-gcc/ -B/usr/powerpc-apple-darwin8/bin/ -V </dev/null >&5
xgcc: '-V' must come at the start of the command line
configure:1683: $? = 1
configure:1706: checking for C compiler default output file name
configure:1709:  /Users/mikemike/dev/ppc/xnu/xnu-ppc/xnu-792.25.20/gcc_42-5531/build/obj/obj-powerpc-powerpc/./prev-gcc/xgcc -B/Users/mikemike/dev/ppc/xnu/xnu-ppc/xnu-792.25.20/gcc_42-5531/build/obj/obj-powerpc-powerpc/./prev-gcc/ -B/usr/powerpc-apple-darwin8/bin/ -g -O2 -mdynamic-no-pic   conftest.c  >&5
configure:1712: $? = 0
configure:1758: result: a.out
configure:1763: checking whether the C compiler works
configure:1769: ./a.out
configure:1772: $? = 0
configure:1789: result: yes
configure:1796: checking whether we are cross compiling
configure:1798: result: no
configure:1801: checking for suffix of executables
configure:1803:  /Users/mikemike/dev/ppc/xnu/xnu-ppc/xnu-792.25.20/gcc_42-5531/build/obj/obj-powerpc-powerpc/./prev-gcc/xgcc -B/Users/mikemike/dev/ppc/xnu/xnu-ppc/xnu-792.25.20/gcc_42-5531/build/obj/obj-powerpc-powerpc/./prev-gcc/ -B/usr/powerpc-apple-darwin8/bin/ -o conftest -g -O2 -mdynamic-no-pic   conftest.c  >&5
configure:1806: $? = 0
configure:1831: result: 
configure:1837: checking for suffix of object files
configure:1858:  /Users/mikemike/dev/ppc/xnu/xnu-ppc/xnu-792.25.20/gcc_42-5531/build/obj/obj-powerpc-powerpc/./prev-gcc/xgcc -B/Users/mikemike/dev/ppc/xnu/xnu-ppc/xnu-792.25.20/gcc_42-5531/build/obj/obj-powerpc-powerpc/./prev-gcc/ -B/usr/powerpc-apple-darwin8/bin/ -c -g -O2 -mdynamic-no-pic  conftest.c >&5
configure:1861: $? = 0
configure:1883: result: o
configure:1887: checking whether we are using the GNU C compiler
configure:1911:  /Users/mikemike/dev/ppc/xnu/xnu-ppc/xnu-792.25.20/gcc_42-5531/build/obj/obj-powerpc-powerpc/./prev-gcc/xgcc -B/Users/mikemike/dev/ppc/xnu/xnu-ppc/xnu-792.25.20/gcc_42-5531/build/obj/obj-powerpc-powerpc/./prev-gcc/ -B/usr/powerpc-apple-darwin8/bin/ -c -g -O2 -mdynamic-no-pic  conftest.c >&5
configure:1917: $? = 0
configure:1921: test -z 
			 || test ! -s conftest.err
configure:1924: $? = 0
configure:1927: test -s conftest.o
configure:1930: $? = 0
configure:1943: result: yes
configure:1949: checking whether  /Users/mikemike/dev/ppc/xnu/xnu-ppc/xnu-792.25.20/gcc_42-5531/build/obj/obj-powerpc-powerpc/./prev-gcc/xgcc -B/Users/mikemike/dev/ppc/xnu/xnu-ppc/xnu-792.25.20/gcc_42-5531/build/obj/obj-powerpc-powerpc/./prev-gcc/ -B/usr/powerpc-apple-darwin8/bin/ accepts -g
configure:1970:  /Users/mikemike/dev/ppc/xnu/xnu-ppc/xnu-792.25.20/gcc_42-5531/build/obj/obj-powerpc-powerpc/./prev-gcc/xgcc -B/Users/mikemike/dev/ppc/xnu/xnu-ppc/xnu-792.25.20/gcc_42-5531/build/obj/obj-powerpc-powerpc/./prev-gcc/ -B/usr/powerpc-apple-darwin8/bin/ -c -g  conftest.c >&5
configure:1976: $? = 0
configure:1980: test -z 
			 || test ! -s conftest.err
configure:1983: $? = 0
configure:1986: test -s conftest.o
configure:1989: $? = 0
configure:2000: result: yes
configure:2017: checking for  /Users/mikemike/dev/ppc/xnu/xnu-ppc/xnu-792.25.20/gcc_42-5531/build/obj/obj-powerpc-powerpc/./prev-gcc/xgcc -B/Users/mikemike/dev/ppc/xnu/xnu-ppc/xnu-792.25.20/gcc_42-5531/build/obj/obj-powerpc-powerpc/./prev-gcc/ -B/usr/powerpc-apple-darwin8/bin/ option to accept ANSI C
configure:2087:  /Users/mikemike/dev/ppc/xnu/xnu-ppc/xnu-792.25.20/gcc_42-5531/build/obj/obj-powerpc-powerpc/./prev-gcc/xgcc -B/Users/mikemike/dev/ppc/xnu/xnu-ppc/xnu-792.25.20/gcc_42-5531/build/obj/obj-powerpc-powerpc/./prev-gcc/ -B/usr/powerpc-apple-darwin8/bin/  -c -g -O2 -mdynamic-no-pic  conftest.c >&5
configure:2093: $? = 0
configure:2097: test -z 
			 || test ! -s conftest.err
configure:2100: $? = 0
configure:2103: test -s conftest.o
configure:2106: $? = 0
configure:2124: result: none needed
configure:2142:  /Users/mikemike/dev/ppc/xnu/xnu-ppc/xnu-792.25.20/gcc_42-5531/build/obj/obj-powerpc-powerpc/./prev-gcc/xgcc -B/Users/mikemike/dev/ppc/xnu/xnu-ppc/xnu-792.25.20/gcc_42-5531/build/obj/obj-powerpc-powerpc/./prev-gcc/ -B/usr/powerpc-apple-darwin8/bin/ -c -g -O2 -mdynamic-no-pic  conftest.c >&5
conftest.c:2: error: expected '=', ',', ';', 'asm' or '__attribute__' before 'me'
configure:2148: $? = 1
configure: failed program was:
| #ifndef __cplusplus
|   choke me
| #endif
configure:2284: checking for powerpc-apple-darwin8-ranlib
configure:2310: result: ranlib
configure:2367: checking for aclocal
configure:2383: found /sw/bin/aclocal
configure:2393: result: aclocal
configure:2408: checking for autoconf
configure:2424: found /sw/bin/autoconf
configure:2434: result: autoconf
configure:2449: checking for autoheader
configure:2465: found /sw/bin/autoheader
configure:2475: result: autoheader
configure:2498: checking whether  /Users/mikemike/dev/ppc/xnu/xnu-ppc/xnu-792.25.20/gcc_42-5531/build/obj/obj-powerpc-powerpc/./prev-gcc/xgcc -B/Users/mikemike/dev/ppc/xnu/xnu-ppc/xnu-792.25.20/gcc_42-5531/build/obj/obj-powerpc-powerpc/./prev-gcc/ -B/usr/powerpc-apple-darwin8/bin/ supports -W
configure:2520:  /Users/mikemike/dev/ppc/xnu/xnu-ppc/xnu-792.25.20/gcc_42-5531/build/obj/obj-powerpc-powerpc/./prev-gcc/xgcc -B/Users/mikemike/dev/ppc/xnu/xnu-ppc/xnu-792.25.20/gcc_42-5531/build/obj/obj-powerpc-powerpc/./prev-gcc/ -B/usr/powerpc-apple-darwin8/bin/ -c -W  conftest.c >&5
configure:2526: $? = 0
configure:2530: test -z 
			 || test ! -s conftest.err
configure:2533: $? = 0
configure:2536: test -s conftest.o
configure:2539: $? = 0
configure:2551: result: yes
configure:2498: checking whether  /Users/mikemike/dev/ppc/xnu/xnu-ppc/xnu-792.25.20/gcc_42-5531/build/obj/obj-powerpc-powerpc/./prev-gcc/xgcc -B/Users/mikemike/dev/ppc/xnu/xnu-ppc/xnu-792.25.20/gcc_42-5531/build/obj/obj-powerpc-powerpc/./prev-gcc/ -B/usr/powerpc-apple-darwin8/bin/ supports -Wall
configure:2520:  /Users/mikemike/dev/ppc/xnu/xnu-ppc/xnu-792.25.20/gcc_42-5531/build/obj/obj-powerpc-powerpc/./prev-gcc/xgcc -B/Users/mikemike/dev/ppc/xnu/xnu-ppc/xnu-792.25.20/gcc_42-5531/build/obj/obj-powerpc-powerpc/./prev-gcc/ -B/usr/powerpc-apple-darwin8/bin/ -c -Wall  conftest.c >&5
configure:2526: $? = 0
configure:2530: test -z 
			 || test ! -s conftest.err
configure:2533: $? = 0
configure:2536: test -s conftest.o
configure:2539: $? = 0
configure:2551: result: yes
configure:2498: checking whether  /Users/mikemike/dev/ppc/xnu/xnu-ppc/xnu-792.25.20/gcc_42-5531/build/obj/obj-powerpc-powerpc/./prev-gcc/xgcc -B/Users/mikemike/dev/ppc/xnu/xnu-ppc/xnu-792.25.20/gcc_42-5531/build/obj/obj-powerpc-powerpc/./prev-gcc/ -B/usr/powerpc-apple-darwin8/bin/ supports -Wwrite-strings
configure:2520:  /Users/mikemike/dev/ppc/xnu/xnu-ppc/xnu-792.25.20/gcc_42-5531/build/obj/obj-powerpc-powerpc/./prev-gcc/xgcc -B/Users/mikemike/dev/ppc/xnu/xnu-ppc/xnu-792.25.20/gcc_42-5531/build/obj/obj-powerpc-powerpc/./prev-gcc/ -B/usr/powerpc-apple-darwin8/bin/ -c -Wwrite-strings  conftest.c >&5
configure:2526: $? = 0
configure:2530: test -z 
			 || test ! -s conftest.err
configure:2533: $? = 0
configure:2536: test -s conftest.o
configure:2539: $? = 0
configure:2551: result: yes
configure:2498: checking whether  /Users/mikemike/dev/ppc/xnu/xnu-ppc/xnu-792.25.20/gcc_42-5531/build/obj/obj-powerpc-powerpc/./prev-gcc/xgcc -B/Users/mikemike/dev/ppc/xnu/xnu-ppc/xnu-792.25.20/gcc_42-5531/build/obj/obj-powerpc-powerpc/./prev-gcc/ -B/usr/powerpc-apple-darwin8/bin/ supports -Wstrict-prototypes
configure:2520:  /Users/mikemike/dev/ppc/xnu/xnu-ppc/xnu-792.25.20/gcc_42-5531/build/obj/obj-powerpc-powerpc/./prev-gcc/xgcc -B/Users/mikemike/dev/ppc/xnu/xnu-ppc/xnu-792.25.20/gcc_42-5531/build/obj/obj-powerpc-powerpc/./prev-gcc/ -B/usr/powerpc-apple-darwin8/bin/ -c -Wstrict-prototypes  conftest.c >&5
conftest.c:12: warning: function declaration isn't a prototype
configure:2526: $? = 0
configure:2530: test -z 
			 || test ! -s conftest.err
configure:2533: $? = 0
configure:2536: test -s conftest.o
configure:2539: $? = 0
configure:2551: result: yes
configure:2498: checking whether  /Users/mikemike/dev/ppc/xnu/xnu-ppc/xnu-792.25.20/gcc_42-5531/build/obj/obj-powerpc-powerpc/./prev-gcc/xgcc -B/Users/mikemike/dev/ppc/xnu/xnu-ppc/xnu-792.25.20/gcc_42-5531/build/obj/obj-powerpc-powerpc/./prev-gcc/ -B/usr/powerpc-apple-darwin8/bin/ supports -Wmissing-prototypes
configure:2520:  /Users/mikemike/dev/ppc/xnu/xnu-ppc/xnu-792.25.20/gcc_42-5531/build/obj/obj-powerpc-powerpc/./prev-gcc/xgcc -B/Users/mikemike/dev/ppc/xnu/xnu-ppc/xnu-792.25.20/gcc_42-5531/build/obj/obj-powerpc-powerpc/./prev-gcc/ -B/usr/powerpc-apple-darwin8/bin/ -c -Wmissing-prototypes  conftest.c >&5
configure:2526: $? = 0
configure:2530: test -z 
			 || test ! -s conftest.err
configure:2533: $? = 0
configure:2536: test -s conftest.o
configure:2539: $? = 0
configure:2551: result: yes
configure:2498: checking whether  /Users/mikemike/dev/ppc/xnu/xnu-ppc/xnu-792.25.20/gcc_42-5531/build/obj/obj-powerpc-powerpc/./prev-gcc/xgcc -B/Users/mikemike/dev/ppc/xnu/xnu-ppc/xnu-792.25.20/gcc_42-5531/build/obj/obj-powerpc-powerpc/./prev-gcc/ -B/usr/powerpc-apple-darwin8/bin/ supports -Wold-style-definition
configure:2520:  /Users/mikemike/dev/ppc/xnu/xnu-ppc/xnu-792.25.20/gcc_42-5531/build/obj/obj-powerpc-powerpc/./prev-gcc/xgcc -B/Users/mikemike/dev/ppc/xnu/xnu-ppc/xnu-792.25.20/gcc_42-5531/build/obj/obj-powerpc-powerpc/./prev-gcc/ -B/usr/powerpc-apple-darwin8/bin/ -c -Wold-style-definition  conftest.c >&5
conftest.c: In function 'main':
conftest.c:12: warning: old-style function definition
configure:2526: $? = 0
configure:2530: test -z 
			 || test ! -s conftest.err
configure:2533: $? = 0
configure:2536: test -s conftest.o
configure:2539: $? = 0
configure:2551: result: yes
configure:2498: checking whether  /Users/mikemike/dev/ppc/xnu/xnu-ppc/xnu-792.25.20/gcc_42-5531/build/obj/obj-powerpc-powerpc/./prev-gcc/xgcc -B/Users/mikemike/dev/ppc/xnu/xnu-ppc/xnu-792.25.20/gcc_42-5531/build/obj/obj-powerpc-powerpc/./prev-gcc/ -B/usr/powerpc-apple-darwin8/bin/ supports -Wmissing-format-attribute
configure:2520:  /Users/mikemike/dev/ppc/xnu/xnu-ppc/xnu-792.25.20/gcc_42-5531/build/obj/obj-powerpc-powerpc/./prev-gcc/xgcc -B/Users/mikemike/dev/ppc/xnu/xnu-ppc/xnu-792.25.20/gcc_42-5531/build/obj/obj-powerpc-powerpc/./prev-gcc/ -B/usr/powerpc-apple-darwin8/bin/ -c -Wmissing-format-attribute  conftest.c >&5
configure:2526: $? = 0
configure:2530: test -z 
			 || test ! -s conftest.err
configure:2533: $? = 0
configure:2536: test -s conftest.o
configure:2539: $? = 0
configure:2551: result: yes
configure:2498: checking whether  /Users/mikemike/dev/ppc/xnu/xnu-ppc/xnu-792.25.20/gcc_42-5531/build/obj/obj-powerpc-powerpc/./prev-gcc/xgcc -B/Users/mikemike/dev/ppc/xnu/xnu-ppc/xnu-792.25.20/gcc_42-5531/build/obj/obj-powerpc-powerpc/./prev-gcc/ -B/usr/powerpc-apple-darwin8/bin/ supports -Wcast-qual
configure:2520:  /Users/mikemike/dev/ppc/xnu/xnu-ppc/xnu-792.25.20/gcc_42-5531/build/obj/obj-powerpc-powerpc/./prev-gcc/xgcc -B/Users/mikemike/dev/ppc/xnu/xnu-ppc/xnu-792.25.20/gcc_42-5531/build/obj/obj-powerpc-powerpc/./prev-gcc/ -B/usr/powerpc-apple-darwin8/bin/ -c -Wcast-qual  conftest.c >&5
configure:2526: $? = 0
configure:2530: test -z 
			 || test ! -s conftest.err
configure:2533: $? = 0
configure:2536: test -s conftest.o
configure:2539: $? = 0
configure:2551: result: yes
configure:2562: checking whether  /Users/mikemike/dev/ppc/xnu/xnu-ppc/xnu-792.25.20/gcc_42-5531/build/obj/obj-powerpc-powerpc/./prev-gcc/xgcc -B/Users/mikemike/dev/ppc/xnu/xnu-ppc/xnu-792.25.20/gcc_42-5531/build/obj/obj-powerpc-powerpc/./prev-gcc/ -B/usr/powerpc-apple-darwin8/bin/ supports -pedantic -Wno-long-long
configure:2585:  /Users/mikemike/dev/ppc/xnu/xnu-ppc/xnu-792.25.20/gcc_42-5531/build/obj/obj-powerpc-powerpc/./prev-gcc/xgcc -B/Users/mikemike/dev/ppc/xnu/xnu-ppc/xnu-792.25.20/gcc_42-5531/build/obj/obj-powerpc-powerpc/./prev-gcc/ -B/usr/powerpc-apple-darwin8/bin/ -c -pedantic -Wno-long-long  conftest.c >&5
configure:2591: $? = 0
configure:2595: test -z 
			 || test ! -s conftest.err
configure:2598: $? = 0
configure:2601: test -s conftest.o
configure:2604: $? = 0
configure:2616: result: yes
configure:2649: checking how to run the C preprocessor
configure:2684:  /Users/mikemike/dev/ppc/xnu/xnu-ppc/xnu-792.25.20/gcc_42-5531/build/obj/obj-powerpc-powerpc/./prev-gcc/xgcc -B/Users/mikemike/dev/ppc/xnu/xnu-ppc/xnu-792.25.20/gcc_42-5531/build/obj/obj-powerpc-powerpc/./prev-gcc/ -B/usr/powerpc-apple-darwin8/bin/ -E  conftest.c
configure:2690: $? = 0
configure:2722:  /Users/mikemike/dev/ppc/xnu/xnu-ppc/xnu-792.25.20/gcc_42-5531/build/obj/obj-powerpc-powerpc/./prev-gcc/xgcc -B/Users/mikemike/dev/ppc/xnu/xnu-ppc/xnu-792.25.20/gcc_42-5531/build/obj/obj-powerpc-powerpc/./prev-gcc/ -B/usr/powerpc-apple-darwin8/bin/ -E  conftest.c
conftest.c:9:28: error: ac_nonexistent.h: No such file or directory
configure:2728: $? = 1
configure: failed program was:
| /* confdefs.h.  */
| 
| #define PACKAGE_NAME "libdecnumber"
| #define PACKAGE_TARNAME "libdecnumber"
| #define PACKAGE_VERSION " "
| #define PACKAGE_STRING "libdecnumber  "
| #define PACKAGE_BUGREPORT "gcc-bugs@gcc.gnu.org"
| /* end confdefs.h.  */
| #include <ac_nonexistent.h>
configure:2767: result:  /Users/mikemike/dev/ppc/xnu/xnu-ppc/xnu-792.25.20/gcc_42-5531/build/obj/obj-powerpc-powerpc/./prev-gcc/xgcc -B/Users/mikemike/dev/ppc/xnu/xnu-ppc/xnu-792.25.20/gcc_42-5531/build/obj/obj-powerpc-powerpc/./prev-gcc/ -B/usr/powerpc-apple-darwin8/bin/ -E
configure:2791:  /Users/mikemike/dev/ppc/xnu/xnu-ppc/xnu-792.25.20/gcc_42-5531/build/obj/obj-powerpc-powerpc/./prev-gcc/xgcc -B/Users/mikemike/dev/ppc/xnu/xnu-ppc/xnu-792.25.20/gcc_42-5531/build/obj/obj-powerpc-powerpc/./prev-gcc/ -B/usr/powerpc-apple-darwin8/bin/ -E  conftest.c
configure:2797: $? = 0
configure:2829:  /Users/mikemike/dev/ppc/xnu/xnu-ppc/xnu-792.25.20/gcc_42-5531/build/obj/obj-powerpc-powerpc/./prev-gcc/xgcc -B/Users/mikemike/dev/ppc/xnu/xnu-ppc/xnu-792.25.20/gcc_42-5531/build/obj/obj-powerpc-powerpc/./prev-gcc/ -B/usr/powerpc-apple-darwin8/bin/ -E  conftest.c
conftest.c:9:28: error: ac_nonexistent.h: No such file or directory
configure:2835: $? = 1
configure: failed program was:
| /* confdefs.h.  */
| 
| #define PACKAGE_NAME "libdecnumber"
| #define PACKAGE_TARNAME "libdecnumber"
| #define PACKAGE_VERSION " "
| #define PACKAGE_STRING "libdecnumber  "
| #define PACKAGE_BUGREPORT "gcc-bugs@gcc.gnu.org"
| /* end confdefs.h.  */
| #include <ac_nonexistent.h>
configure:2879: checking for egrep
configure:2889: result: grep -E
configure:2894: checking for ANSI C header files
configure:2919:  /Users/mikemike/dev/ppc/xnu/xnu-ppc/xnu-792.25.20/gcc_42-5531/build/obj/obj-powerpc-powerpc/./prev-gcc/xgcc -B/Users/mikemike/dev/ppc/xnu/xnu-ppc/xnu-792.25.20/gcc_42-5531/build/obj/obj-powerpc-powerpc/./prev-gcc/ -B/usr/powerpc-apple-darwin8/bin/ -c -g -O2 -mdynamic-no-pic  conftest.c >&5
configure:2925: $? = 0
configure:2929: test -z 
			 || test ! -s conftest.err
configure:2932: $? = 0
configure:2935: test -s conftest.o
configure:2938: $? = 0
configure:3024:  /Users/mikemike/dev/ppc/xnu/xnu-ppc/xnu-792.25.20/gcc_42-5531/build/obj/obj-powerpc-powerpc/./prev-gcc/xgcc -B/Users/mikemike/dev/ppc/xnu/xnu-ppc/xnu-792.25.20/gcc_42-5531/build/obj/obj-powerpc-powerpc/./prev-gcc/ -B/usr/powerpc-apple-darwin8/bin/ -o conftest -g -O2 -mdynamic-no-pic   conftest.c  >&5
conftest.c: In function 'main':
conftest.c:26: warning: incompatible implicit declaration of built-in function 'exit'
configure:3027: $? = 0
configure:3029: ./conftest
configure:3032: $? = 0
configure:3047: result: yes
configure:3071: checking for sys/types.h
configure:3087:  /Users/mikemike/dev/ppc/xnu/xnu-ppc/xnu-792.25.20/gcc_42-5531/build/obj/obj-powerpc-powerpc/./prev-gcc/xgcc -B/Users/mikemike/dev/ppc/xnu/xnu-ppc/xnu-792.25.20/gcc_42-5531/build/obj/obj-powerpc-powerpc/./prev-gcc/ -B/usr/powerpc-apple-darwin8/bin/ -c -g -O2 -mdynamic-no-pic  conftest.c >&5
configure:3093: $? = 0
configure:3097: test -z 
			 || test ! -s conftest.err
configure:3100: $? = 0
configure:3103: test -s conftest.o
configure:3106: $? = 0
configure:3117: result: yes
configure:3071: checking for sys/stat.h
configure:3087:  /Users/mikemike/dev/ppc/xnu/xnu-ppc/xnu-792.25.20/gcc_42-5531/build/obj/obj-powerpc-powerpc/./prev-gcc/xgcc -B/Users/mikemike/dev/ppc/xnu/xnu-ppc/xnu-792.25.20/gcc_42-5531/build/obj/obj-powerpc-powerpc/./prev-gcc/ -B/usr/powerpc-apple-darwin8/bin/ -c -g -O2 -mdynamic-no-pic  conftest.c >&5
configure:3093: $? = 0
configure:3097: test -z 
			 || test ! -s conftest.err
configure:3100: $? = 0
configure:3103: test -s conftest.o
configure:3106: $? = 0
configure:3117: result: yes
configure:3071: checking for stdlib.h
configure:3087:  /Users/mikemike/dev/ppc/xnu/xnu-ppc/xnu-792.25.20/gcc_42-5531/build/obj/obj-powerpc-powerpc/./prev-gcc/xgcc -B/Users/mikemike/dev/ppc/xnu/xnu-ppc/xnu-792.25.20/gcc_42-5531/build/obj/obj-powerpc-powerpc/./prev-gcc/ -B/usr/powerpc-apple-darwin8/bin/ -c -g -O2 -mdynamic-no-pic  conftest.c >&5
configure:3093: $? = 0
configure:3097: test -z 
			 || test ! -s conftest.err
configure:3100: $? = 0
configure:3103: test -s conftest.o
configure:3106: $? = 0
configure:3117: result: yes
configure:3071: checking for string.h
configure:3087:  /Users/mikemike/dev/ppc/xnu/xnu-ppc/xnu-792.25.20/gcc_42-5531/build/obj/obj-powerpc-powerpc/./prev-gcc/xgcc -B/Users/mikemike/dev/ppc/xnu/xnu-ppc/xnu-792.25.20/gcc_42-5531/build/obj/obj-powerpc-powerpc/./prev-gcc/ -B/usr/powerpc-apple-darwin8/bin/ -c -g -O2 -mdynamic-no-pic  conftest.c >&5
configure:3093: $? = 0
configure:3097: test -z 
			 || test ! -s conftest.err
configure:3100: $? = 0
configure:3103: test -s conftest.o
configure:3106: $? = 0
configure:3117: result: yes
configure:3071: checking for memory.h
configure:3087:  /Users/mikemike/dev/ppc/xnu/xnu-ppc/xnu-792.25.20/gcc_42-5531/build/obj/obj-powerpc-powerpc/./prev-gcc/xgcc -B/Users/mikemike/dev/ppc/xnu/xnu-ppc/xnu-792.25.20/gcc_42-5531/build/obj/obj-powerpc-powerpc/./prev-gcc/ -B/usr/powerpc-apple-darwin8/bin/ -c -g -O2 -mdynamic-no-pic  conftest.c >&5
configure:3093: $? = 0
configure:3097: test -z 
			 || test ! -s conftest.err
configure:3100: $? = 0
configure:3103: test -s conftest.o
configure:3106: $? = 0
configure:3117: result: yes
configure:3071: checking for strings.h
configure:3087:  /Users/mikemike/dev/ppc/xnu/xnu-ppc/xnu-792.25.20/gcc_42-5531/build/obj/obj-powerpc-powerpc/./prev-gcc/xgcc -B/Users/mikemike/dev/ppc/xnu/xnu-ppc/xnu-792.25.20/gcc_42-5531/build/obj/obj-powerpc-powerpc/./prev-gcc/ -B/usr/powerpc-apple-darwin8/bin/ -c -g -O2 -mdynamic-no-pic  conftest.c >&5
configure:3093: $? = 0
configure:3097: test -z 
			 || test ! -s conftest.err
configure:3100: $? = 0
configure:3103: test -s conftest.o
configure:3106: $? = 0
configure:3117: result: yes
configure:3071: checking for inttypes.h
configure:3087:  /Users/mikemike/dev/ppc/xnu/xnu-ppc/xnu-792.25.20/gcc_42-5531/build/obj/obj-powerpc-powerpc/./prev-gcc/xgcc -B/Users/mikemike/dev/ppc/xnu/xnu-ppc/xnu-792.25.20/gcc_42-5531/build/obj/obj-powerpc-powerpc/./prev-gcc/ -B/usr/powerpc-apple-darwin8/bin/ -c -g -O2 -mdynamic-no-pic  conftest.c >&5
configure:3093: $? = 0
configure:3097: test -z 
			 || test ! -s conftest.err
configure:3100: $? = 0
configure:3103: test -s conftest.o
configure:3106: $? = 0
configure:3117: result: yes
configure:3071: checking for stdint.h
configure:3087:  /Users/mikemike/dev/ppc/xnu/xnu-ppc/xnu-792.25.20/gcc_42-5531/build/obj/obj-powerpc-powerpc/./prev-gcc/xgcc -B/Users/mikemike/dev/ppc/xnu/xnu-ppc/xnu-792.25.20/gcc_42-5531/build/obj/obj-powerpc-powerpc/./prev-gcc/ -B/usr/powerpc-apple-darwin8/bin/ -c -g -O2 -mdynamic-no-pic  conftest.c >&5
configure:3093: $? = 0
configure:3097: test -z 
			 || test ! -s conftest.err
configure:3100: $? = 0
configure:3103: test -s conftest.o
configure:3106: $? = 0
configure:3117: result: yes
configure:3071: checking for unistd.h
configure:3087:  /Users/mikemike/dev/ppc/xnu/xnu-ppc/xnu-792.25.20/gcc_42-5531/build/obj/obj-powerpc-powerpc/./prev-gcc/xgcc -B/Users/mikemike/dev/ppc/xnu/xnu-ppc/xnu-792.25.20/gcc_42-5531/build/obj/obj-powerpc-powerpc/./prev-gcc/ -B/usr/powerpc-apple-darwin8/bin/ -c -g -O2 -mdynamic-no-pic  conftest.c >&5
configure:3093: $? = 0
configure:3097: test -z 
			 || test ! -s conftest.err
configure:3100: $? = 0
configure:3103: test -s conftest.o
configure:3106: $? = 0
configure:3117: result: yes
configure:3146: checking ctype.h usability
configure:3158:  /Users/mikemike/dev/ppc/xnu/xnu-ppc/xnu-792.25.20/gcc_42-5531/build/obj/obj-powerpc-powerpc/./prev-gcc/xgcc -B/Users/mikemike/dev/ppc/xnu/xnu-ppc/xnu-792.25.20/gcc_42-5531/build/obj/obj-powerpc-powerpc/./prev-gcc/ -B/usr/powerpc-apple-darwin8/bin/ -c -g -O2 -mdynamic-no-pic  conftest.c >&5
configure:3164: $? = 0
configure:3168: test -z 
			 || test ! -s conftest.err
configure:3171: $? = 0
configure:3174: test -s conftest.o
configure:3177: $? = 0
configure:3187: result: yes
configure:3191: checking ctype.h presence
configure:3201:  /Users/mikemike/dev/ppc/xnu/xnu-ppc/xnu-792.25.20/gcc_42-5531/build/obj/obj-powerpc-powerpc/./prev-gcc/xgcc -B/Users/mikemike/dev/ppc/xnu/xnu-ppc/xnu-792.25.20/gcc_42-5531/build/obj/obj-powerpc-powerpc/./prev-gcc/ -B/usr/powerpc-apple-darwin8/bin/ -E  conftest.c
configure:3207: $? = 0
configure:3227: result: yes
configure:3262: checking for ctype.h
configure:3269: result: yes
configure:3146: checking stddef.h usability
configure:3158:  /Users/mikemike/dev/ppc/xnu/xnu-ppc/xnu-792.25.20/gcc_42-5531/build/obj/obj-powerpc-powerpc/./prev-gcc/xgcc -B/Users/mikemike/dev/ppc/xnu/xnu-ppc/xnu-792.25.20/gcc_42-5531/build/obj/obj-powerpc-powerpc/./prev-gcc/ -B/usr/powerpc-apple-darwin8/bin/ -c -g -O2 -mdynamic-no-pic  conftest.c >&5
configure:3164: $? = 0
configure:3168: test -z 
			 || test ! -s conftest.err
configure:3171: $? = 0
configure:3174: test -s conftest.o
configure:3177: $? = 0
configure:3187: result: yes
configure:3191: checking stddef.h presence
configure:3201:  /Users/mikemike/dev/ppc/xnu/xnu-ppc/xnu-792.25.20/gcc_42-5531/build/obj/obj-powerpc-powerpc/./prev-gcc/xgcc -B/Users/mikemike/dev/ppc/xnu/xnu-ppc/xnu-792.25.20/gcc_42-5531/build/obj/obj-powerpc-powerpc/./prev-gcc/ -B/usr/powerpc-apple-darwin8/bin/ -E  conftest.c
configure:3207: $? = 0
configure:3227: result: yes
configure:3262: checking for stddef.h
configure:3269: result: yes
configure:3137: checking for string.h
configure:3142: result: yes
configure:3146: checking stdio.h usability
configure:3158:  /Users/mikemike/dev/ppc/xnu/xnu-ppc/xnu-792.25.20/gcc_42-5531/build/obj/obj-powerpc-powerpc/./prev-gcc/xgcc -B/Users/mikemike/dev/ppc/xnu/xnu-ppc/xnu-792.25.20/gcc_42-5531/build/obj/obj-powerpc-powerpc/./prev-gcc/ -B/usr/powerpc-apple-darwin8/bin/ -c -g -O2 -mdynamic-no-pic  conftest.c >&5
configure:3164: $? = 0
configure:3168: test -z 
			 || test ! -s conftest.err
configure:3171: $? = 0
configure:3174: test -s conftest.o
configure:3177: $? = 0
configure:3187: result: yes
configure:3191: checking stdio.h presence
configure:3201:  /Users/mikemike/dev/ppc/xnu/xnu-ppc/xnu-792.25.20/gcc_42-5531/build/obj/obj-powerpc-powerpc/./prev-gcc/xgcc -B/Users/mikemike/dev/ppc/xnu/xnu-ppc/xnu-792.25.20/gcc_42-5531/build/obj/obj-powerpc-powerpc/./prev-gcc/ -B/usr/powerpc-apple-darwin8/bin/ -E  conftest.c
configure:3207: $? = 0
configure:3227: result: yes
configure:3262: checking for stdio.h
configure:3269: result: yes
configure:3295: checking for uintmax_t
configure:3321:  /Users/mikemike/dev/ppc/xnu/xnu-ppc/xnu-792.25.20/gcc_42-5531/build/obj/obj-powerpc-powerpc/./prev-gcc/xgcc -B/Users/mikemike/dev/ppc/xnu/xnu-ppc/xnu-792.25.20/gcc_42-5531/build/obj/obj-powerpc-powerpc/./prev-gcc/ -B/usr/powerpc-apple-darwin8/bin/ -c -g -O2 -mdynamic-no-pic  conftest.c >&5
configure:3327: $? = 0
configure:3331: test -z 
			 || test ! -s conftest.err
configure:3334: $? = 0
configure:3337: test -s conftest.o
configure:3340: $? = 0
configure:3351: result: yes
configure:3359: checking for uintptr_t
configure:3385:  /Users/mikemike/dev/ppc/xnu/xnu-ppc/xnu-792.25.20/gcc_42-5531/build/obj/obj-powerpc-powerpc/./prev-gcc/xgcc -B/Users/mikemike/dev/ppc/xnu/xnu-ppc/xnu-792.25.20/gcc_42-5531/build/obj/obj-powerpc-powerpc/./prev-gcc/ -B/usr/powerpc-apple-darwin8/bin/ -c -g -O2 -mdynamic-no-pic  conftest.c >&5
configure:3391: $? = 0
configure:3395: test -z 
			 || test ! -s conftest.err
configure:3398: $? = 0
configure:3401: test -s conftest.o
configure:3404: $? = 0
configure:3415: result: yes
configure:3423: checking for int_least32_t
configure:3449:  /Users/mikemike/dev/ppc/xnu/xnu-ppc/xnu-792.25.20/gcc_42-5531/build/obj/obj-powerpc-powerpc/./prev-gcc/xgcc -B/Users/mikemike/dev/ppc/xnu/xnu-ppc/xnu-792.25.20/gcc_42-5531/build/obj/obj-powerpc-powerpc/./prev-gcc/ -B/usr/powerpc-apple-darwin8/bin/ -c -g -O2 -mdynamic-no-pic  conftest.c >&5
configure:3455: $? = 0
configure:3459: test -z 
			 || test ! -s conftest.err
configure:3462: $? = 0
configure:3465: test -s conftest.o
configure:3468: $? = 0
configure:3479: result: yes
configure:3487: checking for int_fast32_t
configure:3513:  /Users/mikemike/dev/ppc/xnu/xnu-ppc/xnu-792.25.20/gcc_42-5531/build/obj/obj-powerpc-powerpc/./prev-gcc/xgcc -B/Users/mikemike/dev/ppc/xnu/xnu-ppc/xnu-792.25.20/gcc_42-5531/build/obj/obj-powerpc-powerpc/./prev-gcc/ -B/usr/powerpc-apple-darwin8/bin/ -c -g -O2 -mdynamic-no-pic  conftest.c >&5
configure:3519: $? = 0
configure:3523: test -z 
			 || test ! -s conftest.err
configure:3526: $? = 0
configure:3529: test -s conftest.o
configure:3532: $? = 0
configure:3543: result: yes
configure:3551: checking for uint64_t
configure:3577:  /Users/mikemike/dev/ppc/xnu/xnu-ppc/xnu-792.25.20/gcc_42-5531/build/obj/obj-powerpc-powerpc/./prev-gcc/xgcc -B/Users/mikemike/dev/ppc/xnu/xnu-ppc/xnu-792.25.20/gcc_42-5531/build/obj/obj-powerpc-powerpc/./prev-gcc/ -B/usr/powerpc-apple-darwin8/bin/ -c -g -O2 -mdynamic-no-pic  conftest.c >&5
configure:3583: $? = 0
configure:3587: test -z 
			 || test ! -s conftest.err
configure:3590: $? = 0
configure:3593: test -s conftest.o
configure:3596: $? = 0
configure:3607: result: yes
configure:3953: checking what to include in gstdint.h
configure:3973: result: stdint.h (already complete)
configure:6131: checking for an ANSI C-conforming const
configure:6198:  /Users/mikemike/dev/ppc/xnu/xnu-ppc/xnu-792.25.20/gcc_42-5531/build/obj/obj-powerpc-powerpc/./prev-gcc/xgcc -B/Users/mikemike/dev/ppc/xnu/xnu-ppc/xnu-792.25.20/gcc_42-5531/build/obj/obj-powerpc-powerpc/./prev-gcc/ -B/usr/powerpc-apple-darwin8/bin/ -c -g -O2 -mdynamic-no-pic  conftest.c >&5
configure:6204: $? = 0
configure:6208: test -z 
			 || test ! -s conftest.err
configure:6211: $? = 0
configure:6214: test -s conftest.o
configure:6217: $? = 0
configure:6228: result: yes
configure:6238: checking for off_t
configure:6262:  /Users/mikemike/dev/ppc/xnu/xnu-ppc/xnu-792.25.20/gcc_42-5531/build/obj/obj-powerpc-powerpc/./prev-gcc/xgcc -B/Users/mikemike/dev/ppc/xnu/xnu-ppc/xnu-792.25.20/gcc_42-5531/build/obj/obj-powerpc-powerpc/./prev-gcc/ -B/usr/powerpc-apple-darwin8/bin/ -c -g -O2 -mdynamic-no-pic  conftest.c >&5
configure:6268: $? = 0
configure:6272: test -z 
			 || test ! -s conftest.err
configure:6275: $? = 0
configure:6278: test -s conftest.o
configure:6281: $? = 0
configure:6292: result: yes
configure:6304: checking for int
configure:6328:  /Users/mikemike/dev/ppc/xnu/xnu-ppc/xnu-792.25.20/gcc_42-5531/build/obj/obj-powerpc-powerpc/./prev-gcc/xgcc -B/Users/mikemike/dev/ppc/xnu/xnu-ppc/xnu-792.25.20/gcc_42-5531/build/obj/obj-powerpc-powerpc/./prev-gcc/ -B/usr/powerpc-apple-darwin8/bin/ -c -g -O2 -mdynamic-no-pic  conftest.c >&5
configure:6334: $? = 0
configure:6338: test -z 
			 || test ! -s conftest.err
configure:6341: $? = 0
configure:6344: test -s conftest.o
configure:6347: $? = 0
configure:6358: result: yes
configure:6361: checking size of int
configure:6680:  /Users/mikemike/dev/ppc/xnu/xnu-ppc/xnu-792.25.20/gcc_42-5531/build/obj/obj-powerpc-powerpc/./prev-gcc/xgcc -B/Users/mikemike/dev/ppc/xnu/xnu-ppc/xnu-792.25.20/gcc_42-5531/build/obj/obj-powerpc-powerpc/./prev-gcc/ -B/usr/powerpc-apple-darwin8/bin/ -o conftest -g -O2 -mdynamic-no-pic   conftest.c  >&5
configure:6683: $? = 0
configure:6685: ./conftest
configure:6688: $? = 0
configure:6711: result: 4
configure:6718: checking for long
configure:6742:  /Users/mikemike/dev/ppc/xnu/xnu-ppc/xnu-792.25.20/gcc_42-5531/build/obj/obj-powerpc-powerpc/./prev-gcc/xgcc -B/Users/mikemike/dev/ppc/xnu/xnu-ppc/xnu-792.25.20/gcc_42-5531/build/obj/obj-powerpc-powerpc/./prev-gcc/ -B/usr/powerpc-apple-darwin8/bin/ -c -g -O2 -mdynamic-no-pic  conftest.c >&5
configure:6748: $? = 0
configure:6752: test -z 
			 || test ! -s conftest.err
configure:6755: $? = 0
configure:6758: test -s conftest.o
configure:6761: $? = 0
configure:6772: result: yes
configure:6775: checking size of long
configure:7094:  /Users/mikemike/dev/ppc/xnu/xnu-ppc/xnu-792.25.20/gcc_42-5531/build/obj/obj-powerpc-powerpc/./prev-gcc/xgcc -B/Users/mikemike/dev/ppc/xnu/xnu-ppc/xnu-792.25.20/gcc_42-5531/build/obj/obj-powerpc-powerpc/./prev-gcc/ -B/usr/powerpc-apple-darwin8/bin/ -o conftest -g -O2 -mdynamic-no-pic   conftest.c  >&5
configure:7097: $? = 0
configure:7099: ./conftest
configure:7102: $? = 0
configure:7125: result: 4
configure:7134: checking for ANSI C header files
configure:7287: result: yes
configure:7414: creating ./config.status

## ---------------------- ##
## Running config.status. ##
## ---------------------- ##

This file was extended by libdecnumber config.status  , which was
generated by GNU Autoconf 2.59.  Invocation command line was

  CONFIG_FILES    = 
  CONFIG_HEADERS  = 
  CONFIG_LINKS    = 
  CONFIG_COMMANDS = 
  $ ./config.status 

on mike-mikes-powerbook-g4-15.local

config.status:680: creating Makefile
config.status:776: creating config.h
config.status:1054: executing gstdint.h commands

## ---------------- ##
## Cache variables. ##
## ---------------- ##

ac_cv_c_compiler_gnu=yes
ac_cv_c_const=yes
ac_cv_env_CC_set=set
ac_cv_env_CC_value=' /Users/mikemike/dev/ppc/xnu/xnu-ppc/xnu-792.25.20/gcc_42-5531/build/obj/obj-powerpc-powerpc/./prev-gcc/xgcc -B/Users/mikemike/dev/ppc/xnu/xnu-ppc/xnu-792.25.20/gcc_42-5531/build/obj/obj-powerpc-powerpc/./prev-gcc/ -B/usr/powerpc-apple-darwin8/bin/'
ac_cv_env_CFLAGS_set=set
ac_cv_env_CFLAGS_value='-g -O2 -mdynamic-no-pic'
ac_cv_env_CPPFLAGS_set=
ac_cv_env_CPPFLAGS_value=
ac_cv_env_CPP_set=
ac_cv_env_CPP_value=
ac_cv_env_LDFLAGS_set=set
ac_cv_env_LDFLAGS_value=
ac_cv_env_build_alias_set=set
ac_cv_env_build_alias_value=powerpc-apple-darwin8
ac_cv_env_host_alias_set=set
ac_cv_env_host_alias_value=powerpc-apple-darwin8
ac_cv_env_target_alias_set=set
ac_cv_env_target_alias_value=powerpc-apple-darwin8
ac_cv_exeext=
ac_cv_header_ctype_h=yes
ac_cv_header_inttypes_h=yes
ac_cv_header_memory_h=yes
ac_cv_header_stdc=yes
ac_cv_header_stddef_h=yes
ac_cv_header_stdint_h=yes
ac_cv_header_stdio_h=yes
ac_cv_header_stdlib_h=yes
ac_cv_header_string_h=yes
ac_cv_header_strings_h=yes
ac_cv_header_sys_stat_h=yes
ac_cv_header_sys_types_h=yes
ac_cv_header_unistd_h=yes
ac_cv_objext=o
ac_cv_path_INTLTOOL_PERL=/usr/bin/perl
ac_cv_prog_ACLOCAL=aclocal
ac_cv_prog_AUTOCONF=autoconf
ac_cv_prog_AUTOHEADER=autoheader
ac_cv_prog_CC=' /Users/mikemike/dev/ppc/xnu/xnu-ppc/xnu-792.25.20/gcc_42-5531/build/obj/obj-powerpc-powerpc/./prev-gcc/xgcc -B/Users/mikemike/dev/ppc/xnu/xnu-ppc/xnu-792.25.20/gcc_42-5531/build/obj/obj-powerpc-powerpc/./prev-gcc/ -B/usr/powerpc-apple-darwin8/bin/'
ac_cv_prog_CPP=' /Users/mikemike/dev/ppc/xnu/xnu-ppc/xnu-792.25.20/gcc_42-5531/build/obj/obj-powerpc-powerpc/./prev-gcc/xgcc -B/Users/mikemike/dev/ppc/xnu/xnu-ppc/xnu-792.25.20/gcc_42-5531/build/obj/obj-powerpc-powerpc/./prev-gcc/ -B/usr/powerpc-apple-darwin8/bin/ -E'
ac_cv_prog_RANLIB=ranlib
ac_cv_prog_cc_g=yes
ac_cv_prog_cc_stdc=
ac_cv_prog_egrep='grep -E'
ac_cv_prog_make_make_set=yes
ac_cv_sizeof_int=4
ac_cv_sizeof_long=4
ac_cv_type_int=yes
ac_cv_type_int_fast32_t=yes
ac_cv_type_int_least32_t=yes
ac_cv_type_long=yes
ac_cv_type_off_t=yes
ac_cv_type_u_int64_t=no
ac_cv_type_uint64_t=yes
ac_cv_type_uintmax_t=yes
ac_cv_type_uintptr_t=yes
acx_cv_header_stdint=stdint.h
acx_cv_header_stdint_kind='(already complete)'
acx_cv_prog_cc_pedantic__Wno_long_long=yes
acx_cv_prog_cc_warning__W=yes
acx_cv_prog_cc_warning__Wall=yes
acx_cv_prog_cc_warning__Wcast_qual=yes
acx_cv_prog_cc_warning__Wmissing_format_attribute=yes
acx_cv_prog_cc_warning__Wmissing_prototypes=yes
acx_cv_prog_cc_warning__Wold_style_definition=yes
acx_cv_prog_cc_warning__Wstrict_prototypes=yes
acx_cv_prog_cc_warning__Wwrite_strings=yes

## ----------------- ##
## Output variables. ##
## ----------------- ##

ACLOCAL='aclocal'
AUTOCONF='autoconf'
AUTOHEADER='autoheader'
CC=' /Users/mikemike/dev/ppc/xnu/xnu-ppc/xnu-792.25.20/gcc_42-5531/build/obj/obj-powerpc-powerpc/./prev-gcc/xgcc -B/Users/mikemike/dev/ppc/xnu/xnu-ppc/xnu-792.25.20/gcc_42-5531/build/obj/obj-powerpc-powerpc/./prev-gcc/ -B/usr/powerpc-apple-darwin8/bin/'
CFLAGS='-g -O2 -mdynamic-no-pic'
CPP=' /Users/mikemike/dev/ppc/xnu/xnu-ppc/xnu-792.25.20/gcc_42-5531/build/obj/obj-powerpc-powerpc/./prev-gcc/xgcc -B/Users/mikemike/dev/ppc/xnu/xnu-ppc/xnu-792.25.20/gcc_42-5531/build/obj/obj-powerpc-powerpc/./prev-gcc/ -B/usr/powerpc-apple-darwin8/bin/ -E'
CPPFLAGS=''
DEFS='-DHAVE_CONFIG_H'
ECHO_C=''
ECHO_N='-n'
ECHO_T=''
EGREP='grep -E'
EXEEXT=''
LDFLAGS=''
LIBOBJS=''
LIBS=''
LTLIBOBJS=''
MAINT='#'
OBJEXT='o'
PACKAGE_BUGREPORT='gcc-bugs@gcc.gnu.org'
PACKAGE_NAME='libdecnumber'
PACKAGE_STRING='libdecnumber  '
PACKAGE_TARNAME='libdecnumber'
PACKAGE_VERSION=' '
PATH_SEPARATOR=':'
RANLIB='ranlib'
SET_MAKE=''
SHELL='/bin/sh'
WARN_CFLAGS='-W -Wall -Wwrite-strings -Wstrict-prototypes -Wmissing-prototypes -Wold-style-definition -Wmissing-format-attribute -Wcast-qual'
WARN_PEDANTIC='-pedantic -Wno-long-long'
WERROR='-Werror'
ac_ct_CC=''
ac_ct_RANLIB=''
bindir='${exec_prefix}/bin'
build_alias='powerpc-apple-darwin8'
datadir='${prefix}/share'
exec_prefix='${prefix}'
host_alias='powerpc-apple-darwin8'
includedir='${prefix}/include'
infodir='${prefix}/info'
libdir='${exec_prefix}/lib'
libexecdir='${exec_prefix}/libexec'
localstatedir='${prefix}/var'
mandir='${prefix}/share/man'
oldincludedir='/usr/include'
prefix='/usr'
program_transform_name='/^[cg][^.-]*$/s/$/-4.2/'
sbindir='${exec_prefix}/sbin'
sharedstatedir='${prefix}/com'
sysconfdir='${prefix}/etc'
target_alias='powerpc-apple-darwin8'

## ----------- ##
## confdefs.h. ##
## ----------- ##

#define HAVE_CTYPE_H 1
#define HAVE_INTTYPES_H 1
#define HAVE_MEMORY_H 1
#define HAVE_STDDEF_H 1
#define HAVE_STDINT_H 1
#define HAVE_STDIO_H 1
#define HAVE_STDLIB_H 1
#define HAVE_STRINGS_H 1
#define HAVE_STRING_H 1
#define HAVE_STRING_H 1
#define HAVE_SYS_STAT_H 1
#define HAVE_SYS_TYPES_H 1
#define HAVE_UNISTD_H 1
#define PACKAGE_BUGREPORT "gcc-bugs@gcc.gnu.org"
#define PACKAGE_NAME "libdecnumber"
#define PACKAGE_STRING "libdecnumber  "
#define PACKAGE_TARNAME "libdecnumber"
#define PACKAGE_VERSION " "
#define SIZEOF_INT 4
#define SIZEOF_LONG 4
#define STDC_HEADERS 1
#define STDC_HEADERS 1

configure: exit 0
