This file contains any messages produced by compilers while
running configure, to aid debugging if configure makes a mistake.

It was created by fixincludes configure  , which was
generated by GNU Autoconf 2.59.  Invocation command line was

  $ /Users/mikemike/dev/ppc/xnu/xnu-ppc/xnu-792.25.20/gcc_42-5531/build/obj/src/fixincludes/configure --cache-file=../config.cache --build=powerpc-apple-darwin8 --host=powerpc-apple-darwin8 --target=powerpc-apple-darwin8 --disable-checking -enable-werror --prefix=/usr --mandir=${prefix}/share/man --program-transform-name=/^[cg][^.-]*$/s/$/-4.2/ --with-gxx-include-dir=${prefix}/include/c++/4.0.0 --with-slibdir=/usr/lib --enable-languages=c,c++,objc,obj-c++ --program-transform-name=/^[cg][^.-]*$/s/$/-4.2/ --with-build-subdir=build-powerpc-apple-darwin8 --srcdir=/Users/mikemike/dev/ppc/xnu/xnu-ppc/xnu-792.25.20/gcc_42-5531/build/obj/src/fixincludes

## --------- ##
## Platform. ##
## --------- ##

hostname = mike-mikes-powerbook-g4-15.local
uname -m = Power Macintosh
uname -r = 8.11.0
uname -s = Darwin
uname -v = Darwin Kernel Version 8.11.0: Wed Oct 10 18:26:00 PDT 2007; root:xnu-792.24.17~1/RELEASE_PPC

/usr/bin/uname -p = powerpc
/bin/uname -X     = unknown

/bin/arch              = unknown
/usr/bin/arch -k       = unknown
/usr/convex/getsysinfo = unknown
hostinfo               = Mach kernel version:
	 Darwin Kernel Version 8.11.0: Wed Oct 10 18:26:00 PDT 2007; root:xnu-792.24.17~1/RELEASE_PPC
Kernel configured for a single processor only.
1 processor is physically available.
Processor type: ppc7450 (PowerPC 7450)
Processor active: 0
Primary memory available: 1.50 gigabytes
Default processor set: 104 tasks, 215 threads, 1 processors
Load average: 2.47, Mach factor: 0.20
/bin/machine           = unknown
/usr/bin/oslevel       = unknown
/bin/universe          = unknown

PATH: /opt/local/bin
PATH: /opt/local/sbin
PATH: /sw/bin
PATH: /sw/sbin
PATH: /bin
PATH: /sbin
PATH: /usr/bin
PATH: /usr/sbin
PATH: /usr/X11R6/bin


## ----------- ##
## Core tests. ##
## ----------- ##

configure:1221: loading cache ../config.cache
configure:1349: checking build system type
configure:1367: result: powerpc-apple-darwin8
configure:1375: checking host system type
configure:1389: result: powerpc-apple-darwin8
configure:1397: checking target system type
configure:1411: result: powerpc-apple-darwin8
configure:1433: checking for powerpc-apple-darwin8-gcc
configure:1459: result: gcc
configure:1741: checking for C compiler version
configure:1744: gcc --version </dev/null >&5
powerpc-apple-darwin8-gcc-4.0.1 (GCC) 4.0.1 (Apple Computer, Inc. build 5370)
Copyright (C) 2005 Free Software Foundation, Inc.
This is free software; see the source for copying conditions.  There is NO
warranty; not even for MERCHANTABILITY or FITNESS FOR A PARTICULAR PURPOSE.

configure:1747: $? = 0
configure:1749: gcc -v </dev/null >&5
Using built-in specs.
Target: powerpc-apple-darwin8
Configured with: /var/tmp/gcc/gcc-5370~2/src/configure --disable-checking -enable-werror --prefix=/usr --mandir=/share/man --enable-languages=c,objc,c++,obj-c++ --program-transform-name=/^[cg][^.-]*$/s/$/-4.0/ --with-gxx-include-dir=/include/c++/4.0.0 --with-slibdir=/usr/lib --build=powerpc-apple-darwin8 --host=powerpc-apple-darwin8 --target=powerpc-apple-darwin8
Thread model: posix
gcc version 4.0.1 (Apple Computer, Inc. build 5370)
configure:1752: $? = 0
configure:1754: gcc -V </dev/null >&5
gcc: argument to `-V' is missing
configure:1757: $? = 1
configure:1780: checking for C compiler default output file name
configure:1783: gcc -g -O2   conftest.c  >&5
configure:1786: $? = 0
configure:1832: result: a.out
configure:1837: checking whether the C compiler works
configure:1843: ./a.out
configure:1846: $? = 0
configure:1863: result: yes
configure:1870: checking whether we are cross compiling
configure:1872: result: no
configure:1875: checking for suffix of executables
configure:1877: gcc -o conftest -g -O2   conftest.c  >&5
configure:1880: $? = 0
configure:1905: result: 
configure:1911: checking for suffix of object files
configure:1957: result: o
configure:1961: checking whether we are using the GNU C compiler
configure:2017: result: yes
configure:2023: checking whether gcc accepts -g
configure:2074: result: yes
configure:2091: checking for gcc option to accept ANSI C
configure:2198: result: none needed
configure:2216: gcc -c -g -O2  conftest.c >&5
conftest.c:2: error: parse error before 'me'
configure:2222: $? = 1
configure: failed program was:
| #ifndef __cplusplus
|   choke me
| #endif
configure:2367: checking whether gcc supports -W
configure:2389: gcc -c -W  conftest.c >&5
configure:2395: $? = 0
configure:2399: test -z 
			 || test ! -s conftest.err
configure:2402: $? = 0
configure:2405: test -s conftest.o
configure:2408: $? = 0
configure:2420: result: yes
configure:2367: checking whether gcc supports -Wall
configure:2389: gcc -c -Wall  conftest.c >&5
configure:2395: $? = 0
configure:2399: test -z 
			 || test ! -s conftest.err
configure:2402: $? = 0
configure:2405: test -s conftest.o
configure:2408: $? = 0
configure:2420: result: yes
configure:2367: checking whether gcc supports -Wwrite-strings
configure:2389: gcc -c -Wwrite-strings  conftest.c >&5
configure:2395: $? = 0
configure:2399: test -z 
			 || test ! -s conftest.err
configure:2402: $? = 0
configure:2405: test -s conftest.o
configure:2408: $? = 0
configure:2420: result: yes
configure:2367: checking whether gcc supports -Wstrict-prototypes
configure:2389: gcc -c -Wstrict-prototypes  conftest.c >&5
conftest.c:12: warning: function declaration isn't a prototype
configure:2395: $? = 0
configure:2399: test -z 
			 || test ! -s conftest.err
configure:2402: $? = 0
configure:2405: test -s conftest.o
configure:2408: $? = 0
configure:2420: result: yes
configure:2367: checking whether gcc supports -Wmissing-prototypes
configure:2389: gcc -c -Wmissing-prototypes  conftest.c >&5
configure:2395: $? = 0
configure:2399: test -z 
			 || test ! -s conftest.err
configure:2402: $? = 0
configure:2405: test -s conftest.o
configure:2408: $? = 0
configure:2420: result: yes
configure:2367: checking whether gcc supports -Wold-style-definition
configure:2389: gcc -c -Wold-style-definition  conftest.c >&5
conftest.c: In function 'main':
conftest.c:12: warning: old-style function definition
configure:2395: $? = 0
configure:2399: test -z 
			 || test ! -s conftest.err
configure:2402: $? = 0
configure:2405: test -s conftest.o
configure:2408: $? = 0
configure:2420: result: yes
configure:2367: checking whether gcc supports -Wmissing-format-attribute
configure:2389: gcc -c -Wmissing-format-attribute  conftest.c >&5
cc1: warning: -Wmissing-format-attribute ignored without -Wformat
configure:2395: $? = 0
configure:2399: test -z 
			 || test ! -s conftest.err
configure:2402: $? = 0
configure:2405: test -s conftest.o
configure:2408: $? = 0
configure:2420: result: yes
configure:2367: checking whether gcc supports -Wno-overlength-strings
configure:2389: gcc -c -Wno-overlength-strings  conftest.c >&5
cc1: error: unrecognized command line option "-Wno-overlength-strings"
configure:2395: $? = 1
configure: failed program was:
| /* confdefs.h.  */
| 
| #define PACKAGE_NAME "fixincludes"
| #define PACKAGE_TARNAME "fixincludes"
| #define PACKAGE_VERSION " "
| #define PACKAGE_STRING "fixincludes  "
| #define PACKAGE_BUGREPORT ""
| /* end confdefs.h.  */
| 
| int
| main ()
| {
| 
|   ;
|   return 0;
| }
configure:2420: result: no
configure:2431: checking whether gcc supports -pedantic -Wno-long-long
configure:2454: gcc -c -pedantic -Wno-long-long  conftest.c >&5
configure:2460: $? = 0
configure:2464: test -z 
			 || test ! -s conftest.err
configure:2467: $? = 0
configure:2470: test -s conftest.o
configure:2473: $? = 0
configure:2485: result: yes
configure:2612: checking how to run the C preprocessor
configure:2730: result: gcc -E
configure:2754: gcc -E  conftest.c
configure:2760: $? = 0
configure:2792: gcc -E  conftest.c
conftest.c:10:28: error: ac_nonexistent.h: No such file or directory
configure:2798: $? = 1
configure: failed program was:
| /* confdefs.h.  */
| 
| #define PACKAGE_NAME "fixincludes"
| #define PACKAGE_TARNAME "fixincludes"
| #define PACKAGE_VERSION " "
| #define PACKAGE_STRING "fixincludes  "
| #define PACKAGE_BUGREPORT ""
| #define EXE_EXT ""
| /* end confdefs.h.  */
| #include <ac_nonexistent.h>
configure:2842: checking for egrep
configure:2852: result: grep -E
configure:2857: checking for ANSI C header files
configure:3010: result: yes
configure:3034: checking for sys/types.h
configure:3080: result: yes
configure:3034: checking for sys/stat.h
configure:3080: result: yes
configure:3034: checking for stdlib.h
configure:3080: result: yes
configure:3034: checking for string.h
configure:3080: result: yes
configure:3034: checking for memory.h
configure:3080: result: yes
configure:3034: checking for strings.h
configure:3080: result: yes
configure:3034: checking for inttypes.h
configure:3080: result: yes
configure:3034: checking for stdint.h
configure:3080: result: yes
configure:3034: checking for unistd.h
configure:3080: result: yes
configure:3113: checking stddef.h usability
configure:3125: gcc -c -g -O2  conftest.c >&5
configure:3131: $? = 0
configure:3135: test -z 
			 || test ! -s conftest.err
configure:3138: $? = 0
configure:3141: test -s conftest.o
configure:3144: $? = 0
configure:3154: result: yes
configure:3158: checking stddef.h presence
configure:3168: gcc -E  conftest.c
configure:3174: $? = 0
configure:3194: result: yes
configure:3229: checking for stddef.h
configure:3236: result: yes
configure:3104: checking for stdlib.h
configure:3109: result: yes
configure:3104: checking for strings.h
configure:3109: result: yes
configure:3104: checking for unistd.h
configure:3109: result: yes
configure:3104: checking for fcntl.h
configure:3109: result: yes
configure:3104: checking for sys/file.h
configure:3109: result: yes
configure:3104: checking for sys/stat.h
configure:3109: result: yes
configure:3269: checking for clearerr_unlocked
configure:3326: gcc -o conftest -g -O2   conftest.c  >&5
configure:3332: $? = 0
configure:3336: test -z 
			 || test ! -s conftest.err
configure:3339: $? = 0
configure:3342: test -s conftest
configure:3345: $? = 0
configure:3357: result: yes
configure:3269: checking for feof_unlocked
configure:3326: gcc -o conftest -g -O2   conftest.c  >&5
configure:3332: $? = 0
configure:3336: test -z 
			 || test ! -s conftest.err
configure:3339: $? = 0
configure:3342: test -s conftest
configure:3345: $? = 0
configure:3357: result: yes
configure:3269: checking for ferror_unlocked
configure:3326: gcc -o conftest -g -O2   conftest.c  >&5
configure:3332: $? = 0
configure:3336: test -z 
			 || test ! -s conftest.err
configure:3339: $? = 0
configure:3342: test -s conftest
configure:3345: $? = 0
configure:3357: result: yes
configure:3269: checking for fflush_unlocked
configure:3326: gcc -o conftest -g -O2   conftest.c  >&5
/usr/libexec/gcc/powerpc-apple-darwin8/4.0.1/ld: Undefined symbols:
_fflush_unlocked
collect2: ld returned 1 exit status
configure:3332: $? = 1
configure: failed program was:
| /* confdefs.h.  */
| 
| #define PACKAGE_NAME "fixincludes"
| #define PACKAGE_TARNAME "fixincludes"
| #define PACKAGE_VERSION " "
| #define PACKAGE_STRING "fixincludes  "
| #define PACKAGE_BUGREPORT ""
| #define EXE_EXT ""
| #define STDC_HEADERS 1
| #define HAVE_SYS_TYPES_H 1
| #define HAVE_SYS_STAT_H 1
| #define HAVE_STDLIB_H 1
| #define HAVE_STRING_H 1
| #define HAVE_MEMORY_H 1
| #define HAVE_STRINGS_H 1
| #define HAVE_INTTYPES_H 1
| #define HAVE_STDINT_H 1
| #define HAVE_UNISTD_H 1
| #define HAVE_STDDEF_H 1
| #define HAVE_STDLIB_H 1
| #define HAVE_STRINGS_H 1
| #define HAVE_UNISTD_H 1
| #define HAVE_FCNTL_H 1
| #define HAVE_SYS_FILE_H 1
| #define HAVE_SYS_STAT_H 1
| #define HAVE_CLEARERR_UNLOCKED 1
| #define HAVE_FEOF_UNLOCKED 1
| #define HAVE_FERROR_UNLOCKED 1
| /* end confdefs.h.  */
| /* Define fflush_unlocked to an innocuous variant, in case <limits.h> declares fflush_unlocked.
|    For example, HP-UX 11i <limits.h> declares gettimeofday.  */
| #define fflush_unlocked innocuous_fflush_unlocked
| 
| /* System header to define __stub macros and hopefully few prototypes,
|     which can conflict with char fflush_unlocked (); below.
|     Prefer <limits.h> to <assert.h> if __STDC__ is defined, since
|     <limits.h> exists even on freestanding compilers.  */
| 
| #ifdef __STDC__
| # include <limits.h>
| #else
| # include <assert.h>
| #endif
| 
| #undef fflush_unlocked
| 
| /* Override any gcc2 internal prototype to avoid an error.  */
| #ifdef __cplusplus
| extern "C"
| {
| #endif
| /* We use char because int might match the return type of a gcc2
|    builtin and then its argument prototype would still apply.  */
| char fflush_unlocked ();
| /* The GNU C library defines this for functions which it implements
|     to always fail with ENOSYS.  Some functions are actually named
|     something starting with __ and the normal name is an alias.  */
| #if defined (__stub_fflush_unlocked) || defined (__stub___fflush_unlocked)
| choke me
| #else
| char (*f) () = fflush_unlocked;
| #endif
| #ifdef __cplusplus
| }
| #endif
| 
| int
| main ()
| {
| return f != fflush_unlocked;
|   ;
|   return 0;
| }
configure:3357: result: no
configure:3269: checking for fgetc_unlocked
configure:3326: gcc -o conftest -g -O2   conftest.c  >&5
/usr/libexec/gcc/powerpc-apple-darwin8/4.0.1/ld: Undefined symbols:
_fgetc_unlocked
collect2: ld returned 1 exit status
configure:3332: $? = 1
configure: failed program was:
| /* confdefs.h.  */
| 
| #define PACKAGE_NAME "fixincludes"
| #define PACKAGE_TARNAME "fixincludes"
| #define PACKAGE_VERSION " "
| #define PACKAGE_STRING "fixincludes  "
| #define PACKAGE_BUGREPORT ""
| #define EXE_EXT ""
| #define STDC_HEADERS 1
| #define HAVE_SYS_TYPES_H 1
| #define HAVE_SYS_STAT_H 1
| #define HAVE_STDLIB_H 1
| #define HAVE_STRING_H 1
| #define HAVE_MEMORY_H 1
| #define HAVE_STRINGS_H 1
| #define HAVE_INTTYPES_H 1
| #define HAVE_STDINT_H 1
| #define HAVE_UNISTD_H 1
| #define HAVE_STDDEF_H 1
| #define HAVE_STDLIB_H 1
| #define HAVE_STRINGS_H 1
| #define HAVE_UNISTD_H 1
| #define HAVE_FCNTL_H 1
| #define HAVE_SYS_FILE_H 1
| #define HAVE_SYS_STAT_H 1
| #define HAVE_CLEARERR_UNLOCKED 1
| #define HAVE_FEOF_UNLOCKED 1
| #define HAVE_FERROR_UNLOCKED 1
| /* end confdefs.h.  */
| /* Define fgetc_unlocked to an innocuous variant, in case <limits.h> declares fgetc_unlocked.
|    For example, HP-UX 11i <limits.h> declares gettimeofday.  */
| #define fgetc_unlocked innocuous_fgetc_unlocked
| 
| /* System header to define __stub macros and hopefully few prototypes,
|     which can conflict with char fgetc_unlocked (); below.
|     Prefer <limits.h> to <assert.h> if __STDC__ is defined, since
|     <limits.h> exists even on freestanding compilers.  */
| 
| #ifdef __STDC__
| # include <limits.h>
| #else
| # include <assert.h>
| #endif
| 
| #undef fgetc_unlocked
| 
| /* Override any gcc2 internal prototype to avoid an error.  */
| #ifdef __cplusplus
| extern "C"
| {
| #endif
| /* We use char because int might match the return type of a gcc2
|    builtin and then its argument prototype would still apply.  */
| char fgetc_unlocked ();
| /* The GNU C library defines this for functions which it implements
|     to always fail with ENOSYS.  Some functions are actually named
|     something starting with __ and the normal name is an alias.  */
| #if defined (__stub_fgetc_unlocked) || defined (__stub___fgetc_unlocked)
| choke me
| #else
| char (*f) () = fgetc_unlocked;
| #endif
| #ifdef __cplusplus
| }
| #endif
| 
| int
| main ()
| {
| return f != fgetc_unlocked;
|   ;
|   return 0;
| }
configure:3357: result: no
configure:3269: checking for fgets_unlocked
configure:3326: gcc -o conftest -g -O2   conftest.c  >&5
/usr/libexec/gcc/powerpc-apple-darwin8/4.0.1/ld: Undefined symbols:
_fgets_unlocked
collect2: ld returned 1 exit status
configure:3332: $? = 1
configure: failed program was:
| /* confdefs.h.  */
| 
| #define PACKAGE_NAME "fixincludes"
| #define PACKAGE_TARNAME "fixincludes"
| #define PACKAGE_VERSION " "
| #define PACKAGE_STRING "fixincludes  "
| #define PACKAGE_BUGREPORT ""
| #define EXE_EXT ""
| #define STDC_HEADERS 1
| #define HAVE_SYS_TYPES_H 1
| #define HAVE_SYS_STAT_H 1
| #define HAVE_STDLIB_H 1
| #define HAVE_STRING_H 1
| #define HAVE_MEMORY_H 1
| #define HAVE_STRINGS_H 1
| #define HAVE_INTTYPES_H 1
| #define HAVE_STDINT_H 1
| #define HAVE_UNISTD_H 1
| #define HAVE_STDDEF_H 1
| #define HAVE_STDLIB_H 1
| #define HAVE_STRINGS_H 1
| #define HAVE_UNISTD_H 1
| #define HAVE_FCNTL_H 1
| #define HAVE_SYS_FILE_H 1
| #define HAVE_SYS_STAT_H 1
| #define HAVE_CLEARERR_UNLOCKED 1
| #define HAVE_FEOF_UNLOCKED 1
| #define HAVE_FERROR_UNLOCKED 1
| /* end confdefs.h.  */
| /* Define fgets_unlocked to an innocuous variant, in case <limits.h> declares fgets_unlocked.
|    For example, HP-UX 11i <limits.h> declares gettimeofday.  */
| #define fgets_unlocked innocuous_fgets_unlocked
| 
| /* System header to define __stub macros and hopefully few prototypes,
|     which can conflict with char fgets_unlocked (); below.
|     Prefer <limits.h> to <assert.h> if __STDC__ is defined, since
|     <limits.h> exists even on freestanding compilers.  */
| 
| #ifdef __STDC__
| # include <limits.h>
| #else
| # include <assert.h>
| #endif
| 
| #undef fgets_unlocked
| 
| /* Override any gcc2 internal prototype to avoid an error.  */
| #ifdef __cplusplus
| extern "C"
| {
| #endif
| /* We use char because int might match the return type of a gcc2
|    builtin and then its argument prototype would still apply.  */
| char fgets_unlocked ();
| /* The GNU C library defines this for functions which it implements
|     to always fail with ENOSYS.  Some functions are actually named
|     something starting with __ and the normal name is an alias.  */
| #if defined (__stub_fgets_unlocked) || defined (__stub___fgets_unlocked)
| choke me
| #else
| char (*f) () = fgets_unlocked;
| #endif
| #ifdef __cplusplus
| }
| #endif
| 
| int
| main ()
| {
| return f != fgets_unlocked;
|   ;
|   return 0;
| }
configure:3357: result: no
configure:3269: checking for fileno_unlocked
configure:3326: gcc -o conftest -g -O2   conftest.c  >&5
configure:3332: $? = 0
configure:3336: test -z 
			 || test ! -s conftest.err
configure:3339: $? = 0
configure:3342: test -s conftest
configure:3345: $? = 0
configure:3357: result: yes
configure:3269: checking for fprintf_unlocked
configure:3326: gcc -o conftest -g -O2   conftest.c  >&5
conftest.c:55: warning: conflicting types for built-in function 'fprintf_unlocked'
/usr/libexec/gcc/powerpc-apple-darwin8/4.0.1/ld: Undefined symbols:
_fprintf_unlocked
collect2: ld returned 1 exit status
configure:3332: $? = 1
configure: failed program was:
| /* confdefs.h.  */
| 
| #define PACKAGE_NAME "fixincludes"
| #define PACKAGE_TARNAME "fixincludes"
| #define PACKAGE_VERSION " "
| #define PACKAGE_STRING "fixincludes  "
| #define PACKAGE_BUGREPORT ""
| #define EXE_EXT ""
| #define STDC_HEADERS 1
| #define HAVE_SYS_TYPES_H 1
| #define HAVE_SYS_STAT_H 1
| #define HAVE_STDLIB_H 1
| #define HAVE_STRING_H 1
| #define HAVE_MEMORY_H 1
| #define HAVE_STRINGS_H 1
| #define HAVE_INTTYPES_H 1
| #define HAVE_STDINT_H 1
| #define HAVE_UNISTD_H 1
| #define HAVE_STDDEF_H 1
| #define HAVE_STDLIB_H 1
| #define HAVE_STRINGS_H 1
| #define HAVE_UNISTD_H 1
| #define HAVE_FCNTL_H 1
| #define HAVE_SYS_FILE_H 1
| #define HAVE_SYS_STAT_H 1
| #define HAVE_CLEARERR_UNLOCKED 1
| #define HAVE_FEOF_UNLOCKED 1
| #define HAVE_FERROR_UNLOCKED 1
| #define HAVE_FILENO_UNLOCKED 1
| /* end confdefs.h.  */
| /* Define fprintf_unlocked to an innocuous variant, in case <limits.h> declares fprintf_unlocked.
|    For example, HP-UX 11i <limits.h> declares gettimeofday.  */
| #define fprintf_unlocked innocuous_fprintf_unlocked
| 
| /* System header to define __stub macros and hopefully few prototypes,
|     which can conflict with char fprintf_unlocked (); below.
|     Prefer <limits.h> to <assert.h> if __STDC__ is defined, since
|     <limits.h> exists even on freestanding compilers.  */
| 
| #ifdef __STDC__
| # include <limits.h>
| #else
| # include <assert.h>
| #endif
| 
| #undef fprintf_unlocked
| 
| /* Override any gcc2 internal prototype to avoid an error.  */
| #ifdef __cplusplus
| extern "C"
| {
| #endif
| /* We use char because int might match the return type of a gcc2
|    builtin and then its argument prototype would still apply.  */
| char fprintf_unlocked ();
| /* The GNU C library defines this for functions which it implements
|     to always fail with ENOSYS.  Some functions are actually named
|     something starting with __ and the normal name is an alias.  */
| #if defined (__stub_fprintf_unlocked) || defined (__stub___fprintf_unlocked)
| choke me
| #else
| char (*f) () = fprintf_unlocked;
| #endif
| #ifdef __cplusplus
| }
| #endif
| 
| int
| main ()
| {
| return f != fprintf_unlocked;
|   ;
|   return 0;
| }
configure:3357: result: no
configure:3269: checking for fputc_unlocked
configure:3326: gcc -o conftest -g -O2   conftest.c  >&5
conftest.c:55: warning: conflicting types for built-in function 'fputc_unlocked'
/usr/libexec/gcc/powerpc-apple-darwin8/4.0.1/ld: Undefined symbols:
_fputc_unlocked
collect2: ld returned 1 exit status
configure:3332: $? = 1
configure: failed program was:
| /* confdefs.h.  */
| 
| #define PACKAGE_NAME "fixincludes"
| #define PACKAGE_TARNAME "fixincludes"
| #define PACKAGE_VERSION " "
| #define PACKAGE_STRING "fixincludes  "
| #define PACKAGE_BUGREPORT ""
| #define EXE_EXT ""
| #define STDC_HEADERS 1
| #define HAVE_SYS_TYPES_H 1
| #define HAVE_SYS_STAT_H 1
| #define HAVE_STDLIB_H 1
| #define HAVE_STRING_H 1
| #define HAVE_MEMORY_H 1
| #define HAVE_STRINGS_H 1
| #define HAVE_INTTYPES_H 1
| #define HAVE_STDINT_H 1
| #define HAVE_UNISTD_H 1
| #define HAVE_STDDEF_H 1
| #define HAVE_STDLIB_H 1
| #define HAVE_STRINGS_H 1
| #define HAVE_UNISTD_H 1
| #define HAVE_FCNTL_H 1
| #define HAVE_SYS_FILE_H 1
| #define HAVE_SYS_STAT_H 1
| #define HAVE_CLEARERR_UNLOCKED 1
| #define HAVE_FEOF_UNLOCKED 1
| #define HAVE_FERROR_UNLOCKED 1
| #define HAVE_FILENO_UNLOCKED 1
| /* end confdefs.h.  */
| /* Define fputc_unlocked to an innocuous variant, in case <limits.h> declares fputc_unlocked.
|    For example, HP-UX 11i <limits.h> declares gettimeofday.  */
| #define fputc_unlocked innocuous_fputc_unlocked
| 
| /* System header to define __stub macros and hopefully few prototypes,
|     which can conflict with char fputc_unlocked (); below.
|     Prefer <limits.h> to <assert.h> if __STDC__ is defined, since
|     <limits.h> exists even on freestanding compilers.  */
| 
| #ifdef __STDC__
| # include <limits.h>
| #else
| # include <assert.h>
| #endif
| 
| #undef fputc_unlocked
| 
| /* Override any gcc2 internal prototype to avoid an error.  */
| #ifdef __cplusplus
| extern "C"
| {
| #endif
| /* We use char because int might match the return type of a gcc2
|    builtin and then its argument prototype would still apply.  */
| char fputc_unlocked ();
| /* The GNU C library defines this for functions which it implements
|     to always fail with ENOSYS.  Some functions are actually named
|     something starting with __ and the normal name is an alias.  */
| #if defined (__stub_fputc_unlocked) || defined (__stub___fputc_unlocked)
| choke me
| #else
| char (*f) () = fputc_unlocked;
| #endif
| #ifdef __cplusplus
| }
| #endif
| 
| int
| main ()
| {
| return f != fputc_unlocked;
|   ;
|   return 0;
| }
configure:3357: result: no
configure:3269: checking for fputs_unlocked
configure:3326: gcc -o conftest -g -O2   conftest.c  >&5
conftest.c:55: warning: conflicting types for built-in function 'fputs_unlocked'
/usr/libexec/gcc/powerpc-apple-darwin8/4.0.1/ld: Undefined symbols:
_fputs_unlocked
collect2: ld returned 1 exit status
configure:3332: $? = 1
configure: failed program was:
| /* confdefs.h.  */
| 
| #define PACKAGE_NAME "fixincludes"
| #define PACKAGE_TARNAME "fixincludes"
| #define PACKAGE_VERSION " "
| #define PACKAGE_STRING "fixincludes  "
| #define PACKAGE_BUGREPORT ""
| #define EXE_EXT ""
| #define STDC_HEADERS 1
| #define HAVE_SYS_TYPES_H 1
| #define HAVE_SYS_STAT_H 1
| #define HAVE_STDLIB_H 1
| #define HAVE_STRING_H 1
| #define HAVE_MEMORY_H 1
| #define HAVE_STRINGS_H 1
| #define HAVE_INTTYPES_H 1
| #define HAVE_STDINT_H 1
| #define HAVE_UNISTD_H 1
| #define HAVE_STDDEF_H 1
| #define HAVE_STDLIB_H 1
| #define HAVE_STRINGS_H 1
| #define HAVE_UNISTD_H 1
| #define HAVE_FCNTL_H 1
| #define HAVE_SYS_FILE_H 1
| #define HAVE_SYS_STAT_H 1
| #define HAVE_CLEARERR_UNLOCKED 1
| #define HAVE_FEOF_UNLOCKED 1
| #define HAVE_FERROR_UNLOCKED 1
| #define HAVE_FILENO_UNLOCKED 1
| /* end confdefs.h.  */
| /* Define fputs_unlocked to an innocuous variant, in case <limits.h> declares fputs_unlocked.
|    For example, HP-UX 11i <limits.h> declares gettimeofday.  */
| #define fputs_unlocked innocuous_fputs_unlocked
| 
| /* System header to define __stub macros and hopefully few prototypes,
|     which can conflict with char fputs_unlocked (); below.
|     Prefer <limits.h> to <assert.h> if __STDC__ is defined, since
|     <limits.h> exists even on freestanding compilers.  */
| 
| #ifdef __STDC__
| # include <limits.h>
| #else
| # include <assert.h>
| #endif
| 
| #undef fputs_unlocked
| 
| /* Override any gcc2 internal prototype to avoid an error.  */
| #ifdef __cplusplus
| extern "C"
| {
| #endif
| /* We use char because int might match the return type of a gcc2
|    builtin and then its argument prototype would still apply.  */
| char fputs_unlocked ();
| /* The GNU C library defines this for functions which it implements
|     to always fail with ENOSYS.  Some functions are actually named
|     something starting with __ and the normal name is an alias.  */
| #if defined (__stub_fputs_unlocked) || defined (__stub___fputs_unlocked)
| choke me
| #else
| char (*f) () = fputs_unlocked;
| #endif
| #ifdef __cplusplus
| }
| #endif
| 
| int
| main ()
| {
| return f != fputs_unlocked;
|   ;
|   return 0;
| }
configure:3357: result: no
configure:3269: checking for fread_unlocked
configure:3326: gcc -o conftest -g -O2   conftest.c  >&5
/usr/libexec/gcc/powerpc-apple-darwin8/4.0.1/ld: Undefined symbols:
_fread_unlocked
collect2: ld returned 1 exit status
configure:3332: $? = 1
configure: failed program was:
| /* confdefs.h.  */
| 
| #define PACKAGE_NAME "fixincludes"
| #define PACKAGE_TARNAME "fixincludes"
| #define PACKAGE_VERSION " "
| #define PACKAGE_STRING "fixincludes  "
| #define PACKAGE_BUGREPORT ""
| #define EXE_EXT ""
| #define STDC_HEADERS 1
| #define HAVE_SYS_TYPES_H 1
| #define HAVE_SYS_STAT_H 1
| #define HAVE_STDLIB_H 1
| #define HAVE_STRING_H 1
| #define HAVE_MEMORY_H 1
| #define HAVE_STRINGS_H 1
| #define HAVE_INTTYPES_H 1
| #define HAVE_STDINT_H 1
| #define HAVE_UNISTD_H 1
| #define HAVE_STDDEF_H 1
| #define HAVE_STDLIB_H 1
| #define HAVE_STRINGS_H 1
| #define HAVE_UNISTD_H 1
| #define HAVE_FCNTL_H 1
| #define HAVE_SYS_FILE_H 1
| #define HAVE_SYS_STAT_H 1
| #define HAVE_CLEARERR_UNLOCKED 1
| #define HAVE_FEOF_UNLOCKED 1
| #define HAVE_FERROR_UNLOCKED 1
| #define HAVE_FILENO_UNLOCKED 1
| /* end confdefs.h.  */
| /* Define fread_unlocked to an innocuous variant, in case <limits.h> declares fread_unlocked.
|    For example, HP-UX 11i <limits.h> declares gettimeofday.  */
| #define fread_unlocked innocuous_fread_unlocked
| 
| /* System header to define __stub macros and hopefully few prototypes,
|     which can conflict with char fread_unlocked (); below.
|     Prefer <limits.h> to <assert.h> if __STDC__ is defined, since
|     <limits.h> exists even on freestanding compilers.  */
| 
| #ifdef __STDC__
| # include <limits.h>
| #else
| # include <assert.h>
| #endif
| 
| #undef fread_unlocked
| 
| /* Override any gcc2 internal prototype to avoid an error.  */
| #ifdef __cplusplus
| extern "C"
| {
| #endif
| /* We use char because int might match the return type of a gcc2
|    builtin and then its argument prototype would still apply.  */
| char fread_unlocked ();
| /* The GNU C library defines this for functions which it implements
|     to always fail with ENOSYS.  Some functions are actually named
|     something starting with __ and the normal name is an alias.  */
| #if defined (__stub_fread_unlocked) || defined (__stub___fread_unlocked)
| choke me
| #else
| char (*f) () = fread_unlocked;
| #endif
| #ifdef __cplusplus
| }
| #endif
| 
| int
| main ()
| {
| return f != fread_unlocked;
|   ;
|   return 0;
| }
configure:3357: result: no
configure:3269: checking for fwrite_unlocked
configure:3326: gcc -o conftest -g -O2   conftest.c  >&5
conftest.c:55: warning: conflicting types for built-in function 'fwrite_unlocked'
/usr/libexec/gcc/powerpc-apple-darwin8/4.0.1/ld: Undefined symbols:
_fwrite_unlocked
collect2: ld returned 1 exit status
configure:3332: $? = 1
configure: failed program was:
| /* confdefs.h.  */
| 
| #define PACKAGE_NAME "fixincludes"
| #define PACKAGE_TARNAME "fixincludes"
| #define PACKAGE_VERSION " "
| #define PACKAGE_STRING "fixincludes  "
| #define PACKAGE_BUGREPORT ""
| #define EXE_EXT ""
| #define STDC_HEADERS 1
| #define HAVE_SYS_TYPES_H 1
| #define HAVE_SYS_STAT_H 1
| #define HAVE_STDLIB_H 1
| #define HAVE_STRING_H 1
| #define HAVE_MEMORY_H 1
| #define HAVE_STRINGS_H 1
| #define HAVE_INTTYPES_H 1
| #define HAVE_STDINT_H 1
| #define HAVE_UNISTD_H 1
| #define HAVE_STDDEF_H 1
| #define HAVE_STDLIB_H 1
| #define HAVE_STRINGS_H 1
| #define HAVE_UNISTD_H 1
| #define HAVE_FCNTL_H 1
| #define HAVE_SYS_FILE_H 1
| #define HAVE_SYS_STAT_H 1
| #define HAVE_CLEARERR_UNLOCKED 1
| #define HAVE_FEOF_UNLOCKED 1
| #define HAVE_FERROR_UNLOCKED 1
| #define HAVE_FILENO_UNLOCKED 1
| /* end confdefs.h.  */
| /* Define fwrite_unlocked to an innocuous variant, in case <limits.h> declares fwrite_unlocked.
|    For example, HP-UX 11i <limits.h> declares gettimeofday.  */
| #define fwrite_unlocked innocuous_fwrite_unlocked
| 
| /* System header to define __stub macros and hopefully few prototypes,
|     which can conflict with char fwrite_unlocked (); below.
|     Prefer <limits.h> to <assert.h> if __STDC__ is defined, since
|     <limits.h> exists even on freestanding compilers.  */
| 
| #ifdef __STDC__
| # include <limits.h>
| #else
| # include <assert.h>
| #endif
| 
| #undef fwrite_unlocked
| 
| /* Override any gcc2 internal prototype to avoid an error.  */
| #ifdef __cplusplus
| extern "C"
| {
| #endif
| /* We use char because int might match the return type of a gcc2
|    builtin and then its argument prototype would still apply.  */
| char fwrite_unlocked ();
| /* The GNU C library defines this for functions which it implements
|     to always fail with ENOSYS.  Some functions are actually named
|     something starting with __ and the normal name is an alias.  */
| #if defined (__stub_fwrite_unlocked) || defined (__stub___fwrite_unlocked)
| choke me
| #else
| char (*f) () = fwrite_unlocked;
| #endif
| #ifdef __cplusplus
| }
| #endif
| 
| int
| main ()
| {
| return f != fwrite_unlocked;
|   ;
|   return 0;
| }
configure:3357: result: no
configure:3269: checking for getchar_unlocked
configure:3326: gcc -o conftest -g -O2   conftest.c  >&5
configure:3332: $? = 0
configure:3336: test -z 
			 || test ! -s conftest.err
configure:3339: $? = 0
configure:3342: test -s conftest
configure:3345: $? = 0
configure:3357: result: yes
configure:3269: checking for getc_unlocked
configure:3326: gcc -o conftest -g -O2   conftest.c  >&5
configure:3332: $? = 0
configure:3336: test -z 
			 || test ! -s conftest.err
configure:3339: $? = 0
configure:3342: test -s conftest
configure:3345: $? = 0
configure:3357: result: yes
configure:3269: checking for putchar_unlocked
configure:3326: gcc -o conftest -g -O2   conftest.c  >&5
conftest.c:57: warning: conflicting types for built-in function 'putchar_unlocked'
configure:3332: $? = 0
configure:3336: test -z 
			 || test ! -s conftest.err
configure:3339: $? = 0
configure:3342: test -s conftest
configure:3345: $? = 0
configure:3357: result: yes
configure:3269: checking for putc_unlocked
configure:3326: gcc -o conftest -g -O2   conftest.c  >&5
configure:3332: $? = 0
configure:3336: test -z 
			 || test ! -s conftest.err
configure:3339: $? = 0
configure:3342: test -s conftest
configure:3345: $? = 0
configure:3357: result: yes
configure:3367: checking whether abort is declared
configure:3391: gcc -c -g -O2  conftest.c >&5
configure:3397: $? = 0
configure:3401: test -z 
			 || test ! -s conftest.err
configure:3404: $? = 0
configure:3407: test -s conftest.o
configure:3410: $? = 0
configure:3421: result: yes
configure:3437: checking whether asprintf is declared
configure:3491: result: yes
configure:3507: checking whether basename is declared
configure:3561: result: no
configure:3577: checking whether errno is declared
configure:3601: gcc -c -g -O2  conftest.c >&5
conftest.c: In function 'main':
conftest.c:76: error: 'errno' undeclared (first use in this function)
conftest.c:76: error: (Each undeclared identifier is reported only once
conftest.c:76: error: for each function it appears in.)
configure:3607: $? = 1
configure: failed program was:
| /* confdefs.h.  */
| 
| #define PACKAGE_NAME "fixincludes"
| #define PACKAGE_TARNAME "fixincludes"
| #define PACKAGE_VERSION " "
| #define PACKAGE_STRING "fixincludes  "
| #define PACKAGE_BUGREPORT ""
| #define EXE_EXT ""
| #define STDC_HEADERS 1
| #define HAVE_SYS_TYPES_H 1
| #define HAVE_SYS_STAT_H 1
| #define HAVE_STDLIB_H 1
| #define HAVE_STRING_H 1
| #define HAVE_MEMORY_H 1
| #define HAVE_STRINGS_H 1
| #define HAVE_INTTYPES_H 1
| #define HAVE_STDINT_H 1
| #define HAVE_UNISTD_H 1
| #define HAVE_STDDEF_H 1
| #define HAVE_STDLIB_H 1
| #define HAVE_STRINGS_H 1
| #define HAVE_UNISTD_H 1
| #define HAVE_FCNTL_H 1
| #define HAVE_SYS_FILE_H 1
| #define HAVE_SYS_STAT_H 1
| #define HAVE_CLEARERR_UNLOCKED 1
| #define HAVE_FEOF_UNLOCKED 1
| #define HAVE_FERROR_UNLOCKED 1
| #define HAVE_FILENO_UNLOCKED 1
| #define HAVE_GETCHAR_UNLOCKED 1
| #define HAVE_GETC_UNLOCKED 1
| #define HAVE_PUTCHAR_UNLOCKED 1
| #define HAVE_PUTC_UNLOCKED 1
| #define HAVE_DECL_ABORT 1
| #define HAVE_DECL_ASPRINTF 1
| #define HAVE_DECL_BASENAME 0
| /* end confdefs.h.  */
| #include <stdio.h>
| #if HAVE_SYS_TYPES_H
| # include <sys/types.h>
| #endif
| #if HAVE_SYS_STAT_H
| # include <sys/stat.h>
| #endif
| #if STDC_HEADERS
| # include <stdlib.h>
| # include <stddef.h>
| #else
| # if HAVE_STDLIB_H
| #  include <stdlib.h>
| # endif
| #endif
| #if HAVE_STRING_H
| # if !STDC_HEADERS && HAVE_MEMORY_H
| #  include <memory.h>
| # endif
| # include <string.h>
| #endif
| #if HAVE_STRINGS_H
| # include <strings.h>
| #endif
| #if HAVE_INTTYPES_H
| # include <inttypes.h>
| #else
| # if HAVE_STDINT_H
| #  include <stdint.h>
| # endif
| #endif
| #if HAVE_UNISTD_H
| # include <unistd.h>
| #endif
| int
| main ()
| {
| #ifndef errno
|   char *p = (char *) errno;
| #endif
| 
|   ;
|   return 0;
| }
configure:3631: result: no
configure:3647: checking whether vasprintf is declared
configure:3701: result: yes
configure:3717: checking whether clearerr_unlocked is declared
configure:3741: gcc -c -g -O2  conftest.c >&5
configure:3747: $? = 0
configure:3751: test -z 
			 || test ! -s conftest.err
configure:3754: $? = 0
configure:3757: test -s conftest.o
configure:3760: $? = 0
configure:3771: result: yes
configure:3787: checking whether feof_unlocked is declared
configure:3811: gcc -c -g -O2  conftest.c >&5
configure:3817: $? = 0
configure:3821: test -z 
			 || test ! -s conftest.err
configure:3824: $? = 0
configure:3827: test -s conftest.o
configure:3830: $? = 0
configure:3841: result: yes
configure:3857: checking whether ferror_unlocked is declared
configure:3881: gcc -c -g -O2  conftest.c >&5
configure:3887: $? = 0
configure:3891: test -z 
			 || test ! -s conftest.err
configure:3894: $? = 0
configure:3897: test -s conftest.o
configure:3900: $? = 0
configure:3911: result: yes
configure:3927: checking whether fflush_unlocked is declared
configure:3951: gcc -c -g -O2  conftest.c >&5
conftest.c: In function 'main':
conftest.c:81: error: 'fflush_unlocked' undeclared (first use in this function)
conftest.c:81: error: (Each undeclared identifier is reported only once
conftest.c:81: error: for each function it appears in.)
configure:3957: $? = 1
configure: failed program was:
| /* confdefs.h.  */
| 
| #define PACKAGE_NAME "fixincludes"
| #define PACKAGE_TARNAME "fixincludes"
| #define PACKAGE_VERSION " "
| #define PACKAGE_STRING "fixincludes  "
| #define PACKAGE_BUGREPORT ""
| #define EXE_EXT ""
| #define STDC_HEADERS 1
| #define HAVE_SYS_TYPES_H 1
| #define HAVE_SYS_STAT_H 1
| #define HAVE_STDLIB_H 1
| #define HAVE_STRING_H 1
| #define HAVE_MEMORY_H 1
| #define HAVE_STRINGS_H 1
| #define HAVE_INTTYPES_H 1
| #define HAVE_STDINT_H 1
| #define HAVE_UNISTD_H 1
| #define HAVE_STDDEF_H 1
| #define HAVE_STDLIB_H 1
| #define HAVE_STRINGS_H 1
| #define HAVE_UNISTD_H 1
| #define HAVE_FCNTL_H 1
| #define HAVE_SYS_FILE_H 1
| #define HAVE_SYS_STAT_H 1
| #define HAVE_CLEARERR_UNLOCKED 1
| #define HAVE_FEOF_UNLOCKED 1
| #define HAVE_FERROR_UNLOCKED 1
| #define HAVE_FILENO_UNLOCKED 1
| #define HAVE_GETCHAR_UNLOCKED 1
| #define HAVE_GETC_UNLOCKED 1
| #define HAVE_PUTCHAR_UNLOCKED 1
| #define HAVE_PUTC_UNLOCKED 1
| #define HAVE_DECL_ABORT 1
| #define HAVE_DECL_ASPRINTF 1
| #define HAVE_DECL_BASENAME 0
| #define HAVE_DECL_ERRNO 0
| #define HAVE_DECL_VASPRINTF 1
| #define HAVE_DECL_CLEARERR_UNLOCKED 1
| #define HAVE_DECL_FEOF_UNLOCKED 1
| #define HAVE_DECL_FERROR_UNLOCKED 1
| /* end confdefs.h.  */
| #include <stdio.h>
| #if HAVE_SYS_TYPES_H
| # include <sys/types.h>
| #endif
| #if HAVE_SYS_STAT_H
| # include <sys/stat.h>
| #endif
| #if STDC_HEADERS
| # include <stdlib.h>
| # include <stddef.h>
| #else
| # if HAVE_STDLIB_H
| #  include <stdlib.h>
| # endif
| #endif
| #if HAVE_STRING_H
| # if !STDC_HEADERS && HAVE_MEMORY_H
| #  include <memory.h>
| # endif
| # include <string.h>
| #endif
| #if HAVE_STRINGS_H
| # include <strings.h>
| #endif
| #if HAVE_INTTYPES_H
| # include <inttypes.h>
| #else
| # if HAVE_STDINT_H
| #  include <stdint.h>
| # endif
| #endif
| #if HAVE_UNISTD_H
| # include <unistd.h>
| #endif
| int
| main ()
| {
| #ifndef fflush_unlocked
|   char *p = (char *) fflush_unlocked;
| #endif
| 
|   ;
|   return 0;
| }
configure:3981: result: no
configure:3997: checking whether fgetc_unlocked is declared
configure:4021: gcc -c -g -O2  conftest.c >&5
conftest.c: In function 'main':
conftest.c:82: error: 'fgetc_unlocked' undeclared (first use in this function)
conftest.c:82: error: (Each undeclared identifier is reported only once
conftest.c:82: error: for each function it appears in.)
configure:4027: $? = 1
configure: failed program was:
| /* confdefs.h.  */
| 
| #define PACKAGE_NAME "fixincludes"
| #define PACKAGE_TARNAME "fixincludes"
| #define PACKAGE_VERSION " "
| #define PACKAGE_STRING "fixincludes  "
| #define PACKAGE_BUGREPORT ""
| #define EXE_EXT ""
| #define STDC_HEADERS 1
| #define HAVE_SYS_TYPES_H 1
| #define HAVE_SYS_STAT_H 1
| #define HAVE_STDLIB_H 1
| #define HAVE_STRING_H 1
| #define HAVE_MEMORY_H 1
| #define HAVE_STRINGS_H 1
| #define HAVE_INTTYPES_H 1
| #define HAVE_STDINT_H 1
| #define HAVE_UNISTD_H 1
| #define HAVE_STDDEF_H 1
| #define HAVE_STDLIB_H 1
| #define HAVE_STRINGS_H 1
| #define HAVE_UNISTD_H 1
| #define HAVE_FCNTL_H 1
| #define HAVE_SYS_FILE_H 1
| #define HAVE_SYS_STAT_H 1
| #define HAVE_CLEARERR_UNLOCKED 1
| #define HAVE_FEOF_UNLOCKED 1
| #define HAVE_FERROR_UNLOCKED 1
| #define HAVE_FILENO_UNLOCKED 1
| #define HAVE_GETCHAR_UNLOCKED 1
| #define HAVE_GETC_UNLOCKED 1
| #define HAVE_PUTCHAR_UNLOCKED 1
| #define HAVE_PUTC_UNLOCKED 1
| #define HAVE_DECL_ABORT 1
| #define HAVE_DECL_ASPRINTF 1
| #define HAVE_DECL_BASENAME 0
| #define HAVE_DECL_ERRNO 0
| #define HAVE_DECL_VASPRINTF 1
| #define HAVE_DECL_CLEARERR_UNLOCKED 1
| #define HAVE_DECL_FEOF_UNLOCKED 1
| #define HAVE_DECL_FERROR_UNLOCKED 1
| #define HAVE_DECL_FFLUSH_UNLOCKED 0
| /* end confdefs.h.  */
| #include <stdio.h>
| #if HAVE_SYS_TYPES_H
| # include <sys/types.h>
| #endif
| #if HAVE_SYS_STAT_H
| # include <sys/stat.h>
| #endif
| #if STDC_HEADERS
| # include <stdlib.h>
| # include <stddef.h>
| #else
| # if HAVE_STDLIB_H
| #  include <stdlib.h>
| # endif
| #endif
| #if HAVE_STRING_H
| # if !STDC_HEADERS && HAVE_MEMORY_H
| #  include <memory.h>
| # endif
| # include <string.h>
| #endif
| #if HAVE_STRINGS_H
| # include <strings.h>
| #endif
| #if HAVE_INTTYPES_H
| # include <inttypes.h>
| #else
| # if HAVE_STDINT_H
| #  include <stdint.h>
| # endif
| #endif
| #if HAVE_UNISTD_H
| # include <unistd.h>
| #endif
| int
| main ()
| {
| #ifndef fgetc_unlocked
|   char *p = (char *) fgetc_unlocked;
| #endif
| 
|   ;
|   return 0;
| }
configure:4051: result: no
configure:4067: checking whether fgets_unlocked is declared
configure:4091: gcc -c -g -O2  conftest.c >&5
conftest.c: In function 'main':
conftest.c:83: error: 'fgets_unlocked' undeclared (first use in this function)
conftest.c:83: error: (Each undeclared identifier is reported only once
conftest.c:83: error: for each function it appears in.)
configure:4097: $? = 1
configure: failed program was:
| /* confdefs.h.  */
| 
| #define PACKAGE_NAME "fixincludes"
| #define PACKAGE_TARNAME "fixincludes"
| #define PACKAGE_VERSION " "
| #define PACKAGE_STRING "fixincludes  "
| #define PACKAGE_BUGREPORT ""
| #define EXE_EXT ""
| #define STDC_HEADERS 1
| #define HAVE_SYS_TYPES_H 1
| #define HAVE_SYS_STAT_H 1
| #define HAVE_STDLIB_H 1
| #define HAVE_STRING_H 1
| #define HAVE_MEMORY_H 1
| #define HAVE_STRINGS_H 1
| #define HAVE_INTTYPES_H 1
| #define HAVE_STDINT_H 1
| #define HAVE_UNISTD_H 1
| #define HAVE_STDDEF_H 1
| #define HAVE_STDLIB_H 1
| #define HAVE_STRINGS_H 1
| #define HAVE_UNISTD_H 1
| #define HAVE_FCNTL_H 1
| #define HAVE_SYS_FILE_H 1
| #define HAVE_SYS_STAT_H 1
| #define HAVE_CLEARERR_UNLOCKED 1
| #define HAVE_FEOF_UNLOCKED 1
| #define HAVE_FERROR_UNLOCKED 1
| #define HAVE_FILENO_UNLOCKED 1
| #define HAVE_GETCHAR_UNLOCKED 1
| #define HAVE_GETC_UNLOCKED 1
| #define HAVE_PUTCHAR_UNLOCKED 1
| #define HAVE_PUTC_UNLOCKED 1
| #define HAVE_DECL_ABORT 1
| #define HAVE_DECL_ASPRINTF 1
| #define HAVE_DECL_BASENAME 0
| #define HAVE_DECL_ERRNO 0
| #define HAVE_DECL_VASPRINTF 1
| #define HAVE_DECL_CLEARERR_UNLOCKED 1
| #define HAVE_DECL_FEOF_UNLOCKED 1
| #define HAVE_DECL_FERROR_UNLOCKED 1
| #define HAVE_DECL_FFLUSH_UNLOCKED 0
| #define HAVE_DECL_FGETC_UNLOCKED 0
| /* end confdefs.h.  */
| #include <stdio.h>
| #if HAVE_SYS_TYPES_H
| # include <sys/types.h>
| #endif
| #if HAVE_SYS_STAT_H
| # include <sys/stat.h>
| #endif
| #if STDC_HEADERS
| # include <stdlib.h>
| # include <stddef.h>
| #else
| # if HAVE_STDLIB_H
| #  include <stdlib.h>
| # endif
| #endif
| #if HAVE_STRING_H
| # if !STDC_HEADERS && HAVE_MEMORY_H
| #  include <memory.h>
| # endif
| # include <string.h>
| #endif
| #if HAVE_STRINGS_H
| # include <strings.h>
| #endif
| #if HAVE_INTTYPES_H
| # include <inttypes.h>
| #else
| # if HAVE_STDINT_H
| #  include <stdint.h>
| # endif
| #endif
| #if HAVE_UNISTD_H
| # include <unistd.h>
| #endif
| int
| main ()
| {
| #ifndef fgets_unlocked
|   char *p = (char *) fgets_unlocked;
| #endif
| 
|   ;
|   return 0;
| }
configure:4121: result: no
configure:4137: checking whether fileno_unlocked is declared
configure:4161: gcc -c -g -O2  conftest.c >&5
configure:4167: $? = 0
configure:4171: test -z 
			 || test ! -s conftest.err
configure:4174: $? = 0
configure:4177: test -s conftest.o
configure:4180: $? = 0
configure:4191: result: yes
configure:4207: checking whether fprintf_unlocked is declared
configure:4231: gcc -c -g -O2  conftest.c >&5
conftest.c: In function 'main':
conftest.c:85: error: 'fprintf_unlocked' undeclared (first use in this function)
conftest.c:85: error: (Each undeclared identifier is reported only once
conftest.c:85: error: for each function it appears in.)
configure:4237: $? = 1
configure: failed program was:
| /* confdefs.h.  */
| 
| #define PACKAGE_NAME "fixincludes"
| #define PACKAGE_TARNAME "fixincludes"
| #define PACKAGE_VERSION " "
| #define PACKAGE_STRING "fixincludes  "
| #define PACKAGE_BUGREPORT ""
| #define EXE_EXT ""
| #define STDC_HEADERS 1
| #define HAVE_SYS_TYPES_H 1
| #define HAVE_SYS_STAT_H 1
| #define HAVE_STDLIB_H 1
| #define HAVE_STRING_H 1
| #define HAVE_MEMORY_H 1
| #define HAVE_STRINGS_H 1
| #define HAVE_INTTYPES_H 1
| #define HAVE_STDINT_H 1
| #define HAVE_UNISTD_H 1
| #define HAVE_STDDEF_H 1
| #define HAVE_STDLIB_H 1
| #define HAVE_STRINGS_H 1
| #define HAVE_UNISTD_H 1
| #define HAVE_FCNTL_H 1
| #define HAVE_SYS_FILE_H 1
| #define HAVE_SYS_STAT_H 1
| #define HAVE_CLEARERR_UNLOCKED 1
| #define HAVE_FEOF_UNLOCKED 1
| #define HAVE_FERROR_UNLOCKED 1
| #define HAVE_FILENO_UNLOCKED 1
| #define HAVE_GETCHAR_UNLOCKED 1
| #define HAVE_GETC_UNLOCKED 1
| #define HAVE_PUTCHAR_UNLOCKED 1
| #define HAVE_PUTC_UNLOCKED 1
| #define HAVE_DECL_ABORT 1
| #define HAVE_DECL_ASPRINTF 1
| #define HAVE_DECL_BASENAME 0
| #define HAVE_DECL_ERRNO 0
| #define HAVE_DECL_VASPRINTF 1
| #define HAVE_DECL_CLEARERR_UNLOCKED 1
| #define HAVE_DECL_FEOF_UNLOCKED 1
| #define HAVE_DECL_FERROR_UNLOCKED 1
| #define HAVE_DECL_FFLUSH_UNLOCKED 0
| #define HAVE_DECL_FGETC_UNLOCKED 0
| #define HAVE_DECL_FGETS_UNLOCKED 0
| #define HAVE_DECL_FILENO_UNLOCKED 1
| /* end confdefs.h.  */
| #include <stdio.h>
| #if HAVE_SYS_TYPES_H
| # include <sys/types.h>
| #endif
| #if HAVE_SYS_STAT_H
| # include <sys/stat.h>
| #endif
| #if STDC_HEADERS
| # include <stdlib.h>
| # include <stddef.h>
| #else
| # if HAVE_STDLIB_H
| #  include <stdlib.h>
| # endif
| #endif
| #if HAVE_STRING_H
| # if !STDC_HEADERS && HAVE_MEMORY_H
| #  include <memory.h>
| # endif
| # include <string.h>
| #endif
| #if HAVE_STRINGS_H
| # include <strings.h>
| #endif
| #if HAVE_INTTYPES_H
| # include <inttypes.h>
| #else
| # if HAVE_STDINT_H
| #  include <stdint.h>
| # endif
| #endif
| #if HAVE_UNISTD_H
| # include <unistd.h>
| #endif
| int
| main ()
| {
| #ifndef fprintf_unlocked
|   char *p = (char *) fprintf_unlocked;
| #endif
| 
|   ;
|   return 0;
| }
configure:4261: result: no
configure:4277: checking whether fputc_unlocked is declared
configure:4301: gcc -c -g -O2  conftest.c >&5
conftest.c: In function 'main':
conftest.c:86: error: 'fputc_unlocked' undeclared (first use in this function)
conftest.c:86: error: (Each undeclared identifier is reported only once
conftest.c:86: error: for each function it appears in.)
configure:4307: $? = 1
configure: failed program was:
| /* confdefs.h.  */
| 
| #define PACKAGE_NAME "fixincludes"
| #define PACKAGE_TARNAME "fixincludes"
| #define PACKAGE_VERSION " "
| #define PACKAGE_STRING "fixincludes  "
| #define PACKAGE_BUGREPORT ""
| #define EXE_EXT ""
| #define STDC_HEADERS 1
| #define HAVE_SYS_TYPES_H 1
| #define HAVE_SYS_STAT_H 1
| #define HAVE_STDLIB_H 1
| #define HAVE_STRING_H 1
| #define HAVE_MEMORY_H 1
| #define HAVE_STRINGS_H 1
| #define HAVE_INTTYPES_H 1
| #define HAVE_STDINT_H 1
| #define HAVE_UNISTD_H 1
| #define HAVE_STDDEF_H 1
| #define HAVE_STDLIB_H 1
| #define HAVE_STRINGS_H 1
| #define HAVE_UNISTD_H 1
| #define HAVE_FCNTL_H 1
| #define HAVE_SYS_FILE_H 1
| #define HAVE_SYS_STAT_H 1
| #define HAVE_CLEARERR_UNLOCKED 1
| #define HAVE_FEOF_UNLOCKED 1
| #define HAVE_FERROR_UNLOCKED 1
| #define HAVE_FILENO_UNLOCKED 1
| #define HAVE_GETCHAR_UNLOCKED 1
| #define HAVE_GETC_UNLOCKED 1
| #define HAVE_PUTCHAR_UNLOCKED 1
| #define HAVE_PUTC_UNLOCKED 1
| #define HAVE_DECL_ABORT 1
| #define HAVE_DECL_ASPRINTF 1
| #define HAVE_DECL_BASENAME 0
| #define HAVE_DECL_ERRNO 0
| #define HAVE_DECL_VASPRINTF 1
| #define HAVE_DECL_CLEARERR_UNLOCKED 1
| #define HAVE_DECL_FEOF_UNLOCKED 1
| #define HAVE_DECL_FERROR_UNLOCKED 1
| #define HAVE_DECL_FFLUSH_UNLOCKED 0
| #define HAVE_DECL_FGETC_UNLOCKED 0
| #define HAVE_DECL_FGETS_UNLOCKED 0
| #define HAVE_DECL_FILENO_UNLOCKED 1
| #define HAVE_DECL_FPRINTF_UNLOCKED 0
| /* end confdefs.h.  */
| #include <stdio.h>
| #if HAVE_SYS_TYPES_H
| # include <sys/types.h>
| #endif
| #if HAVE_SYS_STAT_H
| # include <sys/stat.h>
| #endif
| #if STDC_HEADERS
| # include <stdlib.h>
| # include <stddef.h>
| #else
| # if HAVE_STDLIB_H
| #  include <stdlib.h>
| # endif
| #endif
| #if HAVE_STRING_H
| # if !STDC_HEADERS && HAVE_MEMORY_H
| #  include <memory.h>
| # endif
| # include <string.h>
| #endif
| #if HAVE_STRINGS_H
| # include <strings.h>
| #endif
| #if HAVE_INTTYPES_H
| # include <inttypes.h>
| #else
| # if HAVE_STDINT_H
| #  include <stdint.h>
| # endif
| #endif
| #if HAVE_UNISTD_H
| # include <unistd.h>
| #endif
| int
| main ()
| {
| #ifndef fputc_unlocked
|   char *p = (char *) fputc_unlocked;
| #endif
| 
|   ;
|   return 0;
| }
configure:4331: result: no
configure:4347: checking whether fputs_unlocked is declared
configure:4371: gcc -c -g -O2  conftest.c >&5
conftest.c: In function 'main':
conftest.c:87: error: 'fputs_unlocked' undeclared (first use in this function)
conftest.c:87: error: (Each undeclared identifier is reported only once
conftest.c:87: error: for each function it appears in.)
configure:4377: $? = 1
configure: failed program was:
| /* confdefs.h.  */
| 
| #define PACKAGE_NAME "fixincludes"
| #define PACKAGE_TARNAME "fixincludes"
| #define PACKAGE_VERSION " "
| #define PACKAGE_STRING "fixincludes  "
| #define PACKAGE_BUGREPORT ""
| #define EXE_EXT ""
| #define STDC_HEADERS 1
| #define HAVE_SYS_TYPES_H 1
| #define HAVE_SYS_STAT_H 1
| #define HAVE_STDLIB_H 1
| #define HAVE_STRING_H 1
| #define HAVE_MEMORY_H 1
| #define HAVE_STRINGS_H 1
| #define HAVE_INTTYPES_H 1
| #define HAVE_STDINT_H 1
| #define HAVE_UNISTD_H 1
| #define HAVE_STDDEF_H 1
| #define HAVE_STDLIB_H 1
| #define HAVE_STRINGS_H 1
| #define HAVE_UNISTD_H 1
| #define HAVE_FCNTL_H 1
| #define HAVE_SYS_FILE_H 1
| #define HAVE_SYS_STAT_H 1
| #define HAVE_CLEARERR_UNLOCKED 1
| #define HAVE_FEOF_UNLOCKED 1
| #define HAVE_FERROR_UNLOCKED 1
| #define HAVE_FILENO_UNLOCKED 1
| #define HAVE_GETCHAR_UNLOCKED 1
| #define HAVE_GETC_UNLOCKED 1
| #define HAVE_PUTCHAR_UNLOCKED 1
| #define HAVE_PUTC_UNLOCKED 1
| #define HAVE_DECL_ABORT 1
| #define HAVE_DECL_ASPRINTF 1
| #define HAVE_DECL_BASENAME 0
| #define HAVE_DECL_ERRNO 0
| #define HAVE_DECL_VASPRINTF 1
| #define HAVE_DECL_CLEARERR_UNLOCKED 1
| #define HAVE_DECL_FEOF_UNLOCKED 1
| #define HAVE_DECL_FERROR_UNLOCKED 1
| #define HAVE_DECL_FFLUSH_UNLOCKED 0
| #define HAVE_DECL_FGETC_UNLOCKED 0
| #define HAVE_DECL_FGETS_UNLOCKED 0
| #define HAVE_DECL_FILENO_UNLOCKED 1
| #define HAVE_DECL_FPRINTF_UNLOCKED 0
| #define HAVE_DECL_FPUTC_UNLOCKED 0
| /* end confdefs.h.  */
| #include <stdio.h>
| #if HAVE_SYS_TYPES_H
| # include <sys/types.h>
| #endif
| #if HAVE_SYS_STAT_H
| # include <sys/stat.h>
| #endif
| #if STDC_HEADERS
| # include <stdlib.h>
| # include <stddef.h>
| #else
| # if HAVE_STDLIB_H
| #  include <stdlib.h>
| # endif
| #endif
| #if HAVE_STRING_H
| # if !STDC_HEADERS && HAVE_MEMORY_H
| #  include <memory.h>
| # endif
| # include <string.h>
| #endif
| #if HAVE_STRINGS_H
| # include <strings.h>
| #endif
| #if HAVE_INTTYPES_H
| # include <inttypes.h>
| #else
| # if HAVE_STDINT_H
| #  include <stdint.h>
| # endif
| #endif
| #if HAVE_UNISTD_H
| # include <unistd.h>
| #endif
| int
| main ()
| {
| #ifndef fputs_unlocked
|   char *p = (char *) fputs_unlocked;
| #endif
| 
|   ;
|   return 0;
| }
configure:4401: result: no
configure:4417: checking whether fread_unlocked is declared
configure:4441: gcc -c -g -O2  conftest.c >&5
conftest.c: In function 'main':
conftest.c:88: error: 'fread_unlocked' undeclared (first use in this function)
conftest.c:88: error: (Each undeclared identifier is reported only once
conftest.c:88: error: for each function it appears in.)
configure:4447: $? = 1
configure: failed program was:
| /* confdefs.h.  */
| 
| #define PACKAGE_NAME "fixincludes"
| #define PACKAGE_TARNAME "fixincludes"
| #define PACKAGE_VERSION " "
| #define PACKAGE_STRING "fixincludes  "
| #define PACKAGE_BUGREPORT ""
| #define EXE_EXT ""
| #define STDC_HEADERS 1
| #define HAVE_SYS_TYPES_H 1
| #define HAVE_SYS_STAT_H 1
| #define HAVE_STDLIB_H 1
| #define HAVE_STRING_H 1
| #define HAVE_MEMORY_H 1
| #define HAVE_STRINGS_H 1
| #define HAVE_INTTYPES_H 1
| #define HAVE_STDINT_H 1
| #define HAVE_UNISTD_H 1
| #define HAVE_STDDEF_H 1
| #define HAVE_STDLIB_H 1
| #define HAVE_STRINGS_H 1
| #define HAVE_UNISTD_H 1
| #define HAVE_FCNTL_H 1
| #define HAVE_SYS_FILE_H 1
| #define HAVE_SYS_STAT_H 1
| #define HAVE_CLEARERR_UNLOCKED 1
| #define HAVE_FEOF_UNLOCKED 1
| #define HAVE_FERROR_UNLOCKED 1
| #define HAVE_FILENO_UNLOCKED 1
| #define HAVE_GETCHAR_UNLOCKED 1
| #define HAVE_GETC_UNLOCKED 1
| #define HAVE_PUTCHAR_UNLOCKED 1
| #define HAVE_PUTC_UNLOCKED 1
| #define HAVE_DECL_ABORT 1
| #define HAVE_DECL_ASPRINTF 1
| #define HAVE_DECL_BASENAME 0
| #define HAVE_DECL_ERRNO 0
| #define HAVE_DECL_VASPRINTF 1
| #define HAVE_DECL_CLEARERR_UNLOCKED 1
| #define HAVE_DECL_FEOF_UNLOCKED 1
| #define HAVE_DECL_FERROR_UNLOCKED 1
| #define HAVE_DECL_FFLUSH_UNLOCKED 0
| #define HAVE_DECL_FGETC_UNLOCKED 0
| #define HAVE_DECL_FGETS_UNLOCKED 0
| #define HAVE_DECL_FILENO_UNLOCKED 1
| #define HAVE_DECL_FPRINTF_UNLOCKED 0
| #define HAVE_DECL_FPUTC_UNLOCKED 0
| #define HAVE_DECL_FPUTS_UNLOCKED 0
| /* end confdefs.h.  */
| #include <stdio.h>
| #if HAVE_SYS_TYPES_H
| # include <sys/types.h>
| #endif
| #if HAVE_SYS_STAT_H
| # include <sys/stat.h>
| #endif
| #if STDC_HEADERS
| # include <stdlib.h>
| # include <stddef.h>
| #else
| # if HAVE_STDLIB_H
| #  include <stdlib.h>
| # endif
| #endif
| #if HAVE_STRING_H
| # if !STDC_HEADERS && HAVE_MEMORY_H
| #  include <memory.h>
| # endif
| # include <string.h>
| #endif
| #if HAVE_STRINGS_H
| # include <strings.h>
| #endif
| #if HAVE_INTTYPES_H
| # include <inttypes.h>
| #else
| # if HAVE_STDINT_H
| #  include <stdint.h>
| # endif
| #endif
| #if HAVE_UNISTD_H
| # include <unistd.h>
| #endif
| int
| main ()
| {
| #ifndef fread_unlocked
|   char *p = (char *) fread_unlocked;
| #endif
| 
|   ;
|   return 0;
| }
configure:4471: result: no
configure:4487: checking whether fwrite_unlocked is declared
configure:4511: gcc -c -g -O2  conftest.c >&5
conftest.c: In function 'main':
conftest.c:89: error: 'fwrite_unlocked' undeclared (first use in this function)
conftest.c:89: error: (Each undeclared identifier is reported only once
conftest.c:89: error: for each function it appears in.)
configure:4517: $? = 1
configure: failed program was:
| /* confdefs.h.  */
| 
| #define PACKAGE_NAME "fixincludes"
| #define PACKAGE_TARNAME "fixincludes"
| #define PACKAGE_VERSION " "
| #define PACKAGE_STRING "fixincludes  "
| #define PACKAGE_BUGREPORT ""
| #define EXE_EXT ""
| #define STDC_HEADERS 1
| #define HAVE_SYS_TYPES_H 1
| #define HAVE_SYS_STAT_H 1
| #define HAVE_STDLIB_H 1
| #define HAVE_STRING_H 1
| #define HAVE_MEMORY_H 1
| #define HAVE_STRINGS_H 1
| #define HAVE_INTTYPES_H 1
| #define HAVE_STDINT_H 1
| #define HAVE_UNISTD_H 1
| #define HAVE_STDDEF_H 1
| #define HAVE_STDLIB_H 1
| #define HAVE_STRINGS_H 1
| #define HAVE_UNISTD_H 1
| #define HAVE_FCNTL_H 1
| #define HAVE_SYS_FILE_H 1
| #define HAVE_SYS_STAT_H 1
| #define HAVE_CLEARERR_UNLOCKED 1
| #define HAVE_FEOF_UNLOCKED 1
| #define HAVE_FERROR_UNLOCKED 1
| #define HAVE_FILENO_UNLOCKED 1
| #define HAVE_GETCHAR_UNLOCKED 1
| #define HAVE_GETC_UNLOCKED 1
| #define HAVE_PUTCHAR_UNLOCKED 1
| #define HAVE_PUTC_UNLOCKED 1
| #define HAVE_DECL_ABORT 1
| #define HAVE_DECL_ASPRINTF 1
| #define HAVE_DECL_BASENAME 0
| #define HAVE_DECL_ERRNO 0
| #define HAVE_DECL_VASPRINTF 1
| #define HAVE_DECL_CLEARERR_UNLOCKED 1
| #define HAVE_DECL_FEOF_UNLOCKED 1
| #define HAVE_DECL_FERROR_UNLOCKED 1
| #define HAVE_DECL_FFLUSH_UNLOCKED 0
| #define HAVE_DECL_FGETC_UNLOCKED 0
| #define HAVE_DECL_FGETS_UNLOCKED 0
| #define HAVE_DECL_FILENO_UNLOCKED 1
| #define HAVE_DECL_FPRINTF_UNLOCKED 0
| #define HAVE_DECL_FPUTC_UNLOCKED 0
| #define HAVE_DECL_FPUTS_UNLOCKED 0
| #define HAVE_DECL_FREAD_UNLOCKED 0
| /* end confdefs.h.  */
| #include <stdio.h>
| #if HAVE_SYS_TYPES_H
| # include <sys/types.h>
| #endif
| #if HAVE_SYS_STAT_H
| # include <sys/stat.h>
| #endif
| #if STDC_HEADERS
| # include <stdlib.h>
| # include <stddef.h>
| #else
| # if HAVE_STDLIB_H
| #  include <stdlib.h>
| # endif
| #endif
| #if HAVE_STRING_H
| # if !STDC_HEADERS && HAVE_MEMORY_H
| #  include <memory.h>
| # endif
| # include <string.h>
| #endif
| #if HAVE_STRINGS_H
| # include <strings.h>
| #endif
| #if HAVE_INTTYPES_H
| # include <inttypes.h>
| #else
| # if HAVE_STDINT_H
| #  include <stdint.h>
| # endif
| #endif
| #if HAVE_UNISTD_H
| # include <unistd.h>
| #endif
| int
| main ()
| {
| #ifndef fwrite_unlocked
|   char *p = (char *) fwrite_unlocked;
| #endif
| 
|   ;
|   return 0;
| }
configure:4541: result: no
configure:4557: checking whether getchar_unlocked is declared
configure:4581: gcc -c -g -O2  conftest.c >&5
configure:4587: $? = 0
configure:4591: test -z 
			 || test ! -s conftest.err
configure:4594: $? = 0
configure:4597: test -s conftest.o
configure:4600: $? = 0
configure:4611: result: yes
configure:4627: checking whether getc_unlocked is declared
configure:4651: gcc -c -g -O2  conftest.c >&5
configure:4657: $? = 0
configure:4661: test -z 
			 || test ! -s conftest.err
configure:4664: $? = 0
configure:4667: test -s conftest.o
configure:4670: $? = 0
configure:4681: result: yes
configure:4697: checking whether putchar_unlocked is declared
configure:4721: gcc -c -g -O2  conftest.c >&5
configure:4727: $? = 0
configure:4731: test -z 
			 || test ! -s conftest.err
configure:4734: $? = 0
configure:4737: test -s conftest.o
configure:4740: $? = 0
configure:4751: result: yes
configure:4767: checking whether putc_unlocked is declared
configure:4791: gcc -c -g -O2  conftest.c >&5
configure:4797: $? = 0
configure:4801: test -z 
			 || test ! -s conftest.err
configure:4804: $? = 0
configure:4807: test -s conftest.o
configure:4810: $? = 0
configure:4821: result: yes
configure:4841: checking for an ANSI C-conforming const
configure:4938: result: yes
configure:4952: checking for sys/mman.h
configure:4957: result: yes
configure:5095: checking for mmap
configure:5152: gcc -o conftest -g -O2   conftest.c  >&5
configure:5158: $? = 0
configure:5162: test -z 
			 || test ! -s conftest.err
configure:5165: $? = 0
configure:5168: test -s conftest
configure:5171: $? = 0
configure:5183: result: yes
configure:5197: checking whether read-only mmap of a plain file works
configure:5214: result: yes
configure:5216: checking whether mmap from /dev/zero works
configure:5238: result: no
configure:5242: checking for MAP_ANON(YMOUS)
configure:5270: gcc -c -g -O2  conftest.c >&5
configure:5276: $? = 0
configure:5280: test -z 
			 || test ! -s conftest.err
configure:5283: $? = 0
configure:5286: test -s conftest.o
configure:5289: $? = 0
configure:5300: result: yes
configure:5306: checking whether mmap with MAP_ANON(YMOUS) works
configure:5323: result: yes
configure:5351: checking whether to enable maintainer-specific portions of Makefiles
configure:5360: result: no
configure:5468: creating ./config.status

## ---------------------- ##
## Running config.status. ##
## ---------------------- ##

This file was extended by fixincludes config.status  , which was
generated by GNU Autoconf 2.59.  Invocation command line was

  CONFIG_FILES    = 
  CONFIG_HEADERS  = 
  CONFIG_LINKS    = 
  CONFIG_COMMANDS = 
  $ ./config.status 

on mike-mikes-powerbook-g4-15.local

config.status:660: creating Makefile
config.status:660: creating mkheaders.almost
config.status:756: creating config.h

## ---------------- ##
## Cache variables. ##
## ---------------- ##

ac_cv_build=powerpc-apple-darwin8
ac_cv_build_alias=powerpc-apple-darwin8
ac_cv_c_bigendian=yes
ac_cv_c_compiler_gnu=yes
ac_cv_c_const=yes
ac_cv_c_inline=inline
ac_cv_c_stack_direction=-1
ac_cv_env_CC_set=set
ac_cv_env_CC_value=gcc
ac_cv_env_CFLAGS_set=set
ac_cv_env_CFLAGS_value='-g -O2'
ac_cv_env_CPPFLAGS_set=
ac_cv_env_CPPFLAGS_value=
ac_cv_env_CPP_set=
ac_cv_env_CPP_value=
ac_cv_env_LDFLAGS_set=set
ac_cv_env_LDFLAGS_value=
ac_cv_env_build_alias_set=set
ac_cv_env_build_alias_value=powerpc-apple-darwin8
ac_cv_env_host_alias_set=set
ac_cv_env_host_alias_value=powerpc-apple-darwin8
ac_cv_env_target_alias_set=set
ac_cv_env_target_alias_value=powerpc-apple-darwin8
ac_cv_exeext=
ac_cv_func___fsetlocking=no
ac_cv_func__doprnt=no
ac_cv_func_asprintf=yes
ac_cv_func_atexit=yes
ac_cv_func_basename=yes
ac_cv_func_bcmp=yes
ac_cv_func_bcopy=yes
ac_cv_func_bsearch=yes
ac_cv_func_bzero=yes
ac_cv_func_calloc=yes
ac_cv_func_canonicalize_file_name=no
ac_cv_func_clearerr_unlocked=yes
ac_cv_func_clock=yes
ac_cv_func_feof_unlocked=yes
ac_cv_func_ferror_unlocked=yes
ac_cv_func_fflush_unlocked=no
ac_cv_func_ffs=yes
ac_cv_func_fgetc_unlocked=no
ac_cv_func_fgets_unlocked=no
ac_cv_func_fileno_unlocked=yes
ac_cv_func_fork=yes
ac_cv_func_fork_works=yes
ac_cv_func_fprintf_unlocked=no
ac_cv_func_fputc_unlocked=no
ac_cv_func_fputs_unlocked=no
ac_cv_func_fread_unlocked=no
ac_cv_func_fwrite_unlocked=no
ac_cv_func_getc_unlocked=yes
ac_cv_func_getchar_unlocked=yes
ac_cv_func_getcwd=yes
ac_cv_func_getpagesize=yes
ac_cv_func_getrusage=yes
ac_cv_func_getsysinfo=no
ac_cv_func_gettimeofday=yes
ac_cv_func_index=yes
ac_cv_func_insque=yes
ac_cv_func_memchr=yes
ac_cv_func_memcmp=yes
ac_cv_func_memcpy=yes
ac_cv_func_memmove=yes
ac_cv_func_mempcpy=no
ac_cv_func_memset=yes
ac_cv_func_mkstemps=yes
ac_cv_func_mmap=yes
ac_cv_func_mmap_fixed_mapped=yes
ac_cv_func_on_exit=no
ac_cv_func_psignal=yes
ac_cv_func_pstat_getdynamic=no
ac_cv_func_pstat_getstatic=no
ac_cv_func_putc_unlocked=yes
ac_cv_func_putchar_unlocked=yes
ac_cv_func_putenv=yes
ac_cv_func_random=yes
ac_cv_func_realpath=yes
ac_cv_func_rename=yes
ac_cv_func_rindex=yes
ac_cv_func_sbrk=yes
ac_cv_func_setenv=yes
ac_cv_func_sigsetmask=yes
ac_cv_func_snprintf=yes
ac_cv_func_stpcpy=yes
ac_cv_func_stpncpy=no
ac_cv_func_strcasecmp=yes
ac_cv_func_strchr=yes
ac_cv_func_strdup=yes
ac_cv_func_strerror=yes
ac_cv_func_strncasecmp=yes
ac_cv_func_strncmp_works=yes
ac_cv_func_strndup=no
ac_cv_func_strrchr=yes
ac_cv_func_strsignal=yes
ac_cv_func_strstr=yes
ac_cv_func_strtod=yes
ac_cv_func_strtol=yes
ac_cv_func_strtoul=yes
ac_cv_func_strverscmp=no
ac_cv_func_sysconf=yes
ac_cv_func_sysctl=yes
ac_cv_func_sysmp=no
ac_cv_func_table=yes
ac_cv_func_times=yes
ac_cv_func_tmpnam=yes
ac_cv_func_vasprintf=yes
ac_cv_func_vfork=yes
ac_cv_func_vfork_works=yes
ac_cv_func_vfprintf=yes
ac_cv_func_vprintf=yes
ac_cv_func_vsnprintf=yes
ac_cv_func_vsprintf=yes
ac_cv_func_wait3=yes
ac_cv_func_wait4=yes
ac_cv_func_waitpid=yes
ac_cv_have_decl_abort=yes
ac_cv_have_decl_asprintf=yes
ac_cv_have_decl_basename=no
ac_cv_have_decl_calloc=yes
ac_cv_have_decl_clearerr_unlocked=yes
ac_cv_have_decl_errno=no
ac_cv_have_decl_feof_unlocked=yes
ac_cv_have_decl_ferror_unlocked=yes
ac_cv_have_decl_fflush_unlocked=no
ac_cv_have_decl_ffs=yes
ac_cv_have_decl_fgetc_unlocked=no
ac_cv_have_decl_fgets_unlocked=no
ac_cv_have_decl_fileno_unlocked=yes
ac_cv_have_decl_fprintf_unlocked=no
ac_cv_have_decl_fputc_unlocked=no
ac_cv_have_decl_fputs_unlocked=no
ac_cv_have_decl_fread_unlocked=no
ac_cv_have_decl_fwrite_unlocked=no
ac_cv_have_decl_getc_unlocked=yes
ac_cv_have_decl_getchar_unlocked=yes
ac_cv_have_decl_getenv=yes
ac_cv_have_decl_getopt=yes
ac_cv_have_decl_malloc=yes
ac_cv_have_decl_putc_unlocked=yes
ac_cv_have_decl_putchar_unlocked=yes
ac_cv_have_decl_realloc=yes
ac_cv_have_decl_sbrk=yes
ac_cv_have_decl_snprintf=yes
ac_cv_have_decl_strverscmp=no
ac_cv_have_decl_vasprintf=yes
ac_cv_have_decl_vsnprintf=yes
ac_cv_header_alloca_h=yes
ac_cv_header_fcntl_h=yes
ac_cv_header_inttypes_h=yes
ac_cv_header_limits_h=yes
ac_cv_header_machine_hal_sysinfo_h=no
ac_cv_header_malloc_h=no
ac_cv_header_memory_h=yes
ac_cv_header_stdc=yes
ac_cv_header_stddef_h=yes
ac_cv_header_stdint_h=yes
ac_cv_header_stdio_ext_h=no
ac_cv_header_stdlib_h=yes
ac_cv_header_string_h=yes
ac_cv_header_strings_h=yes
ac_cv_header_sys_file_h=yes
ac_cv_header_sys_mman_h=yes
ac_cv_header_sys_param_h=yes
ac_cv_header_sys_pstat_h=no
ac_cv_header_sys_resource_h=yes
ac_cv_header_sys_stat_h=yes
ac_cv_header_sys_sysctl_h=yes
ac_cv_header_sys_sysinfo_h=no
ac_cv_header_sys_sysmp_h=no
ac_cv_header_sys_systemcfg_h=no
ac_cv_header_sys_table_h=no
ac_cv_header_sys_time_h=yes
ac_cv_header_sys_types_h=yes
ac_cv_header_sys_wait_h=yes
ac_cv_header_time=yes
ac_cv_header_time_h=yes
ac_cv_header_unistd_h=yes
ac_cv_header_vfork_h=no
ac_cv_host=powerpc-apple-darwin8
ac_cv_host_alias=powerpc-apple-darwin8
ac_cv_objext=o
ac_cv_os_cray=no
ac_cv_path_INTLTOOL_PERL=/usr/bin/perl
ac_cv_prog_CC=gcc
ac_cv_prog_CPP='gcc -E'
ac_cv_prog_MAKEINFO='makeinfo --split-size=5000000 --split-size=5000000'
ac_cv_prog_PERL=perl
ac_cv_prog_ac_ct_AR=ar
ac_cv_prog_ac_ct_RANLIB=ranlib
ac_cv_prog_cc_g=yes
ac_cv_prog_cc_gcc_c_o=yes
ac_cv_prog_cc_stdc=
ac_cv_prog_cc_w_cxx_compat=no
ac_cv_prog_egrep='grep -E'
ac_cv_search_strerror='none required'
ac_cv_sizeof_int=4
ac_cv_target=powerpc-apple-darwin8
ac_cv_target_alias=powerpc-apple-darwin8
ac_cv_type_int=yes
ac_cv_type_pid_t=yes
ac_cv_type_uintptr_t=yes
acx_cv_prog_cc_pedantic__Wno_long_long=yes
acx_cv_prog_cc_warning__W=yes
acx_cv_prog_cc_warning__Wall=yes
acx_cv_prog_cc_warning__Wmissing_format_attribute=yes
acx_cv_prog_cc_warning__Wmissing_prototypes=yes
acx_cv_prog_cc_warning__Wno_overlength_strings=no
acx_cv_prog_cc_warning__Wold_style_definition=yes
acx_cv_prog_cc_warning__Wstrict_prototypes=yes
acx_cv_prog_cc_warning__Wwrite_strings=yes
gcc_cv_decl_map_anon=yes
gcc_cv_func_mmap_anon=yes
gcc_cv_func_mmap_dev_zero=no
gcc_cv_func_mmap_file=yes
liberty_cv_uint64=uint64_t
libiberty_cv_decl_needed_canonicalize_file_name=yes
libiberty_cv_declare_errno=no
libiberty_cv_var_sys_errlist=yes
libiberty_cv_var_sys_nerr=yes
libiberty_cv_var_sys_siglist=yes

## ----------------- ##
## Output variables. ##
## ----------------- ##

CC='gcc'
CFLAGS='-g -O2'
CPP='gcc -E'
CPPFLAGS=''
DEFS='-DHAVE_CONFIG_H'
ECHO_C=''
ECHO_N='-n'
ECHO_T=''
EGREP='grep -E'
EXEEXT=''
LDFLAGS=''
LIBOBJS=''
LIBS=''
LTLIBOBJS=''
MAINT='#'
OBJEXT='o'
PACKAGE_BUGREPORT=''
PACKAGE_NAME='fixincludes'
PACKAGE_STRING='fixincludes  '
PACKAGE_TARNAME='fixincludes'
PACKAGE_VERSION=' '
PATH_SEPARATOR=':'
SHELL='/bin/sh'
TARGET='oneprocess'
WARN_CFLAGS='-W -Wall -Wwrite-strings -Wstrict-prototypes -Wmissing-prototypes -Wold-style-definition -Wmissing-format-attribute'
WARN_PEDANTIC='-pedantic -Wno-long-long'
WERROR=''
ac_ct_CC=''
bindir='${exec_prefix}/bin'
build='powerpc-apple-darwin8'
build_alias='powerpc-apple-darwin8'
build_cpu='powerpc'
build_os='darwin8'
build_vendor='apple'
datadir='${prefix}/share'
exec_prefix='${prefix}'
host='powerpc-apple-darwin8'
host_alias='powerpc-apple-darwin8'
host_cpu='powerpc'
host_os='darwin8'
host_vendor='apple'
includedir='${prefix}/include'
infodir='${prefix}/info'
libdir='${exec_prefix}/lib'
libexecdir='${exec_prefix}/libexec'
localstatedir='${prefix}/var'
mandir='${prefix}/share/man'
oldincludedir='/usr/include'
prefix='/usr'
program_transform_name='/^[cg][^.-]*$/s/$/-4.2/'
sbindir='${exec_prefix}/sbin'
sharedstatedir='${prefix}/com'
sysconfdir='${prefix}/etc'
target='powerpc-apple-darwin8'
target_alias='powerpc-apple-darwin8'
target_cpu='powerpc'
target_noncanonical='powerpc-apple-darwin8'
target_os='darwin8'
target_vendor='apple'

## ----------- ##
## confdefs.h. ##
## ----------- ##

#define EXE_EXT ""
#define HAVE_CLEARERR_UNLOCKED 1
#define HAVE_DECL_ABORT 1
#define HAVE_DECL_ASPRINTF 1
#define HAVE_DECL_BASENAME 0
#define HAVE_DECL_CLEARERR_UNLOCKED 1
#define HAVE_DECL_ERRNO 0
#define HAVE_DECL_FEOF_UNLOCKED 1
#define HAVE_DECL_FERROR_UNLOCKED 1
#define HAVE_DECL_FFLUSH_UNLOCKED 0
#define HAVE_DECL_FGETC_UNLOCKED 0
#define HAVE_DECL_FGETS_UNLOCKED 0
#define HAVE_DECL_FILENO_UNLOCKED 1
#define HAVE_DECL_FPRINTF_UNLOCKED 0
#define HAVE_DECL_FPUTC_UNLOCKED 0
#define HAVE_DECL_FPUTS_UNLOCKED 0
#define HAVE_DECL_FREAD_UNLOCKED 0
#define HAVE_DECL_FWRITE_UNLOCKED 0
#define HAVE_DECL_GETCHAR_UNLOCKED 1
#define HAVE_DECL_GETC_UNLOCKED 1
#define HAVE_DECL_PUTCHAR_UNLOCKED 1
#define HAVE_DECL_PUTC_UNLOCKED 1
#define HAVE_DECL_VASPRINTF 1
#define HAVE_FCNTL_H 1
#define HAVE_FEOF_UNLOCKED 1
#define HAVE_FERROR_UNLOCKED 1
#define HAVE_FILENO_UNLOCKED 1
#define HAVE_GETCHAR_UNLOCKED 1
#define HAVE_GETC_UNLOCKED 1
#define HAVE_INTTYPES_H 1
#define HAVE_MEMORY_H 1
#define HAVE_MMAP_ANON 1
#define HAVE_MMAP_FILE 1
#define HAVE_PUTCHAR_UNLOCKED 1
#define HAVE_PUTC_UNLOCKED 1
#define HAVE_STDDEF_H 1
#define HAVE_STDINT_H 1
#define HAVE_STDLIB_H 1
#define HAVE_STDLIB_H 1
#define HAVE_STRINGS_H 1
#define HAVE_STRINGS_H 1
#define HAVE_STRING_H 1
#define HAVE_SYS_FILE_H 1
#define HAVE_SYS_STAT_H 1
#define HAVE_SYS_STAT_H 1
#define HAVE_SYS_TYPES_H 1
#define HAVE_UNISTD_H 1
#define HAVE_UNISTD_H 1
#define PACKAGE_BUGREPORT ""
#define PACKAGE_NAME "fixincludes"
#define PACKAGE_STRING "fixincludes  "
#define PACKAGE_TARNAME "fixincludes"
#define PACKAGE_VERSION " "
#define STDC_HEADERS 1

configure: exit 0
