This file contains any messages produced by compilers while
running configure, to aid debugging if configure makes a mistake.

configure:630: checking host system type
configure:651: checking target system type
configure:669: checking build system type
configure:724: checking for a BSD compatible install
configure:777: checking whether ln works
configure:801: checking whether ln -s works
configure:1899: checking for gcc
configure:2012: checking whether the C compiler (gcc  ) works
configure:2028: gcc -o conftest    conftest.c  1>&5
configure:2054: checking whether the C compiler (gcc  ) is a cross-compiler
configure:2059: checking whether we are using GNU C
configure:2087: checking whether gcc accepts -g
configure:2154: checking for -gnatbind
configure:2219: checking whether compiler driver understands Ada
configure:2251: checking how to compare bootstrapped objects
configure:2371: checking for correct version of gmp.h
configure:2384: gcc -c -g -O2 -I/sw/include   conftest.c 1>&5
configure:2397: checking for correct version of mpfr.h
configure:2411: gcc -c -g -O2 -I/sw/include   conftest.c 1>&5
configure:2425: checking for any version of mpfr.h
configure:2435: gcc -o conftest -g -O2 -I/sw/include    conftest.c  -L/sw/lib -lmpfr -lgmp 1>&5
configure:3546: checking for bison
configure:3586: checking for bison
configure:3625: checking for gm4
configure:3664: checking for flex
configure:3704: checking for flex
configure:3743: checking for makeinfo
configure:3796: checking for expect
configure:3837: checking for runtest
configure:4066: checking for dlltool
configure:4506: checking for windres
configure:4581: checking for objcopy
configure:4656: checking for objdump
configure:5262: checking for ar
configure:5417: checking for as
configure:5572: checking for dlltool
configure:5657: checking for dlltool
configure:5727: checking for ld
configure:5882: checking for lipo
configure:6037: checking for nm
configure:6192: checking for objdump
configure:6277: checking for objdump
configure:6347: checking for ranlib
configure:6502: checking for strip
configure:6657: checking for windres
configure:6742: checking for windres
configure:6792: checking where to find the target ar
configure:6825: checking where to find the target as
configure:6858: checking where to find the target cc
configure:6891: checking where to find the target c++
configure:6927: checking where to find the target c++ for libstdc++
configure:6963: checking where to find the target dlltool
configure:6996: checking where to find the target gcc
configure:7029: checking where to find the target gcj
configure:7065: checking where to find the target gfortran
configure:7101: checking where to find the target ld
configure:7134: checking where to find the target lipo
configure:7157: checking where to find the target nm
configure:7190: checking where to find the target objdump
configure:7223: checking where to find the target ranlib
configure:7256: checking where to find the target strip
configure:7289: checking where to find the target windres
configure:7350: checking whether to enable maintainer-specific portions of Makefiles
