This file contains any messages produced by compilers while
running configure, to aid debugging if configure makes a mistake.

It was created by configure, which was
generated by GNU Autoconf 2.59.  Invocation command line was

  $ /sw/src/fink.build/llvm-gcc42-2.5-1/llvm-gcc4.2-2.5.source/obj/src/gcc/configure --cache-file=./config.cache --build=powerpc-apple-darwin8 --host=powerpc-apple-darwin8 --target=powerpc-apple-darwin8 --disable-checking --enable-werror --prefix=/Developer/usr/llvm-gcc-4.2 --mandir=${prefix}/share/man --program-transform-name=/^[cg][^.-]*$/s/$/-4.2/ --with-slibdir=/usr/lib --enable-llvm=/Developer/usr/local --with-gxx-include-dir=/usr/include/c++/4.0.0 --enable-languages=c,c++,objc,obj-c++ --program-transform-name=s,^,llvm-,; /^[cg][^.-]*$/s/$/-4.2/ --srcdir=/sw/src/fink.build/llvm-gcc42-2.5-1/llvm-gcc4.2-2.5.source/obj/src/gcc --disable-intermodule --disable-checking --disable-coverage --enable-languages=c

## --------- ##
## Platform. ##
## --------- ##

hostname = mike-mikes-powerbook-g4-15.local
uname -m = Power Macintosh
uname -r = 8.11.0
uname -s = Darwin
uname -v = Darwin Kernel Version 8.11.0: Wed Oct 10 18:26:00 PDT 2007; root:xnu-792.24.17~1/RELEASE_PPC

/usr/bin/uname -p = powerpc
/bin/uname -X     = unknown

/bin/arch              = unknown
/usr/bin/arch -k       = unknown
/usr/convex/getsysinfo = unknown
hostinfo               = Mach kernel version:
	 Darwin Kernel Version 8.11.0: Wed Oct 10 18:26:00 PDT 2007; root:xnu-792.24.17~1/RELEASE_PPC
Kernel configured for a single processor only.
1 processor is physically available.
Processor type: ppc7450 (PowerPC 7450)
Processor active: 0
Primary memory available: 1.50 gigabytes
Default processor set: 135 tasks, 235 threads, 1 processors
Load average: 1.98, Mach factor: 0.24
/bin/machine           = ppc7450
/usr/bin/oslevel       = unknown
/bin/universe          = unknown

PATH: /opt/local/bin
PATH: /opt/local/sbin
PATH: /sw/bin
PATH: /sw/sbin
PATH: /bin
PATH: /sbin
PATH: /usr/bin
PATH: /usr/sbin
PATH: /usr/local/bin/
PATH: /sw/opt/llvm-3.4/bin
PATH: /usr/X11R6/bin


## ----------- ##
## Core tests. ##
## ----------- ##

configure:1307: loading cache ./config.cache
configure:1433: checking build system type
configure:1451: result: powerpc-apple-darwin8
configure:1459: checking host system type
configure:1473: result: powerpc-apple-darwin8
configure:1481: checking target system type
configure:1495: result: powerpc-apple-darwin8
configure:1584: checking LIBRARY_PATH variable
configure:1594: result: ok
configure:1615: checking GCC_EXEC_PREFIX variable
configure:1625: result: ok
configure:1713: checking whether to place generated files in the source directory
configure:1723: result: no
configure:1769: checking whether a default linker was specified
configure:1780: result: no
configure:1829: checking whether a default assembler was specified
configure:1840: result: no
configure:1866: checking for powerpc-apple-darwin8-gcc
configure:1892: result: gcc
configure:2174: checking for C compiler version
configure:2177: gcc --version </dev/null >&5
powerpc-apple-darwin8-gcc-4.2.1 (GCC) 4.2.1 (Apple Inc. build 5666) (dot 3)
Copyright (C) 2007 Free Software Foundation, Inc.
This is free software; see the source for copying conditions.  There is NO
warranty; not even for MERCHANTABILITY or FITNESS FOR A PARTICULAR PURPOSE.

configure:2180: $? = 0
configure:2182: gcc -v </dev/null >&5
Using built-in specs.
Target: powerpc-apple-darwin8
Configured with: /Users/mikemike/dev/ppc/xnu/xnu-ppc/xnu-792.25.20-deps/gcc-5666.3/build/obj/src/configure --disable-checking --enable-werror --prefix=/usr --mandir=/usr/share/man --enable-languages=c,objc,c++,obj-c++ --program-transform-name=/^[cg][^.-]*$/s/$/-4.2/ --with-slibdir=/usr/lib --build=powerpc-apple-darwin8 --with-gxx-include-dir=/usr/include/c++/4.0.0 --host=powerpc-apple-darwin8 --target=powerpc-apple-darwin8
Thread model: posix
gcc version 4.2.1 (Apple Inc. build 5666) (dot 3)
configure:2185: $? = 0
configure:2187: gcc -V </dev/null >&5
gcc-4.2: argument to `-V' is missing
configure:2190: $? = 1
configure:2213: checking for C compiler default output file name
configure:2216: gcc -g -O2    conftest.c  >&5
configure:2219: $? = 0
configure:2265: result: a.out
configure:2270: checking whether the C compiler works
configure:2276: ./a.out
configure:2279: $? = 0
configure:2296: result: yes
configure:2303: checking whether we are cross compiling
configure:2305: result: no
configure:2308: checking for suffix of executables
configure:2310: gcc -o conftest -g -O2    conftest.c  >&5
configure:2313: $? = 0
configure:2338: result: 
configure:2344: checking for suffix of object files
configure:2365: gcc -c -g -O2   conftest.c >&5
configure:2368: $? = 0
configure:2390: result: o
configure:2394: checking whether we are using the GNU C compiler
configure:2418: gcc -c -g -O2   conftest.c >&5
configure:2424: $? = 0
configure:2428: test -z 
			 || test ! -s conftest.err
configure:2431: $? = 0
configure:2434: test -s conftest.o
configure:2437: $? = 0
configure:2450: result: yes
configure:2456: checking whether gcc accepts -g
configure:2477: gcc -c -g  conftest.c >&5
configure:2483: $? = 0
configure:2487: test -z 
			 || test ! -s conftest.err
configure:2490: $? = 0
configure:2493: test -s conftest.o
configure:2496: $? = 0
configure:2507: result: yes
configure:2524: checking for gcc option to accept ANSI C
configure:2594: gcc  -c -g -O2   conftest.c >&5
configure:2600: $? = 0
configure:2604: test -z 
			 || test ! -s conftest.err
configure:2607: $? = 0
configure:2610: test -s conftest.o
configure:2613: $? = 0
configure:2631: result: none needed
configure:2649: gcc -c -g -O2   conftest.c >&5
conftest.c:2: error: expected '=', ',', ';', 'asm' or '__attribute__' before 'me'
configure:2655: $? = 1
configure: failed program was:
| #ifndef __cplusplus
|   choke me
| #endif
configure:2789: checking whether gcc and cc understand -c and -o together
configure:2819: gcc -c conftest.c -o conftest.o >&5
configure:2822: $? = 0
configure:2824: gcc -c conftest.c -o conftest.o >&5
configure:2827: $? = 0
configure:2834: cc -c conftest.c >&5
configure:2837: $? = 0
configure:2840: cc -c conftest.c -o conftest.o >&5
configure:2843: $? = 0
configure:2845: cc -c conftest.c -o conftest.o >&5
configure:2848: $? = 0
configure:2866: result: yes
configure:2920: checking how to run the C preprocessor
configure:2955: gcc -E  conftest.c
configure:2961: $? = 0
configure:2993: gcc -E  conftest.c
conftest.c:9:28: error: ac_nonexistent.h: No such file or directory
configure:2999: $? = 1
configure: failed program was:
| /* confdefs.h.  */
| 
| #define PACKAGE_NAME ""
| #define PACKAGE_TARNAME ""
| #define PACKAGE_VERSION ""
| #define PACKAGE_STRING ""
| #define PACKAGE_BUGREPORT ""
| /* end confdefs.h.  */
| #include <ac_nonexistent.h>
configure:3038: result: gcc -E
configure:3062: gcc -E  conftest.c
configure:3068: $? = 0
configure:3100: gcc -E  conftest.c
conftest.c:9:28: error: ac_nonexistent.h: No such file or directory
configure:3106: $? = 1
configure: failed program was:
| /* confdefs.h.  */
| 
| #define PACKAGE_NAME ""
| #define PACKAGE_TARNAME ""
| #define PACKAGE_VERSION ""
| #define PACKAGE_STRING ""
| #define PACKAGE_BUGREPORT ""
| /* end confdefs.h.  */
| #include <ac_nonexistent.h>
configure:3150: checking for inline
configure:3171: gcc -c -g   conftest.c >&5
configure:3177: $? = 0
configure:3181: test -z 
			 || test ! -s conftest.err
configure:3184: $? = 0
configure:3187: test -s conftest.o
configure:3190: $? = 0
configure:3202: result: inline
configure:3224: checking for egrep
configure:3234: result: grep -E
configure:3239: checking for ANSI C header files
configure:3264: gcc -c -g   conftest.c >&5
configure:3270: $? = 0
configure:3274: test -z 
			 || test ! -s conftest.err
configure:3277: $? = 0
configure:3280: test -s conftest.o
configure:3283: $? = 0
configure:3372: gcc -o conftest -g    conftest.c  >&5
conftest.c: In function 'main':
conftest.c:26: warning: incompatible implicit declaration of built-in function 'exit'
configure:3375: $? = 0
configure:3377: ./conftest
configure:3380: $? = 0
configure:3395: result: yes
configure:3419: checking for sys/types.h
configure:3435: gcc -c -g   conftest.c >&5
configure:3441: $? = 0
configure:3445: test -z 
			 || test ! -s conftest.err
configure:3448: $? = 0
configure:3451: test -s conftest.o
configure:3454: $? = 0
configure:3465: result: yes
configure:3419: checking for sys/stat.h
configure:3435: gcc -c -g   conftest.c >&5
configure:3441: $? = 0
configure:3445: test -z 
			 || test ! -s conftest.err
configure:3448: $? = 0
configure:3451: test -s conftest.o
configure:3454: $? = 0
configure:3465: result: yes
configure:3419: checking for stdlib.h
configure:3435: gcc -c -g   conftest.c >&5
configure:3441: $? = 0
configure:3445: test -z 
			 || test ! -s conftest.err
configure:3448: $? = 0
configure:3451: test -s conftest.o
configure:3454: $? = 0
configure:3465: result: yes
configure:3419: checking for string.h
configure:3435: gcc -c -g   conftest.c >&5
configure:3441: $? = 0
configure:3445: test -z 
			 || test ! -s conftest.err
configure:3448: $? = 0
configure:3451: test -s conftest.o
configure:3454: $? = 0
configure:3465: result: yes
configure:3419: checking for memory.h
configure:3435: gcc -c -g   conftest.c >&5
configure:3441: $? = 0
configure:3445: test -z 
			 || test ! -s conftest.err
configure:3448: $? = 0
configure:3451: test -s conftest.o
configure:3454: $? = 0
configure:3465: result: yes
configure:3419: checking for strings.h
configure:3435: gcc -c -g   conftest.c >&5
configure:3441: $? = 0
configure:3445: test -z 
			 || test ! -s conftest.err
configure:3448: $? = 0
configure:3451: test -s conftest.o
configure:3454: $? = 0
configure:3465: result: yes
configure:3419: checking for inttypes.h
configure:3435: gcc -c -g   conftest.c >&5
configure:3441: $? = 0
configure:3445: test -z 
			 || test ! -s conftest.err
configure:3448: $? = 0
configure:3451: test -s conftest.o
configure:3454: $? = 0
configure:3465: result: yes
configure:3419: checking for stdint.h
configure:3435: gcc -c -g   conftest.c >&5
configure:3441: $? = 0
configure:3445: test -z 
			 || test ! -s conftest.err
configure:3448: $? = 0
configure:3451: test -s conftest.o
configure:3454: $? = 0
configure:3465: result: yes
configure:3419: checking for unistd.h
configure:3435: gcc -c -g   conftest.c >&5
configure:3441: $? = 0
configure:3445: test -z 
			 || test ! -s conftest.err
configure:3448: $? = 0
configure:3451: test -s conftest.o
configure:3454: $? = 0
configure:3465: result: yes
configure:3477: checking for void *
configure:3501: gcc -c -g   conftest.c >&5
configure:3507: $? = 0
configure:3511: test -z 
			 || test ! -s conftest.err
configure:3514: $? = 0
configure:3517: test -s conftest.o
configure:3520: $? = 0
configure:3531: result: yes
configure:3534: checking size of void *
configure:3853: gcc -o conftest -g    conftest.c  >&5
configure:3856: $? = 0
configure:3858: ./conftest
configure:3861: $? = 0
configure:3884: result: 4
configure:3891: checking for short
configure:3915: gcc -c -g   conftest.c >&5
configure:3921: $? = 0
configure:3925: test -z 
			 || test ! -s conftest.err
configure:3928: $? = 0
configure:3931: test -s conftest.o
configure:3934: $? = 0
configure:3945: result: yes
configure:3948: checking size of short
configure:4267: gcc -o conftest -g    conftest.c  >&5
configure:4270: $? = 0
configure:4272: ./conftest
configure:4275: $? = 0
configure:4298: result: 2
configure:4305: checking for int
configure:4329: gcc -c -g   conftest.c >&5
configure:4335: $? = 0
configure:4339: test -z 
			 || test ! -s conftest.err
configure:4342: $? = 0
configure:4345: test -s conftest.o
configure:4348: $? = 0
configure:4359: result: yes
configure:4362: checking size of int
configure:4681: gcc -o conftest -g    conftest.c  >&5
configure:4684: $? = 0
configure:4686: ./conftest
configure:4689: $? = 0
configure:4712: result: 4
configure:4719: checking for long
configure:4743: gcc -c -g   conftest.c >&5
configure:4749: $? = 0
configure:4753: test -z 
			 || test ! -s conftest.err
configure:4756: $? = 0
configure:4759: test -s conftest.o
configure:4762: $? = 0
configure:4773: result: yes
configure:4776: checking size of long
configure:5095: gcc -o conftest -g    conftest.c  >&5
configure:5098: $? = 0
configure:5100: ./conftest
configure:5103: $? = 0
configure:5126: result: 4
configure:5133: checking for long long
configure:5157: gcc -c -g   conftest.c >&5
configure:5163: $? = 0
configure:5167: test -z 
			 || test ! -s conftest.err
configure:5170: $? = 0
configure:5173: test -s conftest.o
configure:5176: $? = 0
configure:5187: result: yes
configure:5195: checking for long long
configure:5249: result: yes
configure:5252: checking size of long long
configure:5571: gcc -o conftest -g    conftest.c  >&5
configure:5574: $? = 0
configure:5576: ./conftest
configure:5579: $? = 0
configure:5602: result: 8
configure:5611: checking for __int64
configure:5635: gcc -c -g   conftest.c >&5
conftest.c: In function 'main':
conftest.c:62: error: '__int64' undeclared (first use in this function)
conftest.c:62: error: (Each undeclared identifier is reported only once
conftest.c:62: error: for each function it appears in.)
conftest.c:62: error: expected expression before ')' token
configure:5641: $? = 1
configure: failed program was:
| /* confdefs.h.  */
| 
| #define PACKAGE_NAME ""
| #define PACKAGE_TARNAME ""
| #define PACKAGE_VERSION ""
| #define PACKAGE_STRING ""
| #define PACKAGE_BUGREPORT ""
| #define STDC_HEADERS 1
| #define HAVE_SYS_TYPES_H 1
| #define HAVE_SYS_STAT_H 1
| #define HAVE_STDLIB_H 1
| #define HAVE_STRING_H 1
| #define HAVE_MEMORY_H 1
| #define HAVE_STRINGS_H 1
| #define HAVE_INTTYPES_H 1
| #define HAVE_STDINT_H 1
| #define HAVE_UNISTD_H 1
| #define SIZEOF_VOID_P 4
| #define SIZEOF_SHORT 2
| #define SIZEOF_INT 4
| #define SIZEOF_LONG 4
| #define HAVE_LONG_LONG 1
| #define SIZEOF_LONG_LONG 8
| /* end confdefs.h.  */
| #include <stdio.h>
| #if HAVE_SYS_TYPES_H
| # include <sys/types.h>
| #endif
| #if HAVE_SYS_STAT_H
| # include <sys/stat.h>
| #endif
| #if STDC_HEADERS
| # include <stdlib.h>
| # include <stddef.h>
| #else
| # if HAVE_STDLIB_H
| #  include <stdlib.h>
| # endif
| #endif
| #if HAVE_STRING_H
| # if !STDC_HEADERS && HAVE_MEMORY_H
| #  include <memory.h>
| # endif
| # include <string.h>
| #endif
| #if HAVE_STRINGS_H
| # include <strings.h>
| #endif
| #if HAVE_INTTYPES_H
| # include <inttypes.h>
| #else
| # if HAVE_STDINT_H
| #  include <stdint.h>
| # endif
| #endif
| #if HAVE_UNISTD_H
| # include <unistd.h>
| #endif
| int
| main ()
| {
| if ((__int64 *) 0)
|   return 0;
| if (sizeof (__int64))
|   return 0;
|   ;
|   return 0;
| }
configure:5665: result: no
configure:6101: checking whether gcc accepts -Wno-long-long
configure:6117: gcc -c -Wno-long-long  conftest.c >&5
configure:6123: $? = 0
configure:6127: test -z 
			 || test ! -s conftest.err
configure:6130: $? = 0
configure:6133: test -s conftest.o
configure:6136: $? = 0
configure:6149: result: yes
configure:6152: checking whether gcc accepts -Wno-variadic-macros
configure:6168: gcc -c -Wno-variadic-macros  conftest.c >&5
configure:6174: $? = 0
configure:6178: test -z 
			 || test ! -s conftest.err
configure:6181: $? = 0
configure:6184: test -s conftest.o
configure:6187: $? = 0
configure:6200: result: yes
configure:6203: checking whether gcc accepts -Wno-overlength-strings
configure:6219: gcc -c -Wno-overlength-strings  conftest.c >&5
configure:6225: $? = 0
configure:6229: test -z 
			 || test ! -s conftest.err
configure:6232: $? = 0
configure:6235: test -s conftest.o
configure:6238: $? = 0
configure:6251: result: yes
configure:6262: checking whether gcc accepts -Wold-style-definition
configure:6278: gcc -c -Wold-style-definition  conftest.c >&5
configure:6284: $? = 0
configure:6288: test -z 
			 || test ! -s conftest.err
configure:6291: $? = 0
configure:6294: test -s conftest.o
configure:6297: $? = 0
configure:6310: result: yes
configure:6317: checking whether gcc accepts -Wmissing-format-attribute
configure:6333: gcc -c -Wmissing-format-attribute  conftest.c >&5
configure:6339: $? = 0
configure:6343: test -z 
			 || test ! -s conftest.err
configure:6346: $? = 0
configure:6349: test -s conftest.o
configure:6352: $? = 0
configure:6365: result: yes
configure:6387: checking whether gcc accepts -Wc++-compat
configure:6403: gcc -c -Wc++-compat  conftest.c >&5
configure:6409: $? = 0
configure:6413: test -z 
			 || test ! -s conftest.err
configure:6416: $? = 0
configure:6419: test -s conftest.o
configure:6422: $? = 0
configure:6435: result: yes
configure:6631: checking valgrind.h usability
configure:6643: gcc -c -g   conftest.c >&5
conftest.c:59:22: error: valgrind.h: No such file or directory
configure:6649: $? = 1
configure: failed program was:
| /* confdefs.h.  */
| 
| #define PACKAGE_NAME ""
| #define PACKAGE_TARNAME ""
| #define PACKAGE_VERSION ""
| #define PACKAGE_STRING ""
| #define PACKAGE_BUGREPORT ""
| #define STDC_HEADERS 1
| #define HAVE_SYS_TYPES_H 1
| #define HAVE_SYS_STAT_H 1
| #define HAVE_STDLIB_H 1
| #define HAVE_STRING_H 1
| #define HAVE_MEMORY_H 1
| #define HAVE_STRINGS_H 1
| #define HAVE_INTTYPES_H 1
| #define HAVE_STDINT_H 1
| #define HAVE_UNISTD_H 1
| #define SIZEOF_VOID_P 4
| #define SIZEOF_SHORT 2
| #define SIZEOF_INT 4
| #define SIZEOF_LONG 4
| #define HAVE_LONG_LONG 1
| #define SIZEOF_LONG_LONG 8
| /* end confdefs.h.  */
| #include <stdio.h>
| #if HAVE_SYS_TYPES_H
| # include <sys/types.h>
| #endif
| #if HAVE_SYS_STAT_H
| # include <sys/stat.h>
| #endif
| #if STDC_HEADERS
| # include <stdlib.h>
| # include <stddef.h>
| #else
| # if HAVE_STDLIB_H
| #  include <stdlib.h>
| # endif
| #endif
| #if HAVE_STRING_H
| # if !STDC_HEADERS && HAVE_MEMORY_H
| #  include <memory.h>
| # endif
| # include <string.h>
| #endif
| #if HAVE_STRINGS_H
| # include <strings.h>
| #endif
| #if HAVE_INTTYPES_H
| # include <inttypes.h>
| #else
| # if HAVE_STDINT_H
| #  include <stdint.h>
| # endif
| #endif
| #if HAVE_UNISTD_H
| # include <unistd.h>
| #endif
| #include <valgrind.h>
configure:6672: result: no
configure:6676: checking valgrind.h presence
configure:6686: gcc -E  conftest.c
conftest.c:25:22: error: valgrind.h: No such file or directory
configure:6692: $? = 1
configure: failed program was:
| /* confdefs.h.  */
| 
| #define PACKAGE_NAME ""
| #define PACKAGE_TARNAME ""
| #define PACKAGE_VERSION ""
| #define PACKAGE_STRING ""
| #define PACKAGE_BUGREPORT ""
| #define STDC_HEADERS 1
| #define HAVE_SYS_TYPES_H 1
| #define HAVE_SYS_STAT_H 1
| #define HAVE_STDLIB_H 1
| #define HAVE_STRING_H 1
| #define HAVE_MEMORY_H 1
| #define HAVE_STRINGS_H 1
| #define HAVE_INTTYPES_H 1
| #define HAVE_STDINT_H 1
| #define HAVE_UNISTD_H 1
| #define SIZEOF_VOID_P 4
| #define SIZEOF_SHORT 2
| #define SIZEOF_INT 4
| #define SIZEOF_LONG 4
| #define HAVE_LONG_LONG 1
| #define SIZEOF_LONG_LONG 8
| /* end confdefs.h.  */
| #include <valgrind.h>
configure:6712: result: no
configure:6747: checking for valgrind.h
configure:6754: result: no
configure:7211: checking for dsymutil
configure:7227: found /usr/bin/dsymutil
configure:7237: result: dsymutil
configure:7246: checking for modern dsymutil
configure:7253: version of dsymutil is 42
configure:7262: result: no
configure:7269: result: dsymutil is not available
configure:7282: checking for dsymutil
configure:7308: result: dsymutil
configure:7317: checking for modern dsymutil
configure:7333: result: no
configure:7340: result: dsymutil is not available
configure:7397: error: You must specify valid path to your LLVM tree with --enable-llvm=DIR

## ---------------- ##
## Cache variables. ##
## ---------------- ##

ac_cv_build=powerpc-apple-darwin8
ac_cv_build_alias=powerpc-apple-darwin8
ac_cv_c_compiler_gnu=yes
ac_cv_c_inline=inline
ac_cv_env_CC_set=set
ac_cv_env_CC_value=gcc
ac_cv_env_CFLAGS_set=set
ac_cv_env_CFLAGS_value='-g -O2 '
ac_cv_env_CPPFLAGS_set=
ac_cv_env_CPPFLAGS_value=
ac_cv_env_CPP_set=
ac_cv_env_CPP_value=
ac_cv_env_GMPINC_set=set
ac_cv_env_GMPINC_value=
ac_cv_env_GMPLIBS_set=set
ac_cv_env_GMPLIBS_value='-lmpfr -lgmp'
ac_cv_env_LDFLAGS_set=set
ac_cv_env_LDFLAGS_value=
ac_cv_env_build_alias_set=set
ac_cv_env_build_alias_value=powerpc-apple-darwin8
ac_cv_env_host_alias_set=set
ac_cv_env_host_alias_value=powerpc-apple-darwin8
ac_cv_env_target_alias_set=set
ac_cv_env_target_alias_value=powerpc-apple-darwin8
ac_cv_exeext=
ac_cv_header_inttypes_h=yes
ac_cv_header_memory_h=yes
ac_cv_header_stdc=yes
ac_cv_header_stdint_h=yes
ac_cv_header_stdlib_h=yes
ac_cv_header_string_h=yes
ac_cv_header_strings_h=yes
ac_cv_header_sys_stat_h=yes
ac_cv_header_sys_types_h=yes
ac_cv_header_unistd_h=yes
ac_cv_header_valgrind_h=no
ac_cv_host=powerpc-apple-darwin8
ac_cv_host_alias=powerpc-apple-darwin8
ac_cv_objext=o
ac_cv_path_INTLTOOL_PERL=/usr/bin/perl
ac_cv_prog_CC=gcc
ac_cv_prog_CPP='gcc -E'
ac_cv_prog_DSYMUTIL=dsymutil
ac_cv_prog_cc_g=yes
ac_cv_prog_cc_gcc_c_o=yes
ac_cv_prog_cc_stdc=
ac_cv_prog_cc_w_cxx_compat=yes
ac_cv_prog_cc_w_missing_format_attribute=yes
ac_cv_prog_cc_w_no_long_long=yes
ac_cv_prog_cc_w_no_overlength_strings=yes
ac_cv_prog_cc_w_no_variadic_macros=yes
ac_cv_prog_cc_w_old_style_definition=yes
ac_cv_prog_egrep='grep -E'
ac_cv_sizeof_int=4
ac_cv_sizeof_long=4
ac_cv_sizeof_long_long=8
ac_cv_sizeof_short=2
ac_cv_sizeof_void_p=4
ac_cv_target=powerpc-apple-darwin8
ac_cv_target_alias=powerpc-apple-darwin8
ac_cv_type___int64=no
ac_cv_type_int=yes
ac_cv_type_long=yes
ac_cv_type_long_long=yes
ac_cv_type_short=yes
ac_cv_type_void_p=yes
gcc_cv_prog_dsymutil_modern=no

## ----------------- ##
## Output variables. ##
## ----------------- ##

ALL=''
AR='ar'
AWK=''
BISON='bison'
BUILD_CFLAGS=''
BUILD_INFO=''
CATALOGS=''
CATOBJEXT=''
CC='gcc'
CC_FOR_BUILD='gcc'
CFLAGS='-g '
COLLECT2_LIBS=''
CPP='gcc -E'
CPPFLAGS=''
CROSS=''
CROSS_SYSTEM_HEADER_DIR='$(gcc_tooldir)/sys-include'
DATADIRNAME=''
DEFS=''
DSYMUTIL='dsymutil'
ECHO_C='ECHO_N=''
ECHO_T=''
EGREP='grep -E'
EXEEXT=''
FLEX='flex'
GENCAT=''
GENERATED_MANPAGES=''
GENINSRC='#'
GGC=''
GMPINC=''
GMPLIBS='-lmpfr -lgmp'
GMSGFMT=''
GNAT_LIBEXC=''
INCINTL=''
INSTALL='/usr/bin/install -c'
INSTALL_DATA='/usr/bin/install -c -m 644'
INSTALL_PROGRAM='/usr/bin/install -c'
INSTOBJEXT=''
LDEXP_LIB=''
LDFLAGS=''
LIBICONV=''
LIBICONV_DEP=''
LIBINTL=''
LIBINTL_DEP=''
LIBOBJS=''
LIBS=''
LLVMBASEPATH='/Developer/usr/local'
LLVMBUILDMODE=''
LN=''
LN_S=''
LTLIBICONV=''
LTLIBOBJS=''
MAINT=''
MAKEINFO='makeinfo --split-size=5000000 --split-size=5000000'
NM='nm'
NO_MINUS_C_MINUS_O=''
OBJEXT='o'
ORIGINAL_AS_FOR_TARGET=''
ORIGINAL_LD_FOR_TARGET=''
ORIGINAL_NM_FOR_TARGET=''
OUTPUT_OPTION='-o $@'
PACKAGE_BUGREPORT=''
PACKAGE_NAME=''
PACKAGE_STRING=''
PACKAGE_TARNAME=''
PACKAGE_VERSION=''
PATH_SEPARATOR=':'
POSUB=''
RANLIB='ranlib'
SET_MAKE=''
SHELL='/bin/sh'
STMP_FIXINC=''
STMP_FIXPROTO=''
SYSTEM_HEADER_DIR=''
TARGET_GETGROUPS_T=''
TARGET_SYSTEM_ROOT=''
TARGET_SYSTEM_ROOT_DEFINE=''
TREEBROWSER=''
USE_NLS=''
WERROR='-Werror'
XGETTEXT=''
ac_ct_CC=''
ac_ct_RANLIB=''
all_boot_languages=''
all_compilers=''
all_gtfiles=''
all_gtfiles_files_files=''
all_gtfiles_files_langs=''
all_lang_makefiles=''
all_lang_makefrags=''
all_languages=''
all_selected_languages=''
all_stagestuff=''
bindir='${exec_prefix}/bin'
build='powerpc-apple-darwin8'
build_alias='powerpc-apple-darwin8'
build_cpu='powerpc'
build_exeext=''
build_install_headers_dir=''
build_libsubdir='build-powerpc-apple-darwin8'
build_os='darwin8'
build_subdir='build-powerpc-apple-darwin8'
build_vendor='apple'
build_xm_defines=''
build_xm_file_list=''
build_xm_include_list=''
c_target_objs=''
cc_set_by_configure=''
check_languages=''
checkingenabled_flag=''
collect2=''
coverage_flags=''
cpp_install_dir=''
cxx_compat_warn='-Wc++-compat'
cxx_target_objs=''
datadir='${prefix}/share'
datarootdir='/Developer/usr/llvm-gcc-4.2/share'
docdir='/Developer/usr/llvm-gcc-4.2/share/doc'
dollar=''
enable_decimal_float='no'
enable_multilib='yes'
enable_shared='yes'
exec_prefix='NONE'
extra_gcc_objs=''
extra_headers_list=''
extra_modes_file=''
extra_objs=''
extra_opt_files=''
extra_parts=''
extra_passes=''
extra_programs=''
float_h_file=''
gcc_config_arguments=''
gcc_cv_as=''
gcc_cv_ld=''
gcc_cv_nm=''
gcc_cv_objdump=''
gcc_gxx_include_dir='/usr/include/c++/4.0.0'
gcc_tooldir=''
gthread_flags=''
have_mktemp_command=''
host='powerpc-apple-darwin8'
host_alias='powerpc-apple-darwin8'
host_cc_for_libada=''
host_cpu='powerpc'
host_exeext=''
host_os='darwin8'
host_subdir='.'
host_vendor='apple'
host_xm_defines=''
host_xm_file_list=''
host_xm_include_list=''
htmldir='/Developer/usr/llvm-gcc-4.2/share/doc'
includedir='${prefix}/include'
infodir='${prefix}/info'
inhibit_libc=''
install=''
lang_opt_files=''
lang_specs_files=''
lang_tree_files=''
libdir='${exec_prefix}/lib'
libexecdir='${exec_prefix}/libexec'
libgcc_visibility=''
local_prefix='/usr/local'
localstatedir='${prefix}/var'
make_compare_target=''
mandir='${prefix}/share/man'
manext=''
md_file=''
nocommon_flag=''
objc_boehm_gc=''
objdir=''
objext=''
oldincludedir='/usr/include'
onestep=''
out_cxx_file=''
out_cxx_object_file=''
out_file=''
out_host_hook_obj=''
out_object_file=''
prefix='/Developer/usr/llvm-gcc-4.2'
program_transform_name='s,^,llvm-,; /^[cg][^.-]*$$/s/$$/-4.2/'
quoted_cc_set_by_configure=''
quoted_stage_prefix_set_by_configure=''
ranlib_flags=''
sbindir='${exec_prefix}/sbin'
sharedstatedir='${prefix}/com'
slibdir=''
srcdir='/sw/src/fink.build/llvm-gcc42-2.5-1/llvm-gcc4.2-2.5.source/obj/src/gcc'
stage1_cflags=''
stage_prefix_set_by_configure=''
strict1_warn='-pedantic -Wno-long-long -Wno-variadic-macros -Wno-overlength-strings -Wold-style-definition -Wmissing-format-attribute'
subdirs=''
sysconfdir='${prefix}/etc'
target='powerpc-apple-darwin8'
target_alias='powerpc-apple-darwin8'
target_cpu='powerpc'
target_cpu_default=''
target_noncanonical='powerpc-apple-darwin8'
target_os='darwin8'
target_subdir='powerpc-apple-darwin8'
target_vendor='apple'
thread_file=''
tm_defines=''
tm_file_list=''
tm_include_list=''
tm_p_file_list=''
tm_p_include_list=''
tmake_file=''
valgrind_command=''
valgrind_path=''
valgrind_path_defines=''
warn_cflags='$(GCC_WARN_CFLAGS)'
xm_defines=''
xm_file_list=''
xm_include_list=''
xmake_file=''
zlibdir=''
zlibinc=''

## ------------- ##
## Output files. ##
## ------------- ##

language_hooks=''

## ----------- ##
## confdefs.h. ##
## ----------- ##

#define ENABLE_DECIMAL_FLOAT 0
#define HAVE_INTTYPES_H 1
#define HAVE_LONG_LONG 1
#define HAVE_MEMORY_H 1
#define HAVE_STDINT_H 1
#define HAVE_STDLIB_H 1
#define HAVE_STRINGS_H 1
#define HAVE_STRING_H 1
#define HAVE_SYS_STAT_H 1
#define HAVE_SYS_TYPES_H 1
#define HAVE_UNISTD_H 1
#define PACKAGE_BUGREPORT ""
#define PACKAGE_NAME ""
#define PACKAGE_STRING ""
#define PACKAGE_TARNAME ""
#define PACKAGE_VERSION ""
#define SIZEOF_INT 4
#define SIZEOF_LONG 4
#define SIZEOF_LONG_LONG 8
#define SIZEOF_SHORT 2
#define SIZEOF_VOID_P 4
#define STDC_HEADERS 1

configure: exit 1
