This file contains any messages produced by compilers while
running configure, to aid debugging if configure makes a mistake.

It was created by GNU nano configure 2.0.6, which was
generated by GNU Autoconf 2.63.  Invocation command line was

  $ ./configure --no-create --no-recursion

## --------- ##
## Platform. ##
## --------- ##

hostname = mike-mikes-powerbook-g4-15.local
uname -m = Power Macintosh
uname -r = 8.11.0
uname -s = Darwin
uname -v = Darwin Kernel Version 8.11.0: Wed Oct 10 18:26:00 PDT 2007; root:xnu-792.24.17~1/RELEASE_PPC

/usr/bin/uname -p = powerpc
/bin/uname -X     = unknown

/bin/arch              = unknown
/usr/bin/arch -k       = unknown
/usr/convex/getsysinfo = unknown
/usr/bin/hostinfo      = Mach kernel version:
	 Darwin Kernel Version 8.11.0: Wed Oct 10 18:26:00 PDT 2007; root:xnu-792.24.17~1/RELEASE_PPC
Kernel configured for a single processor only.
1 processor is physically available.
Processor type: ppc7450 (PowerPC 7450)
Processor active: 0
Primary memory available: 1.50 gigabytes
Default processor set: 104 tasks, 214 threads, 1 processors
Load average: 2.97, Mach factor: 0.26
/bin/machine           = unknown
/usr/bin/oslevel       = unknown
/bin/universe          = unknown

PATH: /opt/local/bin
PATH: /opt/local/sbin
PATH: /sw/bin
PATH: /sw/sbin
PATH: /bin
PATH: /sbin
PATH: /usr/bin
PATH: /usr/sbin
PATH: /usr/X11R6/bin


## ----------- ##
## Core tests. ##
## ----------- ##

configure:1958: checking build system type
configure:1976: result: powerpc-apple-darwin8.11.0
configure:1998: checking host system type
configure:2013: result: powerpc-apple-darwin8.11.0
configure:2035: checking target system type
configure:2050: result: powerpc-apple-darwin8.11.0
configure:2093: checking for a BSD-compatible install
configure:2161: result: /usr/bin/install -c
configure:2172: checking whether build environment is sane
configure:2215: result: yes
configure:2277: checking for gawk
configure:2307: result: no
configure:2277: checking for mawk
configure:2307: result: no
configure:2277: checking for nawk
configure:2307: result: no
configure:2277: checking for awk
configure:2293: found /usr/bin/awk
configure:2304: result: awk
configure:2315: checking whether make sets $(MAKE)
configure:2337: result: yes
configure:2535: checking for style of include used by make
configure:2563: result: GNU
configure:2636: checking for gcc
configure:2652: found /usr/bin/gcc
configure:2663: result: gcc
configure:2895: checking for C compiler version
configure:2903: gcc --version >&5
powerpc-apple-darwin8-gcc-4.2.1 (GCC) 4.2.1 (Apple Inc. build 5646)
Copyright (C) 2007 Free Software Foundation, Inc.
This is free software; see the source for copying conditions.  There is NO
warranty; not even for MERCHANTABILITY or FITNESS FOR A PARTICULAR PURPOSE.

configure:2907: $? = 0
configure:2914: gcc -v >&5
Using built-in specs.
Target: powerpc-apple-darwin8
Configured with: /Users/mikemike/dev/ppc/xnu/xnu-ppc/xnu-792.25.20-deps/gcc-5646/build/obj/src/configure --disable-checking --enable-werror --prefix=/usr --mandir=/usr/share/man --enable-languages=c,objc,c++,obj-c++ --program-transform-name=/^[cg][^.-]*$/s/$/-4.2/ --with-slibdir=/usr/lib --build=powerpc-apple-darwin8 --with-gxx-include-dir=/usr/include/c++/4.0.0 --host=powerpc-apple-darwin8 --target=powerpc-apple-darwin8
Thread model: posix
gcc version 4.2.1 (Apple Inc. build 5646)
configure:2918: $? = 0
configure:2925: gcc -V >&5
gcc-4.2: argument to `-V' is missing
configure:2929: $? = 1
configure:2952: checking for C compiler default output file name
configure:2974: gcc    conftest.c  >&5
configure:2978: $? = 0
configure:3016: result: a.out
configure:3035: checking whether the C compiler works
configure:3045: ./a.out
configure:3049: $? = 0
configure:3068: result: yes
configure:3075: checking whether we are cross compiling
configure:3077: result: no
configure:3080: checking for suffix of executables
configure:3087: gcc -o conftest    conftest.c  >&5
configure:3091: $? = 0
configure:3117: result: 
configure:3123: checking for suffix of object files
configure:3149: gcc -c   conftest.c >&5
configure:3153: $? = 0
configure:3178: result: o
configure:3182: checking whether we are using the GNU C compiler
configure:3211: gcc -c   conftest.c >&5
configure:3218: $? = 0
configure:3235: result: yes
configure:3244: checking whether gcc accepts -g
configure:3274: gcc -c -g  conftest.c >&5
configure:3281: $? = 0
configure:3382: result: yes
configure:3399: checking for gcc option to accept ISO C89
configure:3473: gcc  -c -g -O2  conftest.c >&5
configure:3480: $? = 0
configure:3503: result: none needed
configure:3523: checking dependency style of gcc
configure:3613: result: gcc3
configure:3636: checking how to run the C preprocessor
configure:3676: gcc -E  conftest.c
configure:3683: $? = 0
configure:3714: gcc -E  conftest.c
conftest.c:10:28: error: ac_nonexistent.h: No such file or directory
configure:3721: $? = 1
configure: failed program was:
| /* confdefs.h.  */
| #define PACKAGE_NAME "GNU nano"
| #define PACKAGE_TARNAME "nano"
| #define PACKAGE_VERSION "2.0.6"
| #define PACKAGE_STRING "GNU nano 2.0.6"
| #define PACKAGE_BUGREPORT "nano-devel@gnu.org"
| #define PACKAGE "nano"
| #define VERSION "2.0.6"
| /* end confdefs.h.  */
| #include <ac_nonexistent.h>
configure:3754: result: gcc -E
configure:3783: gcc -E  conftest.c
configure:3790: $? = 0
configure:3821: gcc -E  conftest.c
conftest.c:10:28: error: ac_nonexistent.h: No such file or directory
configure:3828: $? = 1
configure: failed program was:
| /* confdefs.h.  */
| #define PACKAGE_NAME "GNU nano"
| #define PACKAGE_TARNAME "nano"
| #define PACKAGE_VERSION "2.0.6"
| #define PACKAGE_STRING "GNU nano 2.0.6"
| #define PACKAGE_BUGREPORT "nano-devel@gnu.org"
| #define PACKAGE "nano"
| #define VERSION "2.0.6"
| /* end confdefs.h.  */
| #include <ac_nonexistent.h>
configure:3868: checking for grep that handles long lines and -e
configure:3928: result: /usr/bin/grep
configure:3933: checking for egrep
configure:3997: result: /usr/bin/grep -E
configure:4002: checking for ANSI C header files
configure:4032: gcc -c -g -O2  conftest.c >&5
configure:4039: $? = 0
configure:4138: gcc -o conftest -g -O2   conftest.c  >&5
configure:4142: $? = 0
configure:4148: ./conftest
configure:4152: $? = 0
configure:4170: result: yes
configure:4194: checking for sys/types.h
configure:4215: gcc -c -g -O2  conftest.c >&5
configure:4222: $? = 0
configure:4239: result: yes
configure:4194: checking for sys/stat.h
configure:4215: gcc -c -g -O2  conftest.c >&5
configure:4222: $? = 0
configure:4239: result: yes
configure:4194: checking for stdlib.h
configure:4215: gcc -c -g -O2  conftest.c >&5
configure:4222: $? = 0
configure:4239: result: yes
configure:4194: checking for string.h
configure:4215: gcc -c -g -O2  conftest.c >&5
configure:4222: $? = 0
configure:4239: result: yes
configure:4194: checking for memory.h
configure:4215: gcc -c -g -O2  conftest.c >&5
configure:4222: $? = 0
configure:4239: result: yes
configure:4194: checking for strings.h
configure:4215: gcc -c -g -O2  conftest.c >&5
configure:4222: $? = 0
configure:4239: result: yes
configure:4194: checking for inttypes.h
configure:4215: gcc -c -g -O2  conftest.c >&5
configure:4222: $? = 0
configure:4239: result: yes
configure:4194: checking for stdint.h
configure:4215: gcc -c -g -O2  conftest.c >&5
configure:4222: $? = 0
configure:4239: result: yes
configure:4194: checking for unistd.h
configure:4215: gcc -c -g -O2  conftest.c >&5
configure:4222: $? = 0
configure:4239: result: yes
configure:4264: checking minix/config.h usability
configure:4281: gcc -c -g -O2  conftest.c >&5
conftest.c:53:26: error: minix/config.h: No such file or directory
configure:4288: $? = 1
configure: failed program was:
| /* confdefs.h.  */
| #define PACKAGE_NAME "GNU nano"
| #define PACKAGE_TARNAME "nano"
| #define PACKAGE_VERSION "2.0.6"
| #define PACKAGE_STRING "GNU nano 2.0.6"
| #define PACKAGE_BUGREPORT "nano-devel@gnu.org"
| #define PACKAGE "nano"
| #define VERSION "2.0.6"
| #define STDC_HEADERS 1
| #define HAVE_SYS_TYPES_H 1
| #define HAVE_SYS_STAT_H 1
| #define HAVE_STDLIB_H 1
| #define HAVE_STRING_H 1
| #define HAVE_MEMORY_H 1
| #define HAVE_STRINGS_H 1
| #define HAVE_INTTYPES_H 1
| #define HAVE_STDINT_H 1
| #define HAVE_UNISTD_H 1
| /* end confdefs.h.  */
| #include <stdio.h>
| #ifdef HAVE_SYS_TYPES_H
| # include <sys/types.h>
| #endif
| #ifdef HAVE_SYS_STAT_H
| # include <sys/stat.h>
| #endif
| #ifdef STDC_HEADERS
| # include <stdlib.h>
| # include <stddef.h>
| #else
| # ifdef HAVE_STDLIB_H
| #  include <stdlib.h>
| # endif
| #endif
| #ifdef HAVE_STRING_H
| # if !defined STDC_HEADERS && defined HAVE_MEMORY_H
| #  include <memory.h>
| # endif
| # include <string.h>
| #endif
| #ifdef HAVE_STRINGS_H
| # include <strings.h>
| #endif
| #ifdef HAVE_INTTYPES_H
| # include <inttypes.h>
| #endif
| #ifdef HAVE_STDINT_H
| # include <stdint.h>
| #endif
| #ifdef HAVE_UNISTD_H
| # include <unistd.h>
| #endif
| #include <minix/config.h>
configure:4302: result: no
configure:4306: checking minix/config.h presence
configure:4321: gcc -E  conftest.c
conftest.c:20:26: error: minix/config.h: No such file or directory
configure:4328: $? = 1
configure: failed program was:
| /* confdefs.h.  */
| #define PACKAGE_NAME "GNU nano"
| #define PACKAGE_TARNAME "nano"
| #define PACKAGE_VERSION "2.0.6"
| #define PACKAGE_STRING "GNU nano 2.0.6"
| #define PACKAGE_BUGREPORT "nano-devel@gnu.org"
| #define PACKAGE "nano"
| #define VERSION "2.0.6"
| #define STDC_HEADERS 1
| #define HAVE_SYS_TYPES_H 1
| #define HAVE_SYS_STAT_H 1
| #define HAVE_STDLIB_H 1
| #define HAVE_STRING_H 1
| #define HAVE_MEMORY_H 1
| #define HAVE_STRINGS_H 1
| #define HAVE_INTTYPES_H 1
| #define HAVE_STDINT_H 1
| #define HAVE_UNISTD_H 1
| /* end confdefs.h.  */
| #include <minix/config.h>
configure:4342: result: no
configure:4375: checking for minix/config.h
configure:4382: result: no
configure:4413: checking whether it is safe to define __EXTENSIONS__
configure:4441: gcc -c -g -O2  conftest.c >&5
configure:4448: $? = 0
configure:4463: result: yes
configure:4535: checking for gcc
configure:4562: result: gcc
configure:4794: checking for C compiler version
configure:4802: gcc --version >&5
powerpc-apple-darwin8-gcc-4.2.1 (GCC) 4.2.1 (Apple Inc. build 5646)
Copyright (C) 2007 Free Software Foundation, Inc.
This is free software; see the source for copying conditions.  There is NO
warranty; not even for MERCHANTABILITY or FITNESS FOR A PARTICULAR PURPOSE.

configure:4806: $? = 0
configure:4813: gcc -v >&5
Using built-in specs.
Target: powerpc-apple-darwin8
Configured with: /Users/mikemike/dev/ppc/xnu/xnu-ppc/xnu-792.25.20-deps/gcc-5646/build/obj/src/configure --disable-checking --enable-werror --prefix=/usr --mandir=/usr/share/man --enable-languages=c,objc,c++,obj-c++ --program-transform-name=/^[cg][^.-]*$/s/$/-4.2/ --with-slibdir=/usr/lib --build=powerpc-apple-darwin8 --with-gxx-include-dir=/usr/include/c++/4.0.0 --host=powerpc-apple-darwin8 --target=powerpc-apple-darwin8
Thread model: posix
gcc version 4.2.1 (Apple Inc. build 5646)
configure:4817: $? = 0
configure:4824: gcc -V >&5
gcc-4.2: argument to `-V' is missing
configure:4828: $? = 1
configure:4831: checking whether we are using the GNU C compiler
configure:4884: result: yes
configure:4893: checking whether gcc accepts -g
configure:5031: result: yes
configure:5048: checking for gcc option to accept ISO C89
configure:5152: result: none needed
configure:5172: checking dependency style of gcc
configure:5262: result: gcc3
configure:5279: checking whether ln -s works
configure:5283: result: yes
configure:5291: checking for strerror in -lcposix
configure:5326: gcc -o conftest -g -O2   conftest.c -lcposix   >&5
/usr/libexec/gcc/powerpc-apple-darwin8/4.2.1/ld: can't locate file for: -lcposix
collect2: ld returned 1 exit status
configure:5333: $? = 1
configure: failed program was:
| /* confdefs.h.  */
| #define PACKAGE_NAME "GNU nano"
| #define PACKAGE_TARNAME "nano"
| #define PACKAGE_VERSION "2.0.6"
| #define PACKAGE_STRING "GNU nano 2.0.6"
| #define PACKAGE_BUGREPORT "nano-devel@gnu.org"
| #define PACKAGE "nano"
| #define VERSION "2.0.6"
| #define STDC_HEADERS 1
| #define HAVE_SYS_TYPES_H 1
| #define HAVE_SYS_STAT_H 1
| #define HAVE_STDLIB_H 1
| #define HAVE_STRING_H 1
| #define HAVE_MEMORY_H 1
| #define HAVE_STRINGS_H 1
| #define HAVE_INTTYPES_H 1
| #define HAVE_STDINT_H 1
| #define HAVE_UNISTD_H 1
| #define __EXTENSIONS__ 1
| #define _ALL_SOURCE 1
| #define _GNU_SOURCE 1
| #define _POSIX_PTHREAD_SEMANTICS 1
| #define _TANDEM_SOURCE 1
| /* end confdefs.h.  */
| 
| /* Override any GCC internal prototype to avoid an error.
|    Use char because int might match the return type of a GCC
|    builtin and then its argument prototype would still apply.  */
| #ifdef __cplusplus
| extern "C"
| #endif
| char strerror ();
| int
| main ()
| {
| return strerror ();
|   ;
|   return 0;
| }
configure:5354: result: no
configure:5369: checking for special C compiler options needed for large files
configure:5464: result: no
configure:5470: checking for _FILE_OFFSET_BITS value needed for large files
configure:5505: gcc -c -g -O2  conftest.c >&5
configure:5512: $? = 0
configure:5581: result: no
configure:5736: checking for msgfmt
configure:5764: result: /sw/bin/msgfmt
configure:5773: checking for gmsgfmt
configure:5804: result: /sw/bin/msgfmt
configure:5815: checking for xgettext
configure:5843: result: /sw/bin/xgettext
configure:5854: checking for msgmerge
configure:5881: result: /sw/bin/msgmerge
configure:5943: checking for ld used by GCC
configure:6006: result: /usr/libexec/gcc/powerpc-apple-darwin8/4.2.1/ld
configure:6015: checking if the linker (/usr/libexec/gcc/powerpc-apple-darwin8/4.2.1/ld) is GNU ld
configure:6027: result: no
configure:6033: checking for shared library run path origin
configure:6046: result: done
configure:6463: checking whether NLS is requested
configure:6472: result: yes
configure:6489: checking for GNU gettext in libc
configure:6518: gcc -o conftest -g -O2   conftest.c  >&5
conftest.c:25:21: error: libintl.h: No such file or directory
conftest.c: In function 'main':
conftest.c:32: warning: incompatible implicit declaration of built-in function 'gettext'
configure:6525: $? = 1
configure: failed program was:
| /* confdefs.h.  */
| #define PACKAGE_NAME "GNU nano"
| #define PACKAGE_TARNAME "nano"
| #define PACKAGE_VERSION "2.0.6"
| #define PACKAGE_STRING "GNU nano 2.0.6"
| #define PACKAGE_BUGREPORT "nano-devel@gnu.org"
| #define PACKAGE "nano"
| #define VERSION "2.0.6"
| #define STDC_HEADERS 1
| #define HAVE_SYS_TYPES_H 1
| #define HAVE_SYS_STAT_H 1
| #define HAVE_STDLIB_H 1
| #define HAVE_STRING_H 1
| #define HAVE_MEMORY_H 1
| #define HAVE_STRINGS_H 1
| #define HAVE_INTTYPES_H 1
| #define HAVE_STDINT_H 1
| #define HAVE_UNISTD_H 1
| #define __EXTENSIONS__ 1
| #define _ALL_SOURCE 1
| #define _GNU_SOURCE 1
| #define _POSIX_PTHREAD_SEMANTICS 1
| #define _TANDEM_SOURCE 1
| /* end confdefs.h.  */
| #include <libintl.h>
| extern int _nl_msg_cat_cntr;
| extern int *_nl_domain_bindings;
| int
| main ()
| {
| bindtextdomain ("", "");
| return (int) gettext ("") + (int) ngettext ("", "", 0) + _nl_msg_cat_cntr + *_nl_domain_bindings
|   ;
|   return 0;
| }
configure:6545: result: no
configure:6579: checking for iconv
configure:6611: gcc -o conftest -g -O2   conftest.c  >&5
/usr/libexec/gcc/powerpc-apple-darwin8/4.2.1/ld: Undefined symbols:
_libiconv
_libiconv_close
_libiconv_open
collect2: ld returned 1 exit status
configure:6618: $? = 1
configure: failed program was:
| /* confdefs.h.  */
| #define PACKAGE_NAME "GNU nano"
| #define PACKAGE_TARNAME "nano"
| #define PACKAGE_VERSION "2.0.6"
| #define PACKAGE_STRING "GNU nano 2.0.6"
| #define PACKAGE_BUGREPORT "nano-devel@gnu.org"
| #define PACKAGE "nano"
| #define VERSION "2.0.6"
| #define STDC_HEADERS 1
| #define HAVE_SYS_TYPES_H 1
| #define HAVE_SYS_STAT_H 1
| #define HAVE_STDLIB_H 1
| #define HAVE_STRING_H 1
| #define HAVE_MEMORY_H 1
| #define HAVE_STRINGS_H 1
| #define HAVE_INTTYPES_H 1
| #define HAVE_STDINT_H 1
| #define HAVE_UNISTD_H 1
| #define __EXTENSIONS__ 1
| #define _ALL_SOURCE 1
| #define _GNU_SOURCE 1
| #define _POSIX_PTHREAD_SEMANTICS 1
| #define _TANDEM_SOURCE 1
| /* end confdefs.h.  */
| #include <stdlib.h>
| #include <iconv.h>
| int
| main ()
| {
| iconv_t cd = iconv_open("","");
|        iconv(cd,NULL,NULL,NULL,NULL);
|        iconv_close(cd);
|   ;
|   return 0;
| }
configure:6664: gcc -o conftest -g -O2   conftest.c  -liconv >&5
configure:6671: $? = 0
configure:6695: result: yes
configure:6705: checking how to link with libiconv
configure:6707: result: -liconv
configure:7096: checking for GNU gettext in libintl
configure:7133: gcc -o conftest -g -O2    conftest.c  -lintl >&5
conftest.c:26:21: error: libintl.h: No such file or directory
conftest.c: In function 'main':
conftest.c:37: warning: incompatible implicit declaration of built-in function 'gettext'
configure:7140: $? = 1
configure: failed program was:
| /* confdefs.h.  */
| #define PACKAGE_NAME "GNU nano"
| #define PACKAGE_TARNAME "nano"
| #define PACKAGE_VERSION "2.0.6"
| #define PACKAGE_STRING "GNU nano 2.0.6"
| #define PACKAGE_BUGREPORT "nano-devel@gnu.org"
| #define PACKAGE "nano"
| #define VERSION "2.0.6"
| #define STDC_HEADERS 1
| #define HAVE_SYS_TYPES_H 1
| #define HAVE_SYS_STAT_H 1
| #define HAVE_STDLIB_H 1
| #define HAVE_STRING_H 1
| #define HAVE_MEMORY_H 1
| #define HAVE_STRINGS_H 1
| #define HAVE_INTTYPES_H 1
| #define HAVE_STDINT_H 1
| #define HAVE_UNISTD_H 1
| #define __EXTENSIONS__ 1
| #define _ALL_SOURCE 1
| #define _GNU_SOURCE 1
| #define _POSIX_PTHREAD_SEMANTICS 1
| #define _TANDEM_SOURCE 1
| #define HAVE_ICONV 1
| /* end confdefs.h.  */
| #include <libintl.h>
| extern int _nl_msg_cat_cntr;
| extern
| #ifdef __cplusplus
| "C"
| #endif
| const char *_nl_expand_alias ();
| int
| main ()
| {
| bindtextdomain ("", "");
| return (int) gettext ("") + (int) ngettext ("", "", 0) + _nl_msg_cat_cntr + *_nl_expand_alias (0)
|   ;
|   return 0;
| }
configure:7189: gcc -o conftest -g -O2    conftest.c  -lintl -liconv >&5
conftest.c:26:21: error: libintl.h: No such file or directory
conftest.c: In function 'main':
conftest.c:37: warning: incompatible implicit declaration of built-in function 'gettext'
configure:7196: $? = 1
configure: failed program was:
| /* confdefs.h.  */
| #define PACKAGE_NAME "GNU nano"
| #define PACKAGE_TARNAME "nano"
| #define PACKAGE_VERSION "2.0.6"
| #define PACKAGE_STRING "GNU nano 2.0.6"
| #define PACKAGE_BUGREPORT "nano-devel@gnu.org"
| #define PACKAGE "nano"
| #define VERSION "2.0.6"
| #define STDC_HEADERS 1
| #define HAVE_SYS_TYPES_H 1
| #define HAVE_SYS_STAT_H 1
| #define HAVE_STDLIB_H 1
| #define HAVE_STRING_H 1
| #define HAVE_MEMORY_H 1
| #define HAVE_STRINGS_H 1
| #define HAVE_INTTYPES_H 1
| #define HAVE_STDINT_H 1
| #define HAVE_UNISTD_H 1
| #define __EXTENSIONS__ 1
| #define _ALL_SOURCE 1
| #define _GNU_SOURCE 1
| #define _POSIX_PTHREAD_SEMANTICS 1
| #define _TANDEM_SOURCE 1
| #define HAVE_ICONV 1
| /* end confdefs.h.  */
| #include <libintl.h>
| extern int _nl_msg_cat_cntr;
| extern
| #ifdef __cplusplus
| "C"
| #endif
| const char *_nl_expand_alias ();
| int
| main ()
| {
| bindtextdomain ("", "");
| return (int) gettext ("") + (int) ngettext ("", "", 0) + _nl_msg_cat_cntr + *_nl_expand_alias (0)
|   ;
|   return 0;
| }
configure:7222: result: no
configure:7339: checking for ANSI C header files
configure:7507: result: yes
configure:7539: checking getopt.h usability
configure:7556: gcc -c -g -O2  conftest.c >&5
configure:7563: $? = 0
configure:7577: result: yes
configure:7581: checking getopt.h presence
configure:7596: gcc -E  conftest.c
configure:7603: $? = 0
configure:7617: result: yes
configure:7650: checking for getopt.h
configure:7659: result: yes
configure:7539: checking libintl.h usability
configure:7556: gcc -c -g -O2  conftest.c >&5
conftest.c:62:21: error: libintl.h: No such file or directory
configure:7563: $? = 1
configure: failed program was:
| /* confdefs.h.  */
| #define PACKAGE_NAME "GNU nano"
| #define PACKAGE_TARNAME "nano"
| #define PACKAGE_VERSION "2.0.6"
| #define PACKAGE_STRING "GNU nano 2.0.6"
| #define PACKAGE_BUGREPORT "nano-devel@gnu.org"
| #define PACKAGE "nano"
| #define VERSION "2.0.6"
| #define STDC_HEADERS 1
| #define HAVE_SYS_TYPES_H 1
| #define HAVE_SYS_STAT_H 1
| #define HAVE_STDLIB_H 1
| #define HAVE_STRING_H 1
| #define HAVE_MEMORY_H 1
| #define HAVE_STRINGS_H 1
| #define HAVE_INTTYPES_H 1
| #define HAVE_STDINT_H 1
| #define HAVE_UNISTD_H 1
| #define __EXTENSIONS__ 1
| #define _ALL_SOURCE 1
| #define _GNU_SOURCE 1
| #define _POSIX_PTHREAD_SEMANTICS 1
| #define _TANDEM_SOURCE 1
| #define HAVE_ICONV 1
| #define PKGDATADIR "/usr/local/share/nano"
| #define STDC_HEADERS 1
| #define HAVE_GETOPT_H 1
| /* end confdefs.h.  */
| #include <stdio.h>
| #ifdef HAVE_SYS_TYPES_H
| # include <sys/types.h>
| #endif
| #ifdef HAVE_SYS_STAT_H
| # include <sys/stat.h>
| #endif
| #ifdef STDC_HEADERS
| # include <stdlib.h>
| # include <stddef.h>
| #else
| # ifdef HAVE_STDLIB_H
| #  include <stdlib.h>
| # endif
| #endif
| #ifdef HAVE_STRING_H
| # if !defined STDC_HEADERS && defined HAVE_MEMORY_H
| #  include <memory.h>
| # endif
| # include <string.h>
| #endif
| #ifdef HAVE_STRINGS_H
| # include <strings.h>
| #endif
| #ifdef HAVE_INTTYPES_H
| # include <inttypes.h>
| #endif
| #ifdef HAVE_STDINT_H
| # include <stdint.h>
| #endif
| #ifdef HAVE_UNISTD_H
| # include <unistd.h>
| #endif
| #include <libintl.h>
configure:7577: result: no
configure:7581: checking libintl.h presence
configure:7596: gcc -E  conftest.c
conftest.c:29:21: error: libintl.h: No such file or directory
configure:7603: $? = 1
configure: failed program was:
| /* confdefs.h.  */
| #define PACKAGE_NAME "GNU nano"
| #define PACKAGE_TARNAME "nano"
| #define PACKAGE_VERSION "2.0.6"
| #define PACKAGE_STRING "GNU nano 2.0.6"
| #define PACKAGE_BUGREPORT "nano-devel@gnu.org"
| #define PACKAGE "nano"
| #define VERSION "2.0.6"
| #define STDC_HEADERS 1
| #define HAVE_SYS_TYPES_H 1
| #define HAVE_SYS_STAT_H 1
| #define HAVE_STDLIB_H 1
| #define HAVE_STRING_H 1
| #define HAVE_MEMORY_H 1
| #define HAVE_STRINGS_H 1
| #define HAVE_INTTYPES_H 1
| #define HAVE_STDINT_H 1
| #define HAVE_UNISTD_H 1
| #define __EXTENSIONS__ 1
| #define _ALL_SOURCE 1
| #define _GNU_SOURCE 1
| #define _POSIX_PTHREAD_SEMANTICS 1
| #define _TANDEM_SOURCE 1
| #define HAVE_ICONV 1
| #define PKGDATADIR "/usr/local/share/nano"
| #define STDC_HEADERS 1
| #define HAVE_GETOPT_H 1
| /* end confdefs.h.  */
| #include <libintl.h>
configure:7617: result: no
configure:7650: checking for libintl.h
configure:7659: result: no
configure:7539: checking limits.h usability
configure:7556: gcc -c -g -O2  conftest.c >&5
configure:7563: $? = 0
configure:7577: result: yes
configure:7581: checking limits.h presence
configure:7596: gcc -E  conftest.c
configure:7603: $? = 0
configure:7617: result: yes
configure:7650: checking for limits.h
configure:7659: result: yes
configure:7539: checking regex.h usability
configure:7556: gcc -c -g -O2  conftest.c >&5
configure:7563: $? = 0
configure:7577: result: yes
configure:7581: checking regex.h presence
configure:7596: gcc -E  conftest.c
configure:7603: $? = 0
configure:7617: result: yes
configure:7650: checking for regex.h
configure:7659: result: yes
configure:7539: checking sys/param.h usability
configure:7556: gcc -c -g -O2  conftest.c >&5
configure:7563: $? = 0
configure:7577: result: yes
configure:7581: checking sys/param.h presence
configure:7596: gcc -E  conftest.c
configure:7603: $? = 0
configure:7617: result: yes
configure:7650: checking for sys/param.h
configure:7659: result: yes
configure:7539: checking wchar.h usability
configure:7556: gcc -c -g -O2  conftest.c >&5
configure:7563: $? = 0
configure:7577: result: yes
configure:7581: checking wchar.h presence
configure:7596: gcc -E  conftest.c
configure:7603: $? = 0
configure:7617: result: yes
configure:7650: checking for wchar.h
configure:7659: result: yes
configure:7539: checking wctype.h usability
configure:7556: gcc -c -g -O2  conftest.c >&5
configure:7563: $? = 0
configure:7577: result: yes
configure:7581: checking wctype.h presence
configure:7596: gcc -E  conftest.c
configure:7603: $? = 0
configure:7617: result: yes
configure:7650: checking for wctype.h
configure:7659: result: yes
configure:7950: checking whether to enable UTF-8 support
configure:7963: result: auto
configure:7966: checking whether to use slang
configure:8893: result: no
configure:8931: checking for getdelim
configure:8987: gcc -o conftest -g -O2   conftest.c  >&5
/usr/libexec/gcc/powerpc-apple-darwin8/4.2.1/ld: Undefined symbols:
_getdelim
collect2: ld returned 1 exit status
configure:8994: $? = 1
configure: failed program was:
| /* confdefs.h.  */
| #define PACKAGE_NAME "GNU nano"
| #define PACKAGE_TARNAME "nano"
| #define PACKAGE_VERSION "2.0.6"
| #define PACKAGE_STRING "GNU nano 2.0.6"
| #define PACKAGE_BUGREPORT "nano-devel@gnu.org"
| #define PACKAGE "nano"
| #define VERSION "2.0.6"
| #define STDC_HEADERS 1
| #define HAVE_SYS_TYPES_H 1
| #define HAVE_SYS_STAT_H 1
| #define HAVE_STDLIB_H 1
| #define HAVE_STRING_H 1
| #define HAVE_MEMORY_H 1
| #define HAVE_STRINGS_H 1
| #define HAVE_INTTYPES_H 1
| #define HAVE_STDINT_H 1
| #define HAVE_UNISTD_H 1
| #define __EXTENSIONS__ 1
| #define _ALL_SOURCE 1
| #define _GNU_SOURCE 1
| #define _POSIX_PTHREAD_SEMANTICS 1
| #define _TANDEM_SOURCE 1
| #define HAVE_ICONV 1
| #define PKGDATADIR "/usr/local/share/nano"
| #define STDC_HEADERS 1
| #define HAVE_GETOPT_H 1
| #define HAVE_LIMITS_H 1
| #define HAVE_REGEX_H 1
| #define HAVE_SYS_PARAM_H 1
| #define HAVE_WCHAR_H 1
| #define HAVE_WCTYPE_H 1
| #define NDEBUG 1
| /* end confdefs.h.  */
| /* Define getdelim to an innocuous variant, in case <limits.h> declares getdelim.
|    For example, HP-UX 11i <limits.h> declares gettimeofday.  */
| #define getdelim innocuous_getdelim
| 
| /* System header to define __stub macros and hopefully few prototypes,
|     which can conflict with char getdelim (); below.
|     Prefer <limits.h> to <assert.h> if __STDC__ is defined, since
|     <limits.h> exists even on freestanding compilers.  */
| 
| #ifdef __STDC__
| # include <limits.h>
| #else
| # include <assert.h>
| #endif
| 
| #undef getdelim
| 
| /* Override any GCC internal prototype to avoid an error.
|    Use char because int might match the return type of a GCC
|    builtin and then its argument prototype would still apply.  */
| #ifdef __cplusplus
| extern "C"
| #endif
| char getdelim ();
| /* The GNU C library defines this for functions which it implements
|     to always fail with ENOSYS.  Some functions are actually named
|     something starting with __ and the normal name is an alias.  */
| #if defined __stub_getdelim || defined __stub___getdelim
| choke me
| #endif
| 
| int
| main ()
| {
| return getdelim ();
|   ;
|   return 0;
| }
configure:9016: result: no
configure:8931: checking for getline
configure:8987: gcc -o conftest -g -O2   conftest.c  >&5
/usr/libexec/gcc/powerpc-apple-darwin8/4.2.1/ld: Undefined symbols:
_getline
collect2: ld returned 1 exit status
configure:8994: $? = 1
configure: failed program was:
| /* confdefs.h.  */
| #define PACKAGE_NAME "GNU nano"
| #define PACKAGE_TARNAME "nano"
| #define PACKAGE_VERSION "2.0.6"
| #define PACKAGE_STRING "GNU nano 2.0.6"
| #define PACKAGE_BUGREPORT "nano-devel@gnu.org"
| #define PACKAGE "nano"
| #define VERSION "2.0.6"
| #define STDC_HEADERS 1
| #define HAVE_SYS_TYPES_H 1
| #define HAVE_SYS_STAT_H 1
| #define HAVE_STDLIB_H 1
| #define HAVE_STRING_H 1
| #define HAVE_MEMORY_H 1
| #define HAVE_STRINGS_H 1
| #define HAVE_INTTYPES_H 1
| #define HAVE_STDINT_H 1
| #define HAVE_UNISTD_H 1
| #define __EXTENSIONS__ 1
| #define _ALL_SOURCE 1
| #define _GNU_SOURCE 1
| #define _POSIX_PTHREAD_SEMANTICS 1
| #define _TANDEM_SOURCE 1
| #define HAVE_ICONV 1
| #define PKGDATADIR "/usr/local/share/nano"
| #define STDC_HEADERS 1
| #define HAVE_GETOPT_H 1
| #define HAVE_LIMITS_H 1
| #define HAVE_REGEX_H 1
| #define HAVE_SYS_PARAM_H 1
| #define HAVE_WCHAR_H 1
| #define HAVE_WCTYPE_H 1
| #define NDEBUG 1
| /* end confdefs.h.  */
| /* Define getline to an innocuous variant, in case <limits.h> declares getline.
|    For example, HP-UX 11i <limits.h> declares gettimeofday.  */
| #define getline innocuous_getline
| 
| /* System header to define __stub macros and hopefully few prototypes,
|     which can conflict with char getline (); below.
|     Prefer <limits.h> to <assert.h> if __STDC__ is defined, since
|     <limits.h> exists even on freestanding compilers.  */
| 
| #ifdef __STDC__
| # include <limits.h>
| #else
| # include <assert.h>
| #endif
| 
| #undef getline
| 
| /* Override any GCC internal prototype to avoid an error.
|    Use char because int might match the return type of a GCC
|    builtin and then its argument prototype would still apply.  */
| #ifdef __cplusplus
| extern "C"
| #endif
| char getline ();
| /* The GNU C library defines this for functions which it implements
|     to always fail with ENOSYS.  Some functions are actually named
|     something starting with __ and the normal name is an alias.  */
| #if defined __stub_getline || defined __stub___getline
| choke me
| #endif
| 
| int
| main ()
| {
| return getline ();
|   ;
|   return 0;
| }
configure:9016: result: no
configure:8931: checking for isblank
configure:8987: gcc -o conftest -g -O2   conftest.c  >&5
conftest.c:58: warning: conflicting types for built-in function 'isblank'
configure:8994: $? = 0
configure:9016: result: yes
configure:8931: checking for strcasecmp
configure:8987: gcc -o conftest -g -O2   conftest.c  >&5
conftest.c:59: warning: conflicting types for built-in function 'strcasecmp'
configure:8994: $? = 0
configure:9016: result: yes
configure:8931: checking for strcasestr
configure:8987: gcc -o conftest -g -O2   conftest.c  >&5
configure:8994: $? = 0
configure:9016: result: yes
configure:8931: checking for strncasecmp
configure:8987: gcc -o conftest -g -O2   conftest.c  >&5
conftest.c:61: warning: conflicting types for built-in function 'strncasecmp'
configure:8994: $? = 0
configure:9016: result: yes
configure:8931: checking for strnlen
configure:8987: gcc -o conftest -g -O2   conftest.c  >&5
/usr/libexec/gcc/powerpc-apple-darwin8/4.2.1/ld: Undefined symbols:
_strnlen
collect2: ld returned 1 exit status
configure:8994: $? = 1
configure: failed program was:
| /* confdefs.h.  */
| #define PACKAGE_NAME "GNU nano"
| #define PACKAGE_TARNAME "nano"
| #define PACKAGE_VERSION "2.0.6"
| #define PACKAGE_STRING "GNU nano 2.0.6"
| #define PACKAGE_BUGREPORT "nano-devel@gnu.org"
| #define PACKAGE "nano"
| #define VERSION "2.0.6"
| #define STDC_HEADERS 1
| #define HAVE_SYS_TYPES_H 1
| #define HAVE_SYS_STAT_H 1
| #define HAVE_STDLIB_H 1
| #define HAVE_STRING_H 1
| #define HAVE_MEMORY_H 1
| #define HAVE_STRINGS_H 1
| #define HAVE_INTTYPES_H 1
| #define HAVE_STDINT_H 1
| #define HAVE_UNISTD_H 1
| #define __EXTENSIONS__ 1
| #define _ALL_SOURCE 1
| #define _GNU_SOURCE 1
| #define _POSIX_PTHREAD_SEMANTICS 1
| #define _TANDEM_SOURCE 1
| #define HAVE_ICONV 1
| #define PKGDATADIR "/usr/local/share/nano"
| #define STDC_HEADERS 1
| #define HAVE_GETOPT_H 1
| #define HAVE_LIMITS_H 1
| #define HAVE_REGEX_H 1
| #define HAVE_SYS_PARAM_H 1
| #define HAVE_WCHAR_H 1
| #define HAVE_WCTYPE_H 1
| #define NDEBUG 1
| #define HAVE_ISBLANK 1
| #define HAVE_STRCASECMP 1
| #define HAVE_STRCASESTR 1
| #define HAVE_STRNCASECMP 1
| /* end confdefs.h.  */
| /* Define strnlen to an innocuous variant, in case <limits.h> declares strnlen.
|    For example, HP-UX 11i <limits.h> declares gettimeofday.  */
| #define strnlen innocuous_strnlen
| 
| /* System header to define __stub macros and hopefully few prototypes,
|     which can conflict with char strnlen (); below.
|     Prefer <limits.h> to <assert.h> if __STDC__ is defined, since
|     <limits.h> exists even on freestanding compilers.  */
| 
| #ifdef __STDC__
| # include <limits.h>
| #else
| # include <assert.h>
| #endif
| 
| #undef strnlen
| 
| /* Override any GCC internal prototype to avoid an error.
|    Use char because int might match the return type of a GCC
|    builtin and then its argument prototype would still apply.  */
| #ifdef __cplusplus
| extern "C"
| #endif
| char strnlen ();
| /* The GNU C library defines this for functions which it implements
|     to always fail with ENOSYS.  Some functions are actually named
|     something starting with __ and the normal name is an alias.  */
| #if defined __stub_strnlen || defined __stub___strnlen
| choke me
| #endif
| 
| int
| main ()
| {
| return strnlen ();
|   ;
|   return 0;
| }
configure:9016: result: no
configure:8931: checking for vsnprintf
configure:8987: gcc -o conftest -g -O2   conftest.c  >&5
conftest.c:62: warning: conflicting types for built-in function 'vsnprintf'
configure:8994: $? = 0
configure:9016: result: yes
configure:9042: checking for iswalnum
configure:9098: gcc -o conftest -g -O2   conftest.c  >&5
conftest.c:63: warning: conflicting types for built-in function 'iswalnum'
configure:9105: $? = 0
configure:9127: result: yes
configure:9042: checking for iswblank
configure:9098: gcc -o conftest -g -O2   conftest.c  >&5
conftest.c:64: warning: conflicting types for built-in function 'iswblank'
configure:9105: $? = 0
configure:9127: result: yes
configure:9042: checking for iswpunct
configure:9098: gcc -o conftest -g -O2   conftest.c  >&5
conftest.c:65: warning: conflicting types for built-in function 'iswpunct'
configure:9105: $? = 0
configure:9127: result: yes
configure:9042: checking for iswspace
configure:9098: gcc -o conftest -g -O2   conftest.c  >&5
conftest.c:66: warning: conflicting types for built-in function 'iswspace'
configure:9105: $? = 0
configure:9127: result: yes
configure:9042: checking for mblen
configure:9098: gcc -o conftest -g -O2   conftest.c  >&5
configure:9105: $? = 0
configure:9127: result: yes
configure:9042: checking for mbstowcs
configure:9098: gcc -o conftest -g -O2   conftest.c  >&5
configure:9105: $? = 0
configure:9127: result: yes
configure:9042: checking for mbtowc
configure:9098: gcc -o conftest -g -O2   conftest.c  >&5
configure:9105: $? = 0
configure:9127: result: yes
configure:9042: checking for wctomb
configure:9098: gcc -o conftest -g -O2   conftest.c  >&5
configure:9105: $? = 0
configure:9127: result: yes
configure:9042: checking for wcwidth
configure:9098: gcc -o conftest -g -O2   conftest.c  >&5
configure:9105: $? = 0
configure:9127: result: yes
configure:9491: checking return type of signal handlers
configure:9519: gcc -c -g -O2  conftest.c >&5
conftest.c: In function 'main':
conftest.c:55: error: void value not ignored as it ought to be
configure:9526: $? = 1
configure: failed program was:
| /* confdefs.h.  */
| #define PACKAGE_NAME "GNU nano"
| #define PACKAGE_TARNAME "nano"
| #define PACKAGE_VERSION "2.0.6"
| #define PACKAGE_STRING "GNU nano 2.0.6"
| #define PACKAGE_BUGREPORT "nano-devel@gnu.org"
| #define PACKAGE "nano"
| #define VERSION "2.0.6"
| #define STDC_HEADERS 1
| #define HAVE_SYS_TYPES_H 1
| #define HAVE_SYS_STAT_H 1
| #define HAVE_STDLIB_H 1
| #define HAVE_STRING_H 1
| #define HAVE_MEMORY_H 1
| #define HAVE_STRINGS_H 1
| #define HAVE_INTTYPES_H 1
| #define HAVE_STDINT_H 1
| #define HAVE_UNISTD_H 1
| #define __EXTENSIONS__ 1
| #define _ALL_SOURCE 1
| #define _GNU_SOURCE 1
| #define _POSIX_PTHREAD_SEMANTICS 1
| #define _TANDEM_SOURCE 1
| #define HAVE_ICONV 1
| #define PKGDATADIR "/usr/local/share/nano"
| #define STDC_HEADERS 1
| #define HAVE_GETOPT_H 1
| #define HAVE_LIMITS_H 1
| #define HAVE_REGEX_H 1
| #define HAVE_SYS_PARAM_H 1
| #define HAVE_WCHAR_H 1
| #define HAVE_WCTYPE_H 1
| #define NDEBUG 1
| #define HAVE_ISBLANK 1
| #define HAVE_STRCASECMP 1
| #define HAVE_STRCASESTR 1
| #define HAVE_STRNCASECMP 1
| #define HAVE_VSNPRINTF 1
| #define HAVE_ISWALNUM 1
| #define HAVE_ISWBLANK 1
| #define HAVE_ISWPUNCT 1
| #define HAVE_ISWSPACE 1
| #define HAVE_MBLEN 1
| #define HAVE_MBSTOWCS 1
| #define HAVE_MBTOWC 1
| #define HAVE_WCTOMB 1
| #define HAVE_WCWIDTH 1
| /* end confdefs.h.  */
| #include <sys/types.h>
| #include <signal.h>
| 
| int
| main ()
| {
| return *(signal (0, 0)) (0) == 1;
|   ;
|   return 0;
| }
configure:9541: result: void
configure:9553: checking for vprintf
configure:9609: gcc -o conftest -g -O2   conftest.c  >&5
conftest.c:73: warning: conflicting types for built-in function 'vprintf'
configure:9616: $? = 0
configure:9638: result: yes
configure:9647: checking for _doprnt
configure:9703: gcc -o conftest -g -O2   conftest.c  >&5
/usr/libexec/gcc/powerpc-apple-darwin8/4.2.1/ld: Undefined symbols:
__doprnt
collect2: ld returned 1 exit status
configure:9710: $? = 1
configure: failed program was:
| /* confdefs.h.  */
| #define PACKAGE_NAME "GNU nano"
| #define PACKAGE_TARNAME "nano"
| #define PACKAGE_VERSION "2.0.6"
| #define PACKAGE_STRING "GNU nano 2.0.6"
| #define PACKAGE_BUGREPORT "nano-devel@gnu.org"
| #define PACKAGE "nano"
| #define VERSION "2.0.6"
| #define STDC_HEADERS 1
| #define HAVE_SYS_TYPES_H 1
| #define HAVE_SYS_STAT_H 1
| #define HAVE_STDLIB_H 1
| #define HAVE_STRING_H 1
| #define HAVE_MEMORY_H 1
| #define HAVE_STRINGS_H 1
| #define HAVE_INTTYPES_H 1
| #define HAVE_STDINT_H 1
| #define HAVE_UNISTD_H 1
| #define __EXTENSIONS__ 1
| #define _ALL_SOURCE 1
| #define _GNU_SOURCE 1
| #define _POSIX_PTHREAD_SEMANTICS 1
| #define _TANDEM_SOURCE 1
| #define HAVE_ICONV 1
| #define PKGDATADIR "/usr/local/share/nano"
| #define STDC_HEADERS 1
| #define HAVE_GETOPT_H 1
| #define HAVE_LIMITS_H 1
| #define HAVE_REGEX_H 1
| #define HAVE_SYS_PARAM_H 1
| #define HAVE_WCHAR_H 1
| #define HAVE_WCTYPE_H 1
| #define NDEBUG 1
| #define HAVE_ISBLANK 1
| #define HAVE_STRCASECMP 1
| #define HAVE_STRCASESTR 1
| #define HAVE_STRNCASECMP 1
| #define HAVE_VSNPRINTF 1
| #define HAVE_ISWALNUM 1
| #define HAVE_ISWBLANK 1
| #define HAVE_ISWPUNCT 1
| #define HAVE_ISWSPACE 1
| #define HAVE_MBLEN 1
| #define HAVE_MBSTOWCS 1
| #define HAVE_MBTOWC 1
| #define HAVE_WCTOMB 1
| #define HAVE_WCWIDTH 1
| #define RETSIGTYPE void
| #define HAVE_VPRINTF 1
| /* end confdefs.h.  */
| /* Define _doprnt to an innocuous variant, in case <limits.h> declares _doprnt.
|    For example, HP-UX 11i <limits.h> declares gettimeofday.  */
| #define _doprnt innocuous__doprnt
| 
| /* System header to define __stub macros and hopefully few prototypes,
|     which can conflict with char _doprnt (); below.
|     Prefer <limits.h> to <assert.h> if __STDC__ is defined, since
|     <limits.h> exists even on freestanding compilers.  */
| 
| #ifdef __STDC__
| # include <limits.h>
| #else
| # include <assert.h>
| #endif
| 
| #undef _doprnt
| 
| /* Override any GCC internal prototype to avoid an error.
|    Use char because int might match the return type of a GCC
|    builtin and then its argument prototype would still apply.  */
| #ifdef __cplusplus
| extern "C"
| #endif
| char _doprnt ();
| /* The GNU C library defines this for functions which it implements
|     to always fail with ENOSYS.  Some functions are actually named
|     something starting with __ and the normal name is an alias.  */
| #if defined __stub__doprnt || defined __stub____doprnt
| choke me
| #endif
| 
| int
| main ()
| {
| return _doprnt ();
|   ;
|   return 0;
| }
configure:9730: result: no
configure:9748: checking for getopt_long
configure:9804: gcc -o conftest -g -O2   conftest.c  >&5
configure:9811: $? = 0
configure:9833: result: yes
configure:9864: checking ncurses.h usability
configure:9881: gcc -c -g -O2  conftest.c >&5
configure:9888: $? = 0
configure:9902: result: yes
configure:9906: checking ncurses.h presence
configure:9921: gcc -E  conftest.c
configure:9928: $? = 0
configure:9942: result: yes
configure:9975: checking for ncurses.h
configure:9984: result: yes
configure:10001: checking for get_wch in -lncursesw
configure:10036: gcc -o conftest -g -O2   conftest.c -lncursesw   >&5
/usr/libexec/gcc/powerpc-apple-darwin8/4.2.1/ld: can't locate file for: -lncursesw
collect2: ld returned 1 exit status
configure:10043: $? = 1
configure: failed program was:
| /* confdefs.h.  */
| #define PACKAGE_NAME "GNU nano"
| #define PACKAGE_TARNAME "nano"
| #define PACKAGE_VERSION "2.0.6"
| #define PACKAGE_STRING "GNU nano 2.0.6"
| #define PACKAGE_BUGREPORT "nano-devel@gnu.org"
| #define PACKAGE "nano"
| #define VERSION "2.0.6"
| #define STDC_HEADERS 1
| #define HAVE_SYS_TYPES_H 1
| #define HAVE_SYS_STAT_H 1
| #define HAVE_STDLIB_H 1
| #define HAVE_STRING_H 1
| #define HAVE_MEMORY_H 1
| #define HAVE_STRINGS_H 1
| #define HAVE_INTTYPES_H 1
| #define HAVE_STDINT_H 1
| #define HAVE_UNISTD_H 1
| #define __EXTENSIONS__ 1
| #define _ALL_SOURCE 1
| #define _GNU_SOURCE 1
| #define _POSIX_PTHREAD_SEMANTICS 1
| #define _TANDEM_SOURCE 1
| #define HAVE_ICONV 1
| #define PKGDATADIR "/usr/local/share/nano"
| #define STDC_HEADERS 1
| #define HAVE_GETOPT_H 1
| #define HAVE_LIMITS_H 1
| #define HAVE_REGEX_H 1
| #define HAVE_SYS_PARAM_H 1
| #define HAVE_WCHAR_H 1
| #define HAVE_WCTYPE_H 1
| #define NDEBUG 1
| #define HAVE_ISBLANK 1
| #define HAVE_STRCASECMP 1
| #define HAVE_STRCASESTR 1
| #define HAVE_STRNCASECMP 1
| #define HAVE_VSNPRINTF 1
| #define HAVE_ISWALNUM 1
| #define HAVE_ISWBLANK 1
| #define HAVE_ISWPUNCT 1
| #define HAVE_ISWSPACE 1
| #define HAVE_MBLEN 1
| #define HAVE_MBSTOWCS 1
| #define HAVE_MBTOWC 1
| #define HAVE_WCTOMB 1
| #define HAVE_WCWIDTH 1
| #define RETSIGTYPE void
| #define HAVE_VPRINTF 1
| #define HAVE_GETOPT_LONG 1
| #define HAVE_NCURSES_H 1
| /* end confdefs.h.  */
| 
| /* Override any GCC internal prototype to avoid an error.
|    Use char because int might match the return type of a GCC
|    builtin and then its argument prototype would still apply.  */
| #ifdef __cplusplus
| extern "C"
| #endif
| char get_wch ();
| int
| main ()
| {
| return get_wch ();
|   ;
|   return 0;
| }
configure:10064: result: no
configure:10073: checking for initscr in -lncurses
configure:10108: gcc -o conftest -g -O2   conftest.c -lncurses   >&5
configure:10115: $? = 0
configure:10136: result: yes
configure:10453: result: Using ncurses as the curses library
configure:10458: checking for use_default_colors in -lncurses
configure:10493: gcc -o conftest -g -O2   conftest.c -lncurses   >&5
configure:10500: $? = 0
configure:10523: result: yes
configure:10584: WARNING:
*** Insufficient UTF-8 support was detected in your curses and/or C
*** libraries.  If you want UTF-8 support, please verify that your slang
*** was built with UTF-8 support or your curses was built with wide
*** character support, and that your C library was built with wide
*** character support.
configure:10741: creating ./config.status

## ---------------- ##
## Cache variables. ##
## ---------------- ##

ac_cv_build=powerpc-apple-darwin8.11.0
ac_cv_c_compiler_gnu=yes
ac_cv_env_CC_set=
ac_cv_env_CC_value=
ac_cv_env_CFLAGS_set=
ac_cv_env_CFLAGS_value=
ac_cv_env_CPPFLAGS_set=
ac_cv_env_CPPFLAGS_value=
ac_cv_env_CPP_set=
ac_cv_env_CPP_value=
ac_cv_env_LDFLAGS_set=
ac_cv_env_LDFLAGS_value=
ac_cv_env_LIBS_set=
ac_cv_env_LIBS_value=
ac_cv_env_build_alias_set=
ac_cv_env_build_alias_value=
ac_cv_env_host_alias_set=
ac_cv_env_host_alias_value=
ac_cv_env_target_alias_set=
ac_cv_env_target_alias_value=
ac_cv_func__doprnt=no
ac_cv_func_getdelim=no
ac_cv_func_getline=no
ac_cv_func_getopt_long=yes
ac_cv_func_isblank=yes
ac_cv_func_iswalnum=yes
ac_cv_func_iswblank=yes
ac_cv_func_iswpunct=yes
ac_cv_func_iswspace=yes
ac_cv_func_mblen=yes
ac_cv_func_mbstowcs=yes
ac_cv_func_mbtowc=yes
ac_cv_func_strcasecmp=yes
ac_cv_func_strcasestr=yes
ac_cv_func_strncasecmp=yes
ac_cv_func_strnlen=no
ac_cv_func_vprintf=yes
ac_cv_func_vsnprintf=yes
ac_cv_func_wctomb=yes
ac_cv_func_wcwidth=yes
ac_cv_header_getopt_h=yes
ac_cv_header_inttypes_h=yes
ac_cv_header_libintl_h=no
ac_cv_header_limits_h=yes
ac_cv_header_memory_h=yes
ac_cv_header_minix_config_h=no
ac_cv_header_ncurses_h=yes
ac_cv_header_regex_h=yes
ac_cv_header_stdc=yes
ac_cv_header_stdint_h=yes
ac_cv_header_stdlib_h=yes
ac_cv_header_string_h=yes
ac_cv_header_strings_h=yes
ac_cv_header_sys_param_h=yes
ac_cv_header_sys_stat_h=yes
ac_cv_header_sys_types_h=yes
ac_cv_header_unistd_h=yes
ac_cv_header_wchar_h=yes
ac_cv_header_wctype_h=yes
ac_cv_host=powerpc-apple-darwin8.11.0
ac_cv_lib_cposix_strerror=no
ac_cv_lib_ncurses___use_default_colors=yes
ac_cv_lib_ncurses_initscr=yes
ac_cv_lib_ncursesw_get_wch=no
ac_cv_objext=o
ac_cv_path_EGREP='/usr/bin/grep -E'
ac_cv_path_GMSGFMT=/sw/bin/msgfmt
ac_cv_path_GREP=/usr/bin/grep
ac_cv_path_INTLTOOL_PERL=/usr/bin/perl
ac_cv_path_MSGFMT=/sw/bin/msgfmt
ac_cv_path_MSGMERGE=/sw/bin/msgmerge
ac_cv_path_XGETTEXT=/sw/bin/xgettext
ac_cv_path_install='/usr/bin/install -c'
ac_cv_prog_AWK=awk
ac_cv_prog_CPP='gcc -E'
ac_cv_prog_ac_ct_CC=gcc
ac_cv_prog_cc_c89=
ac_cv_prog_cc_g=yes
ac_cv_prog_make_make_set=yes
ac_cv_safe_to_define___extensions__=yes
ac_cv_sys_file_offset_bits=no
ac_cv_sys_largefile_CC=no
ac_cv_target=powerpc-apple-darwin8.11.0
ac_cv_type_signal=void
acl_cv_hardcode_direct=yes
acl_cv_hardcode_libdir_flag_spec=
acl_cv_hardcode_libdir_separator=
acl_cv_hardcode_minus_L=no
acl_cv_libext=a
acl_cv_path_LD=/usr/libexec/gcc/powerpc-apple-darwin8/4.2.1/ld
acl_cv_prog_gnu_ld=no
acl_cv_rpath=done
acl_cv_shlibext=dylib
acl_cv_sys_lib_dlsearch_path_spec='/lib /usr/lib'
acl_cv_sys_lib_search_path_spec='/lib /usr/lib /usr/local/lib'
acl_cv_wl=-Wl,
am_cv_CC_dependencies_compiler_type=gcc3
am_cv_func_iconv=yes
am_cv_lib_iconv=yes
gt_cv_func_gnugettext2_libc=no
gt_cv_func_gnugettext2_libintl=no

## ----------------- ##
## Output variables. ##
## ----------------- ##

ACLOCAL='${SHELL} /Users/mikemike/dev/ppc/xnu/xnu-ppc/xnu-792.25.20-deps/nano-5/nano/missing --run aclocal-1.9'
AMDEPBACKSLASH='\'
AMDEP_FALSE='#'
AMDEP_TRUE=''
AMTAR='${SHELL} /Users/mikemike/dev/ppc/xnu/xnu-ppc/xnu-792.25.20-deps/nano-5/nano/missing --run tar'
AUTOCONF='${SHELL} /Users/mikemike/dev/ppc/xnu/xnu-ppc/xnu-792.25.20-deps/nano-5/nano/missing --run autoconf'
AUTOHEADER='${SHELL} /Users/mikemike/dev/ppc/xnu/xnu-ppc/xnu-792.25.20-deps/nano-5/nano/missing --run autoheader'
AUTOMAKE='${SHELL} /Users/mikemike/dev/ppc/xnu/xnu-ppc/xnu-792.25.20-deps/nano-5/nano/missing --run automake-1.9'
AWK='awk'
CC='gcc'
CCDEPMODE='depmode=gcc3'
CFLAGS='-g -O2'
CPP='gcc -E'
CPPFLAGS=''
CURSES_LIB='-lncurses'
CYGPATH_W='echo'
DEFS='-DHAVE_CONFIG_H'
DEPDIR='.deps'
ECHO_C='\c'
ECHO_N=''
ECHO_T=''
EGREP='/usr/bin/grep -E'
EXEEXT=''
GLIB_CFLAGS=''
GLIB_GENMARSHAL=''
GLIB_LIBS=''
GLIB_MKENUMS=''
GMSGFMT='/sw/bin/msgfmt'
GOBJECT_QUERY=''
GREP='/usr/bin/grep'
INSTALL_DATA='${INSTALL} -m 644'
INSTALL_PROGRAM='${INSTALL}'
INSTALL_SCRIPT='${INSTALL}'
INSTALL_STRIP_PROGRAM='${SHELL} $(install_sh) -c -s'
INTLLIBS=''
LDFLAGS=''
LIBICONV='-liconv'
LIBINTL=''
LIBOBJS=''
LIBS=' -lncurses'
LN_S='ln -s'
LTLIBICONV='-liconv'
LTLIBINTL=''
LTLIBOBJS=''
MAKEINFO='${SHELL} /Users/mikemike/dev/ppc/xnu/xnu-ppc/xnu-792.25.20-deps/nano-5/nano/missing --run makeinfo'
MKINSTALLDIRS='./mkinstalldirs'
MSGFMT='/sw/bin/msgfmt'
MSGMERGE='/sw/bin/msgmerge'
OBJEXT='o'
PACKAGE='nano'
PACKAGE_BUGREPORT='nano-devel@gnu.org'
PACKAGE_NAME='GNU nano'
PACKAGE_STRING='GNU nano 2.0.6'
PACKAGE_TARNAME='nano'
PACKAGE_VERSION='2.0.6'
PATH_SEPARATOR=':'
PKGDATADIR='/usr/local/share/nano'
PKG_CONFIG=''
POSUB=''
SET_MAKE=''
SHELL='/bin/sh'
STRIP=''
USE_COLOR_FALSE=''
USE_COLOR_TRUE='#'
USE_NANORC_FALSE=''
USE_NANORC_TRUE='#'
USE_NLS='no'
USE_NLS_FALSE=''
USE_NLS_TRUE='#'
VERSION='2.0.6'
XGETTEXT='/sw/bin/xgettext'
ac_ct_CC='gcc'
am__fastdepCC_FALSE='#'
am__fastdepCC_TRUE=''
am__include='include'
am__leading_dot='.'
am__quote=''
am__tar='${AMTAR} chof - "$$tardir"'
am__untar='${AMTAR} xf -'
bindir='${exec_prefix}/bin'
build='powerpc-apple-darwin8.11.0'
build_alias=''
build_cpu='powerpc'
build_os='darwin8.11.0'
build_vendor='apple'
datadir='${datarootdir}'
datarootdir='${prefix}/share'
docdir='${datarootdir}/doc/${PACKAGE_TARNAME}'
dvidir='${docdir}'
exec_prefix='${prefix}'
host='powerpc-apple-darwin8.11.0'
host_alias=''
host_cpu='powerpc'
host_os='darwin8.11.0'
host_vendor='apple'
htmldir='${docdir}'
includedir='${prefix}/include'
infodir='${datarootdir}/info'
install_sh='/Users/mikemike/dev/ppc/xnu/xnu-ppc/xnu-792.25.20-deps/nano-5/nano/install-sh'
libdir='${exec_prefix}/lib'
libexecdir='${exec_prefix}/libexec'
localedir='${datarootdir}/locale'
localstatedir='${prefix}/var'
mandir='${datarootdir}/man'
mkdir_p='$(mkinstalldirs)'
oldincludedir='/usr/include'
pdfdir='${docdir}'
prefix='/usr/local'
program_transform_name='s,x,x,'
psdir='${docdir}'
sbindir='${exec_prefix}/sbin'
sharedstatedir='${prefix}/com'
sysconfdir='${prefix}/etc'
target='powerpc-apple-darwin8.11.0'
target_alias=''
target_cpu='powerpc'
target_os='darwin8.11.0'
target_vendor='apple'

## ----------- ##
## confdefs.h. ##
## ----------- ##

#define PACKAGE_NAME "GNU nano"
#define PACKAGE_TARNAME "nano"
#define PACKAGE_VERSION "2.0.6"
#define PACKAGE_STRING "GNU nano 2.0.6"
#define PACKAGE_BUGREPORT "nano-devel@gnu.org"
#define PACKAGE "nano"
#define VERSION "2.0.6"
#define STDC_HEADERS 1
#define HAVE_SYS_TYPES_H 1
#define HAVE_SYS_STAT_H 1
#define HAVE_STDLIB_H 1
#define HAVE_STRING_H 1
#define HAVE_MEMORY_H 1
#define HAVE_STRINGS_H 1
#define HAVE_INTTYPES_H 1
#define HAVE_STDINT_H 1
#define HAVE_UNISTD_H 1
#define __EXTENSIONS__ 1
#define _ALL_SOURCE 1
#define _GNU_SOURCE 1
#define _POSIX_PTHREAD_SEMANTICS 1
#define _TANDEM_SOURCE 1
#define HAVE_ICONV 1
#define PKGDATADIR "/usr/local/share/nano"
#define STDC_HEADERS 1
#define HAVE_GETOPT_H 1
#define HAVE_LIMITS_H 1
#define HAVE_REGEX_H 1
#define HAVE_SYS_PARAM_H 1
#define HAVE_WCHAR_H 1
#define HAVE_WCTYPE_H 1
#define NDEBUG 1
#define HAVE_ISBLANK 1
#define HAVE_STRCASECMP 1
#define HAVE_STRCASESTR 1
#define HAVE_STRNCASECMP 1
#define HAVE_VSNPRINTF 1
#define HAVE_ISWALNUM 1
#define HAVE_ISWBLANK 1
#define HAVE_ISWPUNCT 1
#define HAVE_ISWSPACE 1
#define HAVE_MBLEN 1
#define HAVE_MBSTOWCS 1
#define HAVE_MBTOWC 1
#define HAVE_WCTOMB 1
#define HAVE_WCWIDTH 1
#define RETSIGTYPE void
#define HAVE_VPRINTF 1
#define HAVE_GETOPT_LONG 1
#define HAVE_NCURSES_H 1
#define HAVE_USE_DEFAULT_COLORS 1

configure: exit 0

## ---------------------- ##
## Running config.status. ##
## ---------------------- ##

This file was extended by GNU nano config.status 2.0.6, which was
generated by GNU Autoconf 2.63.  Invocation command line was

  CONFIG_FILES    = 
  CONFIG_HEADERS  = 
  CONFIG_LINKS    = 
  CONFIG_COMMANDS = 
  $ ./config.status 

on mike-mikes-powerbook-g4-15.local

config.status:857: creating Makefile
config.status:857: creating doc/Makefile
config.status:857: creating doc/nanorc.sample
config.status:857: creating doc/man/Makefile
config.status:857: creating doc/man/fr/Makefile
config.status:857: creating doc/syntax/Makefile
config.status:857: creating doc/texinfo/Makefile
config.status:857: creating m4/Makefile
config.status:857: creating po/Makefile.in
config.status:1004: WARNING:  'po/Makefile.in.in' seems to ignore the --datarootdir setting
config.status:857: creating src/Makefile
config.status:857: creating nano.spec
config.status:857: creating config.h
config.status:1124: executing depfiles commands
config.status:1124: executing default-1 commands

## ---------------------- ##
## Running config.status. ##
## ---------------------- ##

This file was extended by GNU nano config.status 2.0.6, which was
generated by GNU Autoconf 2.63.  Invocation command line was

  CONFIG_FILES    = 
  CONFIG_HEADERS  = 
  CONFIG_LINKS    = 
  CONFIG_COMMANDS = 
  $ ./config.status config.h

on mike-mikes-powerbook-g4-15.local

config.status:857: creating config.h
